<?xml version="1.0" encoding="UTF-8"?>
<coverage generated="1768816160566" clover="3.2.0">
  <project timestamp="1768816160566" name="All files">
    <metrics statements="968" coveredstatements="907" conditionals="780" coveredconditionals="687" methods="246" coveredmethods="241" elements="1994" coveredelements="1835" complexity="0" loc="968" ncloc="968" packages="8" files="26" classes="26"/>
    <package name="src">
      <metrics statements="1" coveredstatements="1" conditionals="0" coveredconditionals="0" methods="1" coveredmethods="1"/>
      <file name="App.jsx" path="/Users/hashmith/zluri_bootcamp/frontend/src/App.jsx">
        <metrics statements="1" coveredstatements="1" conditionals="0" coveredconditionals="0" methods="1" coveredmethods="1"/>
        <line num="5" count="3" type="stmt"/>
      </file>
    </package>
    <package name="src.components.common">
      <metrics statements="110" coveredstatements="107" conditionals="146" coveredconditionals="139" methods="43" coveredmethods="41"/>
      <file name="CodeEditor.jsx" path="/Users/hashmith/zluri_bootcamp/frontend/src/components/common/CodeEditor.jsx">
        <metrics statements="27" coveredstatements="27" conditionals="29" coveredconditionals="28" methods="10" coveredmethods="10"/>
        <line num="16" count="889" type="stmt"/>
        <line num="17" count="889" type="stmt"/>
        <line num="18" count="889" type="stmt"/>
        <line num="19" count="889" type="stmt"/>
        <line num="22" count="889" type="stmt"/>
        <line num="23" count="332" type="stmt"/>
        <line num="24" count="332" type="cond" truecount="1" falsecount="1"/>
        <line num="25" count="332" type="stmt"/>
        <line num="26" count="332" type="stmt"/>
        <line num="30" count="332" type="stmt"/>
        <line num="31" count="332" type="stmt"/>
        <line num="32" count="332" type="stmt"/>
        <line num="35" count="889" type="cond" truecount="2" falsecount="0"/>
        <line num="37" count="75" type="stmt"/>
        <line num="86" count="814" type="stmt"/>
        <line num="96" count="175" type="cond" truecount="2" falsecount="0"/>
        <line num="97" count="13" type="stmt"/>
        <line num="98" count="9" type="stmt"/>
        <line num="113" count="177" type="cond" truecount="2" falsecount="0"/>
        <line num="114" count="2" type="stmt"/>
        <line num="115" count="2" type="stmt"/>
        <line num="116" count="2" type="stmt"/>
        <line num="117" count="2" type="stmt"/>
        <line num="118" count="2" type="cond" truecount="2" falsecount="0"/>
        <line num="121" count="2" type="stmt"/>
        <line num="122" count="2" type="stmt"/>
        <line num="133" count="1" type="stmt"/>
      </file>
      <file name="ConfirmModal.jsx" path="/Users/hashmith/zluri_bootcamp/frontend/src/components/common/ConfirmModal.jsx">
        <metrics statements="2" coveredstatements="2" conditionals="6" coveredconditionals="6" methods="1" coveredmethods="1"/>
        <line num="14" count="454" type="stmt"/>
        <line num="20" count="454" type="stmt"/>
      </file>
      <file name="LoadingSpinner.jsx" path="/Users/hashmith/zluri_bootcamp/frontend/src/components/common/LoadingSpinner.jsx">
        <metrics statements="2" coveredstatements="2" conditionals="2" coveredconditionals="2" methods="1" coveredmethods="1"/>
        <line num="2" count="241" type="stmt"/>
        <line num="8" count="241" type="stmt"/>
      </file>
      <file name="Modal.jsx" path="/Users/hashmith/zluri_bootcamp/frontend/src/components/common/Modal.jsx">
        <metrics statements="3" coveredstatements="3" conditionals="3" coveredconditionals="3" methods="1" coveredmethods="1"/>
        <line num="2" count="1495" type="cond" truecount="2" falsecount="0"/>
        <line num="4" count="156" type="stmt"/>
        <line num="11" count="156" type="stmt"/>
      </file>
      <file name="OutputDisplay.jsx" path="/Users/hashmith/zluri_bootcamp/frontend/src/components/common/OutputDisplay.jsx">
        <metrics statements="62" coveredstatements="59" conditionals="95" coveredconditionals="89" methods="25" coveredmethods="23"/>
        <line num="4" count="57" type="stmt"/>
        <line num="5" count="57" type="stmt"/>
        <line num="10" count="57" type="stmt"/>
        <line num="11" count="2" type="stmt"/>
        <line num="18" count="57" type="stmt"/>
        <line num="19" count="51" type="cond" truecount="1" falsecount="1"/>
        <line num="21" count="51" type="stmt"/>
        <line num="22" count="51" type="stmt"/>
        <line num="23" count="48" type="stmt"/>
        <line num="26" count="3" type="stmt"/>
        <line num="30" count="57" type="cond" truecount="2" falsecount="0"/>
        <line num="33" count="57" type="cond" truecount="6" falsecount="0"/>
        <line num="38" count="57" type="stmt"/>
        <line num="39" count="4" type="stmt"/>
        <line num="40" count="0" type="stmt"/>
        <line num="41" count="3" type="stmt"/>
        <line num="42" count="27" type="stmt"/>
        <line num="43" count="19" type="stmt"/>
        <line num="44" count="0" type="stmt"/>
        <line num="47" count="57" type="cond" truecount="1" falsecount="0"/>
        <line num="49" count="105" type="cond" truecount="2" falsecount="0"/>
        <line num="50" count="101" type="cond" truecount="1" falsecount="1"/>
        <line num="52" count="101" type="stmt"/>
        <line num="53" count="101" type="cond" truecount="2" falsecount="0"/>
        <line num="54" count="49" type="stmt"/>
        <line num="58" count="52" type="cond" truecount="2" falsecount="0"/>
        <line num="59" count="21" type="cond" truecount="2" falsecount="0"/>
        <line num="61" count="14" type="stmt"/>
        <line num="66" count="29" type="stmt"/>
        <line num="78" count="31" type="cond" truecount="1" falsecount="1"/>
        <line num="79" count="31" type="stmt"/>
        <line num="80" count="31" type="cond" truecount="2" falsecount="0"/>
        <line num="82" count="29" type="stmt"/>
        <line num="87" count="47" type="stmt"/>
        <line num="100" count="0" type="stmt"/>
        <line num="103" count="57" type="stmt"/>
        <line num="104" count="10" type="cond" truecount="3" falsecount="1"/>
        <line num="107" count="10" type="stmt"/>
        <line num="108" count="10" type="cond" truecount="4" falsecount="0"/>
        <line num="110" count="9" type="stmt"/>
        <line num="111" count="9" type="stmt"/>
        <line num="112" count="15" type="cond" truecount="4" falsecount="0"/>
        <line num="115" count="24" type="stmt"/>
        <line num="118" count="9" type="cond" truecount="1" falsecount="1"/>
        <line num="120" count="9" type="stmt"/>
        <line num="126" count="14" type="stmt"/>
        <line num="134" count="15" type="stmt"/>
        <line num="136" count="24" type="stmt"/>
        <line num="152" count="57" type="stmt"/>
        <line num="153" count="14" type="stmt"/>
        <line num="155" count="14" type="stmt"/>
        <line num="161" count="1" type="stmt"/>
        <line num="186" count="1" type="stmt"/>
        <line num="214" count="57" type="cond" truecount="2" falsecount="0"/>
        <line num="215" count="4" type="stmt"/>
        <line num="232" count="53" type="cond" truecount="2" falsecount="0"/>
        <line num="233" count="3" type="stmt"/>
        <line num="240" count="50" type="cond" truecount="2" falsecount="0"/>
        <line num="242" count="50" type="stmt"/>
        <line num="248" count="1" type="stmt"/>
        <line num="259" count="4" type="stmt"/>
        <line num="270" count="1" type="stmt"/>
      </file>
      <file name="StatusBadge.jsx" path="/Users/hashmith/zluri_bootcamp/frontend/src/components/common/StatusBadge.jsx">
        <metrics statements="4" coveredstatements="4" conditionals="4" coveredconditionals="4" methods="1" coveredmethods="1"/>
        <line num="3" count="5" type="stmt"/>
        <line num="13" count="1426" type="cond" truecount="2" falsecount="0"/>
        <line num="14" count="1426" type="cond" truecount="2" falsecount="0"/>
        <line num="16" count="1426" type="stmt"/>
      </file>
      <file name="Tooltip.jsx" path="/Users/hashmith/zluri_bootcamp/frontend/src/components/common/Tooltip.jsx">
        <metrics statements="4" coveredstatements="4" conditionals="3" coveredconditionals="3" methods="3" coveredmethods="3"/>
        <line num="4" count="19" type="stmt"/>
        <line num="6" count="19" type="stmt"/>
        <line num="9" count="6" type="stmt"/>
        <line num="10" count="3" type="stmt"/>
      </file>
      <file name="protectedroute.jsx" path="/Users/hashmith/zluri_bootcamp/frontend/src/components/common/protectedroute.jsx">
        <metrics statements="6" coveredstatements="6" conditionals="4" coveredconditionals="4" methods="1" coveredmethods="1"/>
        <line num="4" count="11" type="stmt"/>
        <line num="5" count="11" type="stmt"/>
        <line num="6" count="11" type="cond" truecount="2" falsecount="0"/>
        <line num="8" count="11" type="cond" truecount="2" falsecount="0"/>
        <line num="9" count="4" type="stmt"/>
        <line num="12" count="7" type="stmt"/>
      </file>
    </package>
    <package name="src.components.layout">
      <metrics statements="16" coveredstatements="16" conditionals="17" coveredconditionals="16" methods="7" coveredmethods="7"/>
      <file name="dashboardlayout.jsx" path="/Users/hashmith/zluri_bootcamp/frontend/src/components/layout/dashboardlayout.jsx">
        <metrics statements="1" coveredstatements="1" conditionals="0" coveredconditionals="0" methods="1" coveredmethods="1"/>
        <line num="6" count="10" type="stmt"/>
      </file>
      <file name="sidebar.jsx" path="/Users/hashmith/zluri_bootcamp/frontend/src/components/layout/sidebar.jsx">
        <metrics statements="8" coveredstatements="8" conditionals="15" coveredconditionals="14" methods="4" coveredmethods="4"/>
        <line num="4" count="17" type="stmt"/>
        <line num="5" count="17" type="stmt"/>
        <line num="7" count="17" type="cond" truecount="2" falsecount="0"/>
        <line num="8" count="17" type="stmt"/>
        <line num="10" count="17" type="stmt"/>
        <line num="41" count="14" type="stmt"/>
        <line num="54" count="14" type="stmt"/>
        <line num="74" count="7" type="stmt"/>
      </file>
      <file name="topbar.jsx" path="/Users/hashmith/zluri_bootcamp/frontend/src/components/layout/topbar.jsx">
        <metrics statements="7" coveredstatements="7" conditionals="2" coveredconditionals="2" methods="2" coveredmethods="2"/>
        <line num="4" count="18" type="stmt"/>
        <line num="5" count="18" type="stmt"/>
        <line num="7" count="18" type="stmt"/>
        <line num="8" count="1" type="stmt"/>
        <line num="9" count="1" type="stmt"/>
        <line num="10" count="1" type="stmt"/>
        <line num="13" count="18" type="stmt"/>
      </file>
    </package>
    <package name="src.context">
      <metrics statements="34" coveredstatements="34" conditionals="13" coveredconditionals="12" methods="19" coveredmethods="19"/>
      <file name="ToastContext.jsx" path="/Users/hashmith/zluri_bootcamp/frontend/src/context/ToastContext.jsx">
        <metrics statements="34" coveredstatements="34" conditionals="13" coveredconditionals="12" methods="19" coveredmethods="19"/>
        <line num="3" count="7" type="stmt"/>
        <line num="6" count="325" type="stmt"/>
        <line num="8" count="325" type="cond" truecount="0" falsecount="1"/>
        <line num="9" count="84" type="stmt"/>
        <line num="10" count="84" type="stmt"/>
        <line num="13" count="84" type="stmt"/>
        <line num="14" count="17" type="stmt"/>
        <line num="18" count="325" type="stmt"/>
        <line num="19" count="1" type="stmt"/>
        <line num="22" count="325" type="stmt"/>
        <line num="23" count="325" type="stmt"/>
        <line num="24" count="325" type="stmt"/>
        <line num="25" count="325" type="stmt"/>
        <line num="27" count="325" type="stmt"/>
        <line num="36" count="325" type="cond" truecount="2" falsecount="0"/>
        <line num="38" count="82" type="stmt"/>
        <line num="39" count="89" type="cond" truecount="4" falsecount="0"/>
        <line num="41" count="41" type="stmt"/>
        <line num="43" count="42" type="stmt"/>
        <line num="45" count="2" type="stmt"/>
        <line num="47" count="4" type="stmt"/>
        <line num="51" count="82" type="stmt"/>
        <line num="52" count="89" type="cond" truecount="4" falsecount="0"/>
        <line num="54" count="41" type="stmt"/>
        <line num="56" count="42" type="stmt"/>
        <line num="58" count="2" type="stmt"/>
        <line num="60" count="4" type="stmt"/>
        <line num="64" count="82" type="stmt"/>
        <line num="67" count="89" type="stmt"/>
        <line num="74" count="1" type="stmt"/>
        <line num="86" count="1558" type="stmt"/>
        <line num="87" count="1557" type="cond" truecount="2" falsecount="0"/>
        <line num="88" count="2" type="stmt"/>
        <line num="90" count="1555" type="stmt"/>
      </file>
    </package>
    <package name="src.hooks">
      <metrics statements="42" coveredstatements="42" conditionals="7" coveredconditionals="7" methods="9" coveredmethods="9"/>
      <file name="useApi.js" path="/Users/hashmith/zluri_bootcamp/frontend/src/hooks/useApi.js">
        <metrics statements="31" coveredstatements="31" conditionals="1" coveredconditionals="1" methods="5" coveredmethods="5"/>
        <line num="5" count="26" type="stmt"/>
        <line num="6" count="26" type="stmt"/>
        <line num="7" count="26" type="stmt"/>
        <line num="9" count="26" type="stmt"/>
        <line num="10" count="13" type="stmt"/>
        <line num="11" count="13" type="stmt"/>
        <line num="12" count="13" type="stmt"/>
        <line num="13" count="13" type="stmt"/>
        <line num="14" count="9" type="stmt"/>
        <line num="15" count="9" type="stmt"/>
        <line num="17" count="4" type="stmt"/>
        <line num="18" count="4" type="stmt"/>
        <line num="20" count="13" type="stmt"/>
        <line num="24" count="26" type="stmt"/>
        <line num="25" count="2" type="stmt"/>
        <line num="26" count="2" type="stmt"/>
        <line num="27" count="2" type="stmt"/>
        <line num="30" count="26" type="stmt"/>
        <line num="35" count="15" type="stmt"/>
        <line num="36" count="15" type="stmt"/>
        <line num="37" count="15" type="stmt"/>
        <line num="39" count="15" type="stmt"/>
        <line num="40" count="7" type="stmt"/>
        <line num="41" count="7" type="stmt"/>
        <line num="42" count="7" type="stmt"/>
        <line num="43" count="7" type="stmt"/>
        <line num="44" count="5" type="stmt"/>
        <line num="45" count="5" type="stmt"/>
        <line num="47" count="2" type="stmt"/>
        <line num="49" count="7" type="stmt"/>
        <line num="53" count="15" type="stmt"/>
      </file>
      <file name="useAuth.js" path="/Users/hashmith/zluri_bootcamp/frontend/src/hooks/useAuth.js">
        <metrics statements="11" coveredstatements="11" conditionals="6" coveredconditionals="6" methods="4" coveredmethods="4"/>
        <line num="6" count="18" type="stmt"/>
        <line num="7" count="18" type="stmt"/>
        <line num="9" count="18" type="stmt"/>
        <line num="10" count="1" type="stmt"/>
        <line num="11" count="1" type="stmt"/>
        <line num="12" count="1" type="stmt"/>
        <line num="15" count="18" type="stmt"/>
        <line num="16" count="15" type="cond" truecount="2" falsecount="0"/>
        <line num="17" count="13" type="cond" truecount="2" falsecount="0"/>
        <line num="18" count="25" type="stmt"/>
        <line num="21" count="18" type="stmt"/>
      </file>
    </package>
    <package name="src.pages">
      <metrics statements="439" coveredstatements="426" conditionals="377" coveredconditionals="335" methods="112" coveredmethods="109"/>
      <file name="ApprovalDashboard.jsx" path="/Users/hashmith/zluri_bootcamp/frontend/src/pages/ApprovalDashboard.jsx">
        <metrics statements="149" coveredstatements="142" conditionals="103" coveredconditionals="91" methods="48" coveredmethods="46"/>
        <line num="13" count="538" type="stmt"/>
        <line num="14" count="538" type="stmt"/>
        <line num="15" count="538" type="stmt"/>
        <line num="16" count="538" type="stmt"/>
        <line num="17" count="538" type="stmt"/>
        <line num="18" count="538" type="stmt"/>
        <line num="19" count="538" type="stmt"/>
        <line num="20" count="538" type="stmt"/>
        <line num="21" count="538" type="stmt"/>
        <line num="22" count="538" type="stmt"/>
        <line num="23" count="538" type="stmt"/>
        <line num="24" count="538" type="stmt"/>
        <line num="25" count="538" type="stmt"/>
        <line num="26" count="538" type="stmt"/>
        <line num="27" count="538" type="stmt"/>
        <line num="28" count="538" type="stmt"/>
        <line num="31" count="538" type="stmt"/>
        <line num="32" count="258" type="stmt"/>
        <line num="33" count="11" type="stmt"/>
        <line num="34" count="11" type="stmt"/>
        <line num="36" count="258" type="stmt"/>
        <line num="39" count="538" type="cond" truecount="0" falsecount="1"/>
        <line num="40" count="95" type="stmt"/>
        <line num="41" count="95" type="stmt"/>
        <line num="42" count="95" type="stmt"/>
        <line num="43" count="95" type="cond" truecount="4" falsecount="0"/>
        <line num="44" count="94" type="stmt"/>
        <line num="46" count="95" type="stmt"/>
        <line num="47" count="93" type="cond" truecount="1" falsecount="1"/>
        <line num="49" count="1" type="stmt"/>
        <line num="51" count="94" type="stmt"/>
        <line num="56" count="538" type="stmt"/>
        <line num="57" count="95" type="stmt"/>
        <line num="58" count="95" type="stmt"/>
        <line num="59" count="93" type="cond" truecount="1" falsecount="1"/>
        <line num="62" count="93" type="stmt"/>
        <line num="63" count="636" type="stmt"/>
        <line num="64" count="636" type="cond" truecount="2" falsecount="0"/>
        <line num="65" count="636" type="stmt"/>
        <line num="68" count="93" type="stmt"/>
        <line num="71" count="1" type="stmt"/>
        <line num="75" count="538" type="stmt"/>
        <line num="76" count="93" type="stmt"/>
        <line num="77" count="93" type="stmt"/>
        <line num="82" count="538" type="stmt"/>
        <line num="83" count="2" type="stmt"/>
        <line num="84" count="2" type="stmt"/>
        <line num="85" count="2" type="stmt"/>
        <line num="86" count="2" type="stmt"/>
        <line num="88" count="1" type="cond" truecount="2" falsecount="2"/>
        <line num="90" count="2" type="stmt"/>
        <line num="92" count="2" type="stmt"/>
        <line num="93" count="2" type="stmt"/>
        <line num="94" count="2" type="stmt"/>
        <line num="97" count="5" type="stmt"/>
        <line num="98" count="5" type="stmt"/>
        <line num="100" count="5" type="stmt"/>
        <line num="111" count="5" type="stmt"/>
        <line num="116" count="538" type="stmt"/>
        <line num="117" count="199" type="cond" truecount="2" falsecount="0"/>
        <line num="119" count="10" type="stmt"/>
        <line num="120" count="10" type="cond" truecount="1" falsecount="1"/>
        <line num="122" count="18" type="stmt"/>
        <line num="126" count="538" type="stmt"/>
        <line num="127" count="538" type="stmt"/>
        <line num="132" count="538" type="stmt"/>
        <line num="133" count="7" type="stmt"/>
        <line num="134" count="7" type="stmt"/>
        <line num="137" count="538" type="stmt"/>
        <line num="138" count="12" type="stmt"/>
        <line num="139" count="12" type="stmt"/>
        <line num="140" count="12" type="stmt"/>
        <line num="143" count="538" type="stmt"/>
        <line num="144" count="12" type="stmt"/>
        <line num="145" count="12" type="stmt"/>
        <line num="148" count="538" type="stmt"/>
        <line num="149" count="5" type="cond" truecount="1" falsecount="1"/>
        <line num="151" count="5" type="stmt"/>
        <line num="152" count="5" type="stmt"/>
        <line num="153" count="5" type="stmt"/>
        <line num="155" count="4" type="cond" truecount="2" falsecount="0"/>
        <line num="156" count="1" type="stmt"/>
        <line num="157" count="1" type="stmt"/>
        <line num="160" count="1" type="stmt"/>
        <line num="161" count="1" type="stmt"/>
        <line num="162" count="1" type="stmt"/>
        <line num="165" count="3" type="cond" truecount="2" falsecount="0"/>
        <line num="168" count="1" type="cond" truecount="2" falsecount="0"/>
        <line num="170" count="5" type="stmt"/>
        <line num="174" count="538" type="stmt"/>
        <line num="175" count="5" type="cond" truecount="1" falsecount="1"/>
        <line num="176" count="5" type="cond" truecount="1" falsecount="1"/>
        <line num="177" count="0" type="stmt"/>
        <line num="178" count="0" type="stmt"/>
        <line num="181" count="5" type="stmt"/>
        <line num="182" count="5" type="stmt"/>
        <line num="183" count="5" type="stmt"/>
        <line num="185" count="2" type="cond" truecount="2" falsecount="0"/>
        <line num="186" count="1" type="stmt"/>
        <line num="187" count="1" type="stmt"/>
        <line num="190" count="1" type="stmt"/>
        <line num="191" count="1" type="stmt"/>
        <line num="192" count="1" type="stmt"/>
        <line num="195" count="1" type="cond" truecount="2" falsecount="0"/>
        <line num="198" count="3" type="cond" truecount="2" falsecount="0"/>
        <line num="200" count="5" type="stmt"/>
        <line num="204" count="538" type="stmt"/>
        <line num="205" count="4" type="cond" truecount="1" falsecount="1"/>
        <line num="207" count="0" type="stmt"/>
        <line num="218" count="4" type="stmt"/>
        <line num="219" count="4" type="stmt"/>
        <line num="221" count="4" type="cond" truecount="1" falsecount="1"/>
        <line num="222" count="0" type="stmt"/>
        <line num="233" count="4" type="stmt"/>
        <line num="244" count="0" type="stmt"/>
        <line num="256" count="538" type="cond" truecount="2" falsecount="0"/>
        <line num="257" count="93" type="stmt"/>
        <line num="264" count="445" type="stmt"/>
        <line num="274" count="2225" type="cond" truecount="2" falsecount="0"/>
        <line num="275" count="2225" type="stmt"/>
        <line num="278" count="5" type="stmt"/>
        <line num="298" count="18" type="stmt"/>
        <line num="315" count="169" type="stmt"/>
        <line num="324" count="3" type="stmt"/>
        <line num="325" count="3" type="stmt"/>
        <line num="360" count="1065" type="stmt"/>
        <line num="362" count="1065" type="stmt"/>
        <line num="393" count="12" type="stmt"/>
        <line num="401" count="7" type="stmt"/>
        <line num="407" count="12" type="stmt"/>
        <line num="431" count="1" type="stmt"/>
        <line num="440" count="133" type="cond" truecount="2" falsecount="0"/>
        <line num="441" count="38" type="stmt"/>
        <line num="442" count="95" type="cond" truecount="2" falsecount="0"/>
        <line num="443" count="45" type="stmt"/>
        <line num="444" count="50" type="cond" truecount="2" falsecount="0"/>
        <line num="445" count="10" type="stmt"/>
        <line num="447" count="40" type="stmt"/>
        <line num="449" count="133" type="stmt"/>
        <line num="452" count="1" type="stmt"/>
        <line num="462" count="20" type="stmt"/>
        <line num="476" count="1" type="stmt"/>
        <line num="488" count="0" type="stmt"/>
        <line num="498" count="75" type="stmt"/>
        <line num="505" count="1" type="stmt"/>
        <line num="525" count="0" type="stmt"/>
        <line num="533" count="128" type="stmt"/>
        <line num="534" count="128" type="stmt"/>
        <line num="546" count="128" type="stmt"/>
      </file>
      <file name="Login.jsx" path="/Users/hashmith/zluri_bootcamp/frontend/src/pages/Login.jsx">
        <metrics statements="16" coveredstatements="16" conditionals="18" coveredconditionals="17" methods="2" coveredmethods="2"/>
        <line num="9" count="54" type="stmt"/>
        <line num="10" count="54" type="stmt"/>
        <line num="16" count="54" type="stmt"/>
        <line num="21" count="54" type="stmt"/>
        <line num="22" count="9" type="stmt"/>
        <line num="23" count="9" type="stmt"/>
        <line num="24" count="7" type="cond" truecount="2" falsecount="0"/>
        <line num="25" count="6" type="stmt"/>
        <line num="26" count="6" type="stmt"/>
        <line num="27" count="6" type="stmt"/>
        <line num="28" count="6" type="cond" truecount="4" falsecount="0"/>
        <line num="29" count="2" type="stmt"/>
        <line num="31" count="4" type="stmt"/>
        <line num="34" count="1" type="cond" truecount="1" falsecount="1"/>
        <line num="37" count="1" type="stmt"/>
        <line num="41" count="54" type="stmt"/>
      </file>
      <file name="MySubmissions.jsx" path="/Users/hashmith/zluri_bootcamp/frontend/src/pages/MySubmissions.jsx">
        <metrics statements="101" coveredstatements="95" conditionals="105" coveredconditionals="93" methods="27" coveredmethods="26"/>
        <line num="13" count="206" type="stmt"/>
        <line num="14" count="206" type="stmt"/>
        <line num="15" count="206" type="stmt"/>
        <line num="16" count="206" type="stmt"/>
        <line num="17" count="206" type="stmt"/>
        <line num="18" count="206" type="stmt"/>
        <line num="19" count="206" type="stmt"/>
        <line num="20" count="206" type="stmt"/>
        <line num="21" count="206" type="stmt"/>
        <line num="22" count="206" type="stmt"/>
        <line num="23" count="206" type="stmt"/>
        <line num="25" count="206" type="cond" truecount="0" falsecount="1"/>
        <line num="26" count="57" type="stmt"/>
        <line num="27" count="57" type="stmt"/>
        <line num="28" count="57" type="stmt"/>
        <line num="29" count="57" type="cond" truecount="4" falsecount="0"/>
        <line num="30" count="4" type="stmt"/>
        <line num="32" count="57" type="stmt"/>
        <line num="33" count="54" type="cond" truecount="1" falsecount="1"/>
        <line num="35" count="2" type="stmt"/>
        <line num="37" count="56" type="stmt"/>
        <line num="42" count="206" type="stmt"/>
        <line num="43" count="57" type="stmt"/>
        <line num="44" count="57" type="stmt"/>
        <line num="45" count="54" type="cond" truecount="1" falsecount="1"/>
        <line num="48" count="54" type="stmt"/>
        <line num="49" count="330" type="stmt"/>
        <line num="50" count="330" type="cond" truecount="2" falsecount="0"/>
        <line num="51" count="330" type="stmt"/>
        <line num="54" count="54" type="stmt"/>
        <line num="57" count="2" type="stmt"/>
        <line num="61" count="206" type="stmt"/>
        <line num="62" count="57" type="stmt"/>
        <line num="63" count="57" type="stmt"/>
        <line num="64" count="57" type="stmt"/>
        <line num="68" count="206" type="stmt"/>
        <line num="69" count="1209" type="stmt"/>
        <line num="70" count="403" type="cond" truecount="2" falsecount="2"/>
        <line num="73" count="206" type="stmt"/>
        <line num="76" count="206" type="stmt"/>
        <line num="77" count="1027" type="cond" truecount="2" falsecount="0"/>
        <line num="79" count="108" type="stmt"/>
        <line num="81" count="108" type="cond" truecount="8" falsecount="1"/>
        <line num="83" count="2" type="stmt"/>
        <line num="85" count="12" type="stmt"/>
        <line num="87" count="8" type="stmt"/>
        <line num="89" count="6" type="stmt"/>
        <line num="91" count="12" type="cond" truecount="4" falsecount="0"/>
        <line num="94" count="0" type="stmt"/>
        <line num="96" count="6" type="stmt"/>
        <line num="97" count="6" type="stmt"/>
        <line num="98" count="6" type="stmt"/>
        <line num="102" count="62" type="stmt"/>
        <line num="103" count="62" type="stmt"/>
        <line num="104" count="62" type="stmt"/>
        <line num="119" count="206" type="stmt"/>
        <line num="120" count="206" type="stmt"/>
        <line num="125" count="206" type="stmt"/>
        <line num="126" count="10" type="stmt"/>
        <line num="127" count="10" type="stmt"/>
        <line num="130" count="206" type="stmt"/>
        <line num="132" count="2" type="stmt"/>
        <line num="141" count="2" type="stmt"/>
        <line num="144" count="2" type="stmt"/>
        <line num="145" count="2" type="stmt"/>
        <line num="149" count="206" type="stmt"/>
        <line num="150" count="5" type="cond" truecount="1" falsecount="1"/>
        <line num="152" count="0" type="stmt"/>
        <line num="163" count="5" type="stmt"/>
        <line num="164" count="5" type="stmt"/>
        <line num="166" count="5" type="cond" truecount="1" falsecount="1"/>
        <line num="167" count="0" type="stmt"/>
        <line num="178" count="5" type="stmt"/>
        <line num="189" count="0" type="stmt"/>
        <line num="201" count="206" type="cond" truecount="2" falsecount="0"/>
        <line num="202" count="57" type="stmt"/>
        <line num="209" count="149" type="stmt"/>
        <line num="219" count="745" type="cond" truecount="2" falsecount="0"/>
        <line num="220" count="745" type="stmt"/>
        <line num="223" count="5" type="stmt"/>
        <line num="243" count="8" type="stmt"/>
        <line num="261" count="55" type="stmt"/>
        <line num="262" count="55" type="stmt"/>
        <line num="272" count="3" type="stmt"/>
        <line num="273" count="3" type="stmt"/>
        <line num="308" count="339" type="stmt"/>
        <line num="310" count="339" type="stmt"/>
        <line num="340" count="10" type="stmt"/>
        <line num="347" count="2" type="stmt"/>
        <line num="370" count="1" type="stmt"/>
        <line num="379" count="60" type="cond" truecount="2" falsecount="0"/>
        <line num="380" count="35" type="stmt"/>
        <line num="381" count="25" type="cond" truecount="2" falsecount="0"/>
        <line num="382" count="15" type="stmt"/>
        <line num="383" count="10" type="cond" truecount="1" falsecount="1"/>
        <line num="384" count="0" type="stmt"/>
        <line num="386" count="10" type="stmt"/>
        <line num="388" count="60" type="stmt"/>
        <line num="391" count="1" type="stmt"/>
        <line num="401" count="8" type="stmt"/>
        <line num="415" count="0" type="stmt"/>
      </file>
      <file name="NotAuthorized.jsx" path="/Users/hashmith/zluri_bootcamp/frontend/src/pages/NotAuthorized.jsx">
        <metrics statements="4" coveredstatements="4" conditionals="0" coveredconditionals="0" methods="3" coveredmethods="3"/>
        <line num="4" count="7" type="stmt"/>
        <line num="6" count="7" type="stmt"/>
        <line num="22" count="1" type="stmt"/>
        <line num="29" count="1" type="stmt"/>
      </file>
      <file name="SubmitRequest.jsx" path="/Users/hashmith/zluri_bootcamp/frontend/src/pages/SubmitRequest.jsx">
        <metrics statements="169" coveredstatements="169" conditionals="151" coveredconditionals="134" methods="32" coveredmethods="32"/>
        <line num="12" count="727" type="stmt"/>
        <line num="13" count="727" type="stmt"/>
        <line num="14" count="727" type="stmt"/>
        <line num="15" count="727" type="stmt"/>
        <line num="16" count="727" type="stmt"/>
        <line num="17" count="727" type="stmt"/>
        <line num="18" count="727" type="stmt"/>
        <line num="27" count="727" type="stmt"/>
        <line num="41" count="727" type="stmt"/>
        <line num="42" count="727" type="stmt"/>
        <line num="43" count="727" type="stmt"/>
        <line num="44" count="727" type="stmt"/>
        <line num="45" count="727" type="stmt"/>
        <line num="48" count="727" type="stmt"/>
        <line num="50" count="16" type="cond" truecount="2" falsecount="0"/>
        <line num="51" count="15" type="stmt"/>
        <line num="56" count="16" type="cond" truecount="2" falsecount="0"/>
        <line num="57" count="13" type="stmt"/>
        <line num="58" count="13" type="stmt"/>
        <line num="59" count="3" type="cond" truecount="2" falsecount="0"/>
        <line num="60" count="2" type="stmt"/>
        <line num="61" count="2" type="stmt"/>
        <line num="63" count="2" type="stmt"/>
        <line num="64" count="2" type="stmt"/>
        <line num="65" count="2" type="stmt"/>
        <line num="66" count="2" type="stmt"/>
        <line num="71" count="16" type="cond" truecount="2" falsecount="0"/>
        <line num="72" count="16" type="cond" truecount="2" falsecount="0"/>
        <line num="76" count="16" type="cond" truecount="2" falsecount="0"/>
        <line num="77" count="15" type="stmt"/>
        <line num="79" count="16" type="cond" truecount="2" falsecount="0"/>
        <line num="80" count="15" type="stmt"/>
        <line num="86" count="727" type="stmt"/>
        <line num="87" count="67" type="stmt"/>
        <line num="88" count="67" type="cond" truecount="2" falsecount="0"/>
        <line num="90" count="65" type="stmt"/>
        <line num="91" count="65" type="stmt"/>
        <line num="94" count="16" type="stmt"/>
        <line num="95" count="16" type="stmt"/>
        <line num="96" count="16" type="stmt"/>
        <line num="97" count="16" type="stmt"/>
        <line num="100" count="16" type="stmt"/>
        <line num="101" count="16" type="stmt"/>
        <line num="103" count="49" type="stmt"/>
        <line num="104" count="49" type="stmt"/>
        <line num="110" count="727" type="stmt"/>
        <line num="111" count="228" type="stmt"/>
        <line num="112" count="228" type="cond" truecount="4" falsecount="0"/>
        <line num="113" count="5" type="stmt"/>
        <line num="114" count="5" type="cond" truecount="2" falsecount="0"/>
        <line num="115" count="4" type="stmt"/>
        <line num="116" count="4" type="stmt"/>
        <line num="123" count="727" type="stmt"/>
        <line num="124" count="226" type="stmt"/>
        <line num="125" count="226" type="cond" truecount="5" falsecount="0"/>
        <line num="126" count="1" type="stmt"/>
        <line num="127" count="1" type="stmt"/>
        <line num="133" count="727" type="stmt"/>
        <line num="134" count="119" type="cond" truecount="2" falsecount="0"/>
        <line num="135" count="70" type="stmt"/>
        <line num="136" count="70" type="stmt"/>
        <line num="137" count="70" type="stmt"/>
        <line num="141" count="49" type="cond" truecount="1" falsecount="1"/>
        <line num="143" count="49" type="stmt"/>
        <line num="144" count="49" type="stmt"/>
        <line num="145" count="49" type="stmt"/>
        <line num="146" count="49" type="stmt"/>
        <line num="147" count="49" type="stmt"/>
        <line num="149" count="49" type="stmt"/>
        <line num="151" count="47" type="cond" truecount="2" falsecount="0"/>
        <line num="152" count="45" type="cond" truecount="1" falsecount="1"/>
        <line num="154" count="2" type="cond" truecount="2" falsecount="0"/>
        <line num="158" count="2" type="cond" truecount="2" falsecount="0"/>
        <line num="159" count="2" type="stmt"/>
        <line num="162" count="49" type="stmt"/>
        <line num="168" count="727" type="stmt"/>
        <line num="169" count="94" type="cond" truecount="2" falsecount="0"/>
        <line num="170" count="69" type="stmt"/>
        <line num="171" count="69" type="stmt"/>
        <line num="175" count="25" type="cond" truecount="1" falsecount="1"/>
        <line num="177" count="25" type="stmt"/>
        <line num="178" count="25" type="stmt"/>
        <line num="179" count="25" type="stmt"/>
        <line num="181" count="25" type="stmt"/>
        <line num="183" count="23" type="cond" truecount="2" falsecount="0"/>
        <line num="184" count="20" type="cond" truecount="1" falsecount="1"/>
        <line num="186" count="3" type="cond" truecount="2" falsecount="0"/>
        <line num="190" count="2" type="cond" truecount="2" falsecount="0"/>
        <line num="191" count="2" type="stmt"/>
        <line num="194" count="25" type="stmt"/>
        <line num="199" count="727" type="stmt"/>
        <line num="200" count="10" type="stmt"/>
        <line num="201" count="10" type="cond" truecount="1" falsecount="1"/>
        <line num="202" count="10" type="cond" truecount="2" falsecount="0"/>
        <line num="203" count="1" type="stmt"/>
        <line num="204" count="1" type="stmt"/>
        <line num="205" count="1" type="stmt"/>
        <line num="207" count="9" type="cond" truecount="2" falsecount="0"/>
        <line num="208" count="1" type="stmt"/>
        <line num="209" count="1" type="stmt"/>
        <line num="210" count="1" type="stmt"/>
        <line num="212" count="8" type="cond" truecount="2" falsecount="0"/>
        <line num="213" count="3" type="stmt"/>
        <line num="214" count="3" type="stmt"/>
        <line num="215" count="3" type="stmt"/>
        <line num="219" count="5" type="stmt"/>
        <line num="220" count="5" type="stmt"/>
        <line num="221" count="4" type="stmt"/>
        <line num="222" count="4" type="cond" truecount="4" falsecount="0"/>
        <line num="223" count="1" type="stmt"/>
        <line num="224" count="1" type="stmt"/>
        <line num="225" count="1" type="stmt"/>
        <line num="226" count="1" type="stmt"/>
        <line num="229" count="3" type="stmt"/>
        <line num="231" count="5" type="stmt"/>
        <line num="232" count="1" type="stmt"/>
        <line num="233" count="1" type="stmt"/>
        <line num="235" count="5" type="stmt"/>
        <line num="239" count="727" type="stmt"/>
        <line num="240" count="12" type="stmt"/>
        <line num="241" count="12" type="stmt"/>
        <line num="242" count="12" type="stmt"/>
        <line num="243" count="12" type="stmt"/>
        <line num="244" count="12" type="stmt"/>
        <line num="245" count="12" type="stmt"/>
        <line num="247" count="12" type="cond" truecount="2" falsecount="0"/>
        <line num="248" count="9" type="stmt"/>
        <line num="250" count="3" type="cond" truecount="2" falsecount="0"/>
        <line num="251" count="1" type="stmt"/>
        <line num="252" count="1" type="stmt"/>
        <line num="256" count="2" type="cond" truecount="2" falsecount="0"/>
        <line num="257" count="1" type="stmt"/>
        <line num="258" count="1" type="stmt"/>
        <line num="261" count="1" type="stmt"/>
        <line num="265" count="10" type="stmt"/>
        <line num="273" count="7" type="stmt"/>
        <line num="275" count="7" type="cond" truecount="2" falsecount="0"/>
        <line num="277" count="3" type="cond" truecount="4" falsecount="0"/>
        <line num="278" count="2" type="stmt"/>
        <line num="279" count="1" type="stmt"/>
        <line num="281" count="2" type="cond" truecount="2" falsecount="0"/>
        <line num="283" count="3" type="stmt"/>
        <line num="286" count="4" type="cond" truecount="2" falsecount="0"/>
        <line num="287" count="2" type="stmt"/>
        <line num="288" count="2" type="stmt"/>
        <line num="289" count="2" type="stmt"/>
        <line num="291" count="2" type="cond" truecount="2" falsecount="0"/>
        <line num="294" count="2" type="cond" truecount="2" falsecount="0"/>
        <line num="298" count="727" type="stmt"/>
        <line num="299" count="27" type="stmt"/>
        <line num="327" count="727" type="stmt"/>
        <line num="328" count="8" type="stmt"/>
        <line num="354" count="727" type="stmt"/>
        <line num="378" count="1454" type="stmt"/>
        <line num="400" count="484" type="stmt"/>
        <line num="431" count="382" type="stmt"/>
        <line num="457" count="2181" type="stmt"/>
        <line num="473" count="1454" type="stmt"/>
        <line num="502" count="171" type="stmt"/>
        <line num="555" count="1" type="stmt"/>
        <line num="556" count="1" type="stmt"/>
        <line num="557" count="1" type="stmt"/>
        <line num="558" count="1" type="stmt"/>
        <line num="559" count="1" type="stmt"/>
        <line num="560" count="1" type="stmt"/>
        <line num="561" count="1" type="stmt"/>
        <line num="562" count="1" type="stmt"/>
        <line num="614" count="2" type="stmt"/>
        <line num="615" count="2" type="stmt"/>
      </file>
    </package>
    <package name="src.routes">
      <metrics statements="11" coveredstatements="11" conditionals="6" coveredconditionals="6" methods="3" coveredmethods="3"/>
      <file name="AppRoutes.jsx" path="/Users/hashmith/zluri_bootcamp/frontend/src/routes/AppRoutes.jsx">
        <metrics statements="11" coveredstatements="11" conditionals="6" coveredconditionals="6" methods="3" coveredmethods="3"/>
        <line num="12" count="6" type="stmt"/>
        <line num="13" count="6" type="stmt"/>
        <line num="15" count="6" type="cond" truecount="2" falsecount="0"/>
        <line num="16" count="1" type="stmt"/>
        <line num="19" count="5" type="stmt"/>
        <line num="23" count="3" type="stmt"/>
        <line num="24" count="3" type="stmt"/>
        <line num="26" count="3" type="cond" truecount="4" falsecount="0"/>
        <line num="27" count="1" type="stmt"/>
        <line num="29" count="2" type="stmt"/>
        <line num="33" count="11" type="stmt"/>
      </file>
    </package>
    <package name="src.utils">
      <metrics statements="315" coveredstatements="270" conditionals="214" coveredconditionals="172" methods="52" coveredmethods="52"/>
      <file name="api.js" path="/Users/hashmith/zluri_bootcamp/frontend/src/utils/api.js">
        <metrics statements="54" coveredstatements="51" conditionals="48" coveredconditionals="44" methods="18" coveredmethods="18"/>
        <line num="2" count="1" type="cond" truecount="2" falsecount="0"/>
        <line num="6" count="1" type="cond" truecount="1" falsecount="1"/>
        <line num="7" count="1" type="stmt"/>
        <line num="9" count="0" type="stmt"/>
        <line num="10" count="0" type="cond" truecount="0" falsecount="2"/>
        <line num="12" count="0" type="stmt"/>
        <line num="17" count="34" type="stmt"/>
        <line num="21" count="34" type="stmt"/>
        <line num="23" count="34" type="stmt"/>
        <line num="32" count="34" type="stmt"/>
        <line num="33" count="34" type="stmt"/>
        <line num="34" count="32" type="stmt"/>
        <line num="36" count="32" type="cond" truecount="5" falsecount="0"/>
        <line num="37" count="1" type="stmt"/>
        <line num="38" count="1" type="stmt"/>
        <line num="39" count="1" type="stmt"/>
        <line num="40" count="1" type="stmt"/>
        <line num="43" count="31" type="cond" truecount="2" falsecount="0"/>
        <line num="44" count="1" type="stmt"/>
        <line num="47" count="30" type="cond" truecount="2" falsecount="0"/>
        <line num="49" count="4" type="cond" truecount="4" falsecount="0"/>
        <line num="50" count="2" type="stmt"/>
        <line num="51" count="1" type="stmt"/>
        <line num="53" count="3" type="cond" truecount="2" falsecount="0"/>
        <line num="56" count="26" type="stmt"/>
        <line num="58" count="8" type="cond" truecount="4" falsecount="0"/>
        <line num="59" count="1" type="stmt"/>
        <line num="61" count="7" type="stmt"/>
        <line num="66" count="1" type="stmt"/>
        <line num="67" count="1" type="stmt"/>
        <line num="74" count="1" type="stmt"/>
        <line num="75" count="1" type="stmt"/>
        <line num="76" count="1" type="stmt"/>
        <line num="77" count="1" type="stmt"/>
        <line num="81" count="1" type="stmt"/>
        <line num="82" count="15" type="stmt"/>
        <line num="84" count="15" type="stmt"/>
        <line num="85" count="6" type="cond" truecount="3" falsecount="0"/>
        <line num="86" count="4" type="cond" truecount="2" falsecount="0"/>
        <line num="87" count="5" type="cond" truecount="3" falsecount="0"/>
        <line num="88" count="5" type="cond" truecount="3" falsecount="0"/>
        <line num="91" count="15" type="stmt"/>
        <line num="92" count="20" type="stmt"/>
        <line num="93" count="20" type="cond" truecount="1" falsecount="1"/>
        <line num="96" count="15" type="stmt"/>
        <line num="100" count="1" type="stmt"/>
        <line num="101" count="1" type="stmt"/>
        <line num="106" count="8" type="stmt"/>
        <line num="107" count="8" type="cond" truecount="2" falsecount="0"/>
        <line num="109" count="1" type="stmt"/>
        <line num="113" count="1" type="stmt"/>
        <line num="115" count="7" type="stmt"/>
        <line num="116" count="7" type="cond" truecount="2" falsecount="0"/>
        <line num="118" count="2" type="cond" truecount="1" falsecount="0"/>
      </file>
      <file name="conditionalHelpers.js" path="/Users/hashmith/zluri_bootcamp/frontend/src/utils/conditionalHelpers.js">
        <metrics statements="26" coveredstatements="25" conditionals="20" coveredconditionals="20" methods="12" coveredmethods="12"/>
        <line num="10" count="1" type="stmt"/>
        <line num="11" count="2" type="cond" truecount="2" falsecount="0"/>
        <line num="19" count="1" type="stmt"/>
        <line num="20" count="3" type="stmt"/>
        <line num="21" count="9" type="cond" truecount="2" falsecount="0"/>
        <line num="22" count="9" type="cond" truecount="2" falsecount="0"/>
        <line num="24" count="1" type="stmt"/>
        <line num="34" count="1" type="cond" truecount="1" falsecount="0"/>
        <line num="35" count="3" type="stmt"/>
        <line num="36" count="9" type="cond" truecount="2" falsecount="0"/>
        <line num="38" count="0" type="stmt"/>
        <line num="47" count="1" type="stmt"/>
        <line num="48" count="3" type="stmt"/>
        <line num="49" count="7" type="cond" truecount="2" falsecount="0"/>
        <line num="58" count="1" type="stmt"/>
        <line num="59" count="3" type="stmt"/>
        <line num="60" count="7" type="cond" truecount="2" falsecount="0"/>
        <line num="71" count="1" type="cond" truecount="1" falsecount="0"/>
        <line num="72" count="3" type="cond" truecount="2" falsecount="0"/>
        <line num="73" count="3" type="cond" truecount="2" falsecount="0"/>
        <line num="81" count="1" type="stmt"/>
        <line num="82" count="2" type="stmt"/>
        <line num="83" count="4" type="cond" truecount="2" falsecount="0"/>
        <line num="85" count="1" type="stmt"/>
        <line num="94" count="1" type="stmt"/>
        <line num="95" count="4" type="stmt"/>
      </file>
      <file name="constants.js" path="/Users/hashmith/zluri_bootcamp/frontend/src/utils/constants.js">
        <metrics statements="12" coveredstatements="9" conditionals="6" coveredconditionals="3" methods="0" coveredmethods="0"/>
        <line num="2" count="8" type="cond" truecount="2" falsecount="0"/>
        <line num="6" count="8" type="cond" truecount="1" falsecount="1"/>
        <line num="7" count="8" type="stmt"/>
        <line num="9" count="0" type="stmt"/>
        <line num="11" count="0" type="cond" truecount="0" falsecount="2"/>
        <line num="13" count="0" type="stmt"/>
        <line num="17" count="8" type="stmt"/>
        <line num="26" count="8" type="stmt"/>
        <line num="33" count="8" type="stmt"/>
        <line num="43" count="8" type="stmt"/>
        <line num="50" count="8" type="stmt"/>
        <line num="53" count="8" type="stmt"/>
      </file>
      <file name="riskAssessment.js" path="/Users/hashmith/zluri_bootcamp/frontend/src/utils/riskAssessment.js">
        <metrics statements="216" coveredstatements="178" conditionals="136" coveredconditionals="101" methods="20" coveredmethods="20"/>
        <line num="2" count="5" type="stmt"/>
        <line num="12" count="5" type="stmt"/>
        <line num="24" count="5" type="cond" truecount="0" falsecount="1"/>
        <line num="25" count="3230" type="stmt"/>
        <line num="40" count="3230" type="cond" truecount="1" falsecount="1"/>
        <line num="41" count="3230" type="stmt"/>
        <line num="42" count="3230" type="stmt"/>
        <line num="43" count="3230" type="stmt"/>
        <line num="44" count="3230" type="stmt"/>
        <line num="45" count="3230" type="stmt"/>
        <line num="47" count="3230" type="stmt"/>
        <line num="48" count="62297" type="stmt"/>
        <line num="51" count="62297" type="stmt"/>
        <line num="52" count="62297" type="cond" truecount="2" falsecount="0"/>
        <line num="54" count="62297" type="cond" truecount="2" falsecount="0"/>
        <line num="56" count="159" type="cond" truecount="2" falsecount="0"/>
        <line num="57" count="3" type="stmt"/>
        <line num="58" count="3" type="stmt"/>
        <line num="59" count="3" type="stmt"/>
        <line num="61" count="156" type="stmt"/>
        <line num="62" count="156" type="stmt"/>
        <line num="65" count="62138" type="cond" truecount="2" falsecount="0"/>
        <line num="66" count="488" type="cond" truecount="4" falsecount="0"/>
        <line num="67" count="41" type="stmt"/>
        <line num="68" count="41" type="stmt"/>
        <line num="70" count="488" type="stmt"/>
        <line num="71" count="488" type="stmt"/>
        <line num="72" count="488" type="stmt"/>
        <line num="76" count="61650" type="cond" truecount="2" falsecount="0"/>
        <line num="77" count="41" type="stmt"/>
        <line num="78" count="41" type="stmt"/>
        <line num="79" count="41" type="stmt"/>
        <line num="80" count="41" type="stmt"/>
        <line num="81" count="41" type="stmt"/>
        <line num="84" count="61609" type="cond" truecount="2" falsecount="0"/>
        <line num="85" count="3" type="stmt"/>
        <line num="86" count="3" type="stmt"/>
        <line num="87" count="3" type="stmt"/>
        <line num="90" count="61606" type="cond" truecount="2" falsecount="0"/>
        <line num="92" count="2" type="stmt"/>
        <line num="93" count="2" type="cond" truecount="1" falsecount="1"/>
        <line num="94" count="0" type="stmt"/>
        <line num="96" count="2" type="stmt"/>
        <line num="97" count="2" type="stmt"/>
        <line num="100" count="61604" type="stmt"/>
        <line num="101" count="61604" type="stmt"/>
        <line num="104" count="3230" type="stmt"/>
        <line num="112" count="5" type="stmt"/>
        <line num="113" count="1615" type="stmt"/>
        <line num="114" count="1615" type="stmt"/>
        <line num="117" count="1615" type="stmt"/>
        <line num="120" count="1615" type="stmt"/>
        <line num="223" count="1615" type="stmt"/>
        <line num="225" count="1615" type="stmt"/>
        <line num="226" count="24225" type="stmt"/>
        <line num="227" count="24225" type="cond" truecount="1" falsecount="1"/>
        <line num="228" count="0" type="stmt"/>
        <line num="229" count="0" type="stmt"/>
        <line num="230" count="0" type="stmt"/>
        <line num="240" count="1615" type="cond" truecount="1" falsecount="1"/>
        <line num="241" count="0" type="stmt"/>
        <line num="242" count="0" type="stmt"/>
        <line num="250" count="1615" type="stmt"/>
        <line num="257" count="1615" type="stmt"/>
        <line num="258" count="6460" type="cond" truecount="1" falsecount="1"/>
        <line num="259" count="0" type="stmt"/>
        <line num="260" count="0" type="stmt"/>
        <line num="268" count="1615" type="stmt"/>
        <line num="276" count="5" type="stmt"/>
        <line num="277" count="1133" type="stmt"/>
        <line num="278" count="1133" type="cond" truecount="1" falsecount="1"/>
        <line num="279" count="1133" type="stmt"/>
        <line num="281" count="1132" type="stmt"/>
        <line num="282" count="1132" type="stmt"/>
        <line num="285" count="1132" type="stmt"/>
        <line num="286" count="1132" type="stmt"/>
        <line num="287" count="1132" type="stmt"/>
        <line num="290" count="1132" type="cond" truecount="0" falsecount="1"/>
        <line num="291" count="23752" type="cond" truecount="4" falsecount="0"/>
        <line num="294" count="5722" type="cond" truecount="2" falsecount="0"/>
        <line num="295" count="2330" type="cond" truecount="5" falsecount="4"/>
        <line num="297" count="4" type="stmt"/>
        <line num="298" count="4" type="stmt"/>
        <line num="303" count="4" type="stmt"/>
        <line num="306" count="0" type="stmt"/>
        <line num="307" count="0" type="stmt"/>
        <line num="312" count="0" type="stmt"/>
        <line num="316" count="5" type="cond" truecount="2" falsecount="0"/>
        <line num="319" count="5" type="cond" truecount="2" falsecount="0"/>
        <line num="320" count="1" type="stmt"/>
        <line num="321" count="1" type="stmt"/>
        <line num="327" count="4" type="stmt"/>
        <line num="328" count="4" type="stmt"/>
        <line num="334" count="5" type="stmt"/>
        <line num="338" count="5" type="cond" truecount="2" falsecount="0"/>
        <line num="341" count="5" type="cond" truecount="2" falsecount="0"/>
        <line num="342" count="1" type="stmt"/>
        <line num="343" count="1" type="stmt"/>
        <line num="349" count="4" type="stmt"/>
        <line num="350" count="4" type="stmt"/>
        <line num="356" count="5" type="stmt"/>
        <line num="359" count="2" type="stmt"/>
        <line num="360" count="2" type="stmt"/>
        <line num="365" count="2" type="stmt"/>
        <line num="368" count="2" type="stmt"/>
        <line num="369" count="2" type="stmt"/>
        <line num="374" count="2" type="stmt"/>
        <line num="377" count="0" type="cond" truecount="0" falsecount="4"/>
        <line num="378" count="0" type="stmt"/>
        <line num="379" count="0" type="stmt"/>
        <line num="385" count="0" type="stmt"/>
        <line num="386" count="0" type="stmt"/>
        <line num="392" count="0" type="stmt"/>
        <line num="396" count="0" type="stmt"/>
        <line num="397" count="0" type="stmt"/>
        <line num="402" count="0" type="stmt"/>
        <line num="407" count="5722" type="cond" truecount="3" falsecount="2"/>
        <line num="409" count="0" type="stmt"/>
        <line num="410" count="0" type="stmt"/>
        <line num="418" count="5722" type="stmt"/>
        <line num="419" count="27292" type="cond" truecount="2" falsecount="0"/>
        <line num="420" count="2276" type="stmt"/>
        <line num="421" count="2293" type="stmt"/>
        <line num="423" count="25016" type="cond" truecount="2" falsecount="0"/>
        <line num="424" count="20326" type="stmt"/>
        <line num="430" count="1132" type="cond" truecount="2" falsecount="0"/>
        <line num="431" count="1" type="stmt"/>
        <line num="432" count="2" type="stmt"/>
        <line num="435" count="1131" type="stmt"/>
        <line num="438" count="1132" type="stmt"/>
        <line num="442" count="1" type="stmt"/>
        <line num="443" count="1" type="stmt"/>
        <line num="458" count="5" type="stmt"/>
        <line num="459" count="482" type="stmt"/>
        <line num="460" count="482" type="stmt"/>
        <line num="463" count="482" type="stmt"/>
        <line num="466" count="482" type="stmt"/>
        <line num="467" count="482" type="stmt"/>
        <line num="468" count="482" type="stmt"/>
        <line num="471" count="482" type="stmt"/>
        <line num="535" count="482" type="stmt"/>
        <line num="569" count="482" type="stmt"/>
        <line num="633" count="482" type="stmt"/>
        <line num="634" count="12050" type="stmt"/>
        <line num="635" count="12050" type="cond" truecount="2" falsecount="0"/>
        <line num="636" count="10" type="stmt"/>
        <line num="637" count="10" type="stmt"/>
        <line num="642" count="482" type="stmt"/>
        <line num="643" count="482" type="cond" truecount="1" falsecount="1"/>
        <line num="644" count="0" type="stmt"/>
        <line num="645" count="0" type="stmt"/>
        <line num="653" count="482" type="stmt"/>
        <line num="654" count="482" type="cond" truecount="2" falsecount="0"/>
        <line num="655" count="482" type="cond" truecount="1" falsecount="1"/>
        <line num="656" count="0" type="stmt"/>
        <line num="657" count="0" type="stmt"/>
        <line num="664" count="482" type="stmt"/>
        <line num="670" count="5" type="stmt"/>
        <line num="714" count="5" type="stmt"/>
        <line num="715" count="6409" type="cond" truecount="1" falsecount="1"/>
        <line num="725" count="5" type="stmt"/>
        <line num="727" count="1632" type="cond" truecount="4" falsecount="0"/>
        <line num="728" count="18" type="stmt"/>
        <line num="741" count="1614" type="stmt"/>
        <line num="743" count="1614" type="stmt"/>
        <line num="744" count="1614" type="cond" truecount="4" falsecount="0"/>
        <line num="746" count="481" type="cond" truecount="1" falsecount="1"/>
        <line num="749" count="1133" type="stmt"/>
        <line num="750" count="1133" type="stmt"/>
        <line num="753" count="1133" type="cond" truecount="4" falsecount="0"/>
        <line num="754" count="1" type="stmt"/>
        <line num="755" count="1" type="stmt"/>
        <line num="760" count="0" type="stmt"/>
        <line num="773" count="1614" type="stmt"/>
        <line num="776" count="1614" type="cond" truecount="2" falsecount="0"/>
        <line num="777" count="28" type="stmt"/>
        <line num="780" count="1614" type="stmt"/>
        <line num="803" count="5" type="stmt"/>
        <line num="804" count="6431" type="stmt"/>
        <line num="805" count="1612" type="cond" truecount="2" falsecount="0"/>
        <line num="814" count="5" type="stmt"/>
        <line num="815" count="4" type="stmt"/>
        <line num="816" count="4" type="cond" truecount="1" falsecount="1"/>
        <line num="817" count="4" type="stmt"/>
        <line num="818" count="3" type="stmt"/>
        <line num="824" count="1" type="stmt"/>
        <line num="839" count="5" type="stmt"/>
        <line num="840" count="2" type="stmt"/>
        <line num="843" count="2" type="stmt"/>
        <line num="846" count="2" type="stmt"/>
        <line num="847" count="1" type="cond" truecount="3" falsecount="0"/>
        <line num="852" count="2" type="cond" truecount="1" falsecount="1"/>
        <line num="853" count="0" type="stmt"/>
        <line num="854" count="0" type="stmt"/>
        <line num="855" count="0" type="stmt"/>
        <line num="858" count="2" type="cond" truecount="2" falsecount="2"/>
        <line num="860" count="1" type="stmt"/>
        <line num="861" count="1" type="stmt"/>
        <line num="862" count="1" type="stmt"/>
        <line num="863" count="1" type="stmt"/>
        <line num="864" count="1" type="stmt"/>
        <line num="867" count="0" type="stmt"/>
        <line num="868" count="0" type="stmt"/>
        <line num="869" count="0" type="stmt"/>
        <line num="870" count="0" type="stmt"/>
        <line num="873" count="0" type="stmt"/>
        <line num="874" count="0" type="stmt"/>
        <line num="875" count="0" type="stmt"/>
        <line num="878" count="1" type="stmt"/>
        <line num="879" count="1" type="stmt"/>
        <line num="883" count="2" type="stmt"/>
        <line num="884" count="2" type="cond" truecount="3" falsecount="1"/>
        <line num="885" count="2" type="stmt"/>
        <line num="886" count="2" type="cond" truecount="1" falsecount="1"/>
        <line num="887" count="0" type="stmt"/>
        <line num="891" count="2" type="stmt"/>
      </file>
      <file name="validation.js" path="/Users/hashmith/zluri_bootcamp/frontend/src/utils/validation.js">
        <metrics statements="7" coveredstatements="7" conditionals="4" coveredconditionals="4" methods="2" coveredmethods="2"/>
        <line num="4" count="5" type="stmt"/>
        <line num="10" count="5" type="stmt"/>
        <line num="22" count="24" type="stmt"/>
        <line num="27" count="22" type="cond" truecount="2" falsecount="0"/>
        <line num="28" count="17" type="cond" truecount="2" falsecount="0"/>
        <line num="31" count="5" type="stmt"/>
        <line num="38" count="5" type="stmt"/>
      </file>
    </package>
  </project>
</coverage>
