{"/Users/hashmith/zluri_bootcamp/frontend/src/App.jsx": {"path":"/Users/hashmith/zluri_bootcamp/frontend/src/App.jsx","statementMap":{"0":{"start":{"line":5,"column":2},"end":{"line":9,"column":4}}},"fnMap":{"0":{"name":"App","decl":{"start":{"line":4,"column":24},"end":{"line":4,"column":27}},"loc":{"start":{"line":4,"column":30},"end":{"line":10,"column":1}},"line":4}},"branchMap":{},"s":{"0":3},"f":{"0":3},"b":{},"_coverageSchema":"1a1c01bbd47fc00a2c39e90264f33305004495a9","hash":"33fdf5ea252c75ca4f7722d6a3ba5227c45fb551"}
,"/Users/hashmith/zluri_bootcamp/frontend/src/components/common/CodeEditor.jsx": {"path":"/Users/hashmith/zluri_bootcamp/frontend/src/components/common/CodeEditor.jsx","statementMap":{"0":{"start":{"line":16,"column":36},"end":{"line":16,"column":51}},"1":{"start":{"line":17,"column":56},"end":{"line":17,"column":71}},"2":{"start":{"line":18,"column":22},"end":{"line":18,"column":34}},"3":{"start":{"line":19,"column":23},"end":{"line":19,"column":35}},"4":{"start":{"line":22,"column":2},"end":{"line":33,"column":13}},"5":{"start":{"line":23,"column":28},"end":{"line":28,"column":5}},"6":{"start":{"line":24,"column":6},"end":{"line":27,"column":7}},"7":{"start":{"line":25,"column":47},"end":{"line":25,"column":67}},"8":{"start":{"line":26,"column":8},"end":{"line":26,"column":60}},"9":{"start":{"line":30,"column":4},"end":{"line":30,"column":22}},"10":{"start":{"line":31,"column":4},"end":{"line":31,"column":55}},"11":{"start":{"line":32,"column":4},"end":{"line":32,"column":71}},"12":{"start":{"line":32,"column":17},"end":{"line":32,"column":70}},"13":{"start":{"line":35,"column":2},"end":{"line":83,"column":3}},"14":{"start":{"line":37,"column":4},"end":{"line":82,"column":6}},"15":{"start":{"line":86,"column":2},"end":{"line":149,"column":4}},"16":{"start":{"line":96,"column":27},"end":{"line":96,"column":63}},"17":{"start":{"line":97,"column":25},"end":{"line":97,"column":43}},"18":{"start":{"line":98,"column":24},"end":{"line":98,"column":43}},"19":{"start":{"line":113,"column":12},"end":{"line":124,"column":13}},"20":{"start":{"line":114,"column":14},"end":{"line":114,"column":33}},"21":{"start":{"line":115,"column":28},"end":{"line":115,"column":51}},"22":{"start":{"line":116,"column":26},"end":{"line":116,"column":47}},"23":{"start":{"line":117,"column":31},"end":{"line":117,"column":84}},"24":{"start":{"line":118,"column":14},"end":{"line":118,"column":45}},"25":{"start":{"line":121,"column":14},"end":{"line":123,"column":20}},"26":{"start":{"line":122,"column":16},"end":{"line":122,"column":76}},"27":{"start":{"line":133,"column":16},"end":{"line":135,"column":22}}},"fnMap":{"0":{"name":"CodeEditor","decl":{"start":{"line":5,"column":24},"end":{"line":5,"column":34}},"loc":{"start":{"line":15,"column":3},"end":{"line":150,"column":1}},"line":15},"1":{"name":"(anonymous_1)","decl":{"start":{"line":22,"column":12},"end":{"line":22,"column":13}},"loc":{"start":{"line":22,"column":18},"end":{"line":33,"column":3}},"line":22},"2":{"name":"(anonymous_2)","decl":{"start":{"line":23,"column":28},"end":{"line":23,"column":29}},"loc":{"start":{"line":23,"column":34},"end":{"line":28,"column":5}},"line":23},"3":{"name":"(anonymous_3)","decl":{"start":{"line":32,"column":11},"end":{"line":32,"column":12}},"loc":{"start":{"line":32,"column":17},"end":{"line":32,"column":70}},"line":32},"4":{"name":"(anonymous_4)","decl":{"start":{"line":96,"column":20},"end":{"line":96,"column":21}},"loc":{"start":{"line":96,"column":27},"end":{"line":96,"column":63}},"line":96},"5":{"name":"(anonymous_5)","decl":{"start":{"line":97,"column":19},"end":{"line":97,"column":20}},"loc":{"start":{"line":97,"column":25},"end":{"line":97,"column":43}},"line":97},"6":{"name":"(anonymous_6)","decl":{"start":{"line":98,"column":18},"end":{"line":98,"column":19}},"loc":{"start":{"line":98,"column":24},"end":{"line":98,"column":43}},"line":98},"7":{"name":"(anonymous_7)","decl":{"start":{"line":111,"column":21},"end":{"line":111,"column":22}},"loc":{"start":{"line":111,"column":28},"end":{"line":125,"column":11}},"line":111},"8":{"name":"(anonymous_8)","decl":{"start":{"line":121,"column":25},"end":{"line":121,"column":26}},"loc":{"start":{"line":121,"column":31},"end":{"line":123,"column":15}},"line":121},"9":{"name":"(anonymous_9)","decl":{"start":{"line":132,"column":36},"end":{"line":132,"column":37}},"loc":{"start":{"line":133,"column":16},"end":{"line":135,"column":22}},"line":133}},"branchMap":{"0":{"loc":{"start":{"line":7,"column":2},"end":{"line":7,"column":25}},"type":"default-arg","locations":[{"start":{"line":7,"column":13},"end":{"line":7,"column":25}}],"line":7},"1":{"loc":{"start":{"line":8,"column":2},"end":{"line":8,"column":18}},"type":"default-arg","locations":[{"start":{"line":8,"column":13},"end":{"line":8,"column":18}}],"line":8},"2":{"loc":{"start":{"line":9,"column":2},"end":{"line":9,"column":17}},"type":"default-arg","locations":[{"start":{"line":9,"column":13},"end":{"line":9,"column":17}}],"line":9},"3":{"loc":{"start":{"line":10,"column":2},"end":{"line":10,"column":18}},"type":"default-arg","locations":[{"start":{"line":10,"column":16},"end":{"line":10,"column":18}}],"line":10},"4":{"loc":{"start":{"line":11,"column":2},"end":{"line":11,"column":16}},"type":"default-arg","locations":[{"start":{"line":11,"column":14},"end":{"line":11,"column":16}}],"line":11},"5":{"loc":{"start":{"line":12,"column":2},"end":{"line":12,"column":25}},"type":"default-arg","locations":[{"start":{"line":12,"column":20},"end":{"line":12,"column":25}}],"line":12},"6":{"loc":{"start":{"line":13,"column":2},"end":{"line":13,"column":21}},"type":"default-arg","locations":[{"start":{"line":13,"column":14},"end":{"line":13,"column":21}}],"line":13},"7":{"loc":{"start":{"line":14,"column":2},"end":{"line":14,"column":21}},"type":"default-arg","locations":[{"start":{"line":14,"column":14},"end":{"line":14,"column":21}}],"line":14},"8":{"loc":{"start":{"line":24,"column":6},"end":{"line":27,"column":7}},"type":"if","locations":[{"start":{"line":24,"column":6},"end":{"line":27,"column":7}},{"start":{},"end":{}}],"line":24},"9":{"loc":{"start":{"line":35,"column":2},"end":{"line":83,"column":3}},"type":"if","locations":[{"start":{"line":35,"column":2},"end":{"line":83,"column":3}},{"start":{},"end":{}}],"line":35},"10":{"loc":{"start":{"line":71,"column":13},"end":{"line":71,"column":23}},"type":"binary-expr","locations":[{"start":{"line":71,"column":13},"end":{"line":71,"column":17}},{"start":{"line":71,"column":21},"end":{"line":71,"column":23}}],"line":71},"11":{"loc":{"start":{"line":76,"column":9},"end":{"line":80,"column":9}},"type":"binary-expr","locations":[{"start":{"line":76,"column":9},"end":{"line":76,"column":28}},{"start":{"line":77,"column":10},"end":{"line":79,"column":16}}],"line":76},"12":{"loc":{"start":{"line":96,"column":27},"end":{"line":96,"column":63}},"type":"binary-expr","locations":[{"start":{"line":96,"column":27},"end":{"line":96,"column":35}},{"start":{"line":96,"column":39},"end":{"line":96,"column":63}}],"line":96},"13":{"loc":{"start":{"line":101,"column":12},"end":{"line":101,"column":46}},"type":"cond-expr","locations":[{"start":{"line":101,"column":30},"end":{"line":101,"column":37}},{"start":{"line":101,"column":40},"end":{"line":101,"column":46}}],"line":101},"14":{"loc":{"start":{"line":113,"column":12},"end":{"line":124,"column":13}},"type":"if","locations":[{"start":{"line":113,"column":12},"end":{"line":124,"column":13}},{"start":{},"end":{}}],"line":113},"15":{"loc":{"start":{"line":118,"column":14},"end":{"line":118,"column":44}},"type":"binary-expr","locations":[{"start":{"line":118,"column":14},"end":{"line":118,"column":22}},{"start":{"line":118,"column":26},"end":{"line":118,"column":44}}],"line":118},"16":{"loc":{"start":{"line":129,"column":9},"end":{"line":139,"column":9}},"type":"binary-expr","locations":[{"start":{"line":129,"column":9},"end":{"line":129,"column":24}},{"start":{"line":130,"column":10},"end":{"line":138,"column":16}}],"line":129},"17":{"loc":{"start":{"line":143,"column":7},"end":{"line":147,"column":7}},"type":"binary-expr","locations":[{"start":{"line":143,"column":7},"end":{"line":143,"column":26}},{"start":{"line":143,"column":30},"end":{"line":143,"column":40}},{"start":{"line":144,"column":8},"end":{"line":146,"column":14}}],"line":143}},"s":{"0":888,"1":888,"2":888,"3":888,"4":888,"5":331,"6":331,"7":331,"8":331,"9":331,"10":331,"11":331,"12":331,"13":888,"14":74,"15":814,"16":175,"17":13,"18":9,"19":177,"20":2,"21":2,"22":2,"23":2,"24":2,"25":2,"26":2,"27":1},"f":{"0":888,"1":331,"2":331,"3":331,"4":175,"5":13,"6":9,"7":177,"8":2,"9":1},"b":{"0":[27],"1":[797],"2":[73],"3":[90],"4":[90],"5":[25],"6":[21],"7":[27],"8":[331,0],"9":[74,814],"10":[74,1],"11":[74,1],"12":[175,175],"13":[1,813],"14":[2,175],"15":[2,2],"16":[814,1],"17":[814,4,2]},"_coverageSchema":"1a1c01bbd47fc00a2c39e90264f33305004495a9","hash":"01e7792db69d6e05f1fdea216a6181409e673f05"}
,"/Users/hashmith/zluri_bootcamp/frontend/src/components/common/ConfirmModal.jsx": {"path":"/Users/hashmith/zluri_bootcamp/frontend/src/components/common/ConfirmModal.jsx","statementMap":{"0":{"start":{"line":14,"column":24},"end":{"line":18,"column":3}},"1":{"start":{"line":20,"column":2},"end":{"line":43,"column":4}}},"fnMap":{"0":{"name":"ConfirmModal","decl":{"start":{"line":3,"column":24},"end":{"line":3,"column":36}},"loc":{"start":{"line":13,"column":3},"end":{"line":44,"column":1}},"line":13}},"branchMap":{"0":{"loc":{"start":{"line":9,"column":2},"end":{"line":9,"column":25}},"type":"default-arg","locations":[{"start":{"line":9,"column":16},"end":{"line":9,"column":25}}],"line":9},"1":{"loc":{"start":{"line":10,"column":2},"end":{"line":10,"column":23}},"type":"default-arg","locations":[{"start":{"line":10,"column":15},"end":{"line":10,"column":23}}],"line":10},"2":{"loc":{"start":{"line":11,"column":2},"end":{"line":11,"column":26}},"type":"default-arg","locations":[{"start":{"line":11,"column":17},"end":{"line":11,"column":26}}],"line":11},"3":{"loc":{"start":{"line":12,"column":2},"end":{"line":12,"column":17}},"type":"default-arg","locations":[{"start":{"line":12,"column":12},"end":{"line":12,"column":17}}],"line":12},"4":{"loc":{"start":{"line":38,"column":13},"end":{"line":38,"column":52}},"type":"cond-expr","locations":[{"start":{"line":38,"column":23},"end":{"line":38,"column":38}},{"start":{"line":38,"column":41},"end":{"line":38,"column":52}}],"line":38}},"s":{"0":401,"1":401},"f":{"0":401},"b":{"0":[12],"1":[400],"2":[11],"3":[10],"4":[12,389]},"_coverageSchema":"1a1c01bbd47fc00a2c39e90264f33305004495a9","hash":"abb3484d47f3ddde6bc919933ace5407b81d1043"}
,"/Users/hashmith/zluri_bootcamp/frontend/src/components/common/LoadingSpinner.jsx": {"path":"/Users/hashmith/zluri_bootcamp/frontend/src/components/common/LoadingSpinner.jsx","statementMap":{"0":{"start":{"line":2,"column":22},"end":{"line":6,"column":3}},"1":{"start":{"line":8,"column":2},"end":{"line":12,"column":4}}},"fnMap":{"0":{"name":"LoadingSpinner","decl":{"start":{"line":1,"column":24},"end":{"line":1,"column":38}},"loc":{"start":{"line":1,"column":72},"end":{"line":13,"column":1}},"line":1}},"branchMap":{"0":{"loc":{"start":{"line":1,"column":41},"end":{"line":1,"column":52}},"type":"default-arg","locations":[{"start":{"line":1,"column":48},"end":{"line":1,"column":52}}],"line":1},"1":{"loc":{"start":{"line":1,"column":54},"end":{"line":1,"column":68}},"type":"default-arg","locations":[{"start":{"line":1,"column":66},"end":{"line":1,"column":68}}],"line":1}},"s":{"0":288,"1":288},"f":{"0":288},"b":{"0":[4],"1":[287]},"_coverageSchema":"1a1c01bbd47fc00a2c39e90264f33305004495a9","hash":"5a0339ce3c2fe1a37d7bb1ce3d9d58a6a17cc026"}
,"/Users/hashmith/zluri_bootcamp/frontend/src/components/common/Modal.jsx": {"path":"/Users/hashmith/zluri_bootcamp/frontend/src/components/common/Modal.jsx","statementMap":{"0":{"start":{"line":2,"column":2},"end":{"line":2,"column":27}},"1":{"start":{"line":2,"column":15},"end":{"line":2,"column":27}},"2":{"start":{"line":4,"column":22},"end":{"line":9,"column":3}},"3":{"start":{"line":11,"column":2},"end":{"line":40,"column":4}}},"fnMap":{"0":{"name":"Modal","decl":{"start":{"line":1,"column":24},"end":{"line":1,"column":29}},"loc":{"start":{"line":1,"column":81},"end":{"line":41,"column":1}},"line":1}},"branchMap":{"0":{"loc":{"start":{"line":1,"column":66},"end":{"line":1,"column":77}},"type":"default-arg","locations":[{"start":{"line":1,"column":73},"end":{"line":1,"column":77}}],"line":1},"1":{"loc":{"start":{"line":2,"column":2},"end":{"line":2,"column":27}},"type":"if","locations":[{"start":{"line":2,"column":2},"end":{"line":2,"column":27}},{"start":{},"end":{}}],"line":2}},"s":{"0":1354,"1":1200,"2":154,"3":154},"f":{"0":1354},"b":{"0":[8],"1":[1200,154]},"_coverageSchema":"1a1c01bbd47fc00a2c39e90264f33305004495a9","hash":"50a1447f99d309d541e1e1d754b79407075a60bd"}
,"/Users/hashmith/zluri_bootcamp/frontend/src/components/common/OutputDisplay.jsx": {"path":"/Users/hashmith/zluri_bootcamp/frontend/src/components/common/OutputDisplay.jsx","statementMap":{"0":{"start":{"line":4,"column":34},"end":{"line":4,"column":55}},"1":{"start":{"line":5,"column":50},"end":{"line":8,"column":4}},"2":{"start":{"line":10,"column":24},"end":{"line":15,"column":3}},"3":{"start":{"line":11,"column":4},"end":{"line":14,"column":8}},"4":{"start":{"line":11,"column":33},"end":{"line":14,"column":5}},"5":{"start":{"line":18,"column":23},"end":{"line":28,"column":3}},"6":{"start":{"line":19,"column":4},"end":{"line":19,"column":27}},"7":{"start":{"line":19,"column":15},"end":{"line":19,"column":27}},"8":{"start":{"line":21,"column":4},"end":{"line":27,"column":5}},"9":{"start":{"line":22,"column":21},"end":{"line":22,"column":37}},"10":{"start":{"line":23,"column":6},"end":{"line":23,"column":44}},"11":{"start":{"line":26,"column":6},"end":{"line":26,"column":42}},"12":{"start":{"line":30,"column":20},"end":{"line":30,"column":56}},"13":{"start":{"line":33,"column":25},"end":{"line":35,"column":118}},"14":{"start":{"line":38,"column":24},"end":{"line":45,"column":3}},"15":{"start":{"line":39,"column":16},"end":{"line":39,"column":59}},"16":{"start":{"line":40,"column":21},"end":{"line":40,"column":69}},"17":{"start":{"line":41,"column":23},"end":{"line":41,"column":92}},"18":{"start":{"line":42,"column":22},"end":{"line":42,"column":81}},"19":{"start":{"line":43,"column":22},"end":{"line":43,"column":70}},"20":{"start":{"line":44,"column":23},"end":{"line":44,"column":50}},"21":{"start":{"line":47,"column":21},"end":{"line":101,"column":3}},"22":{"start":{"line":49,"column":4},"end":{"line":49,"column":51}},"23":{"start":{"line":49,"column":23},"end":{"line":49,"column":51}},"24":{"start":{"line":50,"column":4},"end":{"line":50,"column":61}},"25":{"start":{"line":50,"column":28},"end":{"line":50,"column":61}},"26":{"start":{"line":52,"column":21},"end":{"line":52,"column":32}},"27":{"start":{"line":53,"column":4},"end":{"line":55,"column":5}},"28":{"start":{"line":54,"column":6},"end":{"line":54,"column":43}},"29":{"start":{"line":58,"column":4},"end":{"line":75,"column":5}},"30":{"start":{"line":59,"column":6},"end":{"line":59,"column":78}},"31":{"start":{"line":59,"column":29},"end":{"line":59,"column":78}},"32":{"start":{"line":61,"column":6},"end":{"line":74,"column":8}},"33":{"start":{"line":66,"column":14},"end":{"line":69,"column":20}},"34":{"start":{"line":78,"column":4},"end":{"line":98,"column":5}},"35":{"start":{"line":79,"column":19},"end":{"line":79,"column":36}},"36":{"start":{"line":80,"column":6},"end":{"line":80,"column":82}},"37":{"start":{"line":80,"column":29},"end":{"line":80,"column":82}},"38":{"start":{"line":82,"column":6},"end":{"line":97,"column":8}},"39":{"start":{"line":87,"column":14},"end":{"line":92,"column":20}},"40":{"start":{"line":100,"column":4},"end":{"line":100,"column":39}},"41":{"start":{"line":103,"column":22},"end":{"line":150,"column":3}},"42":{"start":{"line":104,"column":4},"end":{"line":104,"column":63}},"43":{"start":{"line":104,"column":51},"end":{"line":104,"column":63}},"44":{"start":{"line":107,"column":22},"end":{"line":107,"column":29}},"45":{"start":{"line":108,"column":4},"end":{"line":108,"column":73}},"46":{"start":{"line":108,"column":61},"end":{"line":108,"column":73}},"47":{"start":{"line":110,"column":17},"end":{"line":110,"column":39}},"48":{"start":{"line":111,"column":24},"end":{"line":116,"column":5}},"49":{"start":{"line":112,"column":6},"end":{"line":115,"column":52}},"50":{"start":{"line":115,"column":35},"end":{"line":115,"column":51}},"51":{"start":{"line":118,"column":4},"end":{"line":118,"column":34}},"52":{"start":{"line":118,"column":22},"end":{"line":118,"column":34}},"53":{"start":{"line":120,"column":4},"end":{"line":149,"column":6}},"54":{"start":{"line":126,"column":16},"end":{"line":128,"column":21}},"55":{"start":{"line":134,"column":14},"end":{"line":144,"column":19}},"56":{"start":{"line":136,"column":18},"end":{"line":142,"column":23}},"57":{"start":{"line":152,"column":29},"end":{"line":212,"column":3}},"58":{"start":{"line":153,"column":44},"end":{"line":153,"column":48}},"59":{"start":{"line":155,"column":4},"end":{"line":211,"column":6}},"60":{"start":{"line":161,"column":29},"end":{"line":161,"column":53}},"61":{"start":{"line":186,"column":29},"end":{"line":186,"column":52}},"62":{"start":{"line":214,"column":2},"end":{"line":230,"column":3}},"63":{"start":{"line":215,"column":4},"end":{"line":229,"column":6}},"64":{"start":{"line":232,"column":2},"end":{"line":238,"column":3}},"65":{"start":{"line":233,"column":4},"end":{"line":237,"column":6}},"66":{"start":{"line":240,"column":23},"end":{"line":240,"column":82}},"67":{"start":{"line":242,"column":2},"end":{"line":303,"column":4}},"68":{"start":{"line":248,"column":27},"end":{"line":248,"column":51}},"69":{"start":{"line":259,"column":29},"end":{"line":259,"column":49}},"70":{"start":{"line":270,"column":27},"end":{"line":270,"column":45}}},"fnMap":{"0":{"name":"OutputDisplay","decl":{"start":{"line":3,"column":24},"end":{"line":3,"column":37}},"loc":{"start":{"line":3,"column":57},"end":{"line":304,"column":1}},"line":3},"1":{"name":"(anonymous_1)","decl":{"start":{"line":10,"column":24},"end":{"line":10,"column":25}},"loc":{"start":{"line":10,"column":37},"end":{"line":15,"column":3}},"line":10},"2":{"name":"(anonymous_2)","decl":{"start":{"line":11,"column":24},"end":{"line":11,"column":25}},"loc":{"start":{"line":11,"column":33},"end":{"line":14,"column":5}},"line":11},"3":{"name":"(anonymous_3)","decl":{"start":{"line":18,"column":23},"end":{"line":18,"column":24}},"loc":{"start":{"line":18,"column":33},"end":{"line":28,"column":3}},"line":18},"4":{"name":"(anonymous_4)","decl":{"start":{"line":39,"column":10},"end":{"line":39,"column":11}},"loc":{"start":{"line":39,"column":16},"end":{"line":39,"column":59}},"line":39},"5":{"name":"(anonymous_5)","decl":{"start":{"line":40,"column":15},"end":{"line":40,"column":16}},"loc":{"start":{"line":40,"column":21},"end":{"line":40,"column":69}},"line":40},"6":{"name":"(anonymous_6)","decl":{"start":{"line":41,"column":13},"end":{"line":41,"column":14}},"loc":{"start":{"line":41,"column":23},"end":{"line":41,"column":92}},"line":41},"7":{"name":"(anonymous_7)","decl":{"start":{"line":42,"column":12},"end":{"line":42,"column":13}},"loc":{"start":{"line":42,"column":22},"end":{"line":42,"column":81}},"line":42},"8":{"name":"(anonymous_8)","decl":{"start":{"line":43,"column":12},"end":{"line":43,"column":13}},"loc":{"start":{"line":43,"column":22},"end":{"line":43,"column":70}},"line":43},"9":{"name":"(anonymous_9)","decl":{"start":{"line":44,"column":13},"end":{"line":44,"column":14}},"loc":{"start":{"line":44,"column":23},"end":{"line":44,"column":50}},"line":44},"10":{"name":"(anonymous_10)","decl":{"start":{"line":47,"column":21},"end":{"line":47,"column":22}},"loc":{"start":{"line":47,"column":43},"end":{"line":101,"column":3}},"line":47},"11":{"name":"(anonymous_11)","decl":{"start":{"line":65,"column":22},"end":{"line":65,"column":23}},"loc":{"start":{"line":66,"column":14},"end":{"line":69,"column":20}},"line":66},"12":{"name":"(anonymous_12)","decl":{"start":{"line":86,"column":22},"end":{"line":86,"column":23}},"loc":{"start":{"line":87,"column":14},"end":{"line":92,"column":20}},"line":87},"13":{"name":"(anonymous_13)","decl":{"start":{"line":103,"column":22},"end":{"line":103,"column":23}},"loc":{"start":{"line":103,"column":32},"end":{"line":150,"column":3}},"line":103},"14":{"name":"(anonymous_14)","decl":{"start":{"line":111,"column":35},"end":{"line":111,"column":36}},"loc":{"start":{"line":112,"column":6},"end":{"line":115,"column":52}},"line":112},"15":{"name":"(anonymous_15)","decl":{"start":{"line":115,"column":30},"end":{"line":115,"column":31}},"loc":{"start":{"line":115,"column":35},"end":{"line":115,"column":51}},"line":115},"16":{"name":"(anonymous_16)","decl":{"start":{"line":125,"column":24},"end":{"line":125,"column":25}},"loc":{"start":{"line":126,"column":16},"end":{"line":128,"column":21}},"line":126},"17":{"name":"(anonymous_17)","decl":{"start":{"line":133,"column":22},"end":{"line":133,"column":23}},"loc":{"start":{"line":134,"column":14},"end":{"line":144,"column":19}},"line":134},"18":{"name":"(anonymous_18)","decl":{"start":{"line":135,"column":26},"end":{"line":135,"column":27}},"loc":{"start":{"line":136,"column":18},"end":{"line":142,"column":23}},"line":136},"19":{"name":"(anonymous_19)","decl":{"start":{"line":152,"column":29},"end":{"line":152,"column":30}},"loc":{"start":{"line":152,"column":39},"end":{"line":212,"column":3}},"line":152},"20":{"name":"(anonymous_20)","decl":{"start":{"line":161,"column":23},"end":{"line":161,"column":24}},"loc":{"start":{"line":161,"column":29},"end":{"line":161,"column":53}},"line":161},"21":{"name":"(anonymous_21)","decl":{"start":{"line":186,"column":23},"end":{"line":186,"column":24}},"loc":{"start":{"line":186,"column":29},"end":{"line":186,"column":52}},"line":186},"22":{"name":"(anonymous_22)","decl":{"start":{"line":248,"column":21},"end":{"line":248,"column":22}},"loc":{"start":{"line":248,"column":27},"end":{"line":248,"column":51}},"line":248},"23":{"name":"(anonymous_23)","decl":{"start":{"line":259,"column":23},"end":{"line":259,"column":24}},"loc":{"start":{"line":259,"column":29},"end":{"line":259,"column":49}},"line":259},"24":{"name":"(anonymous_24)","decl":{"start":{"line":270,"column":21},"end":{"line":270,"column":22}},"loc":{"start":{"line":270,"column":27},"end":{"line":270,"column":45}},"line":270}},"branchMap":{"0":{"loc":{"start":{"line":19,"column":4},"end":{"line":19,"column":27}},"type":"if","locations":[{"start":{"line":19,"column":4},"end":{"line":19,"column":27}},{"start":{},"end":{}}],"line":19},"1":{"loc":{"start":{"line":30,"column":20},"end":{"line":30,"column":56}},"type":"cond-expr","locations":[{"start":{"line":30,"column":29},"end":{"line":30,"column":49}},{"start":{"line":30,"column":52},"end":{"line":30,"column":56}}],"line":30},"2":{"loc":{"start":{"line":33,"column":25},"end":{"line":35,"column":118}},"type":"binary-expr","locations":[{"start":{"line":33,"column":25},"end":{"line":33,"column":51}},{"start":{"line":34,"column":4},"end":{"line":34,"column":18}},{"start":{"line":35,"column":5},"end":{"line":35,"column":34}},{"start":{"line":35,"column":38},"end":{"line":35,"column":64}},{"start":{"line":35,"column":68},"end":{"line":35,"column":91}},{"start":{"line":35,"column":95},"end":{"line":35,"column":117}}],"line":33},"3":{"loc":{"start":{"line":47,"column":28},"end":{"line":47,"column":38}},"type":"default-arg","locations":[{"start":{"line":47,"column":37},"end":{"line":47,"column":38}}],"line":47},"4":{"loc":{"start":{"line":49,"column":4},"end":{"line":49,"column":51}},"type":"if","locations":[{"start":{"line":49,"column":4},"end":{"line":49,"column":51}},{"start":{},"end":{}}],"line":49},"5":{"loc":{"start":{"line":50,"column":4},"end":{"line":50,"column":61}},"type":"if","locations":[{"start":{"line":50,"column":4},"end":{"line":50,"column":61}},{"start":{},"end":{}}],"line":50},"6":{"loc":{"start":{"line":53,"column":4},"end":{"line":55,"column":5}},"type":"if","locations":[{"start":{"line":53,"column":4},"end":{"line":55,"column":5}},{"start":{},"end":{}}],"line":53},"7":{"loc":{"start":{"line":58,"column":4},"end":{"line":75,"column":5}},"type":"if","locations":[{"start":{"line":58,"column":4},"end":{"line":75,"column":5}},{"start":{},"end":{}}],"line":58},"8":{"loc":{"start":{"line":59,"column":6},"end":{"line":59,"column":78}},"type":"if","locations":[{"start":{"line":59,"column":6},"end":{"line":59,"column":78}},{"start":{},"end":{}}],"line":59},"9":{"loc":{"start":{"line":68,"column":17},"end":{"line":68,"column":84}},"type":"binary-expr","locations":[{"start":{"line":68,"column":17},"end":{"line":68,"column":40}},{"start":{"line":68,"column":44},"end":{"line":68,"column":84}}],"line":68},"10":{"loc":{"start":{"line":78,"column":4},"end":{"line":98,"column":5}},"type":"if","locations":[{"start":{"line":78,"column":4},"end":{"line":98,"column":5}},{"start":{},"end":{}}],"line":78},"11":{"loc":{"start":{"line":80,"column":6},"end":{"line":80,"column":82}},"type":"if","locations":[{"start":{"line":80,"column":6},"end":{"line":80,"column":82}},{"start":{},"end":{}}],"line":80},"12":{"loc":{"start":{"line":91,"column":17},"end":{"line":91,"column":84}},"type":"binary-expr","locations":[{"start":{"line":91,"column":17},"end":{"line":91,"column":40}},{"start":{"line":91,"column":44},"end":{"line":91,"column":84}}],"line":91},"13":{"loc":{"start":{"line":104,"column":4},"end":{"line":104,"column":63}},"type":"if","locations":[{"start":{"line":104,"column":4},"end":{"line":104,"column":63}},{"start":{},"end":{}}],"line":104},"14":{"loc":{"start":{"line":104,"column":8},"end":{"line":104,"column":49}},"type":"binary-expr","locations":[{"start":{"line":104,"column":8},"end":{"line":104,"column":28}},{"start":{"line":104,"column":32},"end":{"line":104,"column":49}}],"line":104},"15":{"loc":{"start":{"line":108,"column":4},"end":{"line":108,"column":73}},"type":"if","locations":[{"start":{"line":108,"column":4},"end":{"line":108,"column":73}},{"start":{},"end":{}}],"line":108},"16":{"loc":{"start":{"line":108,"column":8},"end":{"line":108,"column":59}},"type":"binary-expr","locations":[{"start":{"line":108,"column":8},"end":{"line":108,"column":37}},{"start":{"line":108,"column":41},"end":{"line":108,"column":59}}],"line":108},"17":{"loc":{"start":{"line":112,"column":6},"end":{"line":115,"column":52}},"type":"binary-expr","locations":[{"start":{"line":112,"column":6},"end":{"line":112,"column":30}},{"start":{"line":113,"column":6},"end":{"line":113,"column":19}},{"start":{"line":114,"column":6},"end":{"line":114,"column":46}},{"start":{"line":115,"column":6},"end":{"line":115,"column":52}}],"line":112},"18":{"loc":{"start":{"line":118,"column":4},"end":{"line":118,"column":34}},"type":"if","locations":[{"start":{"line":118,"column":4},"end":{"line":118,"column":34}},{"start":{},"end":{}}],"line":118},"19":{"loc":{"start":{"line":138,"column":23},"end":{"line":140,"column":48}},"type":"cond-expr","locations":[{"start":{"line":139,"column":26},"end":{"line":139,"column":50}},{"start":{"line":140,"column":26},"end":{"line":140,"column":48}}],"line":138},"20":{"loc":{"start":{"line":140,"column":33},"end":{"line":140,"column":47}},"type":"binary-expr","locations":[{"start":{"line":140,"column":33},"end":{"line":140,"column":41}},{"start":{"line":140,"column":45},"end":{"line":140,"column":47}}],"line":140},"21":{"loc":{"start":{"line":158,"column":9},"end":{"line":180,"column":9}},"type":"binary-expr","locations":[{"start":{"line":158,"column":9},"end":{"line":158,"column":23}},{"start":{"line":159,"column":10},"end":{"line":179,"column":16}}],"line":158},"22":{"loc":{"start":{"line":170,"column":47},"end":{"line":170,"column":83}},"type":"cond-expr","locations":[{"start":{"line":170,"column":74},"end":{"line":170,"column":77}},{"start":{"line":170,"column":80},"end":{"line":170,"column":83}}],"line":170},"23":{"loc":{"start":{"line":172,"column":13},"end":{"line":178,"column":13}},"type":"binary-expr","locations":[{"start":{"line":172,"column":13},"end":{"line":172,"column":37}},{"start":{"line":173,"column":14},"end":{"line":177,"column":20}}],"line":172},"24":{"loc":{"start":{"line":183,"column":9},"end":{"line":209,"column":9}},"type":"binary-expr","locations":[{"start":{"line":183,"column":9},"end":{"line":183,"column":20}},{"start":{"line":183,"column":24},"end":{"line":183,"column":46}},{"start":{"line":184,"column":10},"end":{"line":208,"column":16}}],"line":183},"25":{"loc":{"start":{"line":195,"column":47},"end":{"line":195,"column":82}},"type":"cond-expr","locations":[{"start":{"line":195,"column":73},"end":{"line":195,"column":76}},{"start":{"line":195,"column":79},"end":{"line":195,"column":82}}],"line":195},"26":{"loc":{"start":{"line":197,"column":13},"end":{"line":207,"column":13}},"type":"binary-expr","locations":[{"start":{"line":197,"column":13},"end":{"line":197,"column":36}},{"start":{"line":198,"column":14},"end":{"line":206,"column":20}}],"line":197},"27":{"loc":{"start":{"line":200,"column":19},"end":{"line":204,"column":19}},"type":"binary-expr","locations":[{"start":{"line":200,"column":19},"end":{"line":200,"column":43}},{"start":{"line":201,"column":20},"end":{"line":203,"column":26}}],"line":200},"28":{"loc":{"start":{"line":214,"column":2},"end":{"line":230,"column":3}},"type":"if","locations":[{"start":{"line":214,"column":2},"end":{"line":230,"column":3}},{"start":{},"end":{}}],"line":214},"29":{"loc":{"start":{"line":232,"column":2},"end":{"line":238,"column":3}},"type":"if","locations":[{"start":{"line":232,"column":2},"end":{"line":238,"column":3}},{"start":{},"end":{}}],"line":232},"30":{"loc":{"start":{"line":240,"column":23},"end":{"line":240,"column":82}},"type":"binary-expr","locations":[{"start":{"line":240,"column":23},"end":{"line":240,"column":49}},{"start":{"line":240,"column":53},"end":{"line":240,"column":82}}],"line":240},"31":{"loc":{"start":{"line":245,"column":7},"end":{"line":280,"column":7}},"type":"binary-expr","locations":[{"start":{"line":245,"column":7},"end":{"line":245,"column":33}},{"start":{"line":245,"column":37},"end":{"line":245,"column":52}},{"start":{"line":246,"column":8},"end":{"line":279,"column":14}}],"line":245},"32":{"loc":{"start":{"line":250,"column":14},"end":{"line":252,"column":63}},"type":"cond-expr","locations":[{"start":{"line":251,"column":18},"end":{"line":251,"column":42}},{"start":{"line":252,"column":18},"end":{"line":252,"column":63}}],"line":250},"33":{"loc":{"start":{"line":257,"column":11},"end":{"line":268,"column":11}},"type":"binary-expr","locations":[{"start":{"line":257,"column":11},"end":{"line":257,"column":23}},{"start":{"line":258,"column":12},"end":{"line":267,"column":21}}],"line":257},"34":{"loc":{"start":{"line":261,"column":16},"end":{"line":263,"column":65}},"type":"cond-expr","locations":[{"start":{"line":262,"column":20},"end":{"line":262,"column":44}},{"start":{"line":263,"column":20},"end":{"line":263,"column":65}}],"line":261},"35":{"loc":{"start":{"line":272,"column":14},"end":{"line":274,"column":63}},"type":"cond-expr","locations":[{"start":{"line":273,"column":18},"end":{"line":273,"column":42}},{"start":{"line":274,"column":18},"end":{"line":274,"column":63}}],"line":272},"36":{"loc":{"start":{"line":283,"column":22},"end":{"line":283,"column":88}},"type":"cond-expr","locations":[{"start":{"line":283,"column":39},"end":{"line":283,"column":41}},{"start":{"line":283,"column":44},"end":{"line":283,"column":88}}],"line":283},"37":{"loc":{"start":{"line":284,"column":24},"end":{"line":284,"column":74}},"type":"cond-expr","locations":[{"start":{"line":284,"column":41},"end":{"line":284,"column":43}},{"start":{"line":284,"column":46},"end":{"line":284,"column":74}}],"line":284},"38":{"loc":{"start":{"line":285,"column":11},"end":{"line":299,"column":11}},"type":"cond-expr","locations":[{"start":{"line":286,"column":12},"end":{"line":286,"column":46}},{"start":{"line":287,"column":14},"end":{"line":299,"column":11}}],"line":285},"39":{"loc":{"start":{"line":287,"column":14},"end":{"line":299,"column":11}},"type":"cond-expr","locations":[{"start":{"line":288,"column":12},"end":{"line":288,"column":39}},{"start":{"line":289,"column":14},"end":{"line":299,"column":11}}],"line":287},"40":{"loc":{"start":{"line":287,"column":14},"end":{"line":287,"column":50}},"type":"binary-expr","locations":[{"start":{"line":287,"column":14},"end":{"line":287,"column":34}},{"start":{"line":287,"column":38},"end":{"line":287,"column":50}}],"line":287},"41":{"loc":{"start":{"line":289,"column":14},"end":{"line":299,"column":11}},"type":"cond-expr","locations":[{"start":{"line":290,"column":12},"end":{"line":292,"column":18}},{"start":{"line":294,"column":12},"end":{"line":298,"column":18}}],"line":289},"42":{"loc":{"start":{"line":289,"column":14},"end":{"line":289,"column":68}},"type":"binary-expr","locations":[{"start":{"line":289,"column":14},"end":{"line":289,"column":38}},{"start":{"line":289,"column":42},"end":{"line":289,"column":68}}],"line":289},"43":{"loc":{"start":{"line":295,"column":15},"end":{"line":297,"column":24}},"type":"cond-expr","locations":[{"start":{"line":296,"column":18},"end":{"line":296,"column":57}},{"start":{"line":297,"column":18},"end":{"line":297,"column":24}}],"line":295}},"s":{"0":57,"1":57,"2":57,"3":2,"4":2,"5":57,"6":51,"7":0,"8":51,"9":51,"10":48,"11":3,"12":57,"13":57,"14":57,"15":4,"16":0,"17":3,"18":27,"19":19,"20":0,"21":57,"22":105,"23":4,"24":101,"25":0,"26":101,"27":101,"28":49,"29":52,"30":21,"31":7,"32":14,"33":29,"34":31,"35":31,"36":31,"37":2,"38":29,"39":47,"40":0,"41":57,"42":10,"43":0,"44":10,"45":10,"46":1,"47":9,"48":9,"49":15,"50":24,"51":9,"52":0,"53":9,"54":14,"55":15,"56":24,"57":57,"58":14,"59":14,"60":1,"61":1,"62":57,"63":4,"64":53,"65":3,"66":50,"67":50,"68":1,"69":4,"70":1},"f":{"0":57,"1":2,"2":2,"3":51,"4":4,"5":0,"6":3,"7":27,"8":19,"9":0,"10":105,"11":29,"12":47,"13":10,"14":15,"15":24,"16":14,"17":15,"18":24,"19":14,"20":1,"21":1,"22":1,"23":4,"24":1},"b":{"0":[0,51],"1":[51,6],"2":[57,48,48,35,34,34],"3":[29],"4":[4,101],"5":[0,101],"6":[49,52],"7":[21,31],"8":[7,14],"9":[29,15],"10":[31,0],"11":[2,29],"12":[47,18],"13":[0,10],"14":[10,10],"15":[1,9],"16":[10,9],"17":[15,15,15,15],"18":[0,9],"19":[3,21],"20":[21,0],"21":[14,13],"22":[12,1],"23":[13,12],"24":[14,12,7],"25":[6,1],"26":[7,6],"27":[6,1],"28":[4,53],"29":[3,50],"30":[50,48],"31":[50,48,34],"32":[29,5],"33":[34,20],"34":[4,16],"35":[1,33],"36":[14,36],"37":[14,36],"38":[14,36],"39":[4,32],"40":[36,4],"41":[29,3],"42":[32,31],"43":[1,2]},"_coverageSchema":"1a1c01bbd47fc00a2c39e90264f33305004495a9","hash":"38baaa78595a07275e5ae51311f2a520404a3c50"}
,"/Users/hashmith/zluri_bootcamp/frontend/src/components/common/StatusBadge.jsx": {"path":"/Users/hashmith/zluri_bootcamp/frontend/src/components/common/StatusBadge.jsx","statementMap":{"0":{"start":{"line":3,"column":28},"end":{"line":10,"column":1}},"1":{"start":{"line":13,"column":21},"end":{"line":13,"column":73}},"2":{"start":{"line":14,"column":22},"end":{"line":14,"column":69}},"3":{"start":{"line":16,"column":2},"end":{"line":23,"column":4}}},"fnMap":{"0":{"name":"StatusBadge","decl":{"start":{"line":12,"column":24},"end":{"line":12,"column":35}},"loc":{"start":{"line":12,"column":48},"end":{"line":24,"column":1}},"line":12}},"branchMap":{"0":{"loc":{"start":{"line":13,"column":21},"end":{"line":13,"column":73}},"type":"binary-expr","locations":[{"start":{"line":13,"column":21},"end":{"line":13,"column":42}},{"start":{"line":13,"column":46},"end":{"line":13,"column":73}}],"line":13},"1":{"loc":{"start":{"line":14,"column":22},"end":{"line":14,"column":69}},"type":"binary-expr","locations":[{"start":{"line":14,"column":22},"end":{"line":14,"column":49}},{"start":{"line":14,"column":53},"end":{"line":14,"column":69}}],"line":14}},"s":{"0":5,"1":2181,"2":2181,"3":2181},"f":{"0":2181},"b":{"0":[2181,1],"1":[2181,1]},"_coverageSchema":"1a1c01bbd47fc00a2c39e90264f33305004495a9","hash":"585283bd9b4fe74e48247a5b3c633c976cc2f07e"}
,"/Users/hashmith/zluri_bootcamp/frontend/src/components/common/Tooltip.jsx": {"path":"/Users/hashmith/zluri_bootcamp/frontend/src/components/common/Tooltip.jsx","statementMap":{"0":{"start":{"line":4,"column":36},"end":{"line":4,"column":51}},"1":{"start":{"line":6,"column":2},"end":{"line":20,"column":4}},"2":{"start":{"line":9,"column":26},"end":{"line":9,"column":44}},"3":{"start":{"line":10,"column":26},"end":{"line":10,"column":45}}},"fnMap":{"0":{"name":"Tooltip","decl":{"start":{"line":3,"column":24},"end":{"line":3,"column":31}},"loc":{"start":{"line":3,"column":71},"end":{"line":21,"column":1}},"line":3},"1":{"name":"(anonymous_1)","decl":{"start":{"line":9,"column":20},"end":{"line":9,"column":21}},"loc":{"start":{"line":9,"column":26},"end":{"line":9,"column":44}},"line":9},"2":{"name":"(anonymous_2)","decl":{"start":{"line":10,"column":20},"end":{"line":10,"column":21}},"loc":{"start":{"line":10,"column":26},"end":{"line":10,"column":45}},"line":10}},"branchMap":{"0":{"loc":{"start":{"line":3,"column":53},"end":{"line":3,"column":67}},"type":"default-arg","locations":[{"start":{"line":3,"column":65},"end":{"line":3,"column":67}}],"line":3},"1":{"loc":{"start":{"line":13,"column":7},"end":{"line":18,"column":7}},"type":"binary-expr","locations":[{"start":{"line":13,"column":7},"end":{"line":13,"column":16}},{"start":{"line":14,"column":8},"end":{"line":17,"column":14}}],"line":13}},"s":{"0":19,"1":19,"2":6,"3":3},"f":{"0":19,"1":6,"2":3},"b":{"0":[18],"1":[19,6]},"_coverageSchema":"1a1c01bbd47fc00a2c39e90264f33305004495a9","hash":"375e1d87efb2b979aae34a770d3c745d6c0a0dfe"}
,"/Users/hashmith/zluri_bootcamp/frontend/src/components/common/protectedroute.jsx": {"path":"/Users/hashmith/zluri_bootcamp/frontend/src/components/common/protectedroute.jsx","statementMap":{"0":{"start":{"line":4,"column":15},"end":{"line":4,"column":55}},"1":{"start":{"line":5,"column":16},"end":{"line":5,"column":45}},"2":{"start":{"line":6,"column":26},"end":{"line":6,"column":43}},"3":{"start":{"line":8,"column":2},"end":{"line":10,"column":3}},"4":{"start":{"line":9,"column":4},"end":{"line":9,"column":44}},"5":{"start":{"line":12,"column":2},"end":{"line":12,"column":18}}},"fnMap":{"0":{"name":"ProtectedRoute","decl":{"start":{"line":3,"column":24},"end":{"line":3,"column":38}},"loc":{"start":{"line":3,"column":53},"end":{"line":13,"column":1}},"line":3}},"branchMap":{"0":{"loc":{"start":{"line":6,"column":26},"end":{"line":6,"column":43}},"type":"binary-expr","locations":[{"start":{"line":6,"column":26},"end":{"line":6,"column":32}},{"start":{"line":6,"column":36},"end":{"line":6,"column":43}}],"line":6},"1":{"loc":{"start":{"line":8,"column":2},"end":{"line":10,"column":3}},"type":"if","locations":[{"start":{"line":8,"column":2},"end":{"line":10,"column":3}},{"start":{},"end":{}}],"line":8}},"s":{"0":11,"1":11,"2":11,"3":11,"4":4,"5":7},"f":{"0":11},"b":{"0":[11,7],"1":[4,7]},"_coverageSchema":"1a1c01bbd47fc00a2c39e90264f33305004495a9","hash":"9bbdaeb8803cb674db09924ec29cd96195ed4a4d"}
,"/Users/hashmith/zluri_bootcamp/frontend/src/components/layout/dashboardlayout.jsx": {"path":"/Users/hashmith/zluri_bootcamp/frontend/src/components/layout/dashboardlayout.jsx","statementMap":{"0":{"start":{"line":6,"column":2},"end":{"line":18,"column":4}}},"fnMap":{"0":{"name":"DashboardLayout","decl":{"start":{"line":5,"column":24},"end":{"line":5,"column":39}},"loc":{"start":{"line":5,"column":42},"end":{"line":19,"column":1}},"line":5}},"branchMap":{},"s":{"0":10},"f":{"0":10},"b":{},"_coverageSchema":"1a1c01bbd47fc00a2c39e90264f33305004495a9","hash":"3e34b8e43f44f00c2d23f4efc18cc990ed4b5e43"}
,"/Users/hashmith/zluri_bootcamp/frontend/src/components/layout/sidebar.jsx": {"path":"/Users/hashmith/zluri_bootcamp/frontend/src/components/layout/sidebar.jsx","statementMap":{"0":{"start":{"line":4,"column":15},"end":{"line":4,"column":55}},"1":{"start":{"line":5,"column":15},"end":{"line":5,"column":25}},"2":{"start":{"line":7,"column":20},"end":{"line":7,"column":58}},"3":{"start":{"line":8,"column":22},"end":{"line":8,"column":42}},"4":{"start":{"line":10,"column":2},"end":{"line":87,"column":4}},"5":{"start":{"line":41,"column":16},"end":{"line":45,"column":18}},"6":{"start":{"line":54,"column":16},"end":{"line":58,"column":18}},"7":{"start":{"line":74,"column":16},"end":{"line":78,"column":18}}},"fnMap":{"0":{"name":"Sidebar","decl":{"start":{"line":3,"column":24},"end":{"line":3,"column":31}},"loc":{"start":{"line":3,"column":34},"end":{"line":88,"column":1}},"line":3},"1":{"name":"(anonymous_1)","decl":{"start":{"line":40,"column":25},"end":{"line":40,"column":26}},"loc":{"start":{"line":41,"column":16},"end":{"line":45,"column":18}},"line":41},"2":{"name":"(anonymous_2)","decl":{"start":{"line":53,"column":25},"end":{"line":53,"column":26}},"loc":{"start":{"line":54,"column":16},"end":{"line":58,"column":18}},"line":54},"3":{"name":"(anonymous_3)","decl":{"start":{"line":73,"column":25},"end":{"line":73,"column":26}},"loc":{"start":{"line":74,"column":16},"end":{"line":78,"column":18}},"line":74}},"branchMap":{"0":{"loc":{"start":{"line":7,"column":20},"end":{"line":7,"column":58}},"type":"binary-expr","locations":[{"start":{"line":7,"column":20},"end":{"line":7,"column":38}},{"start":{"line":7,"column":42},"end":{"line":7,"column":58}}],"line":7},"1":{"loc":{"start":{"line":18,"column":7},"end":{"line":32,"column":7}},"type":"binary-expr","locations":[{"start":{"line":18,"column":7},"end":{"line":18,"column":11}},{"start":{"line":19,"column":8},"end":{"line":31,"column":14}}],"line":18},"2":{"loc":{"start":{"line":36,"column":9},"end":{"line":64,"column":9}},"type":"binary-expr","locations":[{"start":{"line":36,"column":10},"end":{"line":36,"column":21}},{"start":{"line":36,"column":25},"end":{"line":36,"column":34}},{"start":{"line":37,"column":10},"end":{"line":63,"column":13}}],"line":36},"3":{"loc":{"start":{"line":42,"column":18},"end":{"line":44,"column":55}},"type":"cond-expr","locations":[{"start":{"line":43,"column":22},"end":{"line":43,"column":46}},{"start":{"line":44,"column":22},"end":{"line":44,"column":55}}],"line":42},"4":{"loc":{"start":{"line":55,"column":18},"end":{"line":57,"column":55}},"type":"cond-expr","locations":[{"start":{"line":56,"column":22},"end":{"line":56,"column":46}},{"start":{"line":57,"column":22},"end":{"line":57,"column":55}}],"line":55},"5":{"loc":{"start":{"line":66,"column":9},"end":{"line":84,"column":9}},"type":"binary-expr","locations":[{"start":{"line":66,"column":9},"end":{"line":66,"column":18}},{"start":{"line":67,"column":10},"end":{"line":83,"column":13}}],"line":66},"6":{"loc":{"start":{"line":75,"column":18},"end":{"line":77,"column":55}},"type":"cond-expr","locations":[{"start":{"line":76,"column":22},"end":{"line":76,"column":48}},{"start":{"line":77,"column":22},"end":{"line":77,"column":55}}],"line":75}},"s":{"0":17,"1":17,"2":17,"3":17,"4":17,"5":14,"6":14,"7":7},"f":{"0":17,"1":14,"2":14,"3":7},"b":{"0":[17,13],"1":[17,11],"2":[17,12,11],"3":[2,12],"4":[0,14],"5":[17,6],"6":[3,4]},"_coverageSchema":"1a1c01bbd47fc00a2c39e90264f33305004495a9","hash":"f69b2108a1cb39801c7058f24712d0b235da184d"}
,"/Users/hashmith/zluri_bootcamp/frontend/src/components/layout/topbar.jsx": {"path":"/Users/hashmith/zluri_bootcamp/frontend/src/components/layout/topbar.jsx","statementMap":{"0":{"start":{"line":4,"column":15},"end":{"line":4,"column":55}},"1":{"start":{"line":5,"column":19},"end":{"line":5,"column":32}},"2":{"start":{"line":7,"column":23},"end":{"line":11,"column":3}},"3":{"start":{"line":8,"column":4},"end":{"line":8,"column":36}},"4":{"start":{"line":9,"column":4},"end":{"line":9,"column":37}},"5":{"start":{"line":10,"column":4},"end":{"line":10,"column":23}},"6":{"start":{"line":13,"column":2},"end":{"line":44,"column":4}}},"fnMap":{"0":{"name":"Topbar","decl":{"start":{"line":3,"column":24},"end":{"line":3,"column":30}},"loc":{"start":{"line":3,"column":33},"end":{"line":45,"column":1}},"line":3},"1":{"name":"(anonymous_1)","decl":{"start":{"line":7,"column":23},"end":{"line":7,"column":24}},"loc":{"start":{"line":7,"column":29},"end":{"line":11,"column":3}},"line":7}},"branchMap":{"0":{"loc":{"start":{"line":21,"column":11},"end":{"line":40,"column":11}},"type":"binary-expr","locations":[{"start":{"line":21,"column":11},"end":{"line":21,"column":15}},{"start":{"line":22,"column":12},"end":{"line":39,"column":15}}],"line":21}},"s":{"0":18,"1":18,"2":18,"3":1,"4":1,"5":1,"6":18},"f":{"0":18,"1":1},"b":{"0":[18,12]},"_coverageSchema":"1a1c01bbd47fc00a2c39e90264f33305004495a9","hash":"efd83b58d85d36c38edc58d18b7166b0eda0ffe1"}
,"/Users/hashmith/zluri_bootcamp/frontend/src/context/ToastContext.jsx": {"path":"/Users/hashmith/zluri_bootcamp/frontend/src/context/ToastContext.jsx","statementMap":{"0":{"start":{"line":3,"column":21},"end":{"line":3,"column":40}},"1":{"start":{"line":6,"column":30},"end":{"line":6,"column":42}},"2":{"start":{"line":8,"column":19},"end":{"line":16,"column":8}},"3":{"start":{"line":9,"column":15},"end":{"line":9,"column":25}},"4":{"start":{"line":10,"column":4},"end":{"line":10,"column":56}},"5":{"start":{"line":10,"column":22},"end":{"line":10,"column":54}},"6":{"start":{"line":13,"column":4},"end":{"line":15,"column":13}},"7":{"start":{"line":14,"column":6},"end":{"line":14,"column":55}},"8":{"start":{"line":14,"column":24},"end":{"line":14,"column":53}},"9":{"start":{"line":14,"column":41},"end":{"line":14,"column":52}},"10":{"start":{"line":18,"column":22},"end":{"line":20,"column":8}},"11":{"start":{"line":19,"column":4},"end":{"line":19,"column":53}},"12":{"start":{"line":19,"column":22},"end":{"line":19,"column":51}},"13":{"start":{"line":19,"column":39},"end":{"line":19,"column":50}},"14":{"start":{"line":22,"column":18},"end":{"line":22,"column":84}},"15":{"start":{"line":22,"column":43},"end":{"line":22,"column":71}},"16":{"start":{"line":23,"column":16},"end":{"line":23,"column":80}},"17":{"start":{"line":23,"column":41},"end":{"line":23,"column":67}},"18":{"start":{"line":24,"column":15},"end":{"line":24,"column":78}},"19":{"start":{"line":24,"column":40},"end":{"line":24,"column":65}},"20":{"start":{"line":25,"column":18},"end":{"line":25,"column":84}},"21":{"start":{"line":25,"column":43},"end":{"line":25,"column":71}},"22":{"start":{"line":27,"column":2},"end":{"line":32,"column":4}},"23":{"start":{"line":36,"column":2},"end":{"line":36,"column":39}},"24":{"start":{"line":36,"column":27},"end":{"line":36,"column":39}},"25":{"start":{"line":38,"column":25},"end":{"line":49,"column":3}},"26":{"start":{"line":39,"column":4},"end":{"line":48,"column":5}},"27":{"start":{"line":41,"column":8},"end":{"line":41,"column":41}},"28":{"start":{"line":43,"column":8},"end":{"line":43,"column":39}},"29":{"start":{"line":45,"column":8},"end":{"line":45,"column":42}},"30":{"start":{"line":47,"column":8},"end":{"line":47,"column":40}},"31":{"start":{"line":51,"column":18},"end":{"line":62,"column":3}},"32":{"start":{"line":52,"column":4},"end":{"line":61,"column":5}},"33":{"start":{"line":54,"column":8},"end":{"line":54,"column":19}},"34":{"start":{"line":56,"column":8},"end":{"line":56,"column":19}},"35":{"start":{"line":58,"column":8},"end":{"line":58,"column":19}},"36":{"start":{"line":60,"column":8},"end":{"line":60,"column":19}},"37":{"start":{"line":64,"column":2},"end":{"line":82,"column":4}},"38":{"start":{"line":67,"column":8},"end":{"line":79,"column":14}},"39":{"start":{"line":74,"column":27},"end":{"line":74,"column":48}},"40":{"start":{"line":86,"column":18},"end":{"line":86,"column":42}},"41":{"start":{"line":87,"column":2},"end":{"line":89,"column":3}},"42":{"start":{"line":88,"column":4},"end":{"line":88,"column":68}},"43":{"start":{"line":90,"column":2},"end":{"line":90,"column":17}}},"fnMap":{"0":{"name":"ToastProvider","decl":{"start":{"line":5,"column":16},"end":{"line":5,"column":29}},"loc":{"start":{"line":5,"column":44},"end":{"line":33,"column":1}},"line":5},"1":{"name":"(anonymous_1)","decl":{"start":{"line":8,"column":31},"end":{"line":8,"column":32}},"loc":{"start":{"line":8,"column":59},"end":{"line":16,"column":3}},"line":8},"2":{"name":"(anonymous_2)","decl":{"start":{"line":10,"column":14},"end":{"line":10,"column":15}},"loc":{"start":{"line":10,"column":22},"end":{"line":10,"column":54}},"line":10},"3":{"name":"(anonymous_3)","decl":{"start":{"line":13,"column":15},"end":{"line":13,"column":16}},"loc":{"start":{"line":13,"column":21},"end":{"line":15,"column":5}},"line":13},"4":{"name":"(anonymous_4)","decl":{"start":{"line":14,"column":16},"end":{"line":14,"column":17}},"loc":{"start":{"line":14,"column":24},"end":{"line":14,"column":53}},"line":14},"5":{"name":"(anonymous_5)","decl":{"start":{"line":14,"column":36},"end":{"line":14,"column":37}},"loc":{"start":{"line":14,"column":41},"end":{"line":14,"column":52}},"line":14},"6":{"name":"(anonymous_6)","decl":{"start":{"line":18,"column":34},"end":{"line":18,"column":35}},"loc":{"start":{"line":18,"column":42},"end":{"line":20,"column":3}},"line":18},"7":{"name":"(anonymous_7)","decl":{"start":{"line":19,"column":14},"end":{"line":19,"column":15}},"loc":{"start":{"line":19,"column":22},"end":{"line":19,"column":51}},"line":19},"8":{"name":"(anonymous_8)","decl":{"start":{"line":19,"column":34},"end":{"line":19,"column":35}},"loc":{"start":{"line":19,"column":39},"end":{"line":19,"column":50}},"line":19},"9":{"name":"(anonymous_9)","decl":{"start":{"line":22,"column":30},"end":{"line":22,"column":31}},"loc":{"start":{"line":22,"column":43},"end":{"line":22,"column":71}},"line":22},"10":{"name":"(anonymous_10)","decl":{"start":{"line":23,"column":28},"end":{"line":23,"column":29}},"loc":{"start":{"line":23,"column":41},"end":{"line":23,"column":67}},"line":23},"11":{"name":"(anonymous_11)","decl":{"start":{"line":24,"column":27},"end":{"line":24,"column":28}},"loc":{"start":{"line":24,"column":40},"end":{"line":24,"column":65}},"line":24},"12":{"name":"(anonymous_12)","decl":{"start":{"line":25,"column":30},"end":{"line":25,"column":31}},"loc":{"start":{"line":25,"column":43},"end":{"line":25,"column":71}},"line":25},"13":{"name":"ToastContainer","decl":{"start":{"line":35,"column":9},"end":{"line":35,"column":23}},"loc":{"start":{"line":35,"column":49},"end":{"line":83,"column":1}},"line":35},"14":{"name":"(anonymous_14)","decl":{"start":{"line":38,"column":25},"end":{"line":38,"column":26}},"loc":{"start":{"line":38,"column":35},"end":{"line":49,"column":3}},"line":38},"15":{"name":"(anonymous_15)","decl":{"start":{"line":51,"column":18},"end":{"line":51,"column":19}},"loc":{"start":{"line":51,"column":28},"end":{"line":62,"column":3}},"line":51},"16":{"name":"(anonymous_16)","decl":{"start":{"line":66,"column":18},"end":{"line":66,"column":19}},"loc":{"start":{"line":67,"column":8},"end":{"line":79,"column":14}},"line":67},"17":{"name":"(anonymous_17)","decl":{"start":{"line":74,"column":21},"end":{"line":74,"column":22}},"loc":{"start":{"line":74,"column":27},"end":{"line":74,"column":48}},"line":74},"18":{"name":"useToast","decl":{"start":{"line":85,"column":16},"end":{"line":85,"column":24}},"loc":{"start":{"line":85,"column":27},"end":{"line":91,"column":1}},"line":85}},"branchMap":{"0":{"loc":{"start":{"line":8,"column":41},"end":{"line":8,"column":54}},"type":"default-arg","locations":[{"start":{"line":8,"column":48},"end":{"line":8,"column":54}}],"line":8},"1":{"loc":{"start":{"line":36,"column":2},"end":{"line":36,"column":39}},"type":"if","locations":[{"start":{"line":36,"column":2},"end":{"line":36,"column":39}},{"start":{},"end":{}}],"line":36},"2":{"loc":{"start":{"line":39,"column":4},"end":{"line":48,"column":5}},"type":"switch","locations":[{"start":{"line":40,"column":6},"end":{"line":41,"column":41}},{"start":{"line":42,"column":6},"end":{"line":43,"column":39}},{"start":{"line":44,"column":6},"end":{"line":45,"column":42}},{"start":{"line":46,"column":6},"end":{"line":47,"column":40}}],"line":39},"3":{"loc":{"start":{"line":52,"column":4},"end":{"line":61,"column":5}},"type":"switch","locations":[{"start":{"line":53,"column":6},"end":{"line":54,"column":19}},{"start":{"line":55,"column":6},"end":{"line":56,"column":19}},{"start":{"line":57,"column":6},"end":{"line":58,"column":19}},{"start":{"line":59,"column":6},"end":{"line":60,"column":19}}],"line":52},"4":{"loc":{"start":{"line":87,"column":2},"end":{"line":89,"column":3}},"type":"if","locations":[{"start":{"line":87,"column":2},"end":{"line":89,"column":3}},{"start":{},"end":{}}],"line":87}},"s":{"0":7,"1":317,"2":317,"3":84,"4":84,"5":84,"6":84,"7":34,"8":24,"9":27,"10":317,"11":1,"12":1,"13":1,"14":317,"15":37,"16":317,"17":41,"18":317,"19":3,"20":317,"21":2,"22":317,"23":317,"24":235,"25":82,"26":89,"27":41,"28":42,"29":2,"30":4,"31":82,"32":89,"33":41,"34":42,"35":2,"36":4,"37":82,"38":89,"39":1,"40":1570,"41":1569,"42":2,"43":1567},"f":{"0":317,"1":84,"2":84,"3":34,"4":24,"5":27,"6":1,"7":1,"8":1,"9":37,"10":41,"11":3,"12":2,"13":317,"14":89,"15":89,"16":89,"17":1,"18":1570},"b":{"0":[0],"1":[235,82],"2":[41,42,2,4],"3":[41,42,2,4],"4":[2,1567]},"_coverageSchema":"1a1c01bbd47fc00a2c39e90264f33305004495a9","hash":"418d4a2857af088b54eb9a313f4b32b2179c96a5"}
,"/Users/hashmith/zluri_bootcamp/frontend/src/hooks/useApi.js": {"path":"/Users/hashmith/zluri_bootcamp/frontend/src/hooks/useApi.js","statementMap":{"0":{"start":{"line":5,"column":26},"end":{"line":5,"column":40}},"1":{"start":{"line":6,"column":32},"end":{"line":6,"column":47}},"2":{"start":{"line":7,"column":28},"end":{"line":7,"column":42}},"3":{"start":{"line":9,"column":18},"end":{"line":22,"column":19}},"4":{"start":{"line":10,"column":4},"end":{"line":10,"column":21}},"5":{"start":{"line":11,"column":4},"end":{"line":11,"column":19}},"6":{"start":{"line":12,"column":4},"end":{"line":21,"column":5}},"7":{"start":{"line":13,"column":21},"end":{"line":13,"column":47}},"8":{"start":{"line":14,"column":6},"end":{"line":14,"column":22}},"9":{"start":{"line":15,"column":6},"end":{"line":15,"column":20}},"10":{"start":{"line":17,"column":6},"end":{"line":17,"column":28}},"11":{"start":{"line":18,"column":6},"end":{"line":18,"column":16}},"12":{"start":{"line":20,"column":6},"end":{"line":20,"column":24}},"13":{"start":{"line":24,"column":16},"end":{"line":28,"column":8}},"14":{"start":{"line":25,"column":4},"end":{"line":25,"column":18}},"15":{"start":{"line":26,"column":4},"end":{"line":26,"column":19}},"16":{"start":{"line":27,"column":4},"end":{"line":27,"column":22}},"17":{"start":{"line":30,"column":2},"end":{"line":30,"column":50}},"18":{"start":{"line":35,"column":26},"end":{"line":35,"column":40}},"19":{"start":{"line":36,"column":32},"end":{"line":36,"column":46}},"20":{"start":{"line":37,"column":28},"end":{"line":37,"column":42}},"21":{"start":{"line":39,"column":18},"end":{"line":51,"column":19}},"22":{"start":{"line":40,"column":4},"end":{"line":40,"column":21}},"23":{"start":{"line":41,"column":4},"end":{"line":41,"column":19}},"24":{"start":{"line":42,"column":4},"end":{"line":50,"column":5}},"25":{"start":{"line":43,"column":21},"end":{"line":43,"column":40}},"26":{"start":{"line":44,"column":6},"end":{"line":44,"column":22}},"27":{"start":{"line":45,"column":6},"end":{"line":45,"column":20}},"28":{"start":{"line":47,"column":6},"end":{"line":47,"column":28}},"29":{"start":{"line":49,"column":6},"end":{"line":49,"column":24}},"30":{"start":{"line":53,"column":2},"end":{"line":53,"column":52}}},"fnMap":{"0":{"name":"useApi","decl":{"start":{"line":4,"column":16},"end":{"line":4,"column":22}},"loc":{"start":{"line":4,"column":36},"end":{"line":31,"column":1}},"line":4},"1":{"name":"(anonymous_1)","decl":{"start":{"line":9,"column":30},"end":{"line":9,"column":31}},"loc":{"start":{"line":9,"column":49},"end":{"line":22,"column":3}},"line":9},"2":{"name":"(anonymous_2)","decl":{"start":{"line":24,"column":28},"end":{"line":24,"column":29}},"loc":{"start":{"line":24,"column":34},"end":{"line":28,"column":3}},"line":24},"3":{"name":"useFetch","decl":{"start":{"line":34,"column":16},"end":{"line":34,"column":24}},"loc":{"start":{"line":34,"column":57},"end":{"line":54,"column":1}},"line":34},"4":{"name":"(anonymous_4)","decl":{"start":{"line":39,"column":30},"end":{"line":39,"column":31}},"loc":{"start":{"line":39,"column":42},"end":{"line":51,"column":3}},"line":39}},"branchMap":{"0":{"loc":{"start":{"line":34,"column":38},"end":{"line":34,"column":55}},"type":"default-arg","locations":[{"start":{"line":34,"column":53},"end":{"line":34,"column":55}}],"line":34}},"s":{"0":26,"1":26,"2":26,"3":26,"4":13,"5":13,"6":13,"7":13,"8":9,"9":9,"10":4,"11":4,"12":13,"13":26,"14":2,"15":2,"16":2,"17":26,"18":15,"19":15,"20":15,"21":15,"22":7,"23":7,"24":7,"25":7,"26":5,"27":5,"28":2,"29":7,"30":15},"f":{"0":26,"1":13,"2":2,"3":15,"4":7},"b":{"0":[15]},"_coverageSchema":"1a1c01bbd47fc00a2c39e90264f33305004495a9","hash":"9099fbc6a5207367502ae73a6d40d85b709941d8"}
,"/Users/hashmith/zluri_bootcamp/frontend/src/hooks/useAuth.js": {"path":"/Users/hashmith/zluri_bootcamp/frontend/src/hooks/useAuth.js","statementMap":{"0":{"start":{"line":6,"column":15},"end":{"line":6,"column":55}},"1":{"start":{"line":7,"column":16},"end":{"line":7,"column":45}},"2":{"start":{"line":9,"column":17},"end":{"line":13,"column":8}},"3":{"start":{"line":10,"column":4},"end":{"line":10,"column":36}},"4":{"start":{"line":11,"column":4},"end":{"line":11,"column":37}},"5":{"start":{"line":12,"column":4},"end":{"line":12,"column":36}},"6":{"start":{"line":15,"column":20},"end":{"line":19,"column":18}},"7":{"start":{"line":16,"column":4},"end":{"line":16,"column":34}},"8":{"start":{"line":16,"column":21},"end":{"line":16,"column":34}},"9":{"start":{"line":17,"column":25},"end":{"line":17,"column":53}},"10":{"start":{"line":18,"column":4},"end":{"line":18,"column":54}},"11":{"start":{"line":18,"column":34},"end":{"line":18,"column":52}},"12":{"start":{"line":21,"column":2},"end":{"line":28,"column":4}}},"fnMap":{"0":{"name":"useAuth","decl":{"start":{"line":5,"column":16},"end":{"line":5,"column":23}},"loc":{"start":{"line":5,"column":26},"end":{"line":29,"column":1}},"line":5},"1":{"name":"(anonymous_1)","decl":{"start":{"line":9,"column":29},"end":{"line":9,"column":30}},"loc":{"start":{"line":9,"column":35},"end":{"line":13,"column":3}},"line":9},"2":{"name":"(anonymous_2)","decl":{"start":{"line":15,"column":32},"end":{"line":15,"column":33}},"loc":{"start":{"line":15,"column":42},"end":{"line":19,"column":3}},"line":15},"3":{"name":"(anonymous_3)","decl":{"start":{"line":18,"column":29},"end":{"line":18,"column":30}},"loc":{"start":{"line":18,"column":34},"end":{"line":18,"column":52}},"line":18}},"branchMap":{"0":{"loc":{"start":{"line":16,"column":4},"end":{"line":16,"column":34}},"type":"if","locations":[{"start":{"line":16,"column":4},"end":{"line":16,"column":34}},{"start":{},"end":{}}],"line":16},"1":{"loc":{"start":{"line":17,"column":25},"end":{"line":17,"column":53}},"type":"binary-expr","locations":[{"start":{"line":17,"column":25},"end":{"line":17,"column":47}},{"start":{"line":17,"column":51},"end":{"line":17,"column":53}}],"line":17},"2":{"loc":{"start":{"line":24,"column":21},"end":{"line":24,"column":38}},"type":"binary-expr","locations":[{"start":{"line":24,"column":21},"end":{"line":24,"column":27}},{"start":{"line":24,"column":31},"end":{"line":24,"column":38}}],"line":24}},"s":{"0":18,"1":18,"2":18,"3":1,"4":1,"5":1,"6":18,"7":15,"8":2,"9":13,"10":13,"11":25,"12":18},"f":{"0":18,"1":1,"2":15,"3":25},"b":{"0":[2,13],"1":[13,1],"2":[18,14]},"_coverageSchema":"1a1c01bbd47fc00a2c39e90264f33305004495a9","hash":"e6678391891d263ca3ca9571d515fc531bc2eb92"}
,"/Users/hashmith/zluri_bootcamp/frontend/src/pages/ApprovalDashboard.jsx": {"path":"/Users/hashmith/zluri_bootcamp/frontend/src/pages/ApprovalDashboard.jsx","statementMap":{"0":{"start":{"line":13,"column":34},"end":{"line":13,"column":46}},"1":{"start":{"line":14,"column":32},"end":{"line":14,"column":46}},"2":{"start":{"line":15,"column":30},"end":{"line":15,"column":49}},"3":{"start":{"line":16,"column":38},"end":{"line":16,"column":50}},"4":{"start":{"line":17,"column":44},"end":{"line":17,"column":56}},"5":{"start":{"line":18,"column":40},"end":{"line":18,"column":55}},"6":{"start":{"line":19,"column":42},"end":{"line":19,"column":54}},"7":{"start":{"line":20,"column":40},"end":{"line":20,"column":51}},"8":{"start":{"line":21,"column":38},"end":{"line":21,"column":49}},"9":{"start":{"line":22,"column":48},"end":{"line":22,"column":62}},"10":{"start":{"line":23,"column":50},"end":{"line":23,"column":65}},"11":{"start":{"line":24,"column":48},"end":{"line":24,"column":63}},"12":{"start":{"line":25,"column":48},"end":{"line":25,"column":63}},"13":{"start":{"line":26,"column":42},"end":{"line":26,"column":54}},"14":{"start":{"line":27,"column":44},"end":{"line":27,"column":59}},"15":{"start":{"line":28,"column":28},"end":{"line":28,"column":97}},"16":{"start":{"line":29,"column":16},"end":{"line":29,"column":26}},"17":{"start":{"line":32,"column":23},"end":{"line":36,"column":3}},"18":{"start":{"line":33,"column":4},"end":{"line":33,"column":33}},"19":{"start":{"line":34,"column":4},"end":{"line":34,"column":22}},"20":{"start":{"line":39,"column":28},"end":{"line":44,"column":3}},"21":{"start":{"line":40,"column":4},"end":{"line":40,"column":22}},"22":{"start":{"line":41,"column":4},"end":{"line":41,"column":25}},"23":{"start":{"line":42,"column":4},"end":{"line":42,"column":22}},"24":{"start":{"line":47,"column":31},"end":{"line":51,"column":3}},"25":{"start":{"line":48,"column":4},"end":{"line":50,"column":5}},"26":{"start":{"line":49,"column":6},"end":{"line":49,"column":21}},"27":{"start":{"line":54,"column":2},"end":{"line":56,"column":15}},"28":{"start":{"line":55,"column":4},"end":{"line":55,"column":22}},"29":{"start":{"line":58,"column":24},"end":{"line":92,"column":3}},"30":{"start":{"line":59,"column":4},"end":{"line":91,"column":5}},"31":{"start":{"line":60,"column":6},"end":{"line":60,"column":23}},"32":{"start":{"line":62,"column":21},"end":{"line":65,"column":7}},"33":{"start":{"line":67,"column":6},"end":{"line":69,"column":7}},"34":{"start":{"line":68,"column":8},"end":{"line":68,"column":37}},"35":{"start":{"line":71,"column":6},"end":{"line":74,"column":7}},"36":{"start":{"line":72,"column":8},"end":{"line":72,"column":42}},"37":{"start":{"line":73,"column":8},"end":{"line":73,"column":41}},"38":{"start":{"line":76,"column":19},"end":{"line":76,"column":63}},"39":{"start":{"line":77,"column":6},"end":{"line":77,"column":39}},"40":{"start":{"line":81,"column":6},"end":{"line":86,"column":7}},"41":{"start":{"line":82,"column":8},"end":{"line":82,"column":68}},"42":{"start":{"line":85,"column":8},"end":{"line":85,"column":43}},"43":{"start":{"line":88,"column":6},"end":{"line":88,"column":31}},"44":{"start":{"line":90,"column":6},"end":{"line":90,"column":24}},"45":{"start":{"line":95,"column":21},"end":{"line":112,"column":3}},"46":{"start":{"line":96,"column":4},"end":{"line":111,"column":5}},"47":{"start":{"line":97,"column":19},"end":{"line":97,"column":59}},"48":{"start":{"line":98,"column":26},"end":{"line":98,"column":45}},"49":{"start":{"line":101,"column":20},"end":{"line":105,"column":69}},"50":{"start":{"line":102,"column":8},"end":{"line":102,"column":18}},"51":{"start":{"line":103,"column":8},"end":{"line":103,"column":61}},"52":{"start":{"line":104,"column":8},"end":{"line":104,"column":19}},"53":{"start":{"line":107,"column":6},"end":{"line":107,"column":22}},"54":{"start":{"line":110,"column":6},"end":{"line":110,"column":51}},"55":{"start":{"line":114,"column":2},"end":{"line":118,"column":70}},"56":{"start":{"line":115,"column":4},"end":{"line":115,"column":81}},"57":{"start":{"line":116,"column":4},"end":{"line":116,"column":17}},"58":{"start":{"line":121,"column":27},"end":{"line":121,"column":35}},"59":{"start":{"line":122,"column":21},"end":{"line":122,"column":57}},"60":{"start":{"line":123,"column":28},"end":{"line":123,"column":44}},"61":{"start":{"line":125,"column":24},"end":{"line":128,"column":3}},"62":{"start":{"line":126,"column":4},"end":{"line":126,"column":32}},"63":{"start":{"line":127,"column":4},"end":{"line":127,"column":30}},"64":{"start":{"line":130,"column":23},"end":{"line":134,"column":3}},"65":{"start":{"line":131,"column":4},"end":{"line":131,"column":32}},"66":{"start":{"line":132,"column":4},"end":{"line":132,"column":24}},"67":{"start":{"line":133,"column":4},"end":{"line":133,"column":29}},"68":{"start":{"line":136,"column":27},"end":{"line":139,"column":3}},"69":{"start":{"line":137,"column":4},"end":{"line":137,"column":32}},"70":{"start":{"line":138,"column":4},"end":{"line":138,"column":29}},"71":{"start":{"line":141,"column":25},"end":{"line":165,"column":3}},"72":{"start":{"line":142,"column":4},"end":{"line":142,"column":33}},"73":{"start":{"line":142,"column":26},"end":{"line":142,"column":33}},"74":{"start":{"line":144,"column":4},"end":{"line":144,"column":27}},"75":{"start":{"line":145,"column":4},"end":{"line":164,"column":5}},"76":{"start":{"line":146,"column":21},"end":{"line":146,"column":89}},"77":{"start":{"line":148,"column":6},"end":{"line":159,"column":7}},"78":{"start":{"line":149,"column":8},"end":{"line":149,"column":82}},"79":{"start":{"line":150,"column":8},"end":{"line":150,"column":35}},"80":{"start":{"line":153,"column":8},"end":{"line":156,"column":17}},"81":{"start":{"line":154,"column":10},"end":{"line":154,"column":87}},"82":{"start":{"line":155,"column":10},"end":{"line":155,"column":23}},"83":{"start":{"line":158,"column":8},"end":{"line":158,"column":67}},"84":{"start":{"line":161,"column":6},"end":{"line":161,"column":62}},"85":{"start":{"line":163,"column":6},"end":{"line":163,"column":30}},"86":{"start":{"line":167,"column":24},"end":{"line":195,"column":3}},"87":{"start":{"line":168,"column":4},"end":{"line":168,"column":33}},"88":{"start":{"line":168,"column":26},"end":{"line":168,"column":33}},"89":{"start":{"line":169,"column":4},"end":{"line":172,"column":5}},"90":{"start":{"line":170,"column":6},"end":{"line":170,"column":55}},"91":{"start":{"line":171,"column":6},"end":{"line":171,"column":13}},"92":{"start":{"line":174,"column":4},"end":{"line":174,"column":27}},"93":{"start":{"line":175,"column":4},"end":{"line":194,"column":5}},"94":{"start":{"line":176,"column":21},"end":{"line":176,"column":102}},"95":{"start":{"line":178,"column":6},"end":{"line":189,"column":7}},"96":{"start":{"line":179,"column":8},"end":{"line":179,"column":69}},"97":{"start":{"line":180,"column":8},"end":{"line":180,"column":34}},"98":{"start":{"line":183,"column":8},"end":{"line":186,"column":17}},"99":{"start":{"line":184,"column":10},"end":{"line":184,"column":87}},"100":{"start":{"line":185,"column":10},"end":{"line":185,"column":23}},"101":{"start":{"line":188,"column":8},"end":{"line":188,"column":66}},"102":{"start":{"line":191,"column":6},"end":{"line":191,"column":61}},"103":{"start":{"line":193,"column":6},"end":{"line":193,"column":30}},"104":{"start":{"line":197,"column":21},"end":{"line":221,"column":3}},"105":{"start":{"line":198,"column":4},"end":{"line":200,"column":5}},"106":{"start":{"line":199,"column":6},"end":{"line":199,"column":19}},"107":{"start":{"line":202,"column":4},"end":{"line":220,"column":5}},"108":{"start":{"line":203,"column":19},"end":{"line":203,"column":39}},"109":{"start":{"line":205,"column":6},"end":{"line":207,"column":7}},"110":{"start":{"line":206,"column":8},"end":{"line":206,"column":30}},"111":{"start":{"line":209,"column":6},"end":{"line":216,"column":9}},"112":{"start":{"line":218,"column":6},"end":{"line":218,"column":52}},"113":{"start":{"line":219,"column":6},"end":{"line":219,"column":28}},"114":{"start":{"line":223,"column":2},"end":{"line":229,"column":3}},"115":{"start":{"line":224,"column":4},"end":{"line":228,"column":6}},"116":{"start":{"line":231,"column":2},"end":{"line":650,"column":4}},"117":{"start":{"line":241,"column":24},"end":{"line":241,"column":42}},"118":{"start":{"line":242,"column":10},"end":{"line":260,"column":12}},"119":{"start":{"line":246,"column":16},"end":{"line":246,"column":34}},"120":{"start":{"line":247,"column":16},"end":{"line":247,"column":34}},"121":{"start":{"line":268,"column":27},"end":{"line":268,"column":57}},"122":{"start":{"line":286,"column":29},"end":{"line":286,"column":58}},"123":{"start":{"line":311,"column":14},"end":{"line":311,"column":54}},"124":{"start":{"line":312,"column":14},"end":{"line":312,"column":32}},"125":{"start":{"line":350,"column":16},"end":{"line":408,"column":16}},"126":{"start":{"line":384,"column":39},"end":{"line":384,"column":64}},"127":{"start":{"line":392,"column":43},"end":{"line":392,"column":65}},"128":{"start":{"line":398,"column":43},"end":{"line":398,"column":64}},"129":{"start":{"line":422,"column":31},"end":{"line":422,"column":70}},"130":{"start":{"line":422,"column":51},"end":{"line":422,"column":69}},"131":{"start":{"line":431,"column":16},"end":{"line":439,"column":17}},"132":{"start":{"line":432,"column":18},"end":{"line":432,"column":34}},"133":{"start":{"line":433,"column":23},"end":{"line":439,"column":17}},"134":{"start":{"line":434,"column":18},"end":{"line":434,"column":34}},"135":{"start":{"line":435,"column":23},"end":{"line":439,"column":17}},"136":{"start":{"line":436,"column":18},"end":{"line":436,"column":47}},"137":{"start":{"line":438,"column":18},"end":{"line":438,"column":48}},"138":{"start":{"line":440,"column":16},"end":{"line":450,"column":18}},"139":{"start":{"line":443,"column":35},"end":{"line":443,"column":58}},"140":{"start":{"line":453,"column":31},"end":{"line":453,"column":79}},"141":{"start":{"line":453,"column":51},"end":{"line":453,"column":78}},"142":{"start":{"line":467,"column":23},"end":{"line":467,"column":49}},"143":{"start":{"line":479,"column":23},"end":{"line":479,"column":48}},"144":{"start":{"line":489,"column":29},"end":{"line":489,"column":60}},"145":{"start":{"line":496,"column":29},"end":{"line":496,"column":54}},"146":{"start":{"line":516,"column":23},"end":{"line":516,"column":48}}},"fnMap":{"0":{"name":"ApprovalDashboard","decl":{"start":{"line":12,"column":24},"end":{"line":12,"column":41}},"loc":{"start":{"line":12,"column":44},"end":{"line":651,"column":1}},"line":12},"1":{"name":"(anonymous_1)","decl":{"start":{"line":32,"column":23},"end":{"line":32,"column":24}},"loc":{"start":{"line":32,"column":29},"end":{"line":36,"column":3}},"line":32},"2":{"name":"(anonymous_2)","decl":{"start":{"line":39,"column":28},"end":{"line":39,"column":29}},"loc":{"start":{"line":39,"column":34},"end":{"line":44,"column":3}},"line":39},"3":{"name":"(anonymous_3)","decl":{"start":{"line":47,"column":31},"end":{"line":47,"column":32}},"loc":{"start":{"line":47,"column":38},"end":{"line":51,"column":3}},"line":47},"4":{"name":"(anonymous_4)","decl":{"start":{"line":54,"column":12},"end":{"line":54,"column":13}},"loc":{"start":{"line":54,"column":18},"end":{"line":56,"column":3}},"line":54},"5":{"name":"(anonymous_5)","decl":{"start":{"line":58,"column":24},"end":{"line":58,"column":25}},"loc":{"start":{"line":58,"column":128},"end":{"line":92,"column":3}},"line":58},"6":{"name":"(anonymous_6)","decl":{"start":{"line":95,"column":21},"end":{"line":95,"column":22}},"loc":{"start":{"line":95,"column":33},"end":{"line":112,"column":3}},"line":95},"7":{"name":"(anonymous_7)","decl":{"start":{"line":101,"column":39},"end":{"line":101,"column":40}},"loc":{"start":{"line":101,"column":57},"end":{"line":105,"column":7}},"line":101},"8":{"name":"(anonymous_8)","decl":{"start":{"line":114,"column":12},"end":{"line":114,"column":13}},"loc":{"start":{"line":114,"column":18},"end":{"line":118,"column":3}},"line":114},"9":{"name":"(anonymous_9)","decl":{"start":{"line":125,"column":24},"end":{"line":125,"column":25}},"loc":{"start":{"line":125,"column":37},"end":{"line":128,"column":3}},"line":125},"10":{"name":"(anonymous_10)","decl":{"start":{"line":130,"column":23},"end":{"line":130,"column":24}},"loc":{"start":{"line":130,"column":36},"end":{"line":134,"column":3}},"line":130},"11":{"name":"(anonymous_11)","decl":{"start":{"line":136,"column":27},"end":{"line":136,"column":28}},"loc":{"start":{"line":136,"column":40},"end":{"line":139,"column":3}},"line":136},"12":{"name":"(anonymous_12)","decl":{"start":{"line":141,"column":25},"end":{"line":141,"column":26}},"loc":{"start":{"line":141,"column":37},"end":{"line":165,"column":3}},"line":141},"13":{"name":"(anonymous_13)","decl":{"start":{"line":153,"column":19},"end":{"line":153,"column":20}},"loc":{"start":{"line":153,"column":25},"end":{"line":156,"column":9}},"line":153},"14":{"name":"(anonymous_14)","decl":{"start":{"line":167,"column":24},"end":{"line":167,"column":25}},"loc":{"start":{"line":167,"column":36},"end":{"line":195,"column":3}},"line":167},"15":{"name":"(anonymous_15)","decl":{"start":{"line":183,"column":19},"end":{"line":183,"column":20}},"loc":{"start":{"line":183,"column":25},"end":{"line":186,"column":9}},"line":183},"16":{"name":"(anonymous_16)","decl":{"start":{"line":197,"column":21},"end":{"line":197,"column":22}},"loc":{"start":{"line":197,"column":37},"end":{"line":221,"column":3}},"line":197},"17":{"name":"(anonymous_17)","decl":{"start":{"line":240,"column":66},"end":{"line":240,"column":67}},"loc":{"start":{"line":240,"column":76},"end":{"line":261,"column":9}},"line":240},"18":{"name":"(anonymous_18)","decl":{"start":{"line":245,"column":23},"end":{"line":245,"column":24}},"loc":{"start":{"line":245,"column":29},"end":{"line":248,"column":15}},"line":245},"19":{"name":"(anonymous_19)","decl":{"start":{"line":268,"column":20},"end":{"line":268,"column":21}},"loc":{"start":{"line":268,"column":27},"end":{"line":268,"column":57}},"line":268},"20":{"name":"(anonymous_20)","decl":{"start":{"line":286,"column":22},"end":{"line":286,"column":23}},"loc":{"start":{"line":286,"column":29},"end":{"line":286,"column":58}},"line":286},"21":{"name":"(anonymous_21)","decl":{"start":{"line":310,"column":22},"end":{"line":310,"column":23}},"loc":{"start":{"line":310,"column":29},"end":{"line":313,"column":13}},"line":310},"22":{"name":"(anonymous_22)","decl":{"start":{"line":347,"column":36},"end":{"line":347,"column":37}},"loc":{"start":{"line":347,"column":47},"end":{"line":409,"column":15}},"line":347},"23":{"name":"(anonymous_23)","decl":{"start":{"line":384,"column":33},"end":{"line":384,"column":34}},"loc":{"start":{"line":384,"column":39},"end":{"line":384,"column":64}},"line":384},"24":{"name":"(anonymous_24)","decl":{"start":{"line":392,"column":37},"end":{"line":392,"column":38}},"loc":{"start":{"line":392,"column":43},"end":{"line":392,"column":65}},"line":392},"25":{"name":"(anonymous_25)","decl":{"start":{"line":398,"column":37},"end":{"line":398,"column":38}},"loc":{"start":{"line":398,"column":43},"end":{"line":398,"column":64}},"line":398},"26":{"name":"(anonymous_26)","decl":{"start":{"line":422,"column":25},"end":{"line":422,"column":26}},"loc":{"start":{"line":422,"column":31},"end":{"line":422,"column":70}},"line":422},"27":{"name":"(anonymous_27)","decl":{"start":{"line":422,"column":46},"end":{"line":422,"column":47}},"loc":{"start":{"line":422,"column":51},"end":{"line":422,"column":69}},"line":422},"28":{"name":"(anonymous_28)","decl":{"start":{"line":428,"column":63},"end":{"line":428,"column":64}},"loc":{"start":{"line":428,"column":73},"end":{"line":451,"column":15}},"line":428},"29":{"name":"(anonymous_29)","decl":{"start":{"line":443,"column":29},"end":{"line":443,"column":30}},"loc":{"start":{"line":443,"column":35},"end":{"line":443,"column":58}},"line":443},"30":{"name":"(anonymous_30)","decl":{"start":{"line":453,"column":25},"end":{"line":453,"column":26}},"loc":{"start":{"line":453,"column":31},"end":{"line":453,"column":79}},"line":453},"31":{"name":"(anonymous_31)","decl":{"start":{"line":453,"column":46},"end":{"line":453,"column":47}},"loc":{"start":{"line":453,"column":51},"end":{"line":453,"column":78}},"line":453},"32":{"name":"(anonymous_32)","decl":{"start":{"line":467,"column":17},"end":{"line":467,"column":18}},"loc":{"start":{"line":467,"column":23},"end":{"line":467,"column":49}},"line":467},"33":{"name":"(anonymous_33)","decl":{"start":{"line":479,"column":17},"end":{"line":479,"column":18}},"loc":{"start":{"line":479,"column":23},"end":{"line":479,"column":48}},"line":479},"34":{"name":"(anonymous_34)","decl":{"start":{"line":489,"column":22},"end":{"line":489,"column":23}},"loc":{"start":{"line":489,"column":29},"end":{"line":489,"column":60}},"line":489},"35":{"name":"(anonymous_35)","decl":{"start":{"line":496,"column":23},"end":{"line":496,"column":24}},"loc":{"start":{"line":496,"column":29},"end":{"line":496,"column":54}},"line":496},"36":{"name":"(anonymous_36)","decl":{"start":{"line":516,"column":17},"end":{"line":516,"column":18}},"loc":{"start":{"line":516,"column":23},"end":{"line":516,"column":48}},"line":516}},"branchMap":{"0":{"loc":{"start":{"line":48,"column":4},"end":{"line":50,"column":5}},"type":"if","locations":[{"start":{"line":48,"column":4},"end":{"line":50,"column":5}},{"start":{},"end":{}}],"line":48},"1":{"loc":{"start":{"line":58,"column":31},"end":{"line":58,"column":50}},"type":"default-arg","locations":[{"start":{"line":58,"column":46},"end":{"line":58,"column":50}}],"line":58},"2":{"loc":{"start":{"line":58,"column":52},"end":{"line":58,"column":60}},"type":"default-arg","locations":[{"start":{"line":58,"column":59},"end":{"line":58,"column":60}}],"line":58},"3":{"loc":{"start":{"line":58,"column":62},"end":{"line":58,"column":85}},"type":"default-arg","locations":[{"start":{"line":58,"column":73},"end":{"line":58,"column":85}}],"line":58},"4":{"loc":{"start":{"line":58,"column":87},"end":{"line":58,"column":102}},"type":"default-arg","locations":[{"start":{"line":58,"column":100},"end":{"line":58,"column":102}}],"line":58},"5":{"loc":{"start":{"line":58,"column":104},"end":{"line":58,"column":123}},"type":"default-arg","locations":[{"start":{"line":58,"column":118},"end":{"line":58,"column":123}}],"line":58},"6":{"loc":{"start":{"line":67,"column":6},"end":{"line":69,"column":7}},"type":"if","locations":[{"start":{"line":67,"column":6},"end":{"line":69,"column":7}},{"start":{},"end":{}}],"line":67},"7":{"loc":{"start":{"line":67,"column":10},"end":{"line":67,"column":48}},"type":"binary-expr","locations":[{"start":{"line":67,"column":10},"end":{"line":67,"column":22}},{"start":{"line":67,"column":26},"end":{"line":67,"column":48}}],"line":67},"8":{"loc":{"start":{"line":71,"column":6},"end":{"line":74,"column":7}},"type":"if","locations":[{"start":{"line":71,"column":6},"end":{"line":74,"column":7}},{"start":{},"end":{}}],"line":71},"9":{"loc":{"start":{"line":71,"column":10},"end":{"line":71,"column":41}},"type":"binary-expr","locations":[{"start":{"line":71,"column":10},"end":{"line":71,"column":20}},{"start":{"line":71,"column":24},"end":{"line":71,"column":41}}],"line":71},"10":{"loc":{"start":{"line":77,"column":18},"end":{"line":77,"column":37}},"type":"binary-expr","locations":[{"start":{"line":77,"column":18},"end":{"line":77,"column":31}},{"start":{"line":77,"column":35},"end":{"line":77,"column":37}}],"line":77},"11":{"loc":{"start":{"line":81,"column":6},"end":{"line":86,"column":7}},"type":"if","locations":[{"start":{"line":81,"column":6},"end":{"line":86,"column":7}},{"start":{"line":83,"column":13},"end":{"line":86,"column":7}}],"line":81},"12":{"loc":{"start":{"line":81,"column":10},"end":{"line":81,"column":58}},"type":"binary-expr","locations":[{"start":{"line":81,"column":10},"end":{"line":81,"column":23}},{"start":{"line":81,"column":27},"end":{"line":81,"colum
[...]
"line":165,"column":28},"end":{"line":165,"column":88}},"type":"binary-expr","locations":[{"start":{"line":165,"column":28},"end":{"line":165,"column":38}},{"start":{"line":165,"column":42},"end":{"line":165,"column":67}},{"start":{"line":165,"column":71},"end":{"line":165,"column":88}}],"line":165},"21":{"loc":{"start":{"line":166,"column":16},"end":{"line":168,"column":15}},"type":"cond-expr","locations":[{"start":{"line":167,"column":10},"end":{"line":167,"column":68}},{"start":{"line":168,"column":10},"end":{"line":168,"column":15}}],"line":166},"22":{"loc":{"start":{"line":183,"column":30},"end":{"line":183,"column":90}},"type":"cond-expr","locations":[{"start":{"line":183,"column":52},"end":{"line":183,"column":75}},{"start":{"line":183,"column":78},"end":{"line":183,"column":90}}],"line":183},"23":{"loc":{"start":{"line":188,"column":12},"end":{"line":188,"column":71}},"type":"binary-expr","locations":[{"start":{"line":188,"column":12},"end":{"line":188,"column":35}},{"start":{"line":188,"column":40},"end":{"line":188,"column":70}}],"line":188},"24":{"loc":{"start":{"line":193,"column":20},"end":{"line":193,"column":42}},"type":"cond-expr","locations":[{"start":{"line":193,"column":33},"end":{"line":193,"column":37}},{"start":{"line":193,"column":40},"end":{"line":193,"column":42}}],"line":193},"25":{"loc":{"start":{"line":202,"column":6},"end":{"line":215,"column":7}},"type":"switch","locations":[{"start":{"line":203,"column":8},"end":{"line":204,"column":17}},{"start":{"line":206,"column":8},"end":{"line":207,"column":17}},{"start":{"line":209,"column":8},"end":{"line":210,"column":17}},{"start":{"line":212,"column":8},"end":{"line":214,"column":25}}],"line":202},"26":{"loc":{"start":{"line":347,"column":4},"end":{"line":356,"column":5}},"type":"if","locations":[{"start":{"line":347,"column":4},"end":{"line":356,"column":5}},{"start":{},"end":{}}],"line":347},"27":{"loc":{"start":{"line":352,"column":58},"end":{"line":352,"column":87}},"type":"cond-expr","locations":[{"start":{"line":352,"column":79},"end":{"line":352,"column":82}},{"start":{"line":352,"column":85},"end":{"line":352,"column":87}}],"line":352},"28":{"loc":{"start":{"line":360,"column":2},"end":{"line":367,"column":3}},"type":"if","locations":[{"start":{"line":360,"column":2},"end":{"line":367,"column":3}},{"start":{},"end":{}}],"line":360},"29":{"loc":{"start":{"line":378,"column":4},"end":{"line":385,"column":5}},"type":"if","locations":[{"start":{"line":378,"column":4},"end":{"line":385,"column":5}},{"start":{},"end":{}}],"line":378},"30":{"loc":{"start":{"line":398,"column":19},"end":{"line":398,"column":60}},"type":"binary-expr","locations":[{"start":{"line":398,"column":19},"end":{"line":398,"column":37}},{"start":{"line":398,"column":41},"end":{"line":398,"column":60}}],"line":398},"31":{"loc":{"start":{"line":410,"column":31},"end":{"line":410,"column":40}},"type":"default-arg","locations":[{"start":{"line":410,"column":38},"end":{"line":410,"column":40}}],"line":410},"32":{"loc":{"start":{"line":411,"column":6},"end":{"line":411,"column":52}},"type":"if","locations":[{"start":{"line":411,"column":6},"end":{"line":411,"column":52}},{"start":{},"end":{}}],"line":411},"33":{"loc":{"start":{"line":411,"column":10},"end":{"line":411,"column":43}},"type":"binary-expr","locations":[{"start":{"line":411,"column":10},"end":{"line":411,"column":15}},{"start":{"line":411,"column":19},"end":{"line":411,"column":43}}],"line":411},"34":{"loc":{"start":{"line":414,"column":6},"end":{"line":524,"column":7}},"type":"if","locations":[{"start":{"line":414,"column":6},"end":{"line":524,"column":7}},{"start":{},"end":{}}],"line":414},"35":{"loc":{"start":{"line":415,"column":8},"end":{"line":523,"column":9}},"type":"switch","locations":[{"start":{"line":416,"column":10},"end":{"line":423,"column":18}},{"start":{"line":425,"column":10},"end":{"line":432,"column":18}},{"start":{"line":434,"column":10},"end":{"line":454,"column":18}},{"start":{"line":456,"column":10},"end":{"line":476,"column":18}},{"start":{"line":478,"column":10},"end":{"line":485,"column":18}},{"start":{"line":487,"column":10},"end":{"line":494,"column":18}},{"start":{"line":496,"column":10},"end":{"line":512,"column":18}},{"start":{"line":514,"column":10},"end":{"line":514,"column":23}},{"start":{"line":515,"column":10},"end":{"line":522,"column":18}}],"line":415},"36":{"loc":{"start":{"line":420,"column":30},"end":{"line":420,"column":66}},"type":"binary-expr","locations":[{"start":{"line":420,"column":30},"end":{"line":420,"column":42}},{"start":{"line":420,"column":46},"end":{"line":420,"column":55}},{"start":{"line":420,"column":59},"end":{"line":420,"column":66}}],"line":420},"37":{"loc":{"start":{"line":436,"column":29},"end":{"line":437,"column":72}},"type":"binary-expr","locations":[{"start":{"line":436,"column":29},"end":{"line":436,"column":39}},{"start":{"line":437,"column":15},"end":{"line":437,"column":71}}],"line":436},"38":{"loc":{"start":{"line":437,"column":15},"end":{"line":437,"column":71}},"type":"cond-expr","locations":[{"start":{"line":437,"column":43},"end":{"line":437,"column":64}},{"start":{"line":437,"column":67},"end":{"line":437,"column":71}}],"line":437},"39":{"loc":{"start":{"line":439,"column":12},"end":{"line":453,"column":13}},"type":"if","locations":[{"start":{"line":439,"column":12},"end":{"line":453,"column":13}},{"start":{"line":446,"column":19},"end":{"line":453,"column":13}}],"line":439},"40":{"loc":{"start":{"line":458,"column":35},"end":{"line":459,"column":72}},"type":"binary-expr","locations":[{"start":{"line":458,"column":35},"end":{"line":458,"column":45}},{"start":{"line":459,"column":15},"end":{"line":459,"column":71}}],"line":458},"41":{"loc":{"start":{"line":459,"column":15},"end":{"line":459,"column":71}},"type":"cond-expr","locations":[{"start":{"line":459,"column":43},"end":{"line":459,"column":64}},{"start":{"line":459,"column":67},"end":{"line":459,"column":71}}],"line":459},"42":{"loc":{"start":{"line":461,"column":12},"end":{"line":475,"column":13}},"type":"if","locations":[{"start":{"line":461,"column":12},"end":{"line":475,"column":13}},{"start":{"line":468,"column":19},"end":{"line":475,"column":13}}],"line":461},"43":{"loc":{"start":{"line":497,"column":12},"end":{"line":511,"column":13}},"type":"if","locations":[{"start":{"line":497,"column":12},"end":{"line":511,"column":13}},{"start":{"line":504,"column":19},"end":{"line":511,"column":13}}],"line":497},"44":{"loc":{"start":{"line":497,"column":16},"end":{"line":497,"column":85}},"type":"binary-expr","locations":[{"start":{"line":497,"column":16},"end":{"line":497,"column":28}},{"start":{"line":497,"column":32},"end":{"line":497,"column":85}}],"line":497},"45":{"loc":{"start":{"line":527,"column":6},"end":{"line":535,"column":7}},"type":"if","locations":[{"start":{"line":527,"column":6},"end":{"line":535,"column":7}},{"start":{},"end":{}}],"line":527},"46":{"loc":{"start":{"line":527,"column":10},"end":{"line":528,"column":86}},"type":"binary-expr","locations":[{"start":{"line":527,"column":10},"end":{"line":527,"column":19}},{"start":{"line":527,"column":23},"end":{"line":527,"column":52}},{"start":{"line":528,"column":10},"end":{"line":528,"column":86}}],"line":527},"47":{"loc":{"start":{"line":539,"column":8},"end":{"line":545,"column":9}},"type":"if","locations":[{"start":{"line":539,"column":8},"end":{"line":545,"column":9}},{"start":{"line":543,"column":15},"end":{"line":545,"column":9}}],"line":539},"48":{"loc":{"start":{"line":543,"column":15},"end":{"line":545,"column":9}},"type":"if","locations":[{"start":{"line":543,"column":15},"end":{"line":545,"column":9}},{"start":{},"end":{}}],"line":543},"49":{"loc":{"start":{"line":550,"column":4},"end":{"line":556,"column":5}},"type":"if","locations":[{"start":{"line":550,"column":4},"end":{"line":556,"column":5}},{"start":{"line":554,"column":11},"end":{"line":556,"column":5}}],"line":550},"50":{"loc":{"start":{"line":755,"column":4},"end":{"line":758,"column":5}},"type":"if","locations":[{"start":{"line":755,"column":4},"end":{"line":758,"column":5}},{"start":{},"end":{}}],"line":755},"51":{"loc":{"start":{"line":763,"column":2},"end":{"line":770,"column":3}},"type":"if","locations":[{"start":{"line":763,"column":2},"end":{"line":770,"column":3}},{"start":{},"end":{}}],"line":763},"52":{"loc":{"start":{"line":774,"column":27},"end":{"line":774,"column":73}},"type":"binary-expr","locations":[{"start":{"line":774,"column":27},"end":{"line":774,"column":67}},{"start":{"line":774,"column":71},"end":{"line":774,"column":73}}],"line":774},"53":{"loc":{"start":{"line":775,"column":2},"end":{"line":782,"column":3}},"type":"if","locations":[{"start":{"line":775,"column":2},"end":{"line":782,"column":3}},{"start":{},"end":{}}],"line":775},"54":{"loc":{"start":{"line":835,"column":9},"end":{"line":835,"column":99}},"type":"binary-expr","locations":[{"start":{"line":835,"column":9},"end":{"line":835,"column":60}},{"start":{"line":835,"column":64},"end":{"line":835,"column":99}}],"line":835},"55":{"loc":{"start":{"line":847,"column":2},"end":{"line":858,"column":3}},"type":"if","locations":[{"start":{"line":847,"column":2},"end":{"line":858,"column":3}},{"start":{},"end":{}}],"line":847},"56":{"loc":{"start":{"line":847,"column":6},"end":{"line":847,"column":23}},"type":"binary-expr","locations":[{"start":{"line":847,"column":6},"end":{"line":847,"column":12}},{"start":{"line":847,"column":16},"end":{"line":847,"column":23}}],"line":847},"57":{"loc":{"start":{"line":864,"column":4},"end":{"line":877,"column":5}},"type":"if","locations":[{"start":{"line":864,"column":4},"end":{"line":877,"column":5}},{"start":{"line":867,"column":11},"end":{"line":877,"column":5}}],"line":864},"58":{"loc":{"start":{"line":864,"column":8},"end":{"line":864,"column":38}},"type":"binary-expr","locations":[{"start":{"line":864,"column":8},"end":{"line":864,"column":16}},{"start":{"line":864,"column":20},"end":{"line":864,"column":38}}],"line":864},"59":{"loc":{"start":{"line":866,"column":42},"end":{"line":866,"column":57}},"type":"binary-expr","locations":[{"start":{"line":866,"column":42},"end":{"line":866,"column":48}},{"start":{"line":866,"column":52},"end":{"line":866,"column":57}}],"line":866},"60":{"loc":{"start":{"line":873,"column":6},"end":{"line":876,"column":7}},"type":"if","locations":[{"start":{"line":873,"column":6},"end":{"line":876,"column":7}},{"start":{},"end":{}}],"line":873},"61":{"loc":{"start":{"line":873,"column":10},"end":{"line":873,"column":66}},"type":"binary-expr","locations":[{"start":{"line":873,"column":10},"end":{"line":873,"column":37}},{"start":{"line":873,"column":41},"end":{"line":873,"column":66}}],"line":873},"62":{"loc":{"start":{"line":896,"column":18},"end":{"line":898,"column":47}},"type":"cond-expr","locations":[{"start":{"line":897,"column":6},"end":{"line":897,"column":51}},{"start":{"line":898,"column":6},"end":{"line":898,"column":47}}],"line":896},"63":{"loc":{"start":{"line":909,"column":14},"end":{"line":909,"column":71}},"type":"cond-expr","locations":[{"start":{"line":909,"column":47},"end":{"line":909,"column":59}},{"start":{"line":909,"column":62},"end":{"line":909,"column":71}}],"line":909},"64":{"loc":{"start":{"line":909,"column":14},"end":{"line":909,"column":44}},"type":"binary-expr","locations":[{"start":{"line":909,"column":14},"end":{"line":909,"column":22}},{"start":{"line":909,"column":26},"end":{"line":909,"column":44}}],"line":909},"65":{"loc":{"start":{"line":910,"column":15},"end":{"line":910,"column":50}},"type":"binary-expr","locations":[{"start":{"line":910,"column":15},"end":{"line":910,"column":41}},{"start":{"line":910,"column":45},"end":{"line":910,"column":50}}],"line":910},"66":{"loc":{"start":{"line":911,"column":20},"end":{"line":911,"column":56}},"type":"binary-expr","locations":[{"start":{"line":911,"column":20},"end":{"line":911,"column":47}},{"start":{"line":911,"column":51},"end":{"line":911,"column":56}}],"line":911},"67":{"loc":{"start":{"line":925,"column":9},"end":{"line":925,"column":48}},"type":"cond-expr","locations":[{"start":{"line":925,"column":21},"end":{"line":925,"column":36}},{"start":{"line":925,"column":39},"end":{"line":925,"column":48}}],"line":925},"68":{"loc":{"start":{"line":936,"column":19},"end":{"line":936,"column":60}},"type":"binary-expr","locations":[{"start":{"line":936,"column":19},"end":{"line":936,"column":37}},{"start":{"line":936,"column":41},"end":{"line":936,"column":60}}],"line":936},"69":{"loc":{"start":{"line":967,"column":4},"end":{"line":969,"column":48}},"type":"binary-expr","locations":[{"start":{"line":967,"column":4},"end":{"line":967,"column":51}},{"start":{"line":968,"column":4},"end":{"line":968,"column":47}},{"start":{"line":969,"column":4},"end":{"line":969,"column":48}}],"line":967},"70":{"loc":{"start":{"line":972,"column":2},"end":{"line":976,"column":3}},"type":"if","locations":[{"start":{"line":972,"column":2},"end":{"line":976,"column":3}},{"start":{},"end":{}}],"line":972},"71":{"loc":{"start":{"line":978,"column":2},"end":{"line":1000,"column":3}},"type":"switch","locations":[{"start":{"line":979,"column":4},"end":{"line":984,"column":12}},{"start":{"line":986,"column":4},"end":{"line":990,"column":12}},{"start":{"line":992,"column":4},"end":{"line":995,"column":12}},{"start":{"line":997,"column":4},"end":{"line":999,"column":12}}],"line":978},"72":{"loc":{"start":{"line":1004,"column":2},"end":{"line":1009,"column":3}},"type":"if","locations":[{"start":{"line":1004,"column":2},"end":{"line":1009,"column":3}},{"start":{},"end":{}}],"line":1004},"73":{"loc":{"start":{"line":1004,"column":6},"end":{"line":1004,"column":33}},"type":"binary-expr","locations":[{"start":{"line":1004,"column":6},"end":{"line":1004,"column":11}},{"start":{"line":1004,"column":15},"end":{"line":1004,"column":33}}],"line":1004},"74":{"loc":{"start":{"line":1006,"column":4},"end":{"line":1008,"column":5}},"type":"if","locations":[{"start":{"line":1006,"column":4},"end":{"line":1008,"column":5}},{"start":{},"end":{}}],"line":1006},"75":{"loc":{"start":{"line":1016,"column":27},"end":{"line":1016,"column":73}},"type":"binary-expr","locations":[{"start":{"line":1016,"column":27},"end":{"line":1016,"column":64}},{"start":{"line":1016,"column":68},"end":{"line":1016,"column":73}}],"line":1016},"76":{"loc":{"start":{"line":1018,"column":23},"end":{"line":1018,"column":60}},"type":"binary-expr","locations":[{"start":{"line":1018,"column":23},"end":{"line":1018,"column":51}},{"start":{"line":1018,"column":55},"end":{"line":1018,"column":60}}],"line":1018}},"s":{"0":1,"1":1,"2":1,"3":151,"4":151,"5":0,"6":0,"7":0,"8":151,"9":151,"10":151,"11":151,"12":1,"13":151,"14":151,"15":151,"16":151,"17":151,"18":415,"19":151,"20":151,"21":151,"22":28574,"23":28574,"24":28574,"25":28473,"26":28473,"27":28473,"28":28473,"29":28574,"30":28453,"31":28453,"32":28453,"33":28453,"34":28574,"35":251,"36":251,"37":251,"38":4,"39":4,"40":4,"41":4,"42":4,"43":247,"44":28574,"45":28574,"46":28574,"47":101,"48":20,"49":20,"50":251,"51":251,"52":28182,"53":28574,"54":28182,"55":28182,"56":28182,"57":28182,"58":28182,"59":28182,"60":28182,"61":28072,"62":28072,"63":28072,"64":28072,"65":28072,"66":28182,"67":4,"68":4,"69":5,"70":5,"71":5,"72":5,"73":102,"74":102,"75":5,"76":5,"77":5,"78":28182,"79":28182,"80":110,"81":1254,"82":9,"83":26809,"84":28574,"85":151,"86":1,"87":76,"88":76,"89":76,"90":76,"91":76,"92":76,"93":1140,"94":1140,"95":7,"96":7,"97":7,"98":76,"99":0,"100":0,"101":76,"102":76,"103":304,"104":0,"105":0,"106":76,"107":1,"108":39,"109":39,"110":39,"111":30,"112":30,"113":30,"114":30,"115":30,"116":30,"117":713,"118":460,"119":253,"120":156,"121":2,"122":2,"123":2,"124":1,"125":1,"126":1,"127":2,"128":2,"129":1,"130":1,"131":1,"132":1,"133":2,"134":4,"135":4,"136":1,"137":1,"138":3,"139":3,"140":4,"141":2,"142":2,"143":2,"144":4,"145":4,"146":4,"147":0,"148":0,"149":0,"150":0,"151":0,"152":0,"153":0,"154":0,"155":0,"156":253,"157":0,"158":0,"159":252,"160":1003,"161":80,"162":96,"163":923,"164":586,"165":30,"166":1,"167":2,"168":29,"169":29,"170":10,"171":10,"172":1,"173":36,"174":36,"175":36,"176":36,"177":36,"178":36,"179":36,"180":36,"181":36,"182":36,"183":900,"184":900,"185":24,"186":24,"187":36,"188":36,"189":1,"190":1,"191":36,"192":36,"193":36,"194":1,"195":1,"196":36,"197":1,"198":1,"199":65,"200":188,"201":1,"202":68,"203":3,"204":65,"205":65,"206":65,"207":26,"208":39,"209":39,"210":39,"211":10,"212":10,"213":0,"214":65,"215":65,"216":45,"217":65,"218":1,"219":5,"220":14,"221":5,"222":1,"223":12,"224":12,"225":12,"226":10,"227":2,"228":1,"229":9,"230":9,"231":9,"232":4,"233":9,"234":0,"235":0,"236":0,"237":9,"238":2,"239":2,"240":2,"241":2,"242":2,"243":0,"244":0,"245":0,"246":0,"247":1,"248":1,"249":1,"250":6,"251":6,"252":9,"253":9,"254":8,"255":8,"256":1,"257":9},"f":{"0":151,"1":151,"2":151,"3":415,"4":28574,"5":28473,"6":28453,"7":251,"8":4,"9":28574,"10":28182,"11":28182,"12":28072,"13":4,"14":5,"15":102,"16":76,"17":1140,"18":304,"19":39,"20":713,"21":1003,"22":96,"23":2,"24":36,"25":900,"26":65,"27":188,"28":68,"29":45,"30":5,"31":14,"32":12,"33":9,"34":4},"b":{"0":[0],"1":[0,0,0,151],"2":[151,0],"3":[151,0],"4":[151,0],"5":[151],"6":[28574,243],"7":[28574,254],"8":[28473,1294],"9":[20,28453],"10":[20,28453],"11":[28453,1274],"12":[20,28433],"13":[20,28433],"14":[4,247],"15":[101,20,20,251,28182],"16":[28182,26928],"17":[110,28072],"18":[110,28072],"19":[1254,26818],"20":[28072,1254,106],"21":[106,27966],"22":[3,2],"23":[102,102],"24":[2,3],"25":[110,1254,9,26809],"26":[7,1133],"27":[0,7],"28":[0,76],"29":[0,304],"30":[39,1],"31":[0],"32":[460,253],"33":[713,267],"34":[156,97],"35":[2,1,2,4,2,4,0,0,0],"36":[2,0,0],"37":[2,1],"38":[0,1],"39":[1,1],"40":[4,3],"41":[0,3],"42":[1,3],"43":[0,0],"44":[0,0],"45":[0,252],"46":[253,30,1],"47":[80,923],"48":[586,337],"49":[1,29],"50":[24,876],"51":[1,35],"52":[36,22],"53":[1,35],"54":[65,0],"55":[3,65],"56":[68,28],"57":[26,39],"58":[65,40],"59":[26,1],"60":[10,29],"61":[39,10],"62":[36,29],"63":[26,39],"64":[65,40],"65":[65,36],"66":[65,55],"67":[4,1],"68":[12,1],"69":[4,4,4],"70":[0,9],"71":[2,0,1,6],"72":[8,1],"73":[9,8],"74":[1,7],"75":[9,9],"76":[9,2]},"_coverageSchema":"1a1c01bbd47fc00a2c39e90264f33305004495a9","hash":"7f32f4820fd934e1adb3837e0f1f4d433e47a3e1"}
,"/Users/hashmith/zluri_bootcamp/frontend/src/utils/validation.js": {"path":"/Users/hashmith/zluri_bootcamp/frontend/src/utils/validation.js","statementMap":{"0":{"start":{"line":4,"column":27},"end":{"line":7,"column":2}},"1":{"start":{"line":10,"column":37},"end":{"line":35,"column":2}},"2":{"start":{"line":22,"column":21},"end":{"line":22,"column":42}},"3":{"start":{"line":27,"column":2},"end":{"line":29,"column":3}},"4":{"start":{"line":28,"column":4},"end":{"line":28,"column":54}},"5":{"start":{"line":31,"column":2},"end":{"line":31,"column":14}},"6":{"start":{"line":38,"column":34},"end":{"line":40,"column":2}}},"fnMap":{"0":{"name":"(anonymous_0)","decl":{"start":{"line":22,"column":12},"end":{"line":22,"column":13}},"loc":{"start":{"line":22,"column":21},"end":{"line":22,"column":42}},"line":22},"1":{"name":"(anonymous_1)","decl":{"start":{"line":26,"column":10},"end":{"line":26,"column":11}},"loc":{"start":{"line":26,"column":20},"end":{"line":32,"column":1}},"line":26}},"branchMap":{"0":{"loc":{"start":{"line":27,"column":2},"end":{"line":29,"column":3}},"type":"if","locations":[{"start":{"line":27,"column":2},"end":{"line":29,"column":3}},{"start":{},"end":{}}],"line":27},"1":{"loc":{"start":{"line":28,"column":11},"end":{"line":28,"column":53}},"type":"binary-expr","locations":[{"start":{"line":28,"column":11},"end":{"line":28,"column":21}},{"start":{"line":28,"column":25},"end":{"line":28,"column":53}}],"line":28}},"s":{"0":5,"1":5,"2":24,"3":22,"4":17,"5":5,"6":5},"f":{"0":24,"1":22},"b":{"0":[17,5],"1":[17,15]},"_coverageSchema":"1a1c01bbd47fc00a2c39e90264f33305004495a9","hash":"37bd0d3c0f5b61c4b8e4c36094f7995aef21887a"}
}
