{"/Users/hashmith/zluri_bootcamp/frontend/src/App.jsx": {"path":"/Users/hashmith/zluri_bootcamp/frontend/src/App.jsx","statementMap":{"0":{"start":{"line":5,"column":2},"end":{"line":9,"column":4}}},"fnMap":{"0":{"name":"App","decl":{"start":{"line":4,"column":24},"end":{"line":4,"column":27}},"loc":{"start":{"line":4,"column":30},"end":{"line":10,"column":1}},"line":4}},"branchMap":{},"s":{"0":0},"f":{"0":0},"b":{}}
,"/Users/hashmith/zluri_bootcamp/frontend/src/api/axios.js": {"path":"/Users/hashmith/zluri_bootcamp/frontend/src/api/axios.js","statementMap":{},"fnMap":{},"branchMap":{},"s":{},"f":{},"b":{}}
,"/Users/hashmith/zluri_bootcamp/frontend/src/components/common/CodeEditor.jsx": {"path":"/Users/hashmith/zluri_bootcamp/frontend/src/components/common/CodeEditor.jsx","statementMap":{"0":{"start":{"line":16,"column":36},"end":{"line":16,"column":51}},"1":{"start":{"line":17,"column":56},"end":{"line":17,"column":71}},"2":{"start":{"line":18,"column":22},"end":{"line":18,"column":34}},"3":{"start":{"line":19,"column":23},"end":{"line":19,"column":35}},"4":{"start":{"line":22,"column":2},"end":{"line":33,"column":13}},"5":{"start":{"line":23,"column":28},"end":{"line":28,"column":5}},"6":{"start":{"line":24,"column":6},"end":{"line":27,"column":7}},"7":{"start":{"line":25,"column":47},"end":{"line":25,"column":67}},"8":{"start":{"line":26,"column":8},"end":{"line":26,"column":60}},"9":{"start":{"line":30,"column":4},"end":{"line":30,"column":22}},"10":{"start":{"line":31,"column":4},"end":{"line":31,"column":55}},"11":{"start":{"line":32,"column":4},"end":{"line":32,"column":71}},"12":{"start":{"line":32,"column":17},"end":{"line":32,"column":70}},"13":{"start":{"line":35,"column":2},"end":{"line":83,"column":3}},"14":{"start":{"line":37,"column":4},"end":{"line":82,"column":6}},"15":{"start":{"line":86,"column":2},"end":{"line":149,"column":4}},"16":{"start":{"line":96,"column":27},"end":{"line":96,"column":63}},"17":{"start":{"line":97,"column":25},"end":{"line":97,"column":43}},"18":{"start":{"line":98,"column":24},"end":{"line":98,"column":43}},"19":{"start":{"line":113,"column":12},"end":{"line":124,"column":13}},"20":{"start":{"line":114,"column":14},"end":{"line":114,"column":33}},"21":{"start":{"line":115,"column":28},"end":{"line":115,"column":51}},"22":{"start":{"line":116,"column":26},"end":{"line":116,"column":47}},"23":{"start":{"line":117,"column":31},"end":{"line":117,"column":84}},"24":{"start":{"line":118,"column":14},"end":{"line":118,"column":45}},"25":{"start":{"line":121,"column":14},"end":{"line":123,"column":20}},"26":{"start":{"line":122,"column":16},"end":{"line":122,"column":76}},"27":{"start":{"line":133,"column":16},"end":{"line":135,"column":22}}},"fnMap":{"0":{"name":"CodeEditor","decl":{"start":{"line":5,"column":24},"end":{"line":5,"column":34}},"loc":{"start":{"line":15,"column":3},"end":{"line":150,"column":1}},"line":15},"1":{"name":"(anonymous_1)","decl":{"start":{"line":22,"column":12},"end":{"line":22,"column":13}},"loc":{"start":{"line":22,"column":18},"end":{"line":33,"column":3}},"line":22},"2":{"name":"(anonymous_2)","decl":{"start":{"line":23,"column":28},"end":{"line":23,"column":29}},"loc":{"start":{"line":23,"column":34},"end":{"line":28,"column":5}},"line":23},"3":{"name":"(anonymous_3)","decl":{"start":{"line":32,"column":11},"end":{"line":32,"column":12}},"loc":{"start":{"line":32,"column":17},"end":{"line":32,"column":70}},"line":32},"4":{"name":"(anonymous_4)","decl":{"start":{"line":96,"column":20},"end":{"line":96,"column":21}},"loc":{"start":{"line":96,"column":27},"end":{"line":96,"column":63}},"line":96},"5":{"name":"(anonymous_5)","decl":{"start":{"line":97,"column":19},"end":{"line":97,"column":20}},"loc":{"start":{"line":97,"column":25},"end":{"line":97,"column":43}},"line":97},"6":{"name":"(anonymous_6)","decl":{"start":{"line":98,"column":18},"end":{"line":98,"column":19}},"loc":{"start":{"line":98,"column":24},"end":{"line":98,"column":43}},"line":98},"7":{"name":"(anonymous_7)","decl":{"start":{"line":111,"column":21},"end":{"line":111,"column":22}},"loc":{"start":{"line":111,"column":28},"end":{"line":125,"column":11}},"line":111},"8":{"name":"(anonymous_8)","decl":{"start":{"line":121,"column":25},"end":{"line":121,"column":26}},"loc":{"start":{"line":121,"column":31},"end":{"line":123,"column":15}},"line":121},"9":{"name":"(anonymous_9)","decl":{"start":{"line":132,"column":36},"end":{"line":132,"column":37}},"loc":{"start":{"line":133,"column":16},"end":{"line":135,"column":22}},"line":133}},"branchMap":{"0":{"loc":{"start":{"line":7,"column":2},"end":{"line":7,"column":25}},"type":"default-arg","locations":[{"start":{"line":7,"column":13},"end":{"line":7,"column":25}}],"line":7},"1":{"loc":{"start":{"line":8,"column":2},"end":{"line":8,"column":18}},"type":"default-arg","locations":[{"start":{"line":8,"column":13},"end":{"line":8,"column":18}}],"line":8},"2":{"loc":{"start":{"line":9,"column":2},"end":{"line":9,"column":17}},"type":"default-arg","locations":[{"start":{"line":9,"column":13},"end":{"line":9,"column":17}}],"line":9},"3":{"loc":{"start":{"line":10,"column":2},"end":{"line":10,"column":18}},"type":"default-arg","locations":[{"start":{"line":10,"column":16},"end":{"line":10,"column":18}}],"line":10},"4":{"loc":{"start":{"line":11,"column":2},"end":{"line":11,"column":16}},"type":"default-arg","locations":[{"start":{"line":11,"column":14},"end":{"line":11,"column":16}}],"line":11},"5":{"loc":{"start":{"line":12,"column":2},"end":{"line":12,"column":25}},"type":"default-arg","locations":[{"start":{"line":12,"column":20},"end":{"line":12,"column":25}}],"line":12},"6":{"loc":{"start":{"line":13,"column":2},"end":{"line":13,"column":21}},"type":"default-arg","locations":[{"start":{"line":13,"column":14},"end":{"line":13,"column":21}}],"line":13},"7":{"loc":{"start":{"line":14,"column":2},"end":{"line":14,"column":21}},"type":"default-arg","locations":[{"start":{"line":14,"column":14},"end":{"line":14,"column":21}}],"line":14},"8":{"loc":{"start":{"line":24,"column":6},"end":{"line":27,"column":7}},"type":"if","locations":[{"start":{"line":24,"column":6},"end":{"line":27,"column":7}},{"start":{},"end":{}}],"line":24},"9":{"loc":{"start":{"line":35,"column":2},"end":{"line":83,"column":3}},"type":"if","locations":[{"start":{"line":35,"column":2},"end":{"line":83,"column":3}},{"start":{},"end":{}}],"line":35},"10":{"loc":{"start":{"line":71,"column":13},"end":{"line":71,"column":23}},"type":"binary-expr","locations":[{"start":{"line":71,"column":13},"end":{"line":71,"column":17}},{"start":{"line":71,"column":21},"end":{"line":71,"column":23}}],"line":71},"11":{"loc":{"start":{"line":76,"column":9},"end":{"line":80,"column":9}},"type":"binary-expr","locations":[{"start":{"line":76,"column":9},"end":{"line":76,"column":28}},{"start":{"line":77,"column":10},"end":{"line":79,"column":16}}],"line":76},"12":{"loc":{"start":{"line":96,"column":27},"end":{"line":96,"column":63}},"type":"binary-expr","locations":[{"start":{"line":96,"column":27},"end":{"line":96,"column":35}},{"start":{"line":96,"column":39},"end":{"line":96,"column":63}}],"line":96},"13":{"loc":{"start":{"line":101,"column":12},"end":{"line":101,"column":46}},"type":"cond-expr","locations":[{"start":{"line":101,"column":30},"end":{"line":101,"column":37}},{"start":{"line":101,"column":40},"end":{"line":101,"column":46}}],"line":101},"14":{"loc":{"start":{"line":113,"column":12},"end":{"line":124,"column":13}},"type":"if","locations":[{"start":{"line":113,"column":12},"end":{"line":124,"column":13}},{"start":{},"end":{}}],"line":113},"15":{"loc":{"start":{"line":118,"column":14},"end":{"line":118,"column":44}},"type":"binary-expr","locations":[{"start":{"line":118,"column":14},"end":{"line":118,"column":22}},{"start":{"line":118,"column":26},"end":{"line":118,"column":44}}],"line":118},"16":{"loc":{"start":{"line":129,"column":9},"end":{"line":139,"column":9}},"type":"binary-expr","locations":[{"start":{"line":129,"column":9},"end":{"line":129,"column":24}},{"start":{"line":130,"column":10},"end":{"line":138,"column":16}}],"line":129},"17":{"loc":{"start":{"line":143,"column":7},"end":{"line":147,"column":7}},"type":"binary-expr","locations":[{"start":{"line":143,"column":7},"end":{"line":143,"column":26}},{"start":{"line":143,"column":30},"end":{"line":143,"column":40}},{"start":{"line":144,"column":8},"end":{"line":146,"column":14}}],"line":143}},"s":{"0":17,"1":17,"2":17,"3":17,"4":17,"5":13,"6":13,"7":13,"8":13,"9":13,"10":13,"11":13,"12":13,"13":17,"14":8,"15":9,"16":4,"17":2,"18":0,"19":5,"20":1,"21":1,"22":1,"23":1,"24":1,"25":1,"26":1,"27":0},"f":{"0":17,"1":13,"2":13,"3":13,"4":4,"5":2,"6":0,"7":5,"8":1,"9":0},"b":{"0":[16],"1":[0],"2":[7],"3":[16],"4":[16],"5":[16],"6":[16],"7":[16],"8":[13,0],"9":[8,9],"10":[8,1],"11":[8,0],"12":[4,4],"13":[0,9],"14":[1,4],"15":[1,1],"16":[9,0],"17":[9,0,0]},"_coverageSchema":"1a1c01bbd47fc00a2c39e90264f33305004495a9","hash":"01e7792db69d6e05f1fdea216a6181409e673f05"}
,"/Users/hashmith/zluri_bootcamp/frontend/src/components/common/ConfirmModal.jsx": {"path":"/Users/hashmith/zluri_bootcamp/frontend/src/components/common/ConfirmModal.jsx","statementMap":{"0":{"start":{"line":14,"column":24},"end":{"line":18,"column":3}},"1":{"start":{"line":20,"column":2},"end":{"line":43,"column":4}}},"fnMap":{"0":{"name":"ConfirmModal","decl":{"start":{"line":3,"column":24},"end":{"line":3,"column":36}},"loc":{"start":{"line":13,"column":3},"end":{"line":44,"column":1}},"line":13}},"branchMap":{"0":{"loc":{"start":{"line":9,"column":2},"end":{"line":9,"column":25}},"type":"default-arg","locations":[{"start":{"line":9,"column":16},"end":{"line":9,"column":25}}],"line":9},"1":{"loc":{"start":{"line":10,"column":2},"end":{"line":10,"column":23}},"type":"default-arg","locations":[{"start":{"line":10,"column":15},"end":{"line":10,"column":23}}],"line":10},"2":{"loc":{"start":{"line":11,"column":2},"end":{"line":11,"column":26}},"type":"default-arg","locations":[{"start":{"line":11,"column":17},"end":{"line":11,"column":26}}],"line":11},"3":{"loc":{"start":{"line":12,"column":2},"end":{"line":12,"column":17}},"type":"default-arg","locations":[{"start":{"line":12,"column":12},"end":{"line":12,"column":17}}],"line":12},"4":{"loc":{"start":{"line":38,"column":13},"end":{"line":38,"column":52}},"type":"cond-expr","locations":[{"start":{"line":38,"column":23},"end":{"line":38,"column":38}},{"start":{"line":38,"column":41},"end":{"line":38,"column":52}}],"line":38}},"s":{"0":13,"1":13},"f":{"0":13},"b":{"0":[12],"1":[12],"2":[11],"3":[10],"4":[2,11]},"_coverageSchema":"1a1c01bbd47fc00a2c39e90264f33305004495a9","hash":"abb3484d47f3ddde6bc919933ace5407b81d1043"}
,"/Users/hashmith/zluri_bootcamp/frontend/src/components/common/LoadingSpinner.jsx": {"path":"/Users/hashmith/zluri_bootcamp/frontend/src/components/common/LoadingSpinner.jsx","statementMap":{"0":{"start":{"line":2,"column":22},"end":{"line":6,"column":3}},"1":{"start":{"line":8,"column":2},"end":{"line":12,"column":4}}},"fnMap":{"0":{"name":"LoadingSpinner","decl":{"start":{"line":1,"column":24},"end":{"line":1,"column":38}},"loc":{"start":{"line":1,"column":72},"end":{"line":13,"column":1}},"line":1}},"branchMap":{"0":{"loc":{"start":{"line":1,"column":41},"end":{"line":1,"column":52}},"type":"default-arg","locations":[{"start":{"line":1,"column":48},"end":{"line":1,"column":52}}],"line":1},"1":{"loc":{"start":{"line":1,"column":54},"end":{"line":1,"column":68}},"type":"default-arg","locations":[{"start":{"line":1,"column":66},"end":{"line":1,"column":68}}],"line":1}},"s":{"0":7,"1":7},"f":{"0":7},"b":{"0":[4],"1":[6]},"_coverageSchema":"1a1c01bbd47fc00a2c39e90264f33305004495a9","hash":"5a0339ce3c2fe1a37d7bb1ce3d9d58a6a17cc026"}
,"/Users/hashmith/zluri_bootcamp/frontend/src/components/common/Modal.jsx": {"path":"/Users/hashmith/zluri_bootcamp/frontend/src/components/common/Modal.jsx","statementMap":{"0":{"start":{"line":2,"column":2},"end":{"line":2,"column":27}},"1":{"start":{"line":2,"column":15},"end":{"line":2,"column":27}},"2":{"start":{"line":4,"column":22},"end":{"line":9,"column":3}},"3":{"start":{"line":11,"column":2},"end":{"line":42,"column":4}}},"fnMap":{"0":{"name":"Modal","decl":{"start":{"line":1,"column":24},"end":{"line":1,"column":29}},"loc":{"start":{"line":1,"column":81},"end":{"line":43,"column":1}},"line":1}},"branchMap":{"0":{"loc":{"start":{"line":1,"column":66},"end":{"line":1,"column":77}},"type":"default-arg","locations":[{"start":{"line":1,"column":73},"end":{"line":1,"column":77}}],"line":1},"1":{"loc":{"start":{"line":2,"column":2},"end":{"line":2,"column":27}},"type":"if","locations":[{"start":{"line":2,"column":2},"end":{"line":2,"column":27}},{"start":{},"end":{}}],"line":2}},"s":{"0":24,"1":2,"2":22,"3":22},"f":{"0":24},"b":{"0":[8],"1":[2,22]},"_coverageSchema":"1a1c01bbd47fc00a2c39e90264f33305004495a9","hash":"fb15bfe4cfa02d782c9577b0f7302ed50dced7f6"}
,"/Users/hashmith/zluri_bootcamp/frontend/src/components/common/OutputDisplay.jsx": {"path":"/Users/hashmith/zluri_bootcamp/frontend/src/components/common/OutputDisplay.jsx","statementMap":{"0":{"start":{"line":4,"column":34},"end":{"line":4,"column":55}},"1":{"start":{"line":5,"column":50},"end":{"line":8,"column":4}},"2":{"start":{"line":10,"column":24},"end":{"line":15,"column":3}},"3":{"start":{"line":11,"column":4},"end":{"line":14,"column":8}},"4":{"start":{"line":11,"column":33},"end":{"line":14,"column":5}},"5":{"start":{"line":18,"column":23},"end":{"line":28,"column":3}},"6":{"start":{"line":19,"column":4},"end":{"line":19,"column":27}},"7":{"start":{"line":19,"column":15},"end":{"line":19,"column":27}},"8":{"start":{"line":21,"column":4},"end":{"line":27,"column":5}},"9":{"start":{"line":22,"column":21},"end":{"line":22,"column":37}},"10":{"start":{"line":23,"column":6},"end":{"line":23,"column":44}},"11":{"start":{"line":26,"column":6},"end":{"line":26,"column":42}},"12":{"start":{"line":30,"column":20},"end":{"line":30,"column":56}},"13":{"start":{"line":33,"column":25},"end":{"line":35,"column":118}},"14":{"start":{"line":37,"column":21},"end":{"line":86,"column":3}},"15":{"start":{"line":38,"column":4},"end":{"line":38,"column":74}},"16":{"start":{"line":38,"column":23},"end":{"line":38,"column":74}},"17":{"start":{"line":39,"column":4},"end":{"line":39,"column":84}},"18":{"start":{"line":39,"column":28},"end":{"line":39,"column":84}},"19":{"start":{"line":40,"column":4},"end":{"line":40,"column":112}},"20":{"start":{"line":40,"column":35},"end":{"line":40,"column":112}},"21":{"start":{"line":41,"column":4},"end":{"line":41,"column":101}},"22":{"start":{"line":41,"column":34},"end":{"line":41,"column":101}},"23":{"start":{"line":42,"column":4},"end":{"line":42,"column":90}},"24":{"start":{"line":42,"column":34},"end":{"line":42,"column":90}},"25":{"start":{"line":44,"column":4},"end":{"line":61,"column":5}},"26":{"start":{"line":45,"column":6},"end":{"line":45,"column":78}},"27":{"start":{"line":45,"column":29},"end":{"line":45,"column":78}},"28":{"start":{"line":47,"column":6},"end":{"line":60,"column":8}},"29":{"start":{"line":52,"column":14},"end":{"line":55,"column":20}},"30":{"start":{"line":63,"column":4},"end":{"line":83,"column":5}},"31":{"start":{"line":64,"column":19},"end":{"line":64,"column":36}},"32":{"start":{"line":65,"column":6},"end":{"line":65,"column":82}},"33":{"start":{"line":65,"column":29},"end":{"line":65,"column":82}},"34":{"start":{"line":67,"column":6},"end":{"line":82,"column":8}},"35":{"start":{"line":72,"column":14},"end":{"line":77,"column":20}},"36":{"start":{"line":85,"column":4},"end":{"line":85,"column":39}},"37":{"start":{"line":88,"column":22},"end":{"line":135,"column":3}},"38":{"start":{"line":89,"column":4},"end":{"line":89,"column":63}},"39":{"start":{"line":89,"column":51},"end":{"line":89,"column":63}},"40":{"start":{"line":92,"column":22},"end":{"line":92,"column":29}},"41":{"start":{"line":93,"column":4},"end":{"line":93,"column":73}},"42":{"start":{"line":93,"column":61},"end":{"line":93,"column":73}},"43":{"start":{"line":95,"column":17},"end":{"line":95,"column":39}},"44":{"start":{"line":96,"column":24},"end":{"line":101,"column":5}},"45":{"start":{"line":97,"column":6},"end":{"line":100,"column":52}},"46":{"start":{"line":100,"column":35},"end":{"line":100,"column":51}},"47":{"start":{"line":103,"column":4},"end":{"line":103,"column":34}},"48":{"start":{"line":103,"column":22},"end":{"line":103,"column":34}},"49":{"start":{"line":105,"column":4},"end":{"line":134,"column":6}},"50":{"start":{"line":111,"column":16},"end":{"line":113,"column":21}},"51":{"start":{"line":119,"column":14},"end":{"line":129,"column":19}},"52":{"start":{"line":121,"column":18},"end":{"line":127,"column":23}},"53":{"start":{"line":137,"column":29},"end":{"line":197,"column":3}},"54":{"start":{"line":138,"column":44},"end":{"line":138,"column":48}},"55":{"start":{"line":140,"column":4},"end":{"line":196,"column":6}},"56":{"start":{"line":146,"column":29},"end":{"line":146,"column":53}},"57":{"start":{"line":171,"column":29},"end":{"line":171,"column":52}},"58":{"start":{"line":199,"column":2},"end":{"line":215,"column":3}},"59":{"start":{"line":200,"column":4},"end":{"line":214,"column":6}},"60":{"start":{"line":217,"column":2},"end":{"line":223,"column":3}},"61":{"start":{"line":218,"column":4},"end":{"line":222,"column":6}},"62":{"start":{"line":225,"column":23},"end":{"line":225,"column":82}},"63":{"start":{"line":227,"column":2},"end":{"line":288,"column":4}},"64":{"start":{"line":233,"column":27},"end":{"line":233,"column":51}},"65":{"start":{"line":244,"column":29},"end":{"line":244,"column":49}},"66":{"start":{"line":255,"column":27},"end":{"line":255,"column":45}}},"fnMap":{"0":{"name":"OutputDisplay","decl":{"start":{"line":3,"column":24},"end":{"line":3,"column":37}},"loc":{"start":{"line":3,"column":57},"end":{"line":289,"column":1}},"line":3},"1":{"name":"(anonymous_1)","decl":{"start":{"line":10,"column":24},"end":{"line":10,"column":25}},"loc":{"start":{"line":10,"column":37},"end":{"line":15,"column":3}},"line":10},"2":{"name":"(anonymous_2)","decl":{"start":{"line":11,"column":24},"end":{"line":11,"column":25}},"loc":{"start":{"line":11,"column":33},"end":{"line":14,"column":5}},"line":11},"3":{"name":"(anonymous_3)","decl":{"start":{"line":18,"column":23},"end":{"line":18,"column":24}},"loc":{"start":{"line":18,"column":33},"end":{"line":28,"column":3}},"line":18},"4":{"name":"(anonymous_4)","decl":{"start":{"line":37,"column":21},"end":{"line":37,"column":22}},"loc":{"start":{"line":37,"column":43},"end":{"line":86,"column":3}},"line":37},"5":{"name":"(anonymous_5)","decl":{"start":{"line":51,"column":22},"end":{"line":51,"column":23}},"loc":{"start":{"line":52,"column":14},"end":{"line":55,"column":20}},"line":52},"6":{"name":"(anonymous_6)","decl":{"start":{"line":71,"column":22},"end":{"line":71,"column":23}},"loc":{"start":{"line":72,"column":14},"end":{"line":77,"column":20}},"line":72},"7":{"name":"(anonymous_7)","decl":{"start":{"line":88,"column":22},"end":{"line":88,"column":23}},"loc":{"start":{"line":88,"column":32},"end":{"line":135,"column":3}},"line":88},"8":{"name":"(anonymous_8)","decl":{"start":{"line":96,"column":35},"end":{"line":96,"column":36}},"loc":{"start":{"line":97,"column":6},"end":{"line":100,"column":52}},"line":97},"9":{"name":"(anonymous_9)","decl":{"start":{"line":100,"column":30},"end":{"line":100,"column":31}},"loc":{"start":{"line":100,"column":35},"end":{"line":100,"column":51}},"line":100},"10":{"name":"(anonymous_10)","decl":{"start":{"line":110,"column":24},"end":{"line":110,"column":25}},"loc":{"start":{"line":111,"column":16},"end":{"line":113,"column":21}},"line":111},"11":{"name":"(anonymous_11)","decl":{"start":{"line":118,"column":22},"end":{"line":118,"column":23}},"loc":{"start":{"line":119,"column":14},"end":{"line":129,"column":19}},"line":119},"12":{"name":"(anonymous_12)","decl":{"start":{"line":120,"column":26},"end":{"line":120,"column":27}},"loc":{"start":{"line":121,"column":18},"end":{"line":127,"column":23}},"line":121},"13":{"name":"(anonymous_13)","decl":{"start":{"line":137,"column":29},"end":{"line":137,"column":30}},"loc":{"start":{"line":137,"column":39},"end":{"line":197,"column":3}},"line":137},"14":{"name":"(anonymous_14)","decl":{"start":{"line":146,"column":23},"end":{"line":146,"column":24}},"loc":{"start":{"line":146,"column":29},"end":{"line":146,"column":53}},"line":146},"15":{"name":"(anonymous_15)","decl":{"start":{"line":171,"column":23},"end":{"line":171,"column":24}},"loc":{"start":{"line":171,"column":29},"end":{"line":171,"column":52}},"line":171},"16":{"name":"(anonymous_16)","decl":{"start":{"line":233,"column":21},"end":{"line":233,"column":22}},"loc":{"start":{"line":233,"column":27},"end":{"line":233,"column":51}},"line":233},"17":{"name":"(anonymous_17)","decl":{"start":{"line":244,"column":23},"end":{"line":244,"column":24}},"loc":{"start":{"line":244,"column":29},"end":{"line":244,"column":49}},"line":244},"18":{"name":"(anonymous_18)","decl":{"start":{"line":255,"column":21},"end":{"line":255,"column":22}},"loc":{"start":{"line":255,"column":27},"end":{"line":255,"column":45}},"line":255}},"branchMap":{"0":{"loc":{"start":{"line":19,"column":4},"end":{"line":19,"column":27}},"type":"if","locations":[{"start":{"line":19,"column":4},"end":{"line":19,"column":27}},{"start":{},"end":{}}],"line":19},"1":{"loc":{"start":{"line":30,"column":20},"end":{"line":30,"column":56}},"type":"cond-expr","locations":[{"start":{"line":30,"column":29},"end":{"line":30,"column":49}},{"start":{"line":30,"column":52},"end":{"line":30,"column":56}}],"line":30},"2":{"loc":{"start":{"line":33,"column":25},"end":{"line":35,"column":118}},"type":"binary-expr","locations":[{"start":{"line":33,"column":25},"end":{"line":33,"column":51}},{"start":{"line":34,"column":4},"end":{"line":34,"column":18}},{"start":{"line":35,"column":5},"end":{"line":35,"column":34}},{"start":{"line":35,"column":38},"end":{"line":35,"column":64}},{"start":{"line":35,"column":68},"end":{"line":35,"column":91}},{"start":{"line":35,"column":95},"end":{"line":35,"column":117}}],"line":33},"3":{"loc":{"start":{"line":37,"column":28},"end":{"line":37,"column":38}},"type":"default-arg","locations":[{"start":{"line":37,"column":37},"end":{"line":37,"column":38}}],"line":37},"4":{"loc":{"start":{"line":38,"column":4},"end":{"line":38,"column":74}},"type":"if","locations":[{"start":{"line":38,"column":4},"end":{"line":38,"column":74}},{"start":{},"end":{}}],"line":38},"5":{"loc":{"start":{"line":39,"column":4},"end":{"line":39,"column":84}},"type":"if","locations":[{"start":{"line":39,"column":4},"end":{"line":39,"column":84}},{"start":{},"end":{}}],"line":39},"6":{"loc":{"start":{"line":40,"column":4},"end":{"line":40,"column":112}},"type":"if","locations":[{"start":{"line":40,"column":4},"end":{"line":40,"column":112}},{"start":{},"end":{}}],"line":40},"7":{"loc":{"start":{"line":41,"column":4},"end":{"line":41,"column":101}},"type":"if","locations":[{"start":{"line":41,"column":4},"end":{"line":41,"column":101}},{"start":{},"end":{}}],"line":41},"8":{"loc":{"start":{"line":42,"column":4},"end":{"line":42,"column":90}},"type":"if","locations":[{"start":{"line":42,"column":4},"end":{"line":42,"column":90}},{"start":{},"end":{}}],"line":42},"9":{"loc":{"start":{"line":44,"column":4},"end":{"line":61,"column":5}},"type":"if","locations":[{"start":{"line":44,"column":4},"end":{"line":61,"column":5}},{"start":{},"end":{}}],"line":44},"10":{"loc":{"start":{"line":45,"column":6},"end":{"line":45,"column":78}},"type":"if","locations":[{"start":{"line":45,"column":6},"end":{"line":45,"column":78}},{"start":{},"end":{}}],"line":45},"11":{"loc":{"start":{"line":54,"column":17},"end":{"line":54,"column":84}},"type":"binary-expr","locations":[{"start":{"line":54,"column":17},"end":{"line":54,"column":40}},{"start":{"line":54,"column":44},"end":{"line":54,"column":84}}],"line":54},"12":{"loc":{"start":{"line":63,"column":4},"end":{"line":83,"column":5}},"type":"if","locations":[{"start":{"line":63,"column":4},"end":{"line":83,"column":5}},{"start":{},"end":{}}],"line":63},"13":{"loc":{"start":{"line":65,"column":6},"end":{"line":65,"column":82}},"type":"if","locations":[{"start":{"line":65,"column":6},"end":{"line":65,"column":82}},{"start":{},"end":{}}],"line":65},"14":{"loc":{"start":{"line":76,"column":17},"end":{"line":76,"column":84}},"type":"binary-expr","locations":[{"start":{"line":76,"column":17},"end":{"line":76,"column":40}},{"start":{"line":76,"column":44},"end":{"line":76,"column":84}}],"line":76},"15":{"loc":{"start":{"line":89,"column":4},"end":{"line":89,"column":63}},"type":"if","locations":[{"start":{"line":89,"column":4},"end":{"line":89,"column":63}},{"start":{},"end":{}}],"line":89},"16":{"loc":{"start":{"line":89,"column":8},"end":{"line":89,"column":49}},"type":"binary-expr","locations":[{"start":{"line":89,"column":8},"end":{"line":89,"column":28}},{"start":{"line":89,"column":32},"end":{"line":89,"column":49}}],"line":89},"17":{"loc":{"start":{"line":93,"column":4},"end":{"line":93,"column":73}},"type":"if","locations":[{"start":{"line":93,"column":4},"end":{"line":93,"column":73}},{"start":{},"end":{}}],"line":93},"18":{"loc":{"start":{"line":93,"column":8},"end":{"line":93,"column":59}},"type":"binary-expr","locations":[{"start":{"line":93,"column":8},"end":{"line":93,"column":37}},{"start":{"line":93,"column":41},"end":{"line":93,"column":59}}],"line":93},"19":{"loc":{"start":{"line":97,"column":6},"end":{"line":100,"column":52}},"type":"binary-expr","locations":[{"start":{"line":97,"column":6},"end":{"line":97,"column":30}},{"start":{"line":98,"column":6},"end":{"line":98,"column":19}},{"start":{"line":99,"column":6},"end":{"line":99,"column":46}},{"start":{"line":100,"column":6},"end":{"line":100,"column":52}}],"line":97},"20":{"loc":{"start":{"line":103,"column":4},"end":{"line":103,"column":34}},"type":"if","locations":[{"start":{"line":103,"column":4},"end":{"line":103,"column":34}},{"start":{},"end":{}}],"line":103},"21":{"loc":{"start":{"line":123,"column":23},"end":{"line":125,"column":48}},"type":"cond-expr","locations":[{"start":{"line":124,"column":26},"end":{"line":124,"column":50}},{"start":{"line":125,"column":26},"end":{"line":125,"column":48}}],"line":123},"22":{"loc":{"start":{"line":125,"column":33},"end":{"line":125,"column":47}},"type":"binary-expr","locations":[{"start":{"line":125,"column":33},"end":{"line":125,"column":41}},{"start":{"line":125,"column":45},"end":{"line":125,"column":47}}],"line":125},"23":{"loc":{"start":{"line":143,"column":9},"end":{"line":165,"column":9}},"type":"binary-expr","locations":[{"start":{"line":143,"column":9},"end":{"line":143,"column":23}},{"start":{"line":144,"column":10},"end":{"line":164,"column":16}}],"line":143},"24":{"loc":{"start":{"line":155,"column":47},"end":{"line":155,"column":83}},"type":"cond-expr","locations":[{"start":{"line":155,"column":74},"end":{"line":155,"column":77}},{"start":{"line":155,"column":80},"end":{"line":155,"column":83}}],"line":155},"25":{"loc":{"start":{"line":157,"column":13},"end":{"line":163,"column":13}},"type":"binary-expr","locations":[{"start":{"line":157,"column":13},"end":{"line":157,"column":37}},{"start":{"line":158,"column":14},"end":{"line":162,"column":20}}],"line":157},"26":{"loc":{"start":{"line":168,"column":9},"end":{"line":194,"column":9}},"type":"binary-expr","locations":[{"start":{"line":168,"column":9},"end":{"line":168,"column":20}},{"start":{"line":168,"column":24},"end":{"line":168,"column":46}},{"start":{"line":169,"column":10},"end":{"line":193,"column":16}}],"line":168},"27":{"loc":{"start":{"line":180,"column":47},"end":{"line":180,"column":82}},"type":"cond-expr","locations":[{"start":{"line":180,"column":73},"end":{"line":180,"column":76}},{"start":{"line":180,"column":79},"end":{"line":180,"column":82}}],"line":180},"28":{"loc":{"start":{"line":182,"column":13},"end":{"line":192,"column":13}},"type":"binary-expr","locations":[{"start":{"line":182,"column":13},"end":{"line":182,"column":36}},{"start":{"line":183,"column":14},"end":{"line":191,"column":20}}],"line":182},"29":{"loc":{"start":{"line":185,"column":19},"end":{"line":189,"column":19}},"type":"binary-expr","locations":[{"start":{"line":185,"column":19},"end":{"line":185,"column":43}},{"start":{"line":186,"column":20},"end":{"line":188,"column":26}}],"line":185},"30":{"loc":{"start":{"line":199,"column":2},"end":{"line":215,"column":3}},"type":"if","locations":[{"start":{"line":199,"column":2},"end":{"line":215,"column":3}},{"start":{},"end":{}}],"line":199},"31":{"loc":{"start":{"line":217,"column":2},"end":{"line":223,"column":3}},"type":"if","locations":[{"start":{"line":217,"column":2},"end":{"line":223,"column":3}},{"start":{},"end":{}}],"line":217},"32":{"loc":{"start":{"line":225,"column":23},"end":{"line":225,"column":82}},"type":"binary-expr","locations":[{"start":{"line":225,"column":23},"end":{"line":225,"column":49}},{"start":{"line":225,"column":53},"end":{"line":225,"column":82}}],"line":225},"33":{"loc":{"start":{"line":230,"column":7},"end":{"line":265,"column":7}},"type":"binary-expr","locations":[{"start":{"line":230,"column":7},"end":{"line":230,"column":33}},{"start":{"line":230,"column":37},"end":{"line":230,"column":52}},{"start":{"line":231,"column":8},"end":{"line":264,"column":14}}],"line":230},"34":{"loc":{"start":{"line":235,"column":14},"end":{"line":237,"column":63}},"type":"cond-expr","locations":[{"start":{"line":236,"column":18},"end":{"line":236,"column":42}},{"start":{"line":237,"column":18},"end":{"line":237,"column":63}}],"line":235},"35":{"loc":{"start":{"line":242,"column":11},"end":{"line":253,"column":11}},"type":"binary-expr","locations":[{"start":{"line":242,"column":11},"end":{"line":242,"column":23}},{"start":{"line":243,"column":12},"end":{"line":252,"column":21}}],"line":242},"36":{"loc":{"start":{"line":246,"column":16},"end":{"line":248,"column":65}},"type":"cond-expr","locations":[{"start":{"line":247,"column":20},"end":{"line":247,"column":44}},{"start":{"line":248,"column":20},"end":{"line":248,"column":65}}],"line":246},"37":{"loc":{"start":{"line":257,"column":14},"end":{"line":259,"column":63}},"type":"cond-expr","locations":[{"start":{"line":258,"column":18},"end":{"line":258,"column":42}},{"start":{"line":259,"column":18},"end":{"line":259,"column":63}}],"line":257},"38":{"loc":{"start":{"line":268,"column":22},"end":{"line":268,"column":88}},"type":"cond-expr","locations":[{"start":{"line":268,"column":39},"end":{"line":268,"column":41}},{"start":{"line":268,"column":44},"end":{"line":268,"column":88}}],"line":268},"39":{"loc":{"start":{"line":269,"column":24},"end":{"line":269,"column":74}},"type":"cond-expr","locations":[{"start":{"line":269,"column":41},"end":{"line":269,"column":43}},{"start":{"line":269,"column":46},"end":{"line":269,"column":74}}],"line":269},"40":{"loc":{"start":{"line":270,"column":11},"end":{"line":284,"column":11}},"type":"cond-expr","locations":[{"start":{"line":271,"column":12},"end":{"line":271,"column":46}},{"start":{"line":272,"column":14},"end":{"line":284,"column":11}}],"line":270},"41":{"loc":{"start":{"line":272,"column":14},"end":{"line":284,"column":11}},"type":"cond-expr","locations":[{"start":{"line":273,"column":12},"end":{"line":273,"column":39}},{"start":{"line":274,"column":14},"end":{"line":284,"column":11}}],"line":272},"42":{"loc":{"start":{"line":272,"column":14},"end":{"line":272,"column":50}},"type":"binary-expr","locations":[{"start":{"line":272,"column":14},"end":{"line":272,"column":34}},{"start":{"line":272,"column":38},"end":{"line":272,"column":50}}],"line":272},"43":{"loc":{"start":{"line":274,"column":14},"end":{"line":284,"column":11}},"type":"cond-expr","locations":[{"start":{"line":275,"column":12},"end":{"line":277,"column":18}},{"start":{"line":279,"column":12},"end":{"line":283,"column":18}}],"line":274},"44":{"loc":{"start":{"line":274,"column":14},"end":{"line":274,"column":68}},"type":"binary-expr","locations":[{"start":{"line":274,"column":14},"end":{"line":274,"column":38}},{"start":{"line":274,"column":42},"end":{"line":274,"column":68}}],"line":274},"45":{"loc":{"start":{"line":280,"column":15},"end":{"line":282,"column":24}},"type":"cond-expr","locations":[{"start":{"line":281,"column":18},"end":{"line":281,"column":57}},{"start":{"line":282,"column":18},"end":{"line":282,"column":24}}],"line":280}},"s":{"0":29,"1":29,"2":29,"3":2,"4":2,"5":29,"6":25,"7":0,"8":25,"9":25,"10":22,"11":3,"12":29,"13":29,"14":29,"15":37,"16":1,"17":36,"18":0,"19":36,"20":2,"21":34,"22":10,"23":24,"24":8,"25":16,"26":4,"27":1,"28":3,"29":7,"30":12,"31":12,"32":12,"33":1,"34":11,"35":18,"36":0,"37":29,"38":4,"39":0,"40":4,"41":4,"42":0,"43":4,"44":4,"45":7,"46":10,"47":4,"48":0,"49":4,"50":6,"51":7,"52":10,"53":29,"54":8,"55":8,"56":1,"57":1,"58":29,"59":2,"60":27,"61":3,"62":24,"63":24,"64":0,"65":1,"66":1},"f":{"0":29,"1":2,"2":2,"3":25,"4":37,"5":7,"6":18,"7":4,"8":7,"9":10,"10":6,"11":7,"12":10,"13":8,"14":1,"15":1,"16":0,"17":1,"18":1},"b":{"0":[0,25],"1":[25,4],"2":[29,22,22,14,14,14],"3":[12],"4":[1,36],"5":[0,36],"6":[2,34],"7":[10,24],"8":[8,16],"9":[4,12],"10":[1,3],"11":[7,4],"12":[12,0],"13":[1,11],"14":[18,7],"15":[0,4],"16":[4,4],"17":[0,4],"18":[4,4],"19":[7,7,7,7],"20":[0,4],"21":[0,10],"22":[10,0],"23":[8,8],"24":[7,1],"25":[8,7],"26":[8,8,4],"27":[3,1],"28":[4,3],"29":[3,0],"30":[2,27],"31":[3,24],"32":[24,22],"33":[24,22,14],"34":[12,2],"35":[14,5],"36":[1,4],"37":[1,13],"38":[8,16],"39":[8,16],"40":[8,16],"41":[1,15],"42":[16,1],"43":[12,3],"44":[15,14],"45":[1,2]},"_coverageSchema":"1a1c01bbd47fc00a2c39e90264f33305004495a9","hash":"f24bccb37efb70493eaace232182d6eaee8527e3"}
,"/Users/hashmith/zluri_bootcamp/frontend/src/components/common/StatusBadge.jsx": {"path":"/Users/hashmith/zluri_bootcamp/frontend/src/components/common/StatusBadge.jsx","statementMap":{"0":{"start":{"line":3,"column":28},"end":{"line":10,"column":1}},"1":{"start":{"line":13,"column":21},"end":{"line":13,"column":73}},"2":{"start":{"line":14,"column":22},"end":{"line":14,"column":69}},"3":{"start":{"line":16,"column":2},"end":{"line":23,"column":4}}},"fnMap":{"0":{"name":"StatusBadge","decl":{"start":{"line":12,"column":24},"end":{"line":12,"column":35}},"loc":{"start":{"line":12,"column":48},"end":{"line":24,"column":1}},"line":12}},"branchMap":{"0":{"loc":{"start":{"line":13,"column":21},"end":{"line":13,"column":73}},"type":"binary-expr","locations":[{"start":{"line":13,"column":21},"end":{"line":13,"column":42}},{"start":{"line":13,"column":46},"end":{"line":13,"column":73}}],"line":13},"1":{"loc":{"start":{"line":14,"column":22},"end":{"line":14,"column":69}},"type":"binary-expr","locations":[{"start":{"line":14,"column":22},"end":{"line":14,"column":49}},{"start":{"line":14,"column":53},"end":{"line":14,"column":69}}],"line":14}},"s":{"0":1,"1":8,"2":8,"3":8},"f":{"0":8},"b":{"0":[8,1],"1":[8,1]},"_coverageSchema":"1a1c01bbd47fc00a2c39e90264f33305004495a9","hash":"585283bd9b4fe74e48247a5b3c633c976cc2f07e"}
,"/Users/hashmith/zluri_bootcamp/frontend/src/components/common/Tooltip.jsx": {"path":"/Users/hashmith/zluri_bootcamp/frontend/src/components/common/Tooltip.jsx","statementMap":{"0":{"start":{"line":4,"column":36},"end":{"line":4,"column":51}},"1":{"start":{"line":6,"column":2},"end":{"line":20,"column":4}},"2":{"start":{"line":9,"column":26},"end":{"line":9,"column":44}},"3":{"start":{"line":10,"column":26},"end":{"line":10,"column":45}}},"fnMap":{"0":{"name":"Tooltip","decl":{"start":{"line":3,"column":24},"end":{"line":3,"column":31}},"loc":{"start":{"line":3,"column":71},"end":{"line":21,"column":1}},"line":3},"1":{"name":"(anonymous_1)","decl":{"start":{"line":9,"column":20},"end":{"line":9,"column":21}},"loc":{"start":{"line":9,"column":26},"end":{"line":9,"column":44}},"line":9},"2":{"name":"(anonymous_2)","decl":{"start":{"line":10,"column":20},"end":{"line":10,"column":21}},"loc":{"start":{"line":10,"column":26},"end":{"line":10,"column":45}},"line":10}},"branchMap":{"0":{"loc":{"start":{"line":3,"column":53},"end":{"line":3,"column":67}},"type":"default-arg","locations":[{"start":{"line":3,"column":65},"end":{"line":3,"column":67}}],"line":3},"1":{"loc":{"start":{"line":13,"column":7},"end":{"line":18,"column":7}},"type":"binary-expr","locations":[{"start":{"line":13,"column":7},"end":{"line":13,"column":16}},{"start":{"line":14,"column":8},"end":{"line":17,"column":14}}],"line":13}},"s":{"0":19,"1":19,"2":6,"3":3},"f":{"0":19,"1":6,"2":3},"b":{"0":[18],"1":[19,6]},"_coverageSchema":"1a1c01bbd47fc00a2c39e90264f33305004495a9","hash":"375e1d87efb2b979aae34a770d3c745d6c0a0dfe"}
,"/Users/hashmith/zluri_bootcamp/frontend/src/components/common/protectedroute.jsx": {"path":"/Users/hashmith/zluri_bootcamp/frontend/src/components/common/protectedroute.jsx","statementMap":{"0":{"start":{"line":4,"column":15},"end":{"line":4,"column":55}},"1":{"start":{"line":5,"column":16},"end":{"line":5,"column":45}},"2":{"start":{"line":6,"column":26},"end":{"line":6,"column":43}},"3":{"start":{"line":8,"column":2},"end":{"line":10,"column":3}},"4":{"start":{"line":9,"column":4},"end":{"line":9,"column":44}},"5":{"start":{"line":12,"column":2},"end":{"line":12,"column":18}}},"fnMap":{"0":{"name":"ProtectedRoute","decl":{"start":{"line":3,"column":24},"end":{"line":3,"column":38}},"loc":{"start":{"line":3,"column":53},"end":{"line":13,"column":1}},"line":3}},"branchMap":{"0":{"loc":{"start":{"line":6,"column":26},"end":{"line":6,"column":43}},"type":"binary-expr","locations":[{"start":{"line":6,"column":26},"end":{"line":6,"column":32}},{"start":{"line":6,"column":36},"end":{"line":6,"column":43}}],"line":6},"1":{"loc":{"start":{"line":8,"column":2},"end":{"line":10,"column":3}},"type":"if","locations":[{"start":{"line":8,"column":2},"end":{"line":10,"column":3}},{"start":{},"end":{}}],"line":8}},"s":{"0":2,"1":2,"2":2,"3":2,"4":1,"5":1},"f":{"0":2},"b":{"0":[2,1],"1":[1,1]},"_coverageSchema":"1a1c01bbd47fc00a2c39e90264f33305004495a9","hash":"9bbdaeb8803cb674db09924ec29cd96195ed4a4d"}
,"/Users/hashmith/zluri_bootcamp/frontend/src/components/layout/dashboardlayout.jsx": {"path":"/Users/hashmith/zluri_bootcamp/frontend/src/components/layout/dashboardlayout.jsx","statementMap":{"0":{"start":{"line":6,"column":2},"end":{"line":18,"column":4}}},"fnMap":{"0":{"name":"DashboardLayout","decl":{"start":{"line":5,"column":24},"end":{"line":5,"column":39}},"loc":{"start":{"line":5,"column":42},"end":{"line":19,"column":1}},"line":5}},"branchMap":{},"s":{"0":4},"f":{"0":4},"b":{},"_coverageSchema":"1a1c01bbd47fc00a2c39e90264f33305004495a9","hash":"3e34b8e43f44f00c2d23f4efc18cc990ed4b5e43"}
,"/Users/hashmith/zluri_bootcamp/frontend/src/components/layout/sidebar.jsx": {"path":"/Users/hashmith/zluri_bootcamp/frontend/src/components/layout/sidebar.jsx","statementMap":{"0":{"start":{"line":4,"column":15},"end":{"line":4,"column":55}},"1":{"start":{"line":5,"column":15},"end":{"line":5,"column":25}},"2":{"start":{"line":7,"column":20},"end":{"line":7,"column":58}},"3":{"start":{"line":8,"column":22},"end":{"line":8,"column":42}},"4":{"start":{"line":10,"column":2},"end":{"line":87,"column":4}},"5":{"start":{"line":41,"column":16},"end":{"line":45,"column":18}},"6":{"start":{"line":54,"column":16},"end":{"line":58,"column":18}},"7":{"start":{"line":74,"column":16},"end":{"line":78,"column":18}}},"fnMap":{"0":{"name":"Sidebar","decl":{"start":{"line":3,"column":24},"end":{"line":3,"column":31}},"loc":{"start":{"line":3,"column":34},"end":{"line":88,"column":1}},"line":3},"1":{"name":"(anonymous_1)","decl":{"start":{"line":40,"column":25},"end":{"line":40,"column":26}},"loc":{"start":{"line":41,"column":16},"end":{"line":45,"column":18}},"line":41},"2":{"name":"(anonymous_2)","decl":{"start":{"line":53,"column":25},"end":{"line":53,"column":26}},"loc":{"start":{"line":54,"column":16},"end":{"line":58,"column":18}},"line":54},"3":{"name":"(anonymous_3)","decl":{"start":{"line":73,"column":25},"end":{"line":73,"column":26}},"loc":{"start":{"line":74,"column":16},"end":{"line":78,"column":18}},"line":74}},"branchMap":{"0":{"loc":{"start":{"line":7,"column":20},"end":{"line":7,"column":58}},"type":"binary-expr","locations":[{"start":{"line":7,"column":20},"end":{"line":7,"column":38}},{"start":{"line":7,"column":42},"end":{"line":7,"column":58}}],"line":7},"1":{"loc":{"start":{"line":18,"column":7},"end":{"line":32,"column":7}},"type":"binary-expr","locations":[{"start":{"line":18,"column":7},"end":{"line":18,"column":11}},{"start":{"line":19,"column":8},"end":{"line":31,"column":14}}],"line":18},"2":{"loc":{"start":{"line":36,"column":9},"end":{"line":64,"column":9}},"type":"binary-expr","locations":[{"start":{"line":36,"column":10},"end":{"line":36,"column":21}},{"start":{"line":36,"column":25},"end":{"line":36,"column":34}},{"start":{"line":37,"column":10},"end":{"line":63,"column":13}}],"line":36},"3":{"loc":{"start":{"line":42,"column":18},"end":{"line":44,"column":55}},"type":"cond-expr","locations":[{"start":{"line":43,"column":22},"end":{"line":43,"column":46}},{"start":{"line":44,"column":22},"end":{"line":44,"column":55}}],"line":42},"4":{"loc":{"start":{"line":55,"column":18},"end":{"line":57,"column":55}},"type":"cond-expr","locations":[{"start":{"line":56,"column":22},"end":{"line":56,"column":46}},{"start":{"line":57,"column":22},"end":{"line":57,"column":55}}],"line":55},"5":{"loc":{"start":{"line":66,"column":9},"end":{"line":84,"column":9}},"type":"binary-expr","locations":[{"start":{"line":66,"column":9},"end":{"line":66,"column":18}},{"start":{"line":67,"column":10},"end":{"line":83,"column":13}}],"line":66},"6":{"loc":{"start":{"line":75,"column":18},"end":{"line":77,"column":55}},"type":"cond-expr","locations":[{"start":{"line":76,"column":22},"end":{"line":76,"column":48}},{"start":{"line":77,"column":22},"end":{"line":77,"column":55}}],"line":75}},"s":{"0":11,"1":11,"2":11,"3":11,"4":11,"5":5,"6":5,"7":3},"f":{"0":11,"1":5,"2":5,"3":3},"b":{"0":[11,9],"1":[11,5],"2":[11,9,5],"3":[0,5],"4":[0,5],"5":[11,3],"6":[0,3]},"_coverageSchema":"1a1c01bbd47fc00a2c39e90264f33305004495a9","hash":"f69b2108a1cb39801c7058f24712d0b235da184d"}
,"/Users/hashmith/zluri_bootcamp/frontend/src/components/layout/topbar.jsx": {"path":"/Users/hashmith/zluri_bootcamp/frontend/src/components/layout/topbar.jsx","statementMap":{"0":{"start":{"line":4,"column":15},"end":{"line":4,"column":55}},"1":{"start":{"line":5,"column":19},"end":{"line":5,"column":32}},"2":{"start":{"line":7,"column":23},"end":{"line":11,"column":3}},"3":{"start":{"line":8,"column":4},"end":{"line":8,"column":36}},"4":{"start":{"line":9,"column":4},"end":{"line":9,"column":37}},"5":{"start":{"line":10,"column":4},"end":{"line":10,"column":23}},"6":{"start":{"line":13,"column":2},"end":{"line":44,"column":4}}},"fnMap":{"0":{"name":"Topbar","decl":{"start":{"line":3,"column":24},"end":{"line":3,"column":30}},"loc":{"start":{"line":3,"column":33},"end":{"line":45,"column":1}},"line":3},"1":{"name":"(anonymous_1)","decl":{"start":{"line":7,"column":23},"end":{"line":7,"column":24}},"loc":{"start":{"line":7,"column":29},"end":{"line":11,"column":3}},"line":7}},"branchMap":{"0":{"loc":{"start":{"line":21,"column":11},"end":{"line":40,"column":11}},"type":"binary-expr","locations":[{"start":{"line":21,"column":11},"end":{"line":21,"column":15}},{"start":{"line":22,"column":12},"end":{"line":39,"column":15}}],"line":21}},"s":{"0":9,"1":9,"2":9,"3":1,"4":1,"5":1,"6":9},"f":{"0":9,"1":1},"b":{"0":[9,3]},"_coverageSchema":"1a1c01bbd47fc00a2c39e90264f33305004495a9","hash":"efd83b58d85d36c38edc58d18b7166b0eda0ffe1"}
,"/Users/hashmith/zluri_bootcamp/frontend/src/context/ToastContext.jsx": {"path":"/Users/hashmith/zluri_bootcamp/frontend/src/context/ToastContext.jsx","statementMap":{"0":{"start":{"line":3,"column":21},"end":{"line":3,"column":40}},"1":{"start":{"line":6,"column":30},"end":{"line":6,"column":42}},"2":{"start":{"line":8,"column":19},"end":{"line":16,"column":8}},"3":{"start":{"line":9,"column":15},"end":{"line":9,"column":25}},"4":{"start":{"line":10,"column":4},"end":{"line":10,"column":56}},"5":{"start":{"line":10,"column":22},"end":{"line":10,"column":54}},"6":{"start":{"line":13,"column":4},"end":{"line":15,"column":13}},"7":{"start":{"line":14,"column":6},"end":{"line":14,"column":55}},"8":{"start":{"line":14,"column":24},"end":{"line":14,"column":53}},"9":{"start":{"line":14,"column":41},"end":{"line":14,"column":52}},"10":{"start":{"line":18,"column":22},"end":{"line":20,"column":8}},"11":{"start":{"line":19,"column":4},"end":{"line":19,"column":53}},"12":{"start":{"line":19,"column":22},"end":{"line":19,"column":51}},"13":{"start":{"line":19,"column":39},"end":{"line":19,"column":50}},"14":{"start":{"line":22,"column":18},"end":{"line":22,"column":84}},"15":{"start":{"line":22,"column":43},"end":{"line":22,"column":71}},"16":{"start":{"line":23,"column":16},"end":{"line":23,"column":80}},"17":{"start":{"line":23,"column":41},"end":{"line":23,"column":67}},"18":{"start":{"line":24,"column":15},"end":{"line":24,"column":78}},"19":{"start":{"line":24,"column":40},"end":{"line":24,"column":65}},"20":{"start":{"line":25,"column":18},"end":{"line":25,"column":84}},"21":{"start":{"line":25,"column":43},"end":{"line":25,"column":71}},"22":{"start":{"line":27,"column":2},"end":{"line":32,"column":4}},"23":{"start":{"line":36,"column":2},"end":{"line":36,"column":39}},"24":{"start":{"line":36,"column":27},"end":{"line":36,"column":39}},"25":{"start":{"line":38,"column":25},"end":{"line":49,"column":3}},"26":{"start":{"line":39,"column":4},"end":{"line":48,"column":5}},"27":{"start":{"line":41,"column":8},"end":{"line":41,"column":41}},"28":{"start":{"line":43,"column":8},"end":{"line":43,"column":39}},"29":{"start":{"line":45,"column":8},"end":{"line":45,"column":42}},"30":{"start":{"line":47,"column":8},"end":{"line":47,"column":40}},"31":{"start":{"line":51,"column":18},"end":{"line":62,"column":3}},"32":{"start":{"line":52,"column":4},"end":{"line":61,"column":5}},"33":{"start":{"line":54,"column":8},"end":{"line":54,"column":19}},"34":{"start":{"line":56,"column":8},"end":{"line":56,"column":19}},"35":{"start":{"line":58,"column":8},"end":{"line":58,"column":19}},"36":{"start":{"line":60,"column":8},"end":{"line":60,"column":19}},"37":{"start":{"line":64,"column":2},"end":{"line":82,"column":4}},"38":{"start":{"line":67,"column":8},"end":{"line":79,"column":14}},"39":{"start":{"line":74,"column":27},"end":{"line":74,"column":48}},"40":{"start":{"line":86,"column":18},"end":{"line":86,"column":42}},"41":{"start":{"line":87,"column":2},"end":{"line":89,"column":3}},"42":{"start":{"line":88,"column":4},"end":{"line":88,"column":68}},"43":{"start":{"line":90,"column":2},"end":{"line":90,"column":17}}},"fnMap":{"0":{"name":"ToastProvider","decl":{"start":{"line":5,"column":16},"end":{"line":5,"column":29}},"loc":{"start":{"line":5,"column":44},"end":{"line":33,"column":1}},"line":5},"1":{"name":"(anonymous_1)","decl":{"start":{"line":8,"column":31},"end":{"line":8,"column":32}},"loc":{"start":{"line":8,"column":59},"end":{"line":16,"column":3}},"line":8},"2":{"name":"(anonymous_2)","decl":{"start":{"line":10,"column":14},"end":{"line":10,"column":15}},"loc":{"start":{"line":10,"column":22},"end":{"line":10,"column":54}},"line":10},"3":{"name":"(anonymous_3)","decl":{"start":{"line":13,"column":15},"end":{"line":13,"column":16}},"loc":{"start":{"line":13,"column":21},"end":{"line":15,"column":5}},"line":13},"4":{"name":"(anonymous_4)","decl":{"start":{"line":14,"column":16},"end":{"line":14,"column":17}},"loc":{"start":{"line":14,"column":24},"end":{"line":14,"column":53}},"line":14},"5":{"name":"(anonymous_5)","decl":{"start":{"line":14,"column":36},"end":{"line":14,"column":37}},"loc":{"start":{"line":14,"column":41},"end":{"line":14,"column":52}},"line":14},"6":{"name":"(anonymous_6)","decl":{"start":{"line":18,"column":34},"end":{"line":18,"column":35}},"loc":{"start":{"line":18,"column":42},"end":{"line":20,"column":3}},"line":18},"7":{"name":"(anonymous_7)","decl":{"start":{"line":19,"column":14},"end":{"line":19,"column":15}},"loc":{"start":{"line":19,"column":22},"end":{"line":19,"column":51}},"line":19},"8":{"name":"(anonymous_8)","decl":{"start":{"line":19,"column":34},"end":{"line":19,"column":35}},"loc":{"start":{"line":19,"column":39},"end":{"line":19,"column":50}},"line":19},"9":{"name":"(anonymous_9)","decl":{"start":{"line":22,"column":30},"end":{"line":22,"column":31}},"loc":{"start":{"line":22,"column":43},"end":{"line":22,"column":71}},"line":22},"10":{"name":"(anonymous_10)","decl":{"start":{"line":23,"column":28},"end":{"line":23,"column":29}},"loc":{"start":{"line":23,"column":41},"end":{"line":23,"column":67}},"line":23},"11":{"name":"(anonymous_11)","decl":{"start":{"line":24,"column":27},"end":{"line":24,"column":28}},"loc":{"start":{"line":24,"column":40},"end":{"line":24,"column":65}},"line":24},"12":{"name":"(anonymous_12)","decl":{"start":{"line":25,"column":30},"end":{"line":25,"column":31}},"loc":{"start":{"line":25,"column":43},"end":{"line":25,"column":71}},"line":25},"13":{"name":"ToastContainer","decl":{"start":{"line":35,"column":9},"end":{"line":35,"column":23}},"loc":{"start":{"line":35,"column":49},"end":{"line":83,"column":1}},"line":35},"14":{"name":"(anonymous_14)","decl":{"start":{"line":38,"column":25},"end":{"line":38,"column":26}},"loc":{"start":{"line":38,"column":35},"end":{"line":49,"column":3}},"line":38},"15":{"name":"(anonymous_15)","decl":{"start":{"line":51,"column":18},"end":{"line":51,"column":19}},"loc":{"start":{"line":51,"column":28},"end":{"line":62,"column":3}},"line":51},"16":{"name":"(anonymous_16)","decl":{"start":{"line":66,"column":18},"end":{"line":66,"column":19}},"loc":{"start":{"line":67,"column":8},"end":{"line":79,"column":14}},"line":67},"17":{"name":"(anonymous_17)","decl":{"start":{"line":74,"column":21},"end":{"line":74,"column":22}},"loc":{"start":{"line":74,"column":27},"end":{"line":74,"column":48}},"line":74},"18":{"name":"useToast","decl":{"start":{"line":85,"column":16},"end":{"line":85,"column":24}},"loc":{"start":{"line":85,"column":27},"end":{"line":91,"column":1}},"line":85}},"branchMap":{"0":{"loc":{"start":{"line":8,"column":41},"end":{"line":8,"column":54}},"type":"default-arg","locations":[{"start":{"line":8,"column":48},"end":{"line":8,"column":54}}],"line":8},"1":{"loc":{"start":{"line":36,"column":2},"end":{"line":36,"column":39}},"type":"if","locations":[{"start":{"line":36,"column":2},"end":{"line":36,"column":39}},{"start":{},"end":{}}],"line":36},"2":{"loc":{"start":{"line":39,"column":4},"end":{"line":48,"column":5}},"type":"switch","locations":[{"start":{"line":40,"column":6},"end":{"line":41,"column":41}},{"start":{"line":42,"column":6},"end":{"line":43,"column":39}},{"start":{"line":44,"column":6},"end":{"line":45,"column":42}},{"start":{"line":46,"column":6},"end":{"line":47,"column":40}}],"line":39},"3":{"loc":{"start":{"line":52,"column":4},"end":{"line":61,"column":5}},"type":"switch","locations":[{"start":{"line":53,"column":6},"end":{"line":54,"column":19}},{"start":{"line":55,"column":6},"end":{"line":56,"column":19}},{"start":{"line":57,"column":6},"end":{"line":58,"column":19}},{"start":{"line":59,"column":6},"end":{"line":60,"column":19}}],"line":52},"4":{"loc":{"start":{"line":87,"column":2},"end":{"line":89,"column":3}},"type":"if","locations":[{"start":{"line":87,"column":2},"end":{"line":89,"column":3}},{"start":{},"end":{}}],"line":87}},"s":{"0":2,"1":48,"2":48,"3":21,"4":21,"5":21,"6":21,"7":1,"8":1,"9":1,"10":48,"11":1,"12":1,"13":1,"14":48,"15":10,"16":48,"17":5,"18":48,"19":3,"20":48,"21":2,"22":48,"23":48,"24":27,"25":21,"26":24,"27":12,"28":6,"29":2,"30":4,"31":21,"32":24,"33":12,"34":6,"35":2,"36":4,"37":21,"38":24,"39":1,"40":69,"41":68,"42":2,"43":66},"f":{"0":48,"1":21,"2":21,"3":1,"4":1,"5":1,"6":1,"7":1,"8":1,"9":10,"10":5,"11":3,"12":2,"13":48,"14":24,"15":24,"16":24,"17":1,"18":69},"b":{"0":[0],"1":[27,21],"2":[12,6,2,4],"3":[12,6,2,4],"4":[2,66]},"_coverageSchema":"1a1c01bbd47fc00a2c39e90264f33305004495a9","hash":"418d4a2857af088b54eb9a313f4b32b2179c96a5"}
,"/Users/hashmith/zluri_bootcamp/frontend/src/hooks/useApi.js": {"path":"/Users/hashmith/zluri_bootcamp/frontend/src/hooks/useApi.js","statementMap":{"0":{"start":{"line":5,"column":26},"end":{"line":5,"column":40}},"1":{"start":{"line":6,"column":32},"end":{"line":6,"column":47}},"2":{"start":{"line":7,"column":28},"end":{"line":7,"column":42}},"3":{"start":{"line":9,"column":18},"end":{"line":22,"column":19}},"4":{"start":{"line":10,"column":4},"end":{"line":10,"column":21}},"5":{"start":{"line":11,"column":4},"end":{"line":11,"column":19}},"6":{"start":{"line":12,"column":4},"end":{"line":21,"column":5}},"7":{"start":{"line":13,"column":21},"end":{"line":13,"column":47}},"8":{"start":{"line":14,"column":6},"end":{"line":14,"column":22}},"9":{"start":{"line":15,"column":6},"end":{"line":15,"column":20}},"10":{"start":{"line":17,"column":6},"end":{"line":17,"column":28}},"11":{"start":{"line":18,"column":6},"end":{"line":18,"column":16}},"12":{"start":{"line":20,"column":6},"end":{"line":20,"column":24}},"13":{"start":{"line":24,"column":16},"end":{"line":28,"column":8}},"14":{"start":{"line":25,"column":4},"end":{"line":25,"column":18}},"15":{"start":{"line":26,"column":4},"end":{"line":26,"column":19}},"16":{"start":{"line":27,"column":4},"end":{"line":27,"column":22}},"17":{"start":{"line":30,"column":2},"end":{"line":30,"column":50}},"18":{"start":{"line":35,"column":26},"end":{"line":35,"column":40}},"19":{"start":{"line":36,"column":32},"end":{"line":36,"column":46}},"20":{"start":{"line":37,"column":28},"end":{"line":37,"column":42}},"21":{"start":{"line":39,"column":18},"end":{"line":51,"column":19}},"22":{"start":{"line":40,"column":4},"end":{"line":40,"column":21}},"23":{"start":{"line":41,"column":4},"end":{"line":41,"column":19}},"24":{"start":{"line":42,"column":4},"end":{"line":50,"column":5}},"25":{"start":{"line":43,"column":21},"end":{"line":43,"column":40}},"26":{"start":{"line":44,"column":6},"end":{"line":44,"column":22}},"27":{"start":{"line":45,"column":6},"end":{"line":45,"column":20}},"28":{"start":{"line":47,"column":6},"end":{"line":47,"column":28}},"29":{"start":{"line":49,"column":6},"end":{"line":49,"column":24}},"30":{"start":{"line":53,"column":2},"end":{"line":53,"column":52}}},"fnMap":{"0":{"name":"useApi","decl":{"start":{"line":4,"column":16},"end":{"line":4,"column":22}},"loc":{"start":{"line":4,"column":36},"end":{"line":31,"column":1}},"line":4},"1":{"name":"(anonymous_1)","decl":{"start":{"line":9,"column":30},"end":{"line":9,"column":31}},"loc":{"start":{"line":9,"column":49},"end":{"line":22,"column":3}},"line":9},"2":{"name":"(anonymous_2)","decl":{"start":{"line":24,"column":28},"end":{"line":24,"column":29}},"loc":{"start":{"line":24,"column":34},"end":{"line":28,"column":3}},"line":24},"3":{"name":"useFetch","decl":{"start":{"line":34,"column":16},"end":{"line":34,"column":24}},"loc":{"start":{"line":34,"column":57},"end":{"line":54,"column":1}},"line":34},"4":{"name":"(anonymous_4)","decl":{"start":{"line":39,"column":30},"end":{"line":39,"column":31}},"loc":{"start":{"line":39,"column":42},"end":{"line":51,"column":3}},"line":39}},"branchMap":{"0":{"loc":{"start":{"line":34,"column":38},"end":{"line":34,"column":55}},"type":"default-arg","locations":[{"start":{"line":34,"column":53},"end":{"line":34,"column":55}}],"line":34}},"s":{"0":26,"1":26,"2":26,"3":26,"4":13,"5":13,"6":13,"7":13,"8":9,"9":9,"10":4,"11":4,"12":13,"13":26,"14":2,"15":2,"16":2,"17":26,"18":15,"19":15,"20":15,"21":15,"22":7,"23":7,"24":7,"25":7,"26":5,"27":5,"28":2,"29":7,"30":15},"f":{"0":26,"1":13,"2":2,"3":15,"4":7},"b":{"0":[15]},"_coverageSchema":"1a1c01bbd47fc00a2c39e90264f33305004495a9","hash":"9099fbc6a5207367502ae73a6d40d85b709941d8"}
,"/Users/hashmith/zluri_bootcamp/frontend/src/hooks/useAuth.js": {"path":"/Users/hashmith/zluri_bootcamp/frontend/src/hooks/useAuth.js","statementMap":{"0":{"start":{"line":6,"column":15},"end":{"line":6,"column":55}},"1":{"start":{"line":7,"column":16},"end":{"line":7,"column":45}},"2":{"start":{"line":9,"column":17},"end":{"line":13,"column":8}},"3":{"start":{"line":10,"column":4},"end":{"line":10,"column":36}},"4":{"start":{"line":11,"column":4},"end":{"line":11,"column":37}},"5":{"start":{"line":12,"column":4},"end":{"line":12,"column":36}},"6":{"start":{"line":15,"column":20},"end":{"line":19,"column":18}},"7":{"start":{"line":16,"column":4},"end":{"line":16,"column":34}},"8":{"start":{"line":16,"column":21},"end":{"line":16,"column":34}},"9":{"start":{"line":17,"column":25},"end":{"line":17,"column":53}},"10":{"start":{"line":18,"column":4},"end":{"line":18,"column":54}},"11":{"start":{"line":18,"column":34},"end":{"line":18,"column":52}},"12":{"start":{"line":21,"column":2},"end":{"line":28,"column":4}}},"fnMap":{"0":{"name":"useAuth","decl":{"start":{"line":5,"column":16},"end":{"line":5,"column":23}},"loc":{"start":{"line":5,"column":26},"end":{"line":29,"column":1}},"line":5},"1":{"name":"(anonymous_1)","decl":{"start":{"line":9,"column":29},"end":{"line":9,"column":30}},"loc":{"start":{"line":9,"column":35},"end":{"line":13,"column":3}},"line":9},"2":{"name":"(anonymous_2)","decl":{"start":{"line":15,"column":32},"end":{"line":15,"column":33}},"loc":{"start":{"line":15,"column":42},"end":{"line":19,"column":3}},"line":15},"3":{"name":"(anonymous_3)","decl":{"start":{"line":18,"column":29},"end":{"line":18,"column":30}},"loc":{"start":{"line":18,"column":34},"end":{"line":18,"column":52}},"line":18}},"branchMap":{"0":{"loc":{"start":{"line":16,"column":4},"end":{"line":16,"column":34}},"type":"if","locations":[{"start":{"line":16,"column":4},"end":{"line":16,"column":34}},{"start":{},"end":{}}],"line":16},"1":{"loc":{"start":{"line":17,"column":25},"end":{"line":17,"column":53}},"type":"binary-expr","locations":[{"start":{"line":17,"column":25},"end":{"line":17,"column":47}},{"start":{"line":17,"column":51},"end":{"line":17,"column":53}}],"line":17},"2":{"loc":{"start":{"line":24,"column":21},"end":{"line":24,"column":38}},"type":"binary-expr","locations":[{"start":{"line":24,"column":21},"end":{"line":24,"column":27}},{"start":{"line":24,"column":31},"end":{"line":24,"column":38}}],"line":24}},"s":{"0":18,"1":18,"2":18,"3":1,"4":1,"5":1,"6":18,"7":15,"8":2,"9":13,"10":13,"11":25,"12":18},"f":{"0":18,"1":1,"2":15,"3":25},"b":{"0":[2,13],"1":[13,1],"2":[18,14]},"_coverageSchema":"1a1c01bbd47fc00a2c39e90264f33305004495a9","hash":"e6678391891d263ca3ca9571d515fc531bc2eb92"}
,"/Users/hashmith/zluri_bootcamp/frontend/src/pages/ApprovalDashboard.jsx": {"path":"/Users/hashmith/zluri_bootcamp/frontend/src/pages/ApprovalDashboard.jsx","statementMap":{"0":{"start":{"line":14,"column":34},"end":{"line":14,"column":46}},"1":{"start":{"line":15,"column":32},"end":{"line":15,"column":46}},"2":{"start":{"line":16,"column":30},"end":{"line":16,"column":49}},"3":{"start":{"line":17,"column":38},"end":{"line":17,"column":50}},"4":{"start":{"line":18,"column":48},"end":{"line":18,"column":60}},"5":{"start":{"line":19,"column":40},"end":{"line":19,"column":55}},"6":{"start":{"line":20,"column":42},"end":{"line":20,"column":54}},"7":{"start":{"line":21,"column":40},"end":{"line":21,"column":51}},"8":{"start":{"line":22,"column":48},"end":{"line":22,"column":62}},"9":{"start":{"line":23,"column":50},"end":{"line":23,"column":65}},"10":{"start":{"line":24,"column":48},"end":{"line":24,"column":63}},"11":{"start":{"line":25,"column":48},"end":{"line":25,"column":63}},"12":{"start":{"line":26,"column":42},"end":{"line":26,"column":54}},"13":{"start":{"line":27,"column":44},"end":{"line":27,"column":59}},"14":{"start":{"line":28,"column":28},"end":{"line":28,"column":97}},"15":{"start":{"line":29,"column":16},"end":{"line":29,"column":26}},"16":{"start":{"line":32,"column":2},"end":{"line":38,"column":19}},"17":{"start":{"line":33,"column":18},"end":{"line":36,"column":11}},"18":{"start":{"line":34,"column":6},"end":{"line":34,"column":37}},"19":{"start":{"line":35,"column":6},"end":{"line":35,"column":24}},"20":{"start":{"line":37,"column":4},"end":{"line":37,"column":37}},"21":{"start":{"line":37,"column":17},"end":{"line":37,"column":36}},"22":{"start":{"line":40,"column":24},"end":{"line":54,"column":3}},"23":{"start":{"line":41,"column":4},"end":{"line":53,"column":5}},"24":{"start":{"line":42,"column":6},"end":{"line":42,"column":23}},"25":{"start":{"line":43,"column":21},"end":{"line":43,"column":23}},"26":{"start":{"line":44,"column":6},"end":{"line":46,"column":7}},"27":{"start":{"line":45,"column":8},"end":{"line":45,"column":37}},"28":{"start":{"line":47,"column":19},"end":{"line":47,"column":63}},"29":{"start":{"line":48,"column":6},"end":{"line":48,"column":39}},"30":{"start":{"line":50,"column":6},"end":{"line":50,"column":31}},"31":{"start":{"line":52,"column":6},"end":{"line":52,"column":24}},"32":{"start":{"line":57,"column":21},"end":{"line":72,"column":3}},"33":{"start":{"line":58,"column":4},"end":{"line":71,"column":5}},"34":{"start":{"line":59,"column":19},"end":{"line":59,"column":59}},"35":{"start":{"line":60,"column":26},"end":{"line":60,"column":45}},"36":{"start":{"line":61,"column":6},"end":{"line":67,"column":9}},"37":{"start":{"line":63,"column":41},"end":{"line":63,"column":63}},"38":{"start":{"line":64,"column":42},"end":{"line":64,"column":65}},"39":{"start":{"line":65,"column":40},"end":{"line":65,"column":61}},"40":{"start":{"line":66,"column":42},"end":{"line":66,"column":65}},"41":{"start":{"line":70,"column":6},"end":{"line":70,"column":51}},"42":{"start":{"line":74,"column":2},"end":{"line":78,"column":15}},"43":{"start":{"line":75,"column":4},"end":{"line":75,"column":26}},"44":{"start":{"line":76,"column":4},"end":{"line":76,"column":17}},"45":{"start":{"line":81,"column":27},"end":{"line":113,"column":46}},"46":{"start":{"line":82,"column":4},"end":{"line":112,"column":7}},"47":{"start":{"line":83,"column":6},"end":{"line":83,"column":40}},"48":{"start":{"line":83,"column":28},"end":{"line":83,"column":40}},"49":{"start":{"line":85,"column":26},"end":{"line":85,"column":55}},"50":{"start":{"line":87,"column":6},"end":{"line":111,"column":7}},"51":{"start":{"line":89,"column":10},"end":{"line":89,"column":66}},"52":{"start":{"line":91,"column":10},"end":{"line":91,"column":74}},"53":{"start":{"line":93,"column":10},"end":{"line":93,"column":73}},"54":{"start":{"line":95,"column":10},"end":{"line":95,"column":72}},"55":{"start":{"line":97,"column":10},"end":{"line":97,"column":115}},"56":{"start":{"line":99,"column":10},"end":{"line":99,"column":67}},"57":{"start":{"line":102,"column":10},"end":{"line":110,"column":12}},"58":{"start":{"line":116,"column":21},"end":{"line":116,"column":70}},"59":{"start":{"line":117,"column":28},"end":{"line":120,"column":3}},"60":{"start":{"line":122,"column":24},"end":{"line":125,"column":3}},"61":{"start":{"line":123,"column":4},"end":{"line":123,"column":32}},"62":{"start":{"line":124,"column":4},"end":{"line":124,"column":30}},"63":{"start":{"line":127,"column":23},"end":{"line":131,"column":3}},"64":{"start":{"line":128,"column":4},"end":{"line":128,"column":32}},"65":{"start":{"line":129,"column":4},"end":{"line":129,"column":24}},"66":{"start":{"line":130,"column":4},"end":{"line":130,"column":29}},"67":{"start":{"line":133,"column":27},"end":{"line":136,"column":3}},"68":{"start":{"line":134,"column":4},"end":{"line":134,"column":32}},"69":{"start":{"line":135,"column":4},"end":{"line":135,"column":29}},"70":{"start":{"line":138,"column":25},"end":{"line":162,"column":3}},"71":{"start":{"line":139,"column":4},"end":{"line":139,"column":33}},"72":{"start":{"line":139,"column":26},"end":{"line":139,"column":33}},"73":{"start":{"line":141,"column":4},"end":{"line":141,"column":27}},"74":{"start":{"line":142,"column":4},"end":{"line":161,"column":5}},"75":{"start":{"line":143,"column":21},"end":{"line":143,"column":89}},"76":{"start":{"line":145,"column":6},"end":{"line":156,"column":7}},"77":{"start":{"line":146,"column":8},"end":{"line":146,"column":82}},"78":{"start":{"line":147,"column":8},"end":{"line":147,"column":35}},"79":{"start":{"line":150,"column":8},"end":{"line":153,"column":17}},"80":{"start":{"line":151,"column":10},"end":{"line":151,"column":32}},"81":{"start":{"line":152,"column":10},"end":{"line":152,"column":23}},"82":{"start":{"line":155,"column":8},"end":{"line":155,"column":67}},"83":{"start":{"line":158,"column":6},"end":{"line":158,"column":62}},"84":{"start":{"line":160,"column":6},"end":{"line":160,"column":30}},"85":{"start":{"line":164,"column":24},"end":{"line":192,"column":3}},"86":{"start":{"line":165,"column":4},"end":{"line":165,"column":33}},"87":{"start":{"line":165,"column":26},"end":{"line":165,"column":33}},"88":{"start":{"line":166,"column":4},"end":{"line":169,"column":5}},"89":{"start":{"line":167,"column":6},"end":{"line":167,"column":55}},"90":{"start":{"line":168,"column":6},"end":{"line":168,"column":13}},"91":{"start":{"line":171,"column":4},"end":{"line":171,"column":27}},"92":{"start":{"line":172,"column":4},"end":{"line":191,"column":5}},"93":{"start":{"line":173,"column":21},"end":{"line":173,"column":102}},"94":{"start":{"line":175,"column":6},"end":{"line":186,"column":7}},"95":{"start":{"line":176,"column":8},"end":{"line":176,"column":69}},"96":{"start":{"line":177,"column":8},"end":{"line":177,"column":34}},"97":{"start":{"line":180,"column":8},"end":{"line":183,"column":17}},"98":{"start":{"line":181,"column":10},"end":{"line":181,"column":32}},"99":{"start":{"line":182,"column":10},"end":{"line":182,"column":23}},"100":{"start":{"line":185,"column":8},"end":{"line":185,"column":66}},"101":{"start":{"line":188,"column":6},"end":{"line":188,"column":61}},"102":{"start":{"line":190,"column":6},"end":{"line":190,"column":30}},"103":{"start":{"line":194,"column":21},"end":{"line":196,"column":3}},"104":{"start":{"line":195,"column":4},"end":{"line":195,"column":49}},"105":{"start":{"line":198,"column":2},"end":{"line":204,"column":3}},"106":{"start":{"line":199,"column":4},"end":{"line":203,"column":6}},"107":{"start":{"line":206,"column":2},"end":{"line":592,"column":4}},"108":{"start":{"line":216,"column":24},"end":{"line":216,"column":42}},"109":{"start":{"line":217,"column":10},"end":{"line":232,"column":12}},"110":{"start":{"line":220,"column":31},"end":{"line":220,"column":49}},"111":{"start":{"line":220,"column":50},"end":{"line":220,"column":68}},"112":{"start":{"line":240,"column":27},"end":{"line":240,"column":57}},"113":{"start":{"line":256,"column":27},"end":{"line":256,"column":56}},"114":{"start":{"line":265,"column":14},"end":{"line":265,"column":54}},"115":{"start":{"line":266,"column":14},"end":{"line":266,"column":32}},"116":{"start":{"line":301,"column":39},"end":{"line":301,"column":108}},"117":{"start":{"line":303,"column":16},"end":{"line":363,"column":16}},"118":{"start":{"line":339,"column":39},"end":{"line":339,"column":64}},"119":{"start":{"line":347,"column":43},"end":{"line":347,"column":65}},"120":{"start":{"line":353,"column":43},"end":{"line":353,"column":64}},"121":{"start":{"line":377,"column":31},"end":{"line":377,"column":70}},"122":{"start":{"line":377,"column":51},"end":{"line":377,"column":69}},"123":{"start":{"line":383,"column":60},"end":{"line":383,"column":65}},"124":{"start":{"line":384,"column":16},"end":{"line":392,"column":25}},"125":{"start":{"line":386,"column":33},"end":{"line":386,"column":53}},"126":{"start":{"line":395,"column":31},"end":{"line":395,"column":79}},"127":{"start":{"line":395,"column":51},"end":{"line":395,"column":78}},"128":{"start":{"line":409,"column":23},"end":{"line":409,"column":49}},"129":{"start":{"line":421,"column":23},"end":{"line":421,"column":48}},"130":{"start":{"line":431,"column":29},"end":{"line":431,"column":60}},"131":{"start":{"line":438,"column":29},"end":{"line":438,"column":54}},"132":{"start":{"line":458,"column":23},"end":{"line":458,"column":48}},"133":{"start":{"line":466,"column":37},"end":{"line":466,"column":130}},"134":{"start":{"line":467,"column":14},"end":{"line":484,"column":16}},"135":{"start":{"line":479,"column":24},"end":{"line":479,"column":51}}},"fnMap":{"0":{"name":"ApprovalDashboard","decl":{"start":{"line":13,"column":24},"end":{"line":13,"column":41}},"loc":{"start":{"line":13,"column":44},"end":{"line":593,"column":1}},"line":13},"1":{"name":"(anonymous_1)","decl":{"start":{"line":32,"column":12},"end":{"line":32,"column":13}},"loc":{"start":{"line":32,"column":18},"end":{"line":38,"column":3}},"line":32},"2":{"name":"(anonymous_2)","decl":{"start":{"line":33,"column":29},"end":{"line":33,"column":30}},"loc":{"start":{"line":33,"column":35},"end":{"line":36,"column":5}},"line":33},"3":{"name":"(anonymous_3)","decl":{"start":{"line":37,"column":11},"end":{"line":37,"column":12}},"loc":{"start":{"line":37,"column":17},"end":{"line":37,"column":36}},"line":37},"4":{"name":"(anonymous_4)","decl":{"start":{"line":40,"column":24},"end":{"line":40,"column":25}},"loc":{"start":{"line":40,"column":55},"end":{"line":54,"column":3}},"line":40},"5":{"name":"(anonymous_5)","decl":{"start":{"line":57,"column":21},"end":{"line":57,"column":22}},"loc":{"start":{"line":57,"column":33},"end":{"line":72,"column":3}},"line":57},"6":{"name":"(anonymous_6)","decl":{"start":{"line":63,"column":36},"end":{"line":63,"column":37}},"loc":{"start":{"line":63,"column":41},"end":{"line":63,"column":63}},"line":63},"7":{"name":"(anonymous_7)","decl":{"start":{"line":64,"column":37},"end":{"line":64,"column":38}},"loc":{"start":{"line":64,"column":42},"end":{"line":64,"column":65}},"line":64},"8":{"name":"(anonymous_8)","decl":{"start":{"line":65,"column":35},"end":{"line":65,"column":36}},"loc":{"start":{"line":65,"column":40},"end":{"line":65,"column":61}},"line":65},"9":{"name":"(anonymous_9)","decl":{"start":{"line":66,"column":37},"end":{"line":66,"column":38}},"loc":{"start":{"line":66,"column":42},"end":{"line":66,"column":65}},"line":66},"10":{"name":"(anonymous_10)","decl":{"start":{"line":74,"column":12},"end":{"line":74,"column":13}},"loc":{"start":{"line":74,"column":18},"end":{"line":78,"column":3}},"line":74},"11":{"name":"(anonymous_11)","decl":{"start":{"line":81,"column":35},"end":{"line":81,"column":36}},"loc":{"start":{"line":81,"column":41},"end":{"line":113,"column":3}},"line":81},"12":{"name":"(anonymous_12)","decl":{"start":{"line":82,"column":27},"end":{"line":82,"column":28}},"loc":{"start":{"line":82,"column":34},"end":{"line":112,"column":5}},"line":82},"13":{"name":"(anonymous_13)","decl":{"start":{"line":122,"column":24},"end":{"line":122,"column":25}},"loc":{"start":{"line":122,"column":37},"end":{"line":125,"column":3}},"line":122},"14":{"name":"(anonymous_14)","decl":{"start":{"line":127,"column":23},"end":{"line":127,"column":24}},"loc":{"start":{"line":127,"column":36},"end":{"line":131,"column":3}},"line":127},"15":{"name":"(anonymous_15)","decl":{"start":{"line":133,"column":27},"end":{"line":133,"column":28}},"loc":{"start":{"line":133,"column":40},"end":{"line":136,"column":3}},"line":133},"16":{"name":"(anonymous_16)","decl":{"start":{"line":138,"column":25},"end":{"line":138,"column":26}},"loc":{"start":{"line":138,"column":37},"end":{"line":162,"column":3}},"line":138},"17":{"name":"(anonymous_17)","decl":{"start":{"line":150,"column":19},"end":{"line":150,"column":20}},"loc":{"start":{"line":150,"column":25},"end":{"line":153,"column":9}},"line":150},"18":{"name":"(anonymous_18)","decl":{"start":{"line":164,"column":24},"end":{"line":164,"column":25}},"loc":{"start":{"line":164,"column":36},"end":{"line":192,"column":3}},"line":164},"19":{"name":"(anonymous_19)","decl":{"start":{"line":180,"column":19},"end":{"line":180,"column":20}},"loc":{"start":{"line":180,"column":25},"end":{"line":183,"column":9}},"line":180},"20":{"name":"(anonymous_20)","decl":{"start":{"line":194,"column":21},"end":{"line":194,"column":22}},"loc":{"start":{"line":194,"column":37},"end":{"line":196,"column":3}},"line":194},"21":{"name":"(anonymous_21)","decl":{"start":{"line":215,"column":66},"end":{"line":215,"column":67}},"loc":{"start":{"line":215,"column":76},"end":{"line":233,"column":9}},"line":215},"22":{"name":"(anonymous_22)","decl":{"start":{"line":220,"column":23},"end":{"line":220,"column":24}},"loc":{"start":{"line":220,"column":29},"end":{"line":220,"column":70}},"line":220},"23":{"name":"(anonymous_23)","decl":{"start":{"line":240,"column":20},"end":{"line":240,"column":21}},"loc":{"start":{"line":240,"column":27},"end":{"line":240,"column":57}},"line":240},"24":{"name":"(anonymous_24)","decl":{"start":{"line":256,"column":20},"end":{"line":256,"column":21}},"loc":{"start":{"line":256,"column":27},"end":{"line":256,"column":56}},"line":256},"25":{"name":"(anonymous_25)","decl":{"start":{"line":264,"column":22},"end":{"line":264,"column":23}},"loc":{"start":{"line":264,"column":29},"end":{"line":267,"column":13}},"line":264},"26":{"name":"(anonymous_26)","decl":{"start":{"line":300,"column":36},"end":{"line":300,"column":37}},"loc":{"start":{"line":300,"column":47},"end":{"line":364,"column":15}},"line":300},"27":{"name":"(anonymous_27)","decl":{"start":{"line":339,"column":33},"end":{"line":339,"column":34}},"loc":{"start":{"line":339,"column":39},"end":{"line":339,"column":64}},"line":339},"28":{"name":"(anonymous_28)","decl":{"start":{"line":347,"column":37},"end":{"line":347,"column":38}},"loc":{"start":{"line":347,"column":43},"end":{"line":347,"column":65}},"line":347},"29":{"name":"(anonymous_29)","decl":{"start":{"line":353,"column":37},"end":{"line":353,"column":38}},"loc":{"start":{"line":353,"column":43},"end":{"line":353,"column":64}},"line":353},"30":{"name":"(anonymous_30)","decl":{"start":{"line":377,"column":25},"end":{"line":377,"column":26}},"loc":{"start":{"line":377,"column":31},"end":{"line":377,"column":70}},"line":377},"31":{"name":"(anonymous_31)","decl":{"start":{"line":377,"column":46},"end":{"line":377,"column":47}},"loc":{"start":{"line":377,"column":51},"end":{"line":377,"column":69}},"line":377},"32":{"name":"(anonymous_32)","decl":{"start":{"line":383,"column":50},"end":{"line":383,"column":51}},"loc":{"start":{"line":383,"column":60},"end":{"line":383,"column":65}},"line":383},"33":{"name":"(anonymous_33)","decl":{"start":{"line":383,"column":71},"end":{"line":383,"column":72}},"loc":{"start":{"line":384,"column":16},"end":{"line":392,"column":25}},"line":384},"34":{"name":"(anonymous_34)","decl":{"start":{"line":386,"column":27},"end":{"line":386,"column":28}},"loc":{"start":{"line":386,"column":33},"end":{"line":386,"column":53}},"line":386},"35":{"name":"(anonymous_35)","decl":{"start":{"line":395,"column":25},"end":{"line":395,"column":26}},"loc":{"start":{"line":395,"column":31},"end":{"line":395,"column":79}},"line":395},"36":{"name":"(anonymous_36)","decl":{"start":{"line":395,"column":46},"end":{"line":395,"column":47}},"loc":{"start":{"line":395,"column":51},"end":{"line":395,"column":78}},"line":395},"37":{"name":"(anonymous_37)","decl":{"start":{"line":409,"column":17},"end":{"line":409,"column":18}},"loc":{"start":{"line":409,"column":23},"end":{"line":409,"column":49}},"line":409},"38":{"name":"(anonymous_38)","decl":{"start":{"line":421,"column":17},"end":{"line":421,"column":18}},"loc":{"start":{"line":421,"column":23},"end":{"line":421,"column":48}},"line":421},"39":{"name":"(anonymous_39)","decl":{"start":{"line":431,"column":22},"end":{"line":431,"column":23}},"loc":{"start":{"line":431,"column":29},"end":{"line":431,"column":60}},"line":431},"40":{"name":"(anonymous_40)","decl":{"start":{"line":438,"column":23},"end":{"line":438,"column":24}},"loc":{"start":{"line":438,"column":29},"end":{"line":438,"column":54}},"line":438},"41":{"name":"(anonymous_41)","decl":{"start":{"line":458,"column":17},"end":{"line":458,"column":18}},"loc":{"start":{"line":458,"column":23},"end":{"line":458,"column":48}},"line":458},"42":{"name":"(anonymous_42)","decl":{"start":{"line":465,"column":14},"end":{"line":465,"column":15}},"loc":{"start":{"line":465,"column":20},"end":{"line":485,"column":13}},"line":465},"43":{"name":"(anonymous_43)","decl":{"start":{"line":478,"column":50},"end":{"line":478,"column":51}},"loc":{"start":{"line":479,"column":24},"end":{"line":479,"column":51}},"line":479}},"branchMap":{"0":{"loc":{"start":{"line":40,"column":31},"end":{"line":40,"column":50}},"type":"default-arg","locations":[{"start":{"line":40,"column":46},"end":{"line":40,"column":50}}],"line":40},"1":{"loc":{"start":{"line":44,"column":6},"end":{"line":46,"column":7}},"type":"if","locations":[{"start":{"line":44,"column":6},"end":{"line":46,"column":7}},{"start":{},"end":{}}],"line":44},"2":{"loc":{"start":{"line":44,"column":10},"end":{"line":44,"column":48}},"type":"binary-expr","locations":[{"start":{"line":44,"column":10},"end":{"line":44,"column":22}},{"start":{"line":44,"column":26},"end":{"line":44,"column":48}}],"line":44},"3":{"loc":{"start":{"line":48,"column":18},"end":{"line":48,"column":37}},"type":"binary-expr","locations":[{"start":{"line":48,"column":18},"end":{"line":48,"column":31}},{"start":{"line":48,"column":35},"end":{"line":48,"column":37}}],"line":48},"4":{"loc":{"start":{"line":60,"column":26},"end":{"line":60,"column":45}},"type":"binary-expr","locations":[{"start":{"line":60,"column":26},"end":{"line":60,"column":39}},{"start":{"line":60,"column":43},"end":{"line":60,"column":45}}],"line":60},"5":{"loc":{"start":{"line":83,"column":6},"end":{"line":83,"column":40}},"type":"if","locations":[{"start":{"line":83,"column":6},"end":{"line":83,"column":40}},{"start":{},"end":{}}],"line":83},"6":{"loc":{"start":{"line":87,"column":6},"end":{"line":111,"column":7}},"type":"switch","locations":[{"start":{"line":88,"column":8},"end":{"line":89,"column":66}},{"start":{"line":90,"column":8},"end":{"line":91,"column":74}},{"start":{"line":92,"column":8},"end":{"line":93,"column":73}},{"start":{"line":94,"column":8},"end":{"line":95,"column":72}},{"start":{"line":96,"column":8},"end":{"line":97,"column":115}},{"start":{"line":98,"column":8},"end":{"line":99,"column":67}},{"start":{"line":100,"column":8},"end":{"line":100,"column":19}},{"start":{"line":101,"column":8},"end":{"line":110,"column":12}}],"line":87},"7":{"loc":{"start":{"line":97,"column":17},"end":{"line":97,"column":114}},"type":"binary-expr","locations":[{"start":{"line":97,"column":17},"end":{"line":97,"column":63}},{"start":{"line":97,"column":67},"end":{"line":97,"column":114}}],"line":97},"8":{"loc":{"start":{"line":103,"column":12},"end":{"line":109,"column":61}},"type":"binary-expr","locations":[{"start":{"line":103,"column":12},"end":{"line":103,"column":60}},{"start":{"line":104,"column":12},"end":{"line":104,"column":68}},{"start":{"line":105,"column":12},"end":{"line":105,"column":67}},{"start":{"line":106,"column":12},"end":{"line":106,"column":66}},{"start":{"line":107,"column":12},"end":{"line":107,"column":58}},{"start":{"line":108,"column":12},"end":{"line":108,"column":59}},{"start":{"line":109,"column":12},"end":{"line":109,"column":61}}],"line":103},"9":{"loc":{"start":{"line":139,"column":4},"end":{"line":139,"column":33}},"type":"if","locations":[{"start":{"line":139,"column":4},"end":{"line":139,"column":33}},{"start":{},"end":{}}],"line":139},"10":{"loc":{"start":{"line":145,"column":6},"end":{"line":156,"column":7}},"type":"if","locations":[{"start":{"line":145,"column":6},"end":{"line":156,"column":7}},{"start":{"line":154,"column":13},"end":{"line":156,"column":7}}],"line":145},"11":{"loc":{"start":{"line":155,"column":20},"end":{"line":155,"column":65}},"type":"binary-expr","locations":[{"start":{"line":155,"column":20},"end":{"line":155,"column":34}},{"start":{"line":
[...]
},"loc":{"start":{"line":54,"column":26},"end":{"line":57,"column":4}},"line":54},"4":{"name":"(anonymous_4)","decl":{"start":{"line":62,"column":12},"end":{"line":62,"column":13}},"loc":{"start":{"line":62,"column":18},"end":{"line":62,"column":41}},"line":62},"5":{"name":"(anonymous_5)","decl":{"start":{"line":63,"column":16},"end":{"line":63,"column":17}},"loc":{"start":{"line":63,"column":26},"end":{"line":63,"column":66}},"line":63},"6":{"name":"(anonymous_6)","decl":{"start":{"line":64,"column":16},"end":{"line":64,"column":17}},"loc":{"start":{"line":64,"column":32},"end":{"line":64,"column":78}},"line":64},"7":{"name":"(anonymous_7)","decl":{"start":{"line":69,"column":10},"end":{"line":69,"column":11}},"loc":{"start":{"line":69,"column":20},"end":{"line":72,"column":4}},"line":69},"8":{"name":"(anonymous_8)","decl":{"start":{"line":73,"column":17},"end":{"line":73,"column":18}},"loc":{"start":{"line":73,"column":34},"end":{"line":92,"column":3}},"line":73},"9":{"name":"(anonymous_9)","decl":{"start":{"line":93,"column":13},"end":{"line":93,"column":14}},"loc":{"start":{"line":93,"column":24},"end":{"line":93,"column":62}},"line":93},"10":{"name":"(anonymous_10)","decl":{"start":{"line":98,"column":22},"end":{"line":98,"column":23}},"loc":{"start":{"line":98,"column":39},"end":{"line":117,"column":3}},"line":98},"11":{"name":"(anonymous_11)","decl":{"start":{"line":118,"column":19},"end":{"line":118,"column":20}},"loc":{"start":{"line":118,"column":53},"end":{"line":121,"column":4}},"line":118}},"branchMap":{"0":{"loc":{"start":{"line":7,"column":43},"end":{"line":7,"column":55}},"type":"default-arg","locations":[{"start":{"line":7,"column":53},"end":{"line":7,"column":55}}],"line":7},"1":{"loc":{"start":{"line":13,"column":10},"end":{"line":13,"column":55}},"type":"binary-expr","locations":[{"start":{"line":13,"column":10},"end":{"line":13,"column":15}},{"start":{"line":13,"column":19},"end":{"line":13,"column":55}}],"line":13},"2":{"loc":{"start":{"line":23,"column":4},"end":{"line":28,"column":5}},"type":"if","locations":[{"start":{"line":23,"column":4},"end":{"line":28,"column":5}},{"start":{},"end":{}}],"line":23},"3":{"loc":{"start":{"line":23,"column":8},"end":{"line":23,"column":70}},"type":"binary-expr","locations":[{"start":{"line":23,"column":8},"end":{"line":23,"column":31}},{"start":{"line":23,"column":35},"end":{"line":23,"column":40}},{"start":{"line":23,"column":44},"end":{"line":23,"column":70}}],"line":23},"4":{"loc":{"start":{"line":30,"column":4},"end":{"line":32,"column":5}},"type":"if","locations":[{"start":{"line":30,"column":4},"end":{"line":32,"column":5}},{"start":{},"end":{}}],"line":30},"5":{"loc":{"start":{"line":34,"column":4},"end":{"line":41,"column":5}},"type":"if","locations":[{"start":{"line":34,"column":4},"end":{"line":41,"column":5}},{"start":{},"end":{}}],"line":34},"6":{"loc":{"start":{"line":36,"column":6},"end":{"line":39,"column":7}},"type":"if","locations":[{"start":{"line":36,"column":6},"end":{"line":39,"column":7}},{"start":{},"end":{}}],"line":36},"7":{"loc":{"start":{"line":36,"column":10},"end":{"line":36,"column":51}},"type":"binary-expr","locations":[{"start":{"line":36,"column":10},"end":{"line":36,"column":21}},{"start":{"line":36,"column":25},"end":{"line":36,"column":51}}],"line":36},"8":{"loc":{"start":{"line":40,"column":22},"end":{"line":40,"column":60}},"type":"binary-expr","locations":[{"start":{"line":40,"column":22},"end":{"line":40,"column":34}},{"start":{"line":40,"column":38},"end":{"line":40,"column":60}}],"line":40},"9":{"loc":{"start":{"line":45,"column":4},"end":{"line":47,"column":5}},"type":"if","locations":[{"start":{"line":45,"column":4},"end":{"line":47,"column":5}},{"start":{},"end":{}}],"line":45},"10":{"loc":{"start":{"line":45,"column":8},"end":{"line":45,"column":73}},"type":"binary-expr","locations":[{"start":{"line":45,"column":8},"end":{"line":45,"column":34}},{"start":{"line":45,"column":38},"end":{"line":45,"column":73}}],"line":45},"11":{"loc":{"start":{"line":73,"column":18},"end":{"line":73,"column":29}},"type":"default-arg","locations":[{"start":{"line":73,"column":27},"end":{"line":73,"column":29}}],"line":73},"12":{"loc":{"start":{"line":77,"column":4},"end":{"line":79,"column":5}},"type":"if","locations":[{"start":{"line":77,"column":4},"end":{"line":79,"column":5}},{"start":{},"end":{}}],"line":77},"13":{"loc":{"start":{"line":77,"column":8},"end":{"line":77,"column":48}},"type":"binary-expr","locations":[{"start":{"line":77,"column":8},"end":{"line":77,"column":21}},{"start":{"line":77,"column":25},"end":{"line":77,"column":48}}],"line":77},"14":{"loc":{"start":{"line":80,"column":4},"end":{"line":82,"column":5}},"type":"if","locations":[{"start":{"line":80,"column":4},"end":{"line":82,"column":5}},{"start":{},"end":{}}],"line":80},"15":{"loc":{"start":{"line":83,"column":4},"end":{"line":85,"column":5}},"type":"if","locations":[{"start":{"line":83,"column":4},"end":{"line":85,"column":5}},{"start":{},"end":{}}],"line":83},"16":{"loc":{"start":{"line":83,"column":8},"end":{"line":83,"column":59}},"type":"binary-expr","locations":[{"start":{"line":83,"column":8},"end":{"line":83,"column":34}},{"start":{"line":83,"column":38},"end":{"line":83,"column":59}}],"line":83},"17":{"loc":{"start":{"line":86,"column":4},"end":{"line":88,"column":5}},"type":"if","locations":[{"start":{"line":86,"column":4},"end":{"line":88,"column":5}},{"start":{},"end":{}}],"line":86},"18":{"loc":{"start":{"line":86,"column":8},"end":{"line":86,"column":61}},"type":"binary-expr","locations":[{"start":{"line":86,"column":8},"end":{"line":86,"column":35}},{"start":{"line":86,"column":39},"end":{"line":86,"column":61}}],"line":86},"19":{"loc":{"start":{"line":91,"column":38},"end":{"line":91,"column":74}},"type":"cond-expr","locations":[{"start":{"line":91,"column":52},"end":{"line":91,"column":69}},{"start":{"line":91,"column":72},"end":{"line":91,"column":74}}],"line":91},"20":{"loc":{"start":{"line":98,"column":23},"end":{"line":98,"column":34}},"type":"default-arg","locations":[{"start":{"line":98,"column":32},"end":{"line":98,"column":34}}],"line":98},"21":{"loc":{"start":{"line":102,"column":4},"end":{"line":104,"column":5}},"type":"if","locations":[{"start":{"line":102,"column":4},"end":{"line":104,"column":5}},{"start":{},"end":{}}],"line":102},"22":{"loc":{"start":{"line":102,"column":8},"end":{"line":102,"column":48}},"type":"binary-expr","locations":[{"start":{"line":102,"column":8},"end":{"line":102,"column":21}},{"start":{"line":102,"column":25},"end":{"line":102,"column":48}}],"line":102},"23":{"loc":{"start":{"line":105,"column":4},"end":{"line":107,"column":5}},"type":"if","locations":[{"start":{"line":105,"column":4},"end":{"line":107,"column":5}},{"start":{},"end":{}}],"line":105},"24":{"loc":{"start":{"line":108,"column":4},"end":{"line":110,"column":5}},"type":"if","locations":[{"start":{"line":108,"column":4},"end":{"line":110,"column":5}},{"start":{},"end":{}}],"line":108},"25":{"loc":{"start":{"line":108,"column":8},"end":{"line":108,"column":59}},"type":"binary-expr","locations":[{"start":{"line":108,"column":8},"end":{"line":108,"column":34}},{"start":{"line":108,"column":38},"end":{"line":108,"column":59}}],"line":108},"26":{"loc":{"start":{"line":111,"column":4},"end":{"line":113,"column":5}},"type":"if","locations":[{"start":{"line":111,"column":4},"end":{"line":113,"column":5}},{"start":{},"end":{}}],"line":111},"27":{"loc":{"start":{"line":111,"column":8},"end":{"line":111,"column":61}},"type":"binary-expr","locations":[{"start":{"line":111,"column":8},"end":{"line":111,"column":35}},{"start":{"line":111,"column":39},"end":{"line":111,"column":61}}],"line":111},"28":{"loc":{"start":{"line":116,"column":35},"end":{"line":116,"column":71}},"type":"cond-expr","locations":[{"start":{"line":116,"column":49},"end":{"line":116,"column":66}},{"start":{"line":116,"column":69},"end":{"line":116,"column":71}}],"line":116},"29":{"loc":{"start":{"line":118,"column":35},"end":{"line":118,"column":48}},"type":"default-arg","locations":[{"start":{"line":118,"column":44},"end":{"line":118,"column":48}}],"line":118}},"s":{"0":1,"1":1,"2":24,"3":24,"4":24,"5":24,"6":24,"7":22,"8":22,"9":1,"10":1,"11":1,"12":1,"13":21,"14":1,"15":20,"16":4,"17":1,"18":2,"19":1,"20":3,"21":16,"22":8,"23":1,"24":7,"25":1,"26":1,"27":1,"28":1,"29":1,"30":1,"31":1,"32":1,"33":4,"34":4,"35":1,"36":4,"37":0,"38":4,"39":1,"40":4,"41":1,"42":4,"43":4,"44":1,"45":1,"46":1,"47":1,"48":0,"49":1,"50":0,"51":1,"52":0,"53":1,"54":0,"55":1,"56":1,"57":2},"f":{"0":24,"1":24,"2":2,"3":1,"4":1,"5":1,"6":1,"7":1,"8":4,"9":1,"10":1,"11":2},"b":{"0":[19],"1":[24,3],"2":[1,21],"3":[22,2,2],"4":[1,20],"5":[4,16],"6":[1,3],"7":[4,1],"8":[3,1],"9":[1,7],"10":[8,1],"11":[1],"12":[1,3],"13":[4,2],"14":[0,4],"15":[1,3],"16":[4,1],"17":[1,3],"18":[4,1],"19":[2,2],"20":[1],"21":[0,1],"22":[1,0],"23":[0,1],"24":[0,1],"25":[1,0],"26":[0,1],"27":[1,0],"28":[0,1],"29":[1]},"_coverageSchema":"1a1c01bbd47fc00a2c39e90264f33305004495a9","hash":"ef535bd50d5824d20ff6ffd2dca3a6aaa7b20508"}
,"/Users/hashmith/zluri_bootcamp/frontend/src/utils/constants.js": {"path":"/Users/hashmith/zluri_bootcamp/frontend/src/utils/constants.js","statementMap":{"0":{"start":{"line":1,"column":21},"end":{"line":5,"column":1}},"1":{"start":{"line":7,"column":28},"end":{"line":7,"column":55}},"2":{"start":{"line":10,"column":27},"end":{"line":14,"column":1}},"3":{"start":{"line":17,"column":29},"end":{"line":24,"column":1}},"4":{"start":{"line":27,"column":20},"end":{"line":31,"column":1}},"5":{"start":{"line":34,"column":24},"end":{"line":34,"column":45}},"6":{"start":{"line":37,"column":29},"end":{"line":40,"column":1}}},"fnMap":{},"branchMap":{},"s":{"0":3,"1":3,"2":3,"3":3,"4":3,"5":3,"6":3},"f":{},"b":{},"_coverageSchema":"1a1c01bbd47fc00a2c39e90264f33305004495a9","hash":"ea17f4da2e128b25dcd20d0e1f970a0ef42e25b3"}
,"/Users/hashmith/zluri_bootcamp/frontend/src/utils/riskAssessment.js": {"path":"/Users/hashmith/zluri_bootcamp/frontend/src/utils/riskAssessment.js","statementMap":{"0":{"start":{"line":8,"column":31},"end":{"line":139,"column":1}},"1":{"start":{"line":9,"column":18},"end":{"line":9,"column":55}},"2":{"start":{"line":10,"column":18},"end":{"line":10,"column":20}},"3":{"start":{"line":11,"column":18},"end":{"line":11,"column":19}},"4":{"start":{"line":14,"column":27},"end":{"line":22,"column":3}},"5":{"start":{"line":25,"column":29},"end":{"line":31,"column":3}},"6":{"start":{"line":34,"column":2},"end":{"line":52,"column":3}},"7":{"start":{"line":35,"column":26},"end":{"line":40,"column":5}},"8":{"start":{"line":41,"column":4},"end":{"line":41,"column":44}},"9":{"start":{"line":43,"column":28},"end":{"line":50,"column":5}},"10":{"start":{"line":51,"column":4},"end":{"line":51,"column":48}},"11":{"start":{"line":55,"column":2},"end":{"line":62,"column":5}},"12":{"start":{"line":57,"column":4},"end":{"line":57,"column":26}},"13":{"start":{"line":58,"column":4},"end":{"line":61,"column":5}},"14":{"start":{"line":59,"column":6},"end":{"line":59,"column":26}},"15":{"start":{"line":60,"column":6},"end":{"line":60,"column":27}},"16":{"start":{"line":65,"column":2},"end":{"line":72,"column":5}},"17":{"start":{"line":67,"column":4},"end":{"line":67,"column":26}},"18":{"start":{"line":68,"column":4},"end":{"line":71,"column":5}},"19":{"start":{"line":69,"column":6},"end":{"line":69,"column":26}},"20":{"start":{"line":70,"column":6},"end":{"line":70,"column":27}},"21":{"start":{"line":75,"column":2},"end":{"line":95,"column":3}},"22":{"start":{"line":81,"column":24},"end":{"line":81,"column":126}},"23":{"start":{"line":82,"column":4},"end":{"line":85,"column":5}},"24":{"start":{"line":83,"column":6},"end":{"line":83,"column":21}},"25":{"start":{"line":84,"column":6},"end":{"line":84,"column":89}},"26":{"start":{"line":89,"column":34},"end":{"line":89,"column":105}},"27":{"start":{"line":90,"column":28},"end":{"line":90,"column":79}},"28":{"start":{"line":91,"column":4},"end":{"line":94,"column":5}},"29":{"start":{"line":92,"column":6},"end":{"line":92,"column":21}},"30":{"start":{"line":93,"column":6},"end":{"line":93,"column":78}},"31":{"start":{"line":99,"column":2},"end":{"line":123,"column":3}},"32":{"start":{"line":100,"column":4},"end":{"line":100,"column":23}},"33":{"start":{"line":101,"column":4},"end":{"line":101,"column":28}},"34":{"start":{"line":102,"column":4},"end":{"line":102,"column":27}},"35":{"start":{"line":103,"column":4},"end":{"line":103,"column":36}},"36":{"start":{"line":104,"column":4},"end":{"line":104,"column":15}},"37":{"start":{"line":105,"column":9},"end":{"line":123,"column":3}},"38":{"start":{"line":106,"column":4},"end":{"line":106,"column":19}},"39":{"start":{"line":107,"column":4},"end":{"line":107,"column":27}},"40":{"start":{"line":108,"column":4},"end":{"line":108,"column":26}},"41":{"start":{"line":109,"column":4},"end":{"line":109,"column":35}},"42":{"start":{"line":110,"column":4},"end":{"line":110,"column":15}},"43":{"start":{"line":111,"column":9},"end":{"line":123,"column":3}},"44":{"start":{"line":112,"column":4},"end":{"line":112,"column":21}},"45":{"start":{"line":113,"column":4},"end":{"line":113,"column":30}},"46":{"start":{"line":114,"column":4},"end":{"line":114,"column":29}},"47":{"start":{"line":115,"column":4},"end":{"line":115,"column":38}},"48":{"start":{"line":116,"column":4},"end":{"line":116,"column":15}},"49":{"start":{"line":118,"column":4},"end":{"line":118,"column":18}},"50":{"start":{"line":119,"column":4},"end":{"line":119,"column":29}},"51":{"start":{"line":120,"column":4},"end":{"line":120,"column":28}},"52":{"start":{"line":121,"column":4},"end":{"line":121,"column":37}},"53":{"start":{"line":122,"column":4},"end":{"line":122,"column":15}},"54":{"start":{"line":126,"column":2},"end":{"line":128,"column":3}},"55":{"start":{"line":127,"column":4},"end":{"line":127,"column":58}},"56":{"start":{"line":130,"column":2},"end":{"line":138,"column":4}},"57":{"start":{"line":144,"column":28},"end":{"line":152,"column":1}},"58":{"start":{"line":145,"column":17},"end":{"line":150,"column":3}},"59":{"start":{"line":151,"column":2},"end":{"line":151,"column":36}}},"fnMap":{"0":{"name":"(anonymous_0)","decl":{"start":{"line":8,"column":31},"end":{"line":8,"column":32}},"loc":{"start":{"line":8,"column":58},"end":{"line":139,"column":1}},"line":8},"1":{"name":"(anonymous_1)","decl":{"start":{"line":55,"column":27},"end":{"line":55,"column":28}},"loc":{"start":{"line":55,"column":60},"end":{"line":62,"column":3}},"line":55},"2":{"name":"(anonymous_2)","decl":{"start":{"line":65,"column":29},"end":{"line":65,"column":30}},"loc":{"start":{"line":65,"column":62},"end":{"line":72,"column":3}},"line":65},"3":{"name":"(anonymous_3)","decl":{"start":{"line":144,"column":28},"end":{"line":144,"column":29}},"loc":{"start":{"line":144,"column":39},"end":{"line":152,"column":1}},"line":144}},"branchMap":{"0":{"loc":{"start":{"line":9,"column":19},"end":{"line":9,"column":40}},"type":"binary-expr","locations":[{"start":{"line":9,"column":19},"end":{"line":9,"column":24}},{"start":{"line":9,"column":28},"end":{"line":9,"column":34}},{"start":{"line":9,"column":38},"end":{"line":9,"column":40}}],"line":9},"1":{"loc":{"start":{"line":34,"column":2},"end":{"line":52,"column":3}},"type":"if","locations":[{"start":{"line":34,"column":2},"end":{"line":52,"column":3}},{"start":{},"end":{}}],"line":34},"2":{"loc":{"start":{"line":58,"column":4},"end":{"line":61,"column":5}},"type":"if","locations":[{"start":{"line":58,"column":4},"end":{"line":61,"column":5}},{"start":{},"end":{}}],"line":58},"3":{"loc":{"start":{"line":68,"column":4},"end":{"line":71,"column":5}},"type":"if","locations":[{"start":{"line":68,"column":4},"end":{"line":71,"column":5}},{"start":{},"end":{}}],"line":68},"4":{"loc":{"start":{"line":75,"column":2},"end":{"line":95,"column":3}},"type":"if","locations":[{"start":{"line":75,"column":2},"end":{"line":95,"column":3}},{"start":{},"end":{}}],"line":75},"5":{"loc":{"start":{"line":82,"column":4},"end":{"line":85,"column":5}},"type":"if","locations":[{"start":{"line":82,"column":4},"end":{"line":85,"column":5}},{"start":{},"end":{}}],"line":82},"6":{"loc":{"start":{"line":90,"column":29},"end":{"line":90,"column":71}},"type":"binary-expr","locations":[{"start":{"line":90,"column":29},"end":{"line":90,"column":65}},{"start":{"line":90,"column":69},"end":{"line":90,"column":71}}],"line":90},"7":{"loc":{"start":{"line":91,"column":4},"end":{"line":94,"column":5}},"type":"if","locations":[{"start":{"line":91,"column":4},"end":{"line":94,"column":5}},{"start":{},"end":{}}],"line":91},"8":{"loc":{"start":{"line":99,"column":2},"end":{"line":123,"column":3}},"type":"if","locations":[{"start":{"line":99,"column":2},"end":{"line":123,"column":3}},{"start":{"line":105,"column":9},"end":{"line":123,"column":3}}],"line":99},"9":{"loc":{"start":{"line":105,"column":9},"end":{"line":123,"column":3}},"type":"if","locations":[{"start":{"line":105,"column":9},"end":{"line":123,"column":3}},{"start":{"line":111,"column":9},"end":{"line":123,"column":3}}],"line":105},"10":{"loc":{"start":{"line":111,"column":9},"end":{"line":123,"column":3}},"type":"if","locations":[{"start":{"line":111,"column":9},"end":{"line":123,"column":3}},{"start":{"line":117,"column":9},"end":{"line":123,"column":3}}],"line":111},"11":{"loc":{"start":{"line":126,"column":2},"end":{"line":128,"column":3}},"type":"if","locations":[{"start":{"line":126,"column":2},"end":{"line":128,"column":3}},{"start":{},"end":{}}],"line":126},"12":{"loc":{"start":{"line":151,"column":9},"end":{"line":151,"column":35}},"type":"binary-expr","locations":[{"start":{"line":151,"column":9},"end":{"line":151,"column":22}},{"start":{"line":151,"column":26},"end":{"line":151,"column":35}}],"line":151}},"s":{"0":1,"1":43,"2":43,"3":43,"4":43,"5":43,"6":43,"7":12,"8":12,"9":12,"10":12,"11":43,"12":349,"13":349,"14":20,"15":20,"16":43,"17":287,"18":287,"19":21,"20":21,"21":43,"22":15,"23":15,"24":2,"25":2,"26":15,"27":15,"28":15,"29":1,"30":1,"31":43,"32":13,"33":13,"34":13,"35":13,"36":13,"37":30,"38":7,"39":7,"40":7,"41":7,"42":7,"43":23,"44":16,"45":16,"46":16,"47":16,"48":16,"49":7,"50":7,"51":7,"52":7,"53":7,"54":43,"55":7,"56":43,"57":1,"58":7,"59":7},"f":{"0":43,"1":349,"2":287,"3":7},"b":{"0":[43,17,2],"1":[12,31],"2":[20,329],"3":[21,266],"4":[15,28],"5":[2,13],"6":[15,12],"7":[1,14],"8":[13,30],"9":[7,23],"10":[16,7],"11":[7,36],"12":[7,3]},"_coverageSchema":"1a1c01bbd47fc00a2c39e90264f33305004495a9","hash":"bf258d008d7ecafd27ce9e832b4d6aea96c3126e"}
,"/Users/hashmith/zluri_bootcamp/frontend/src/utils/validation.js": {"path":"/Users/hashmith/zluri_bootcamp/frontend/src/utils/validation.js","statementMap":{"0":{"start":{"line":4,"column":27},"end":{"line":7,"column":2}},"1":{"start":{"line":10,"column":37},"end":{"line":28,"column":2}},"2":{"start":{"line":20,"column":2},"end":{"line":22,"column":3}},"3":{"start":{"line":21,"column":4},"end":{"line":21,"column":54}},"4":{"start":{"line":24,"column":2},"end":{"line":24,"column":14}},"5":{"start":{"line":31,"column":34},"end":{"line":33,"column":2}}},"fnMap":{"0":{"name":"(anonymous_0)","decl":{"start":{"line":19,"column":10},"end":{"line":19,"column":11}},"loc":{"start":{"line":19,"column":20},"end":{"line":25,"column":1}},"line":19}},"branchMap":{"0":{"loc":{"start":{"line":20,"column":2},"end":{"line":22,"column":3}},"type":"if","locations":[{"start":{"line":20,"column":2},"end":{"line":22,"column":3}},{"start":{},"end":{}}],"line":20},"1":{"loc":{"start":{"line":21,"column":11},"end":{"line":21,"column":53}},"type":"binary-expr","locations":[{"start":{"line":21,"column":11},"end":{"line":21,"column":21}},{"start":{"line":21,"column":25},"end":{"line":21,"column":53}}],"line":21}},"s":{"0":2,"1":2,"2":9,"3":7,"4":2,"5":2},"f":{"0":9},"b":{"0":[7,2],"1":[7,6]},"_coverageSchema":"1a1c01bbd47fc00a2c39e90264f33305004495a9","hash":"60cde0e87fe8002b5959ed378c8eebd1c9bbb174"}
}
