TN:
SF:src/App.jsx
FN:4,App
FNF:1
FNH:1
FNDA:3,App
DA:5,3
LF:1
LH:1
BRF:0
BRH:0
end_of_record
TN:
SF:src/components/common/CodeEditor.jsx
FN:5,CodeEditor
FN:22,(anonymous_1)
FN:23,(anonymous_2)
FN:32,(anonymous_3)
FN:96,(anonymous_4)
FN:97,(anonymous_5)
FN:98,(anonymous_6)
FN:111,(anonymous_7)
FN:121,(anonymous_8)
FN:132,(anonymous_9)
FNF:10
FNH:10
FNDA:889,CodeEditor
FNDA:332,(anonymous_1)
FNDA:332,(anonymous_2)
FNDA:332,(anonymous_3)
FNDA:175,(anonymous_4)
FNDA:13,(anonymous_5)
FNDA:9,(anonymous_6)
FNDA:177,(anonymous_7)
FNDA:2,(anonymous_8)
FNDA:1,(anonymous_9)
DA:16,889
DA:17,889
DA:18,889
DA:19,889
DA:22,889
DA:23,332
DA:24,332
DA:25,332
DA:26,332
DA:30,332
DA:31,332
DA:32,332
DA:35,889
DA:37,75
DA:86,814
DA:96,175
DA:97,13
DA:98,9
DA:113,177
DA:114,2
DA:115,2
DA:116,2
DA:117,2
DA:118,2
DA:121,2
DA:122,2
DA:133,1
LF:27
LH:27
BRDA:7,0,0,27
BRDA:8,1,0,797
BRDA:9,2,0,74
BRDA:10,3,0,91
BRDA:11,4,0,91
BRDA:12,5,0,25
BRDA:13,6,0,21
BRDA:14,7,0,27
BRDA:24,8,0,332
BRDA:24,8,1,0
BRDA:35,9,0,75
BRDA:35,9,1,814
BRDA:71,10,0,75
BRDA:71,10,1,1
BRDA:76,11,0,75
BRDA:76,11,1,1
BRDA:96,12,0,175
BRDA:96,12,1,175
BRDA:101,13,0,1
BRDA:101,13,1,813
BRDA:113,14,0,2
BRDA:113,14,1,175
BRDA:118,15,0,2
BRDA:118,15,1,2
BRDA:129,16,0,814
BRDA:129,16,1,1
BRDA:143,17,0,814
BRDA:143,17,1,4
BRDA:143,17,2,2
BRF:29
BRH:28
end_of_record
TN:
SF:src/components/common/ConfirmModal.jsx
FN:3,ConfirmModal
FNF:1
FNH:1
FNDA:454,ConfirmModal
DA:14,454
DA:20,454
LF:2
LH:2
BRDA:9,0,0,12
BRDA:10,1,0,453
BRDA:11,2,0,11
BRDA:12,3,0,10
BRDA:38,4,0,12
BRDA:38,4,1,442
BRF:6
BRH:6
end_of_record
TN:
SF:src/components/common/LoadingSpinner.jsx
FN:1,LoadingSpinner
FNF:1
FNH:1
FNDA:241,LoadingSpinner
DA:2,241
DA:8,241
LF:2
LH:2
BRDA:1,0,0,4
BRDA:1,1,0,240
BRF:2
BRH:2
end_of_record
TN:
SF:src/components/common/Modal.jsx
FN:1,Modal
FNF:1
FNH:1
FNDA:1495,Modal
DA:2,1495
DA:4,156
DA:11,156
LF:3
LH:3
BRDA:1,0,0,8
BRDA:2,1,0,1339
BRDA:2,1,1,156
BRF:3
BRH:3
end_of_record
TN:
SF:src/components/common/OutputDisplay.jsx
FN:3,OutputDisplay
FN:10,(anonymous_1)
FN:11,(anonymous_2)
FN:18,(anonymous_3)
FN:39,(anonymous_4)
FN:40,(anonymous_5)
FN:41,(anonymous_6)
FN:42,(anonymous_7)
FN:43,(anonymous_8)
FN:44,(anonymous_9)
FN:47,(anonymous_10)
FN:65,(anonymous_11)
FN:86,(anonymous_12)
FN:103,(anonymous_13)
FN:111,(anonymous_14)
FN:115,(anonymous_15)
FN:125,(anonymous_16)
FN:133,(anonymous_17)
FN:135,(anonymous_18)
FN:152,(anonymous_19)
FN:161,(anonymous_20)
FN:186,(anonymous_21)
FN:248,(anonymous_22)
FN:259,(anonymous_23)
FN:270,(anonymous_24)
FNF:25
FNH:23
FNDA:57,OutputDisplay
FNDA:2,(anonymous_1)
FNDA:2,(anonymous_2)
FNDA:51,(anonymous_3)
FNDA:4,(anonymous_4)
FNDA:0,(anonymous_5)
FNDA:3,(anonymous_6)
FNDA:27,(anonymous_7)
FNDA:19,(anonymous_8)
FNDA:0,(anonymous_9)
FNDA:105,(anonymous_10)
FNDA:29,(anonymous_11)
FNDA:47,(anonymous_12)
FNDA:10,(anonymous_13)
FNDA:15,(anonymous_14)
FNDA:24,(anonymous_15)
FNDA:14,(anonymous_16)
FNDA:15,(anonymous_17)
FNDA:24,(anonymous_18)
FNDA:14,(anonymous_19)
FNDA:1,(anonymous_20)
FNDA:1,(anonymous_21)
FNDA:1,(anonymous_22)
FNDA:4,(anonymous_23)
FNDA:1,(anonymous_24)
DA:4,57
DA:5,57
DA:10,57
DA:11,2
DA:18,57
DA:19,51
DA:21,51
DA:22,51
DA:23,48
DA:26,3
DA:30,57
DA:33,57
DA:38,57
DA:39,4
DA:40,0
DA:41,3
DA:42,27
DA:43,19
DA:44,0
DA:47,57
DA:49,105
DA:50,101
DA:52,101
DA:53,101
DA:54,49
DA:58,52
DA:59,21
DA:61,14
DA:66,29
DA:78,31
DA:79,31
DA:80,31
DA:82,29
DA:87,47
DA:100,0
DA:103,57
DA:104,10
DA:107,10
DA:108,10
DA:110,9
DA:111,9
DA:112,15
DA:115,24
DA:118,9
DA:120,9
DA:126,14
DA:134,15
DA:136,24
DA:152,57
DA:153,14
DA:155,14
DA:161,1
DA:186,1
DA:214,57
DA:215,4
DA:232,53
DA:233,3
DA:240,50
DA:242,50
DA:248,1
DA:259,4
DA:270,1
LF:62
LH:59
BRDA:19,0,0,0
BRDA:19,0,1,51
BRDA:30,1,0,51
BRDA:30,1,1,6
BRDA:33,2,0,57
BRDA:33,2,1,48
BRDA:33,2,2,48
BRDA:33,2,3,35
BRDA:33,2,4,34
BRDA:33,2,5,34
BRDA:47,3,0,29
BRDA:49,4,0,4
BRDA:49,4,1,101
BRDA:50,5,0,0
BRDA:50,5,1,101
BRDA:53,6,0,49
BRDA:53,6,1,52
BRDA:58,7,0,21
BRDA:58,7,1,31
BRDA:59,8,0,7
BRDA:59,8,1,14
BRDA:68,9,0,29
BRDA:68,9,1,15
BRDA:78,10,0,31
BRDA:78,10,1,0
BRDA:80,11,0,2
BRDA:80,11,1,29
BRDA:91,12,0,47
BRDA:91,12,1,18
BRDA:104,13,0,0
BRDA:104,13,1,10
BRDA:104,14,0,10
BRDA:104,14,1,10
BRDA:108,15,0,1
BRDA:108,15,1,9
BRDA:108,16,0,10
BRDA:108,16,1,9
BRDA:112,17,0,15
BRDA:112,17,1,15
BRDA:112,17,2,15
BRDA:112,17,3,15
BRDA:118,18,0,0
BRDA:118,18,1,9
BRDA:138,19,0,3
BRDA:138,19,1,21
BRDA:140,20,0,21
BRDA:140,20,1,0
BRDA:158,21,0,14
BRDA:158,21,1,13
BRDA:170,22,0,12
BRDA:170,22,1,1
BRDA:172,23,0,13
BRDA:172,23,1,12
BRDA:183,24,0,14
BRDA:183,24,1,12
BRDA:183,24,2,7
BRDA:195,25,0,6
BRDA:195,25,1,1
BRDA:197,26,0,7
BRDA:197,26,1,6
BRDA:200,27,0,6
BRDA:200,27,1,1
BRDA:214,28,0,4
BRDA:214,28,1,53
BRDA:232,29,0,3
BRDA:232,29,1,50
BRDA:240,30,0,50
BRDA:240,30,1,48
BRDA:245,31,0,50
BRDA:245,31,1,48
BRDA:245,31,2,34
BRDA:250,32,0,29
BRDA:250,32,1,5
BRDA:257,33,0,34
BRDA:257,33,1,20
BRDA:261,34,0,4
BRDA:261,34,1,16
BRDA:272,35,0,1
BRDA:272,35,1,33
BRDA:283,36,0,14
BRDA:283,36,1,36
BRDA:284,37,0,14
BRDA:284,37,1,36
BRDA:285,38,0,14
BRDA:285,38,1,36
BRDA:287,39,0,4
BRDA:287,39,1,32
BRDA:287,40,0,36
BRDA:287,40,1,4
BRDA:289,41,0,29
BRDA:289,41,1,3
BRDA:289,42,0,32
BRDA:289,42,1,31
BRDA:295,43,0,1
BRDA:295,43,1,2
BRF:95
BRH:89
end_of_record
TN:
SF:src/components/common/StatusBadge.jsx
FN:12,StatusBadge
FNF:1
FNH:1
FNDA:1426,StatusBadge
DA:3,5
DA:13,1426
DA:14,1426
DA:16,1426
LF:4
LH:4
BRDA:13,0,0,1426
BRDA:13,0,1,1
BRDA:14,1,0,1426
BRDA:14,1,1,1
BRF:4
BRH:4
end_of_record
TN:
SF:src/components/common/Tooltip.jsx
FN:3,Tooltip
FN:9,(anonymous_1)
FN:10,(anonymous_2)
FNF:3
FNH:3
FNDA:19,Tooltip
FNDA:6,(anonymous_1)
FNDA:3,(anonymous_2)
DA:4,19
DA:6,19
DA:9,6
DA:10,3
LF:4
LH:4
BRDA:3,0,0,18
BRDA:13,1,0,19
BRDA:13,1,1,6
BRF:3
BRH:3
end_of_record
TN:
SF:src/components/common/protectedroute.jsx
FN:3,ProtectedRoute
FNF:1
FNH:1
FNDA:11,ProtectedRoute
DA:4,11
DA:5,11
DA:6,11
DA:8,11
DA:9,4
DA:12,7
LF:6
LH:6
BRDA:6,0,0,11
BRDA:6,0,1,7
BRDA:8,1,0,4
BRDA:8,1,1,7
BRF:4
BRH:4
end_of_record
TN:
SF:src/components/layout/dashboardlayout.jsx
FN:5,DashboardLayout
FNF:1
FNH:1
FNDA:10,DashboardLayout
DA:6,10
LF:1
LH:1
BRF:0
BRH:0
end_of_record
TN:
SF:src/components/layout/sidebar.jsx
FN:3,Sidebar
FN:40,(anonymous_1)
FN:53,(anonymous_2)
FN:73,(anonymous_3)
FNF:4
FNH:4
FNDA:17,Sidebar
FNDA:14,(anonymous_1)
FNDA:14,(anonymous_2)
FNDA:7,(anonymous_3)
DA:4,17
DA:5,17
DA:7,17
DA:8,17
DA:10,17
DA:41,14
DA:54,14
DA:74,7
LF:8
LH:8
BRDA:7,0,0,17
BRDA:7,0,1,13
BRDA:18,1,0,17
BRDA:18,1,1,11
BRDA:36,2,0,17
BRDA:36,2,1,12
BRDA:36,2,2,11
BRDA:42,3,0,2
BRDA:42,3,1,12
BRDA:55,4,0,0
BRDA:55,4,1,14
BRDA:66,5,0,17
BRDA:66,5,1,6
BRDA:75,6,0,3
BRDA:75,6,1,4
BRF:15
BRH:14
end_of_record
TN:
SF:src/components/layout/topbar.jsx
FN:3,Topbar
FN:7,(anonymous_1)
FNF:2
FNH:2
FNDA:18,Topbar
FNDA:1,(anonymous_1)
DA:4,18
DA:5,18
DA:7,18
DA:8,1
DA:9,1
DA:10,1
DA:13,18
LF:7
LH:7
BRDA:21,0,0,18
BRDA:21,0,1,12
BRF:2
BRH:2
end_of_record
TN:
SF:src/context/ToastContext.jsx
FN:5,ToastProvider
FN:8,(anonymous_1)
FN:10,(anonymous_2)
FN:13,(anonymous_3)
FN:14,(anonymous_4)
FN:14,(anonymous_5)
FN:18,(anonymous_6)
FN:19,(anonymous_7)
FN:19,(anonymous_8)
FN:22,(anonymous_9)
FN:23,(anonymous_10)
FN:24,(anonymous_11)
FN:25,(anonymous_12)
FN:35,ToastContainer
FN:38,(anonymous_14)
FN:51,(anonymous_15)
FN:66,(anonymous_16)
FN:74,(anonymous_17)
FN:85,useToast
FNF:19
FNH:19
FNDA:325,ToastProvider
FNDA:84,(anonymous_1)
FNDA:84,(anonymous_2)
FNDA:17,(anonymous_3)
FNDA:13,(anonymous_4)
FNDA:14,(anonymous_5)
FNDA:1,(anonymous_6)
FNDA:1,(anonymous_7)
FNDA:1,(anonymous_8)
FNDA:37,(anonymous_9)
FNDA:41,(anonymous_10)
FNDA:3,(anonymous_11)
FNDA:2,(anonymous_12)
FNDA:325,ToastContainer
FNDA:89,(anonymous_14)
FNDA:89,(anonymous_15)
FNDA:89,(anonymous_16)
FNDA:1,(anonymous_17)
FNDA:1558,useToast
DA:3,7
DA:6,325
DA:8,325
DA:9,84
DA:10,84
DA:13,84
DA:14,17
DA:18,325
DA:19,1
DA:22,325
DA:23,325
DA:24,325
DA:25,325
DA:27,325
DA:36,325
DA:38,82
DA:39,89
DA:41,41
DA:43,42
DA:45,2
DA:47,4
DA:51,82
DA:52,89
DA:54,41
DA:56,42
DA:58,2
DA:60,4
DA:64,82
DA:67,89
DA:74,1
DA:86,1558
DA:87,1557
DA:88,2
DA:90,1555
LF:34
LH:34
BRDA:8,0,0,0
BRDA:36,1,0,243
BRDA:36,1,1,82
BRDA:39,2,0,41
BRDA:39,2,1,42
BRDA:39,2,2,2
BRDA:39,2,3,4
BRDA:52,3,0,41
BRDA:52,3,1,42
BRDA:52,3,2,2
BRDA:52,3,3,4
BRDA:87,4,0,2
BRDA:87,4,1,1555
BRF:13
BRH:12
end_of_record
TN:
SF:src/hooks/useApi.js
FN:4,useApi
FN:9,(anonymous_1)
FN:24,(anonymous_2)
FN:34,useFetch
FN:39,(anonymous_4)
FNF:5
FNH:5
FNDA:26,useApi
FNDA:13,(anonymous_1)
FNDA:2,(anonymous_2)
FNDA:15,useFetch
FNDA:7,(anonymous_4)
DA:5,26
DA:6,26
DA:7,26
DA:9,26
DA:10,13
DA:11,13
DA:12,13
DA:13,13
DA:14,9
DA:15,9
DA:17,4
DA:18,4
DA:20,13
DA:24,26
DA:25,2
DA:26,2
DA:27,2
DA:30,26
DA:35,15
DA:36,15
DA:37,15
DA:39,15
DA:40,7
DA:41,7
DA:42,7
DA:43,7
DA:44,5
DA:45,5
DA:47,2
DA:49,7
DA:53,15
LF:31
LH:31
BRDA:34,0,0,15
BRF:1
BRH:1
end_of_record
TN:
SF:src/hooks/useAuth.js
FN:5,useAuth
FN:9,(anonymous_1)
FN:15,(anonymous_2)
FN:18,(anonymous_3)
FNF:4
FNH:4
FNDA:18,useAuth
FNDA:1,(anonymous_1)
FNDA:15,(anonymous_2)
FNDA:25,(anonymous_3)
DA:6,18
DA:7,18
DA:9,18
DA:10,1
DA:11,1
DA:12,1
DA:15,18
DA:16,15
DA:17,13
DA:18,25
DA:21,18
LF:11
LH:11
BRDA:16,0,0,2
BRDA:16,0,1,13
BRDA:17,1,0,13
BRDA:17,1,1,1
BRDA:24,2,0,18
BRDA:24,2,1,14
BRF:6
BRH:6
end_of_record
TN:
SF:src/pages/ApprovalDashboard.jsx
FN:12,ApprovalDashboard
FN:31,(anonymous_1)
FN:32,(anonymous_2)
FN:36,(anonymous_3)
FN:39,(anonymous_4)
FN:56,(anonymous_5)
FN:62,(anonymous_6)
FN:75,(anonymous_7)
FN:83,(anonymous_8)
FN:84,(anonymous_9)
FN:85,(anonymous_10)
FN:86,(anonymous_11)
FN:87,(anonymous_12)
FN:90,(anonymous_13)
FN:91,(anonymous_14)
FN:96,(anonymous_15)
FN:116,(anonymous_16)
FN:122,(anonymous_17)
FN:132,(anonymous_18)
FN:137,(anonymous_19)
FN:143,(anonymous_20)
FN:148,(anonymous_21)
FN:160,(anonymous_22)
FN:174,(anonymous_23)
FN:190,(anonymous_24)
FN:204,(anonymous_25)
FN:273,(anonymous_26)
FN:278,(anonymous_27)
FN:298,(anonymous_28)
FN:315,(anonymous_29)
FN:323,(anonymous_30)
FN:359,(anonymous_31)
FN:393,(anonymous_32)
FN:401,(anonymous_33)
FN:407,(anonymous_34)
FN:431,(anonymous_35)
FN:431,(anonymous_36)
FN:437,(anonymous_37)
FN:452,(anonymous_38)
FN:462,(anonymous_39)
FN:462,(anonymous_40)
FN:476,(anonymous_41)
FN:488,(anonymous_42)
FN:498,(anonymous_43)
FN:505,(anonymous_44)
FN:525,(anonymous_45)
FN:532,(anonymous_46)
FN:545,(anonymous_47)
FNF:48
FNH:46
FNDA:538,ApprovalDashboard
FNDA:258,(anonymous_1)
FNDA:11,(anonymous_2)
FNDA:258,(anonymous_3)
FNDA:95,(anonymous_4)
FNDA:95,(anonymous_5)
FNDA:623,(anonymous_6)
FNDA:93,(anonymous_7)
FNDA:2,(anonymous_8)
FNDA:2,(anonymous_9)
FNDA:2,(anonymous_10)
FNDA:2,(anonymous_11)
FNDA:1,(anonymous_12)
FNDA:2,(anonymous_13)
FNDA:2,(anonymous_14)
FNDA:5,(anonymous_15)
FNDA:199,(anonymous_16)
FNDA:18,(anonymous_17)
FNDA:7,(anonymous_18)
FNDA:12,(anonymous_19)
FNDA:12,(anonymous_20)
FNDA:5,(anonymous_21)
FNDA:1,(anonymous_22)
FNDA:5,(anonymous_23)
FNDA:1,(anonymous_24)
FNDA:4,(anonymous_25)
FNDA:2225,(anonymous_26)
FNDA:5,(anonymous_27)
FNDA:18,(anonymous_28)
FNDA:169,(anonymous_29)
FNDA:3,(anonymous_30)
FNDA:1065,(anonymous_31)
FNDA:12,(anonymous_32)
FNDA:7,(anonymous_33)
FNDA:12,(anonymous_34)
FNDA:1,(anonymous_35)
FNDA:1,(anonymous_36)
FNDA:133,(anonymous_37)
FNDA:1,(anonymous_38)
FNDA:20,(anonymous_39)
FNDA:20,(anonymous_40)
FNDA:1,(anonymous_41)
FNDA:0,(anonymous_42)
FNDA:75,(anonymous_43)
FNDA:1,(anonymous_44)
FNDA:0,(anonymous_45)
FNDA:128,(anonymous_46)
FNDA:128,(anonymous_47)
DA:13,538
DA:14,538
DA:15,538
DA:16,538
DA:17,538
DA:18,538
DA:19,538
DA:20,538
DA:21,538
DA:22,538
DA:23,538
DA:24,538
DA:25,538
DA:26,538
DA:27,538
DA:28,538
DA:31,538
DA:32,258
DA:33,11
DA:34,11
DA:36,258
DA:39,538
DA:40,95
DA:41,95
DA:42,95
DA:43,95
DA:44,94
DA:46,95
DA:47,93
DA:49,1
DA:51,94
DA:56,538
DA:57,95
DA:58,95
DA:59,93
DA:62,93
DA:63,623
DA:64,623
DA:65,623
DA:68,93
DA:71,1
DA:75,538
DA:76,93
DA:77,93
DA:82,538
DA:83,2
DA:84,2
DA:85,2
DA:86,2
DA:88,1
DA:90,2
DA:92,2
DA:93,2
DA:94,2
DA:97,5
DA:98,5
DA:100,5
DA:111,5
DA:116,538
DA:117,199
DA:119,10
DA:120,10
DA:122,18
DA:126,538
DA:127,538
DA:132,538
DA:133,7
DA:134,7
DA:137,538
DA:138,12
DA:139,12
DA:140,12
DA:143,538
DA:144,12
DA:145,12
DA:148,538
DA:149,5
DA:151,5
DA:152,5
DA:153,5
DA:155,4
DA:156,1
DA:157,1
DA:160,1
DA:161,1
DA:162,1
DA:165,3
DA:168,1
DA:170,5
DA:174,538
DA:175,5
DA:176,5
DA:177,0
DA:178,0
DA:181,5
DA:182,5
DA:183,5
DA:185,2
DA:186,1
DA:187,1
DA:190,1
DA:191,1
DA:192,1
DA:195,1
DA:198,3
DA:200,5
DA:204,538
DA:205,4
DA:207,0
DA:218,4
DA:219,4
DA:221,4
DA:222,0
DA:233,4
DA:244,0
DA:256,538
DA:257,93
DA:264,445
DA:274,2225
DA:275,2225
DA:278,5
DA:298,18
DA:315,169
DA:324,3
DA:325,3
DA:360,1065
DA:362,1065
DA:393,12
DA:401,7
DA:407,12
DA:431,1
DA:440,133
DA:441,38
DA:442,95
DA:443,45
DA:444,50
DA:445,10
DA:447,40
DA:449,133
DA:452,1
DA:462,20
DA:476,1
DA:488,0
DA:498,75
DA:505,1
DA:525,0
DA:533,128
DA:534,128
DA:546,128
LF:149
LH:142
BRDA:39,0,0,0
BRDA:43,1,0,94
BRDA:43,1,1,1
BRDA:43,2,0,95
BRDA:43,2,1,95
BRDA:47,3,0,93
BRDA:47,3,1,0
BRDA:59,4,0,93
BRDA:59,4,1,0
BRDA:64,5,0,623
BRDA:64,5,1,149
BRDA:88,6,0,1
BRDA:88,6,1,0
BRDA:88,6,2,1
BRDA:88,6,3,0
BRDA:105,7,0,5
BRDA:105,7,1,2
BRDA:106,8,0,5
BRDA:106,8,1,2
BRDA:117,9,0,189
BRDA:117,9,1,10
BRDA:120,10,0,10
BRDA:120,10,1,0
BRDA:149,11,0,0
BRDA:149,11,1,5
BRDA:155,12,0,1
BRDA:155,12,1,3
BRDA:165,13,0,3
BRDA:165,13,1,1
BRDA:168,14,0,1
BRDA:168,14,1,1
BRDA:175,15,0,0
BRDA:175,15,1,5
BRDA:176,16,0,0
BRDA:176,16,1,5
BRDA:185,17,0,1
BRDA:185,17,1,1
BRDA:195,18,0,1
BRDA:195,18,1,1
BRDA:198,19,0,3
BRDA:198,19,1,1
BRDA:205,20,0,0
BRDA:205,20,1,4
BRDA:221,21,0,0
BRDA:221,21,1,4
BRDA:256,22,0,93
BRDA:256,22,1,445
BRDA:274,23,0,2225
BRDA:274,23,1,983
BRDA:280,24,0,445
BRDA:280,24,1,1780
BRDA:287,25,0,445
BRDA:287,25,1,1780
BRDA:313,26,0,301
BRDA:313,26,1,144
BRDA:352,27,0,12
BRDA:352,27,1,433
BRDA:377,28,0,685
BRDA:377,28,1,380
BRDA:379,29,0,685
BRDA:379,29,1,380
BRDA:398,30,0,1065
BRDA:398,30,1,693
BRDA:424,31,0,445
BRDA:424,31,1,34
BRDA:440,32,0,38
BRDA:440,32,1,95
BRDA:442,33,0,45
BRDA:442,33,1,50
BRDA:444,34,0,10
BRDA:444,34,1,40
BRDA:454,35,0,34
BRDA:454,35,1,99
BRDA:513,36,0,445
BRDA:513,36,1,435
BRDA:516,37,0,10
BRDA:516,37,1,435
BRDA:529,38,0,445
BRDA:529,38,1,128
BRDA:573,39,0,127
BRDA:573,39,1,1
BRDA:576,40,0,128
BRDA:576,40,1,1
BRDA:577,41,0,127
BRDA:577,41,1,1
BRDA:578,42,0,0
BRDA:578,42,1,127
BRDA:597,43,0,128
BRDA:597,43,1,4
BRDA:601,44,0,3
BRDA:601,44,1,1
BRDA:607,45,0,3
BRDA:607,45,1,1
BRDA:617,46,0,3
BRDA:617,46,1,1
BRDA:619,47,0,3
BRDA:619,47,1,1
BRDA:622,48,0,4
BRDA:622,48,1,1
BRDA:640,49,0,128
BRDA:640,49,1,1
BRDA:646,50,0,128
BRDA:646,50,1,3
BRF:103
BRH:91
end_of_record
TN:
SF:src/pages/Login.jsx
FN:8,Login
FN:21,(anonymous_1)
FNF:2
FNH:2
FNDA:54,Login
FNDA:9,(anonymous_1)
DA:9,54
DA:10,54
DA:16,54
DA:21,54
DA:22,9
DA:23,9
DA:24,7
DA:25,6
DA:26,6
DA:27,6
DA:28,6
DA:29,2
DA:31,4
DA:34,1
DA:37,1
DA:41,54
LF:16
LH:16
BRDA:24,0,0,6
BRDA:24,0,1,1
BRDA:28,1,0,2
BRDA:28,1,1,4
BRDA:28,2,0,6
BRDA:28,2,1,5
BRDA:34,3,0,1
BRDA:34,3,1,0
BRDA:63,4,0,1
BRDA:63,4,1,53
BRDA:67,5,0,54
BRDA:67,5,1,1
BRDA:82,6,0,1
BRDA:82,6,1,53
BRDA:86,7,0,54
BRDA:86,7,1,1
BRDA:97,8,0,11
BRDA:97,8,1,43
BRF:18
BRH:17
end_of_record
TN:
SF:src/pages/MySubmissions.jsx
FN:12,MySubmissions
FN:25,(anonymous_1)
FN:42,(anonymous_2)
FN:48,(anonymous_3)
FN:61,(anonymous_4)
FN:68,(anonymous_5)
FN:69,(anonymous_6)
FN:76,(anonymous_7)
FN:125,(anonymous_8)
FN:130,(anonymous_9)
FN:144,(anonymous_10)
FN:149,(anonymous_11)
FN:218,(anonymous_12)
FN:223,(anonymous_13)
FN:243,(anonymous_14)
FN:260,(anonymous_15)
FN:271,(anonymous_16)
FN:307,(anonymous_17)
FN:340,(anonymous_18)
FN:347,(anonymous_19)
FN:370,(anonymous_20)
FN:370,(anonymous_21)
FN:376,(anonymous_22)
FN:391,(anonymous_23)
FN:401,(anonymous_24)
FN:401,(anonymous_25)
FN:415,(anonymous_26)
FNF:27
FNH:26
FNDA:206,MySubmissions
FNDA:57,(anonymous_1)
FNDA:57,(anonymous_2)
FNDA:330,(anonymous_3)
FNDA:57,(anonymous_4)
FNDA:403,(anonymous_5)
FNDA:1209,(anonymous_6)
FNDA:1027,(anonymous_7)
FNDA:10,(anonymous_8)
FNDA:2,(anonymous_9)
FNDA:2,(anonymous_10)
FNDA:5,(anonymous_11)
FNDA:745,(anonymous_12)
FNDA:5,(anonymous_13)
FNDA:8,(anonymous_14)
FNDA:55,(anonymous_15)
FNDA:3,(anonymous_16)
FNDA:339,(anonymous_17)
FNDA:10,(anonymous_18)
FNDA:2,(anonymous_19)
FNDA:1,(anonymous_20)
FNDA:1,(anonymous_21)
FNDA:60,(anonymous_22)
FNDA:1,(anonymous_23)
FNDA:8,(anonymous_24)
FNDA:8,(anonymous_25)
FNDA:0,(anonymous_26)
DA:13,206
DA:14,206
DA:15,206
DA:16,206
DA:17,206
DA:18,206
DA:19,206
DA:20,206
DA:21,206
DA:22,206
DA:23,206
DA:25,206
DA:26,57
DA:27,57
DA:28,57
DA:29,57
DA:30,4
DA:32,57
DA:33,54
DA:35,2
DA:37,56
DA:42,206
DA:43,57
DA:44,57
DA:45,54
DA:48,54
DA:49,330
DA:50,330
DA:51,330
DA:54,54
DA:57,2
DA:61,206
DA:62,57
DA:63,57
DA:64,57
DA:68,206
DA:69,1209
DA:70,403
DA:73,206
DA:76,206
DA:77,1027
DA:79,108
DA:81,108
DA:83,2
DA:85,12
DA:87,8
DA:89,6
DA:91,12
DA:94,0
DA:96,6
DA:97,6
DA:98,6
DA:102,62
DA:103,62
DA:104,62
DA:119,206
DA:120,206
DA:125,206
DA:126,10
DA:127,10
DA:130,206
DA:132,2
DA:141,2
DA:144,2
DA:145,2
DA:149,206
DA:150,5
DA:152,0
DA:163,5
DA:164,5
DA:166,5
DA:167,0
DA:178,5
DA:189,0
DA:201,206
DA:202,57
DA:209,149
DA:219,745
DA:220,745
DA:223,5
DA:243,8
DA:261,55
DA:262,55
DA:272,3
DA:273,3
DA:308,339
DA:310,339
DA:340,10
DA:347,2
DA:370,1
DA:379,60
DA:380,35
DA:381,25
DA:382,15
DA:383,10
DA:384,0
DA:386,10
DA:388,60
DA:391,1
DA:401,8
DA:415,0
LF:101
LH:95
BRDA:25,0,0,0
BRDA:29,1,0,4
BRDA:29,1,1,53
BRDA:29,2,0,57
BRDA:29,2,1,57
BRDA:33,3,0,54
BRDA:33,3,1,0
BRDA:45,4,0,54
BRDA:45,4,1,0
BRDA:50,5,0,330
BRDA:50,5,1,83
BRDA:70,6,0,0
BRDA:70,6,1,403
BRDA:70,7,0,403
BRDA:70,7,1,0
BRDA:77,8,0,919
BRDA:77,8,1,108
BRDA:81,9,0,2
BRDA:81,9,1,12
BRDA:81,9,2,8
BRDA:81,9,3,6
BRDA:81,9,4,12
BRDA:81,9,5,0
BRDA:81,9,6,6
BRDA:81,9,7,62
BRDA:81,9,8,62
BRDA:91,10,0,12
BRDA:91,10,1,6
BRDA:91,10,2,6
BRDA:91,10,3,6
BRDA:105,11,0,62
BRDA:105,11,1,62
BRDA:105,11,2,51
BRDA:105,11,3,48
BRDA:105,11,4,48
BRDA:105,11,5,20
BRDA:105,11,6,48
BRDA:105,11,7,28
BRDA:105,11,8,48
BRDA:105,11,9,42
BRDA:133,12,0,2
BRDA:133,12,1,0
BRDA:134,13,0,2
BRDA:134,13,1,2
BRDA:150,14,0,0
BRDA:150,14,1,5
BRDA:166,15,0,0
BRDA:166,15,1,5
BRDA:201,16,0,57
BRDA:201,16,1,149
BRDA:219,17,0,745
BRDA:219,17,1,350
BRDA:225,18,0,149
BRDA:225,18,1,596
BRDA:232,19,0,149
BRDA:232,19,1,596
BRDA:258,20,0,119
BRDA:258,20,1,30
BRDA:300,21,0,24
BRDA:300,21,1,125
BRDA:303,22,0,0
BRDA:303,22,1,24
BRDA:317,23,0,270
BRDA:317,23,1,69
BRDA:319,24,0,270
BRDA:319,24,1,69
BRDA:345,25,0,339
BRDA:345,25,1,336
BRDA:345,25,2,8
BRDA:363,26,0,149
BRDA:363,26,1,19
BRDA:379,27,0,35
BRDA:379,27,1,25
BRDA:381,28,0,15
BRDA:381,28,1,10
BRDA:383,29,0,0
BRDA:383,29,1,10
BRDA:393,30,0,19
BRDA:393,30,1,41
BRDA:419,31,0,149
BRDA:419,31,1,10
BRDA:440,32,0,9
BRDA:440,32,1,1
BRDA:443,33,0,10
BRDA:443,33,1,1
BRDA:444,34,0,9
BRDA:444,34,1,1
BRDA:445,35,0,0
BRDA:445,35,1,9
BRDA:464,36,0,10
BRDA:464,36,1,5
BRDA:468,37,0,4
BRDA:468,37,1,1
BRDA:474,38,0,4
BRDA:474,38,1,1
BRDA:484,39,0,4
BRDA:484,39,1,1
BRDA:486,40,0,4
BRDA:486,40,1,1
BRDA:489,41,0,5
BRDA:489,41,1,2
BRDA:507,42,0,10
BRDA:507,42,1,1
BRDA:513,43,0,10
BRDA:513,43,1,4
BRF:105
BRH:93
end_of_record
TN:
SF:src/pages/NotAuthorized.jsx
FN:3,NotAuthorized
FN:22,(anonymous_1)
FN:29,(anonymous_2)
FNF:3
FNH:3
FNDA:7,NotAuthorized
FNDA:1,(anonymous_1)
FNDA:1,(anonymous_2)
DA:4,7
DA:6,7
DA:22,1
DA:29,1
LF:4
LH:4
BRF:0
BRH:0
end_of_record
TN:
SF:src/pages/SubmitRequest.jsx
FN:11,SubmitRequest
FN:49,(anonymous_1)
FN:55,(anonymous_2)
FN:70,(anonymous_3)
FN:75,(anonymous_4)
FN:86,(anonymous_5)
FN:110,(anonymous_6)
FN:113,(anonymous_7)
FN:123,(anonymous_8)
FN:133,(anonymous_9)
FN:150,(anonymous_10)
FN:157,(anonymous_11)
FN:161,(anonymous_12)
FN:168,(anonymous_13)
FN:182,(anonymous_14)
FN:189,(anonymous_15)
FN:193,(anonymous_16)
FN:199,(anonymous_17)
FN:220,(anonymous_18)
FN:231,(anonymous_19)
FN:239,(anonymous_20)
FN:278,(anonymous_21)
FN:298,(anonymous_22)
FN:327,(anonymous_23)
FN:377,(anonymous_24)
FN:399,(anonymous_25)
FN:430,(anonymous_26)
FN:456,(anonymous_27)
FN:472,(anonymous_28)
FN:502,(anonymous_29)
FN:554,(anonymous_30)
FN:613,(anonymous_31)
FNF:32
FNH:32
FNDA:727,SubmitRequest
FNDA:16,(anonymous_1)
FNDA:16,(anonymous_2)
FNDA:16,(anonymous_3)
FNDA:16,(anonymous_4)
FNDA:67,(anonymous_5)
FNDA:228,(anonymous_6)
FNDA:5,(anonymous_7)
FNDA:226,(anonymous_8)
FNDA:119,(anonymous_9)
FNDA:47,(anonymous_10)
FNDA:2,(anonymous_11)
FNDA:49,(anonymous_12)
FNDA:94,(anonymous_13)
FNDA:23,(anonymous_14)
FNDA:2,(anonymous_15)
FNDA:25,(anonymous_16)
FNDA:10,(anonymous_17)
FNDA:4,(anonymous_18)
FNDA:1,(anonymous_19)
FNDA:12,(anonymous_20)
FNDA:2,(anonymous_21)
FNDA:27,(anonymous_22)
FNDA:8,(anonymous_23)
FNDA:1454,(anonymous_24)
FNDA:484,(anonymous_25)
FNDA:382,(anonymous_26)
FNDA:2181,(anonymous_27)
FNDA:1454,(anonymous_28)
FNDA:171,(anonymous_29)
FNDA:1,(anonymous_30)
FNDA:2,(anonymous_31)
DA:12,727
DA:13,727
DA:14,727
DA:15,727
DA:16,727
DA:17,727
DA:18,727
DA:27,727
DA:41,727
DA:42,727
DA:43,727
DA:44,727
DA:45,727
DA:48,727
DA:50,16
DA:51,15
DA:56,16
DA:57,13
DA:58,13
DA:59,3
DA:60,2
DA:61,2
DA:63,2
DA:64,2
DA:65,2
DA:66,2
DA:71,16
DA:72,16
DA:76,16
DA:77,15
DA:79,16
DA:80,15
DA:86,727
DA:87,67
DA:88,67
DA:90,65
DA:91,65
DA:94,16
DA:95,16
DA:96,16
DA:97,16
DA:100,16
DA:101,16
DA:103,49
DA:104,49
DA:110,727
DA:111,228
DA:112,228
DA:113,5
DA:114,5
DA:115,4
DA:116,4
DA:123,727
DA:124,226
DA:125,226
DA:126,1
DA:127,1
DA:133,727
DA:134,119
DA:135,70
DA:136,70
DA:137,70
DA:141,49
DA:143,49
DA:144,49
DA:145,49
DA:146,49
DA:147,49
DA:149,49
DA:151,47
DA:152,45
DA:154,2
DA:158,2
DA:159,2
DA:162,49
DA:168,727
DA:169,94
DA:170,69
DA:171,69
DA:175,25
DA:177,25
DA:178,25
DA:179,25
DA:181,25
DA:183,23
DA:184,20
DA:186,3
DA:190,2
DA:191,2
DA:194,25
DA:199,727
DA:200,10
DA:201,10
DA:202,10
DA:203,1
DA:204,1
DA:205,1
DA:207,9
DA:208,1
DA:209,1
DA:210,1
DA:212,8
DA:213,3
DA:214,3
DA:215,3
DA:219,5
DA:220,5
DA:221,4
DA:222,4
DA:223,1
DA:224,1
DA:225,1
DA:226,1
DA:229,3
DA:231,5
DA:232,1
DA:233,1
DA:235,5
DA:239,727
DA:240,12
DA:241,12
DA:242,12
DA:243,12
DA:244,12
DA:245,12
DA:247,12
DA:248,9
DA:250,3
DA:251,1
DA:252,1
DA:256,2
DA:257,1
DA:258,1
DA:261,1
DA:265,10
DA:273,7
DA:275,7
DA:277,3
DA:278,2
DA:279,1
DA:281,2
DA:283,3
DA:286,4
DA:287,2
DA:288,2
DA:289,2
DA:291,2
DA:294,2
DA:298,727
DA:299,27
DA:327,727
DA:328,8
DA:354,727
DA:378,1454
DA:400,484
DA:431,382
DA:457,2181
DA:473,1454
DA:502,171
DA:555,1
DA:556,1
DA:557,1
DA:558,1
DA:559,1
DA:560,1
DA:561,1
DA:562,1
DA:614,2
DA:615,2
LF:169
LH:169
BRDA:50,0,0,15
BRDA:50,0,1,1
BRDA:56,1,0,13
BRDA:56,1,1,3
BRDA:59,2,0,2
BRDA:59,2,1,1
BRDA:71,3,0,16
BRDA:71,3,1,1
BRDA:72,4,0,16
BRDA:72,4,1,1
BRDA:76,5,0,15
BRDA:76,5,1,1
BRDA:79,6,0,15
BRDA:79,6,1,1
BRDA:88,7,0,2
BRDA:88,7,1,65
BRDA:112,8,0,5
BRDA:112,8,1,223
BRDA:112,9,0,228
BRDA:112,9,1,23
BRDA:114,10,0,4
BRDA:114,10,1,1
BRDA:125,11,0,1
BRDA:125,11,1,225
BRDA:125,12,0,226
BRDA:125,12,1,11
BRDA:125,12,2,2
BRDA:134,13,0,70
BRDA:134,13,1,49
BRDA:141,14,0,0
BRDA:141,14,1,49
BRDA:151,15,0,45
BRDA:151,15,1,2
BRDA:152,16,0,45
BRDA:152,16,1,0
BRDA:154,17,0,2
BRDA:154,17,1,1
BRDA:158,18,0,2
BRDA:158,18,1,1
BRDA:169,19,0,69
BRDA:169,19,1,25
BRDA:175,20,0,0
BRDA:175,20,1,25
BRDA:183,21,0,20
BRDA:183,21,1,3
BRDA:184,22,0,20
BRDA:184,22,1,0
BRDA:186,23,0,3
BRDA:186,23,1,1
BRDA:190,24,0,2
BRDA:190,24,1,1
BRDA:201,25,0,10
BRDA:201,25,1,0
BRDA:202,26,0,1
BRDA:202,26,1,9
BRDA:207,27,0,1
BRDA:207,27,1,8
BRDA:212,28,0,3
BRDA:212,28,1,5
BRDA:222,29,0,1
BRDA:222,29,1,3
BRDA:222,30,0,4
BRDA:222,30,1,4
BRDA:247,31,0,9
BRDA:247,31,1,3
BRDA:250,32,0,1
BRDA:250,32,1,2
BRDA:256,33,0,1
BRDA:256,33,1,1
BRDA:275,34,0,3
BRDA:275,34,1,4
BRDA:277,35,0,1
BRDA:277,35,1,2
BRDA:277,36,0,3
BRDA:277,36,1,1
BRDA:281,37,0,2
BRDA:281,37,1,1
BRDA:286,38,0,2
BRDA:286,38,1,2
BRDA:291,39,0,2
BRDA:291,39,1,1
BRDA:294,40,0,2
BRDA:294,40,1,1
BRDA:373,41,0,0
BRDA:373,41,1,727
BRDA:381,42,0,727
BRDA:381,42,1,0
BRDA:393,43,0,727
BRDA:393,43,1,588
BRDA:395,44,0,0
BRDA:395,44,1,727
BRDA:403,45,0,727
BRDA:403,45,1,49
BRDA:409,46,0,727
BRDA:409,46,1,0
BRDA:424,47,0,727
BRDA:424,47,1,429
BRDA:426,48,0,0
BRDA:426,48,1,727
BRDA:434,49,0,727
BRDA:434,49,1,21
BRDA:440,50,0,727
BRDA:440,50,1,0
BRDA:452,51,0,0
BRDA:452,51,1,727
BRDA:460,52,0,727
BRDA:460,52,1,0
BRDA:487,53,0,727
BRDA:487,53,1,689
BRDA:494,54,0,0
BRDA:494,54,1,689
BRDA:494,55,0,689
BRDA:494,55,1,459
BRDA:496,56,0,689
BRDA:496,56,1,459
BRDA:500,57,0,689
BRDA:500,57,1,459
BRDA:501,58,0,3
BRDA:501,58,1,686
BRDA:503,59,0,3
BRDA:503,59,1,686
BRDA:504,60,0,1
BRDA:504,60,1,688
BRDA:509,61,0,689
BRDA:509,61,1,1
BRDA:516,62,0,727
BRDA:516,62,1,38
BRDA:540,63,0,38
BRDA:540,63,1,13
BRDA:548,64,0,38
BRDA:548,64,1,7
BRDA:591,65,0,0
BRDA:591,65,1,727
BRDA:591,66,0,727
BRDA:591,66,1,308
BRDA:593,67,0,727
BRDA:593,67,1,308
BRDA:601,68,0,0
BRDA:601,68,1,727
BRDA:604,69,0,727
BRDA:604,69,1,0
BRDA:626,70,0,14
BRDA:626,70,1,713
BRDA:640,71,0,727
BRDA:640,71,1,38
BRDA:676,72,0,38
BRDA:676,72,1,27
BRDA:677,73,0,38
BRDA:677,73,1,8
BRDA:679,74,0,38
BRDA:679,74,1,3
BRF:151
BRH:134
end_of_record
TN:
SF:src/routes/AppRoutes.jsx
FN:11,RoleProtectedRoute
FN:22,DefaultRedirect
FN:32,AppRoutes
FNF:3
FNH:3
FNDA:6,RoleProtectedRoute
FNDA:3,DefaultRedirect
FNDA:11,AppRoutes
DA:12,6
DA:13,6
DA:15,6
DA:16,1
DA:19,5
DA:23,3
DA:24,3
DA:26,3
DA:27,1
DA:29,2
DA:33,11
LF:11
LH:11
BRDA:15,0,0,1
BRDA:15,0,1,5
BRDA:26,1,0,1
BRDA:26,1,1,2
BRDA:26,2,0,3
BRDA:26,2,1,2
BRF:6
BRH:6
end_of_record
TN:
SF:src/utils/api.js
FN:17,(anonymous_0)
FN:20,apiRequest
FN:50,(anonymous_2)
FN:67,(anonymous_3)
FN:75,(anonymous_4)
FN:76,(anonymous_5)
FN:77,(anonymous_6)
FN:81,(anonymous_7)
FN:85,(anonymous_8)
FN:86,(anonymous_9)
FN:87,(anonymous_10)
FN:88,(anonymous_11)
FN:91,(anonymous_12)
FN:101,(anonymous_13)
FN:105,(anonymous_14)
FN:109,(anonymous_15)
FN:114,(anonymous_16)
FN:118,(anonymous_17)
FNF:18
FNH:18
FNDA:40,(anonymous_0)
FNDA:40,apiRequest
FNDA:2,(anonymous_2)
FNDA:1,(anonymous_3)
FNDA:1,(anonymous_4)
FNDA:1,(anonymous_5)
FNDA:1,(anonymous_6)
FNDA:19,(anonymous_7)
FNDA:8,(anonymous_8)
FNDA:6,(anonymous_9)
FNDA:7,(anonymous_10)
FNDA:7,(anonymous_11)
FNDA:30,(anonymous_12)
FNDA:1,(anonymous_13)
FNDA:12,(anonymous_14)
FNDA:1,(anonymous_15)
FNDA:7,(anonymous_16)
FNDA:2,(anonymous_17)
DA:2,3
DA:6,3
DA:7,1
DA:9,2
DA:10,2
DA:12,2
DA:17,40
DA:21,40
DA:23,40
DA:32,40
DA:33,40
DA:34,38
DA:36,38
DA:37,1
DA:38,1
DA:39,1
DA:40,1
DA:43,37
DA:44,1
DA:47,36
DA:49,5
DA:50,2
DA:51,1
DA:53,4
DA:56,31
DA:58,9
DA:59,1
DA:61,8
DA:66,3
DA:67,1
DA:74,3
DA:75,1
DA:76,1
DA:77,1
DA:81,3
DA:82,19
DA:84,19
DA:85,8
DA:86,6
DA:87,7
DA:88,7
DA:91,19
DA:92,30
DA:93,30
DA:96,19
DA:100,3
DA:101,1
DA:106,12
DA:107,12
DA:109,1
DA:113,3
DA:115,7
DA:116,7
DA:118,2
LF:54
LH:54
BRDA:2,0,0,3
BRDA:2,0,1,2
BRDA:6,1,0,1
BRDA:6,1,1,2
BRDA:10,2,0,2
BRDA:10,2,1,0
BRDA:20,3,0,34
BRDA:26,4,0,40
BRDA:26,4,1,3
BRDA:36,5,0,1
BRDA:36,5,1,37
BRDA:36,6,0,38
BRDA:36,6,1,3
BRDA:36,6,2,2
BRDA:43,7,0,1
BRDA:43,7,1,36
BRDA:47,8,0,5
BRDA:47,8,1,31
BRDA:49,9,0,1
BRDA:49,9,1,4
BRDA:49,10,0,5
BRDA:49,10,1,1
BRDA:53,11,0,4
BRDA:53,11,1,1
BRDA:58,12,0,1
BRDA:58,12,1,8
BRDA:58,13,0,9
BRDA:58,13,1,1
BRDA:85,14,0,8
BRDA:85,14,1,6
BRDA:85,14,2,4
BRDA:86,15,0,6
BRDA:86,15,1,4
BRDA:87,16,0,7
BRDA:87,16,1,6
BRDA:87,16,2,5
BRDA:88,17,0,7
BRDA:88,17,1,6
BRDA:88,17,2,5
BRDA:93,18,0,28
BRDA:93,18,1,2
BRDA:105,19,0,1
BRDA:107,20,0,6
BRDA:107,20,1,6
BRDA:114,21,0,1
BRDA:116,22,0,5
BRDA:116,22,1,2
BRDA:118,23,0,1
BRF:48
BRH:47
end_of_record
TN:
SF:src/utils/conditionalHelpers.js
FN:10,(anonymous_0)
FN:19,(anonymous_1)
FN:34,(anonymous_2)
FN:36,(anonymous_3)
FN:47,(anonymous_4)
FN:48,(anonymous_5)
FN:58,(anonymous_6)
FN:59,(anonymous_7)
FN:71,(anonymous_8)
FN:81,(anonymous_9)
FN:94,(anonymous_10)
FN:95,(anonymous_11)
FNF:12
FNH:12
FNDA:2,(anonymous_0)
FNDA:3,(anonymous_1)
FNDA:3,(anonymous_2)
FNDA:9,(anonymous_3)
FNDA:3,(anonymous_4)
FNDA:7,(anonymous_5)
FNDA:3,(anonymous_6)
FNDA:7,(anonymous_7)
FNDA:3,(anonymous_8)
FNDA:2,(anonymous_9)
FNDA:2,(anonymous_10)
FNDA:4,(anonymous_11)
DA:10,1
DA:11,2
DA:19,1
DA:20,3
DA:21,9
DA:22,9
DA:24,1
DA:34,1
DA:35,3
DA:36,9
DA:38,0
DA:47,1
DA:48,3
DA:49,7
DA:58,1
DA:59,3
DA:60,7
DA:71,1
DA:72,3
DA:73,3
DA:81,1
DA:82,2
DA:83,4
DA:85,1
DA:94,1
DA:95,4
LF:26
LH:25
BRDA:11,0,0,1
BRDA:11,0,1,1
BRDA:21,1,0,3
BRDA:21,1,1,6
BRDA:22,2,0,2
BRDA:22,2,1,7
BRDA:34,3,0,2
BRDA:36,4,0,3
BRDA:36,4,1,2
BRDA:49,5,0,2
BRDA:49,5,1,5
BRDA:60,6,0,2
BRDA:60,6,1,5
BRDA:71,7,0,2
BRDA:72,8,0,3
BRDA:72,8,1,1
BRDA:73,9,0,1
BRDA:73,9,1,2
BRDA:83,10,0,1
BRDA:83,10,1,3
BRF:20
BRH:20
end_of_record
TN:
SF:src/utils/constants.js
FNF:0
FNH:0
DA:2,10
DA:6,10
DA:7,8
DA:9,2
DA:11,2
DA:13,2
DA:17,10
DA:26,10
DA:33,10
DA:43,10
DA:50,10
DA:53,10
LF:12
LH:12
BRDA:2,0,0,10
BRDA:2,0,1,9
BRDA:6,1,0,8
BRDA:6,1,1,2
BRDA:11,2,0,2
BRDA:11,2,1,0
BRF:6
BRH:5
end_of_record
TN:
SF:src/utils/riskAssessment.js
FN:24,(anonymous_0)
FN:26,(anonymous_1)
FN:49,(anonymous_2)
FN:70,(anonymous_3)
FN:83,(anonymous_4)
FN:88,(anonymous_5)
FN:96,(anonymous_6)
FN:104,(anonymous_7)
FN:112,(anonymous_8)
FN:126,(anonymous_9)
FN:147,(anonymous_10)
FN:151,(anonymous_11)
FN:160,(anonymous_12)
FN:175,(anonymous_13)
FN:179,(anonymous_14)
FN:186,(anonymous_15)
FN:232,(anonymous_16)
FN:345,(anonymous_17)
FN:377,(anonymous_18)
FN:396,(anonymous_19)
FN:410,(anonymous_20)
FN:538,(anonymous_21)
FN:540,(anonymous_22)
FN:551,(anonymous_23)
FN:578,(anonymous_24)
FN:753,(anonymous_25)
FN:834,(anonymous_26)
FN:835,(anonymous_27)
FN:845,(anonymous_28)
FN:897,(anonymous_29)
FN:923,(anonymous_30)
FN:924,(anonymous_31)
FN:934,(anonymous_32)
FN:959,(anonymous_33)
FN:966,(anonymous_34)
FNF:35
FNH:35
FNDA:3331,(anonymous_0)
FNDA:3331,(anonymous_1)
FNDA:3331,(anonymous_2)
FNDA:3603,(anonymous_3)
FNDA:87388,(anonymous_4)
FNDA:87287,(anonymous_5)
FNDA:87267,(anonymous_6)
FNDA:251,(anonymous_7)
FNDA:4,(anonymous_8)
FNDA:87388,(anonymous_9)
FNDA:86996,(anonymous_10)
FNDA:86996,(anonymous_11)
FNDA:86882,(anonymous_12)
FNDA:4,(anonymous_13)
FNDA:5,(anonymous_14)
FNDA:102,(anonymous_15)
FNDA:1666,(anonymous_16)
FNDA:24990,(anonymous_17)
FNDA:6664,(anonymous_18)
FNDA:1158,(anonymous_19)
FNDA:24164,(anonymous_20)
FNDA:27871,(anonymous_21)
FNDA:2332,(anonymous_22)
FNDA:2,(anonymous_23)
FNDA:507,(anonymous_24)
FNDA:12675,(anonymous_25)
FNDA:1655,(anonymous_26)
FNDA:6537,(anonymous_27)
FNDA:1675,(anonymous_28)
FNDA:52,(anonymous_29)
FNDA:1612,(anonymous_30)
FNDA:6431,(anonymous_31)
FNDA:12,(anonymous_32)
FNDA:9,(anonymous_33)
FNDA:4,(anonymous_34)
DA:2,5
DA:12,5
DA:24,5
DA:26,3331
DA:27,3331
DA:29,0
DA:31,0
DA:33,0
DA:35,3331
DA:40,3331
DA:41,3331
DA:43,3331
DA:49,5
DA:50,3331
DA:65,3331
DA:66,3331
DA:67,3331
DA:70,3603
DA:78,3331
DA:81,3331
DA:83,3331
DA:84,87388
DA:85,87388
DA:88,87388
DA:89,87287
DA:90,87287
DA:91,87287
DA:92,87287
DA:96,87388
DA:97,87267
DA:98,87267
DA:99,87267
DA:100,87267
DA:104,87388
DA:105,251
DA:106,251
DA:108,251
DA:111,4
DA:112,4
DA:113,4
DA:115,4
DA:116,4
DA:118,247
DA:123,87388
DA:126,87388
DA:127,87388
DA:129,101
DA:132,20
DA:135,20
DA:138,251
DA:139,251
DA:142,86996
DA:147,87388
DA:148,86996
DA:151,86996
DA:152,86996
DA:153,86996
DA:156,86996
DA:157,86996
DA:160,86996
DA:161,86882
DA:162,86882
DA:165,86882
DA:166,86882
DA:170,86882
DA:174,86996
DA:176,4
DA:177,4
DA:181,5
DA:182,5
DA:183,5
DA:186,5
DA:187,102
DA:188,102
DA:192,5
DA:193,5
DA:195,5
DA:199,86996
DA:202,86996
DA:204,114
DA:207,1282
DA:210,9
DA:214,85591
DA:218,87388
DA:222,3331
DA:232,5
DA:233,1666
DA:234,1666
DA:237,1666
DA:240,1666
DA:343,1666
DA:345,1666
DA:346,24990
DA:347,24990
DA:348,7
DA:349,7
DA:350,7
DA:360,1666
DA:361,0
DA:362,0
DA:370,1666
DA:377,1666
DA:378,6664
DA:379,0
DA:380,0
DA:388,1666
DA:396,5
DA:397,1158
DA:398,1158
DA:399,1158
DA:401,1149
DA:402,1149
DA:405,1149
DA:406,1149
DA:407,1149
DA:410,1149
DA:411,24164
DA:414,5864
DA:415,2419
DA:417,4
DA:418,4
DA:423,4
DA:426,1
DA:427,1
DA:432,1
DA:436,5
DA:439,5
DA:440,1
DA:441,1
DA:447,4
DA:448,4
DA:454,5
DA:458,6
DA:461,6
DA:462,1
DA:463,1
DA:469,5
DA:470,5
DA:476,6
DA:479,2
DA:480,2
DA:485,2
DA:488,4
DA:489,4
DA:494,4
DA:497,0
DA:498,0
DA:499,0
DA:505,0
DA:506,0
DA:512,0
DA:516,0
DA:517,0
DA:522,0
DA:527,5864
DA:529,0
DA:530,0
DA:538,5863
DA:539,27871
DA:540,2316
DA:541,2332
DA:543,25555
DA:544,20682
DA:550,1149
DA:551,1
DA:552,2
DA:555,1148
DA:558,1148
DA:562,10
DA:563,10
DA:578,5
DA:579,507
DA:580,507
DA:583,507
DA:586,507
DA:587,507
DA:588,507
DA:591,507
DA:655,507
DA:689,507
DA:753,507
DA:754,12675
DA:755,12675
DA:756,24
DA:757,24
DA:762,507
DA:763,507
DA:764,1
DA:765,1
DA:773,507
DA:774,507
DA:775,507
DA:776,1
DA:777,1
DA:784,507
DA:790,5
DA:834,5
DA:835,6537
DA:845,5
DA:847,1675
DA:848,20
DA:861,1655
DA:863,1655
DA:864,1655
DA:866,497
DA:869,1158
DA:870,1158
DA:873,1158
DA:874,10
DA:875,10
DA:880,0
DA:893,1655
DA:896,1655
DA:897,52
DA:900,1655
DA:923,5
DA:924,6431
DA:925,1612
DA:934,5
DA:935,12
DA:936,12
DA:937,12
DA:938,10
DA:944,2
DA:959,5
DA:960,9
DA:963,9
DA:966,9
DA:967,4
DA:972,9
DA:973,0
DA:974,0
DA:975,0
DA:978,9
DA:980,2
DA:981,2
DA:982,2
DA:983,2
DA:984,2
DA:987,0
DA:988,0
DA:989,0
DA:990,0
DA:993,1
DA:994,1
DA:995,1
DA:998,6
DA:999,6
DA:1003,9
DA:1004,9
DA:1005,8
DA:1006,8
DA:1007,1
DA:1011,9
LF:254
LH:228
BRDA:24,0,0,0
BRDA:27,1,0,0
BRDA:27,1,1,0
BRDA:27,1,2,0
BRDA:27,1,3,3331
BRDA:41,2,0,3331
BRDA:41,2,1,0
BRDA:43,3,0,3331
BRDA:43,3,1,0
BRDA:65,4,0,3331
BRDA:65,4,1,0
BRDA:70,5,0,3331
BRDA:84,6,0,87388
BRDA:84,6,1,3423
BRDA:85,7,0,87388
BRDA:85,7,1,3434
BRDA:89,8,0,87287
BRDA:89,8,1,1322
BRDA:90,9,0,20
BRDA:90,9,1,87267
BRDA:91,10,0,20
BRDA:91,10,1,87267
BRDA:97,11,0,87267
BRDA:97,11,1,1302
BRDA:98,12,0,20
BRDA:98,12,1,87247
BRDA:99,13,0,20
BRDA:99,13,1,87247
BRDA:108,14,0,4
BRDA:108,14,1,247
BRDA:127,15,0,101
BRDA:127,15,1,20
BRDA:127,15,2,20
BRDA:127,15,3,251
BRDA:127,15,4,86996
BRDA:152,16,0,86996
BRDA:152,16,1,85714
BRDA:153,17,0,114
BRDA:153,17,1,86882
BRDA:156,18,0,114
BRDA:156,18,1,86882
BRDA:162,19,0,1282
BRDA:162,19,1,85600
BRDA:165,20,0,86882
BRDA:165,20,1,1282
BRDA:165,20,2,110
BRDA:166,21,0,110
BRDA:166,21,1,86772
BRDA:183,22,0,3
BRDA:183,22,1,2
BRDA:188,23,0,102
BRDA:188,23,1,102
BRDA:193,24,0,2
BRDA:193,24,1,3
BRDA:202,25,0,114
BRDA:202,25,1,1282
BRDA:202,25,2,9
BRDA:202,25,3,85591
BRDA:347,26,0,7
BRDA:347,26,1,24983
BRDA:352,27,0,0
BRDA:352,27,1,7
BRDA:360,28,0,0
BRDA:360,28,1,1666
BRDA:378,29,0,0
BRDA:378,29,1,6664
BRDA:398,30,0,1158
BRDA:398,30,1,1
BRDA:410,31,0,0
BRDA:411,32,0,18300
BRDA:411,32,1,5864
BRDA:411,33,0,24164
BRDA:411,33,1,5878
BRDA:414,34,0,2419
BRDA:414,34,1,3445
BRDA:415,35,0,4
BRDA:415,35,1,1
BRDA:415,35,2,5
BRDA:415,35,3,6
BRDA:415,35,4,2
BRDA:415,35,5,4
BRDA:415,35,6,0
BRDA:415,35,7,0
BRDA:415,35,8,0
BRDA:420,36,0,4
BRDA:420,36,1,0
BRDA:420,36,2,0
BRDA:436,37,0,5
BRDA:436,37,1,4
BRDA:437,38,0,0
BRDA:437,38,1,4
BRDA:439,39,0,1
BRDA:439,39,1,4
BRDA:458,40,0,6
BRDA:458,40,1,5
BRDA:459,41,0,0
BRDA:459,41,1,5
BRDA:461,42,0,1
BRDA:461,42,1,5
BRDA:497,43,0,0
BRDA:497,43,1,0
BRDA:497,44,0,0
BRDA:497,44,1,0
BRDA:527,45,0,0
BRDA:527,45,1,5863
BRDA:527,46,0,5864
BRDA:527,46,1,1142
BRDA:527,46,2,1
BRDA:539,47,0,2316
BRDA:539,47,1,25555
BRDA:543,48,0,20682
BRDA:543,48,1,4873
BRDA:550,49,0,1
BRDA:550,49,1,1148
BRDA:755,50,0,24
BRDA:755,50,1,12651
BRDA:763,51,0,1
BRDA:763,51,1,506
BRDA:774,52,0,507
BRDA:774,52,1,493
BRDA:775,53,0,1
BRDA:775,53,1,506
BRDA:835,54,0,1655
BRDA:835,54,1,0
BRDA:847,55,0,20
BRDA:847,55,1,1655
BRDA:847,56,0,1675
BRDA:847,56,1,516
BRDA:864,57,0,497
BRDA:864,57,1,1158
BRDA:864,58,0,1655
BRDA:864,58,1,1159
BRDA:866,59,0,497
BRDA:866,59,1,1
BRDA:873,60,0,10
BRDA:873,60,1,1148
BRDA:873,61,0,1158
BRDA:873,61,1,10
BRDA:896,62,0,43
BRDA:896,62,1,1612
BRDA:909,63,0,497
BRDA:909,63,1,1158
BRDA:909,64,0,1655
BRDA:909,64,1,1159
BRDA:910,65,0,1655
BRDA:910,65,1,507
BRDA:911,66,0,1655
BRDA:911,66,1,1645
BRDA:925,67,0,1611
BRDA:925,67,1,1
BRDA:936,68,0,12
BRDA:936,68,1,1
BRDA:967,69,0,4
BRDA:967,69,1,4
BRDA:967,69,2,4
BRDA:972,70,0,0
BRDA:972,70,1,9
BRDA:978,71,0,2
BRDA:978,71,1,0
BRDA:978,71,2,1
BRDA:978,71,3,6
BRDA:1004,72,0,8
BRDA:1004,72,1,1
BRDA:1004,73,0,9
BRDA:1004,73,1,8
BRDA:1006,74,0,1
BRDA:1006,74,1,7
BRDA:1016,75,0,9
BRDA:1016,75,1,9
BRDA:1018,76,0,9
BRDA:1018,76,1,2
BRF:171
BRH:145
end_of_record
TN:
SF:src/utils/validation.js
FN:22,(anonymous_0)
FN:26,(anonymous_1)
FNF:2
FNH:2
FNDA:24,(anonymous_0)
FNDA:22,(anonymous_1)
DA:4,5
DA:10,5
DA:22,24
DA:27,22
DA:28,17
DA:31,5
DA:38,5
LF:7
LH:7
BRDA:27,0,0,17
BRDA:27,0,1,5
BRDA:28,1,0,17
BRDA:28,1,1,15
BRF:4
BRH:4
end_of_record
