TN:
SF:src/App.jsx
FN:4,App
FNF:1
FNH:0
FNDA:0,App
DA:5,0
LF:1
LH:0
BRF:0
BRH:0
end_of_record
TN:
SF:src/api/axios.js
FNF:0
FNH:0
LF:0
LH:0
BRF:0
BRH:0
end_of_record
TN:
SF:src/components/common/CodeEditor.jsx
FN:5,CodeEditor
FN:22,(anonymous_1)
FN:23,(anonymous_2)
FN:32,(anonymous_3)
FN:96,(anonymous_4)
FN:97,(anonymous_5)
FN:98,(anonymous_6)
FN:111,(anonymous_7)
FN:121,(anonymous_8)
FN:132,(anonymous_9)
FNF:10
FNH:8
FNDA:17,CodeEditor
FNDA:13,(anonymous_1)
FNDA:13,(anonymous_2)
FNDA:13,(anonymous_3)
FNDA:4,(anonymous_4)
FNDA:2,(anonymous_5)
FNDA:0,(anonymous_6)
FNDA:5,(anonymous_7)
FNDA:1,(anonymous_8)
FNDA:0,(anonymous_9)
DA:16,17
DA:17,17
DA:18,17
DA:19,17
DA:22,17
DA:23,13
DA:24,13
DA:25,13
DA:26,13
DA:30,13
DA:31,13
DA:32,13
DA:35,17
DA:37,8
DA:86,9
DA:96,4
DA:97,2
DA:98,0
DA:113,5
DA:114,1
DA:115,1
DA:116,1
DA:117,1
DA:118,1
DA:121,1
DA:122,1
DA:133,0
LF:27
LH:25
BRDA:7,0,0,16
BRDA:8,1,0,0
BRDA:9,2,0,7
BRDA:10,3,0,16
BRDA:11,4,0,16
BRDA:12,5,0,16
BRDA:13,6,0,16
BRDA:14,7,0,16
BRDA:24,8,0,13
BRDA:24,8,1,0
BRDA:35,9,0,8
BRDA:35,9,1,9
BRDA:71,10,0,8
BRDA:71,10,1,1
BRDA:76,11,0,8
BRDA:76,11,1,0
BRDA:96,12,0,4
BRDA:96,12,1,4
BRDA:101,13,0,0
BRDA:101,13,1,9
BRDA:113,14,0,1
BRDA:113,14,1,4
BRDA:118,15,0,1
BRDA:118,15,1,1
BRDA:129,16,0,9
BRDA:129,16,1,0
BRDA:143,17,0,9
BRDA:143,17,1,0
BRDA:143,17,2,0
BRF:29
BRH:22
end_of_record
TN:
SF:src/components/common/ConfirmModal.jsx
FN:3,ConfirmModal
FNF:1
FNH:1
FNDA:13,ConfirmModal
DA:14,13
DA:20,13
LF:2
LH:2
BRDA:9,0,0,12
BRDA:10,1,0,12
BRDA:11,2,0,11
BRDA:12,3,0,10
BRDA:38,4,0,2
BRDA:38,4,1,11
BRF:6
BRH:6
end_of_record
TN:
SF:src/components/common/LoadingSpinner.jsx
FN:1,LoadingSpinner
FNF:1
FNH:1
FNDA:7,LoadingSpinner
DA:2,7
DA:8,7
LF:2
LH:2
BRDA:1,0,0,4
BRDA:1,1,0,6
BRF:2
BRH:2
end_of_record
TN:
SF:src/components/common/Modal.jsx
FN:1,Modal
FNF:1
FNH:1
FNDA:24,Modal
DA:2,24
DA:4,22
DA:11,22
LF:3
LH:3
BRDA:1,0,0,8
BRDA:2,1,0,2
BRDA:2,1,1,22
BRF:3
BRH:3
end_of_record
TN:
SF:src/components/common/OutputDisplay.jsx
FN:3,OutputDisplay
FN:10,(anonymous_1)
FN:11,(anonymous_2)
FN:18,(anonymous_3)
FN:37,(anonymous_4)
FN:51,(anonymous_5)
FN:71,(anonymous_6)
FN:88,(anonymous_7)
FN:96,(anonymous_8)
FN:100,(anonymous_9)
FN:110,(anonymous_10)
FN:118,(anonymous_11)
FN:120,(anonymous_12)
FN:137,(anonymous_13)
FN:146,(anonymous_14)
FN:171,(anonymous_15)
FN:233,(anonymous_16)
FN:244,(anonymous_17)
FN:255,(anonymous_18)
FNF:19
FNH:18
FNDA:29,OutputDisplay
FNDA:2,(anonymous_1)
FNDA:2,(anonymous_2)
FNDA:25,(anonymous_3)
FNDA:37,(anonymous_4)
FNDA:7,(anonymous_5)
FNDA:18,(anonymous_6)
FNDA:4,(anonymous_7)
FNDA:7,(anonymous_8)
FNDA:10,(anonymous_9)
FNDA:6,(anonymous_10)
FNDA:7,(anonymous_11)
FNDA:10,(anonymous_12)
FNDA:8,(anonymous_13)
FNDA:1,(anonymous_14)
FNDA:1,(anonymous_15)
FNDA:0,(anonymous_16)
FNDA:1,(anonymous_17)
FNDA:1,(anonymous_18)
DA:4,29
DA:5,29
DA:10,29
DA:11,2
DA:18,29
DA:19,25
DA:21,25
DA:22,25
DA:23,22
DA:26,3
DA:30,29
DA:33,29
DA:37,29
DA:38,37
DA:39,36
DA:40,36
DA:41,34
DA:42,24
DA:44,16
DA:45,4
DA:47,3
DA:52,7
DA:63,12
DA:64,12
DA:65,12
DA:67,11
DA:72,18
DA:85,0
DA:88,29
DA:89,4
DA:92,4
DA:93,4
DA:95,4
DA:96,4
DA:97,7
DA:100,10
DA:103,4
DA:105,4
DA:111,6
DA:119,7
DA:121,10
DA:137,29
DA:138,8
DA:140,8
DA:146,1
DA:171,1
DA:199,29
DA:200,2
DA:217,27
DA:218,3
DA:225,24
DA:227,24
DA:233,0
DA:244,1
DA:255,1
LF:55
LH:53
BRDA:19,0,0,0
BRDA:19,0,1,25
BRDA:30,1,0,25
BRDA:30,1,1,4
BRDA:33,2,0,29
BRDA:33,2,1,22
BRDA:33,2,2,22
BRDA:33,2,3,14
BRDA:33,2,4,14
BRDA:33,2,5,14
BRDA:37,3,0,12
BRDA:38,4,0,1
BRDA:38,4,1,36
BRDA:39,5,0,0
BRDA:39,5,1,36
BRDA:40,6,0,2
BRDA:40,6,1,34
BRDA:41,7,0,10
BRDA:41,7,1,24
BRDA:42,8,0,8
BRDA:42,8,1,16
BRDA:44,9,0,4
BRDA:44,9,1,12
BRDA:45,10,0,1
BRDA:45,10,1,3
BRDA:54,11,0,7
BRDA:54,11,1,4
BRDA:63,12,0,12
BRDA:63,12,1,0
BRDA:65,13,0,1
BRDA:65,13,1,11
BRDA:76,14,0,18
BRDA:76,14,1,7
BRDA:89,15,0,0
BRDA:89,15,1,4
BRDA:89,16,0,4
BRDA:89,16,1,4
BRDA:93,17,0,0
BRDA:93,17,1,4
BRDA:93,18,0,4
BRDA:93,18,1,4
BRDA:97,19,0,7
BRDA:97,19,1,7
BRDA:97,19,2,7
BRDA:97,19,3,7
BRDA:103,20,0,0
BRDA:103,20,1,4
BRDA:123,21,0,0
BRDA:123,21,1,10
BRDA:125,22,0,10
BRDA:125,22,1,0
BRDA:143,23,0,8
BRDA:143,23,1,8
BRDA:155,24,0,7
BRDA:155,24,1,1
BRDA:157,25,0,8
BRDA:157,25,1,7
BRDA:168,26,0,8
BRDA:168,26,1,8
BRDA:168,26,2,4
BRDA:180,27,0,3
BRDA:180,27,1,1
BRDA:182,28,0,4
BRDA:182,28,1,3
BRDA:185,29,0,3
BRDA:185,29,1,0
BRDA:199,30,0,2
BRDA:199,30,1,27
BRDA:217,31,0,3
BRDA:217,31,1,24
BRDA:225,32,0,24
BRDA:225,32,1,22
BRDA:230,33,0,24
BRDA:230,33,1,22
BRDA:230,33,2,14
BRDA:235,34,0,12
BRDA:235,34,1,2
BRDA:242,35,0,14
BRDA:242,35,1,5
BRDA:246,36,0,1
BRDA:246,36,1,4
BRDA:257,37,0,1
BRDA:257,37,1,13
BRDA:268,38,0,8
BRDA:268,38,1,16
BRDA:269,39,0,8
BRDA:269,39,1,16
BRDA:270,40,0,8
BRDA:270,40,1,16
BRDA:272,41,0,1
BRDA:272,41,1,15
BRDA:272,42,0,16
BRDA:272,42,1,1
BRDA:274,43,0,12
BRDA:274,43,1,3
BRDA:274,44,0,15
BRDA:274,44,1,14
BRDA:280,45,0,1
BRDA:280,45,1,2
BRF:99
BRH:90
end_of_record
TN:
SF:src/components/common/StatusBadge.jsx
FN:12,StatusBadge
FNF:1
FNH:1
FNDA:8,StatusBadge
DA:3,1
DA:13,8
DA:14,8
DA:16,8
LF:4
LH:4
BRDA:13,0,0,8
BRDA:13,0,1,1
BRDA:14,1,0,8
BRDA:14,1,1,1
BRF:4
BRH:4
end_of_record
TN:
SF:src/components/common/Tooltip.jsx
FN:3,Tooltip
FN:9,(anonymous_1)
FN:10,(anonymous_2)
FNF:3
FNH:3
FNDA:19,Tooltip
FNDA:6,(anonymous_1)
FNDA:3,(anonymous_2)
DA:4,19
DA:6,19
DA:9,6
DA:10,3
LF:4
LH:4
BRDA:3,0,0,18
BRDA:13,1,0,19
BRDA:13,1,1,6
BRF:3
BRH:3
end_of_record
TN:
SF:src/components/common/protectedroute.jsx
FN:3,ProtectedRoute
FNF:1
FNH:1
FNDA:2,ProtectedRoute
DA:4,2
DA:5,2
DA:6,2
DA:8,2
DA:9,1
DA:12,1
LF:6
LH:6
BRDA:6,0,0,2
BRDA:6,0,1,1
BRDA:8,1,0,1
BRDA:8,1,1,1
BRF:4
BRH:4
end_of_record
TN:
SF:src/components/layout/dashboardlayout.jsx
FN:5,DashboardLayout
FNF:1
FNH:1
FNDA:4,DashboardLayout
DA:6,4
LF:1
LH:1
BRF:0
BRH:0
end_of_record
TN:
SF:src/components/layout/sidebar.jsx
FN:3,Sidebar
FN:40,(anonymous_1)
FN:53,(anonymous_2)
FN:73,(anonymous_3)
FNF:4
FNH:4
FNDA:11,Sidebar
FNDA:5,(anonymous_1)
FNDA:5,(anonymous_2)
FNDA:3,(anonymous_3)
DA:4,11
DA:5,11
DA:7,11
DA:8,11
DA:10,11
DA:41,5
DA:54,5
DA:74,3
LF:8
LH:8
BRDA:7,0,0,11
BRDA:7,0,1,9
BRDA:18,1,0,11
BRDA:18,1,1,5
BRDA:36,2,0,11
BRDA:36,2,1,9
BRDA:36,2,2,5
BRDA:42,3,0,0
BRDA:42,3,1,5
BRDA:55,4,0,0
BRDA:55,4,1,5
BRDA:66,5,0,11
BRDA:66,5,1,3
BRDA:75,6,0,0
BRDA:75,6,1,3
BRF:15
BRH:12
end_of_record
TN:
SF:src/components/layout/topbar.jsx
FN:3,Topbar
FN:7,(anonymous_1)
FNF:2
FNH:2
FNDA:9,Topbar
FNDA:1,(anonymous_1)
DA:4,9
DA:5,9
DA:7,9
DA:8,1
DA:9,1
DA:10,1
DA:13,9
LF:7
LH:7
BRDA:21,0,0,9
BRDA:21,0,1,3
BRF:2
BRH:2
end_of_record
TN:
SF:src/context/ToastContext.jsx
FN:5,ToastProvider
FN:8,(anonymous_1)
FN:10,(anonymous_2)
FN:13,(anonymous_3)
FN:14,(anonymous_4)
FN:14,(anonymous_5)
FN:18,(anonymous_6)
FN:19,(anonymous_7)
FN:19,(anonymous_8)
FN:22,(anonymous_9)
FN:23,(anonymous_10)
FN:24,(anonymous_11)
FN:25,(anonymous_12)
FN:35,ToastContainer
FN:38,(anonymous_14)
FN:51,(anonymous_15)
FN:66,(anonymous_16)
FN:74,(anonymous_17)
FN:85,useToast
FNF:19
FNH:19
FNDA:48,ToastProvider
FNDA:21,(anonymous_1)
FNDA:21,(anonymous_2)
FNDA:1,(anonymous_3)
FNDA:1,(anonymous_4)
FNDA:1,(anonymous_5)
FNDA:1,(anonymous_6)
FNDA:1,(anonymous_7)
FNDA:1,(anonymous_8)
FNDA:10,(anonymous_9)
FNDA:5,(anonymous_10)
FNDA:3,(anonymous_11)
FNDA:2,(anonymous_12)
FNDA:48,ToastContainer
FNDA:24,(anonymous_14)
FNDA:24,(anonymous_15)
FNDA:24,(anonymous_16)
FNDA:1,(anonymous_17)
FNDA:69,useToast
DA:3,2
DA:6,48
DA:8,48
DA:9,21
DA:10,21
DA:13,21
DA:14,1
DA:18,48
DA:19,1
DA:22,48
DA:23,48
DA:24,48
DA:25,48
DA:27,48
DA:36,48
DA:38,21
DA:39,24
DA:41,12
DA:43,6
DA:45,2
DA:47,4
DA:51,21
DA:52,24
DA:54,12
DA:56,6
DA:58,2
DA:60,4
DA:64,21
DA:67,24
DA:74,1
DA:86,69
DA:87,68
DA:88,2
DA:90,66
LF:34
LH:34
BRDA:8,0,0,0
BRDA:36,1,0,27
BRDA:36,1,1,21
BRDA:39,2,0,12
BRDA:39,2,1,6
BRDA:39,2,2,2
BRDA:39,2,3,4
BRDA:52,3,0,12
BRDA:52,3,1,6
BRDA:52,3,2,2
BRDA:52,3,3,4
BRDA:87,4,0,2
BRDA:87,4,1,66
BRF:13
BRH:12
end_of_record
TN:
SF:src/hooks/useApi.js
FN:4,useApi
FN:9,(anonymous_1)
FN:24,(anonymous_2)
FN:34,useFetch
FN:39,(anonymous_4)
FNF:5
FNH:5
FNDA:26,useApi
FNDA:13,(anonymous_1)
FNDA:2,(anonymous_2)
FNDA:15,useFetch
FNDA:7,(anonymous_4)
DA:5,26
DA:6,26
DA:7,26
DA:9,26
DA:10,13
DA:11,13
DA:12,13
DA:13,13
DA:14,9
DA:15,9
DA:17,4
DA:18,4
DA:20,13
DA:24,26
DA:25,2
DA:26,2
DA:27,2
DA:30,26
DA:35,15
DA:36,15
DA:37,15
DA:39,15
DA:40,7
DA:41,7
DA:42,7
DA:43,7
DA:44,5
DA:45,5
DA:47,2
DA:49,7
DA:53,15
LF:31
LH:31
BRDA:34,0,0,15
BRF:1
BRH:1
end_of_record
TN:
SF:src/hooks/useAuth.js
FN:5,useAuth
FN:9,(anonymous_1)
FN:15,(anonymous_2)
FN:18,(anonymous_3)
FNF:4
FNH:4
FNDA:18,useAuth
FNDA:1,(anonymous_1)
FNDA:15,(anonymous_2)
FNDA:25,(anonymous_3)
DA:6,18
DA:7,18
DA:9,18
DA:10,1
DA:11,1
DA:12,1
DA:15,18
DA:16,15
DA:17,13
DA:18,25
DA:21,18
LF:11
LH:11
BRDA:16,0,0,2
BRDA:16,0,1,13
BRDA:17,1,0,13
BRDA:17,1,1,1
BRDA:24,2,0,18
BRDA:24,2,1,14
BRF:6
BRH:6
end_of_record
TN:
SF:src/pages/ApprovalDashboard.jsx
FN:13,ApprovalDashboard
FN:32,(anonymous_1)
FN:33,(anonymous_2)
FN:37,(anonymous_3)
FN:40,(anonymous_4)
FN:57,(anonymous_5)
FN:63,(anonymous_6)
FN:64,(anonymous_7)
FN:65,(anonymous_8)
FN:66,(anonymous_9)
FN:74,(anonymous_10)
FN:81,(anonymous_11)
FN:82,(anonymous_12)
FN:122,(anonymous_13)
FN:127,(anonymous_14)
FN:133,(anonymous_15)
FN:138,(anonymous_16)
FN:150,(anonymous_17)
FN:164,(anonymous_18)
FN:180,(anonymous_19)
FN:194,(anonymous_20)
FN:215,(anonymous_21)
FN:220,(anonymous_22)
FN:240,(anonymous_23)
FN:256,(anonymous_24)
FN:264,(anonymous_25)
FN:300,(anonymous_26)
FN:339,(anonymous_27)
FN:347,(anonymous_28)
FN:353,(anonymous_29)
FN:377,(anonymous_30)
FN:377,(anonymous_31)
FN:383,(anonymous_32)
FN:383,(anonymous_33)
FN:386,(anonymous_34)
FN:395,(anonymous_35)
FN:395,(anonymous_36)
FN:409,(anonymous_37)
FN:421,(anonymous_38)
FN:431,(anonymous_39)
FN:438,(anonymous_40)
FN:458,(anonymous_41)
FN:465,(anonymous_42)
FN:478,(anonymous_43)
FNF:44
FNH:0
FNDA:0,ApprovalDashboard
FNDA:0,(anonymous_1)
FNDA:0,(anonymous_2)
FNDA:0,(anonymous_3)
FNDA:0,(anonymous_4)
FNDA:0,(anonymous_5)
FNDA:0,(anonymous_6)
FNDA:0,(anonymous_7)
FNDA:0,(anonymous_8)
FNDA:0,(anonymous_9)
FNDA:0,(anonymous_10)
FNDA:0,(anonymous_11)
FNDA:0,(anonymous_12)
FNDA:0,(anonymous_13)
FNDA:0,(anonymous_14)
FNDA:0,(anonymous_15)
FNDA:0,(anonymous_16)
FNDA:0,(anonymous_17)
FNDA:0,(anonymous_18)
FNDA:0,(anonymous_19)
FNDA:0,(anonymous_20)
FNDA:0,(anonymous_21)
FNDA:0,(anonymous_22)
FNDA:0,(anonymous_23)
FNDA:0,(anonymous_24)
FNDA:0,(anonymous_25)
FNDA:0,(anonymous_26)
FNDA:0,(anonymous_27)
FNDA:0,(anonymous_28)
FNDA:0,(anonymous_29)
FNDA:0,(anonymous_30)
FNDA:0,(anonymous_31)
FNDA:0,(anonymous_32)
FNDA:0,(anonymous_33)
FNDA:0,(anonymous_34)
FNDA:0,(anonymous_35)
FNDA:0,(anonymous_36)
FNDA:0,(anonymous_37)
FNDA:0,(anonymous_38)
FNDA:0,(anonymous_39)
FNDA:0,(anonymous_40)
FNDA:0,(anonymous_41)
FNDA:0,(anonymous_42)
FNDA:0,(anonymous_43)
DA:14,0
DA:15,0
DA:16,0
DA:17,0
DA:18,0
DA:19,0
DA:20,0
DA:21,0
DA:22,0
DA:23,0
DA:24,0
DA:25,0
DA:26,0
DA:27,0
DA:28,0
DA:29,0
DA:32,0
DA:33,0
DA:34,0
DA:35,0
DA:37,0
DA:40,0
DA:41,0
DA:42,0
DA:43,0
DA:44,0
DA:45,0
DA:47,0
DA:48,0
DA:50,0
DA:52,0
DA:57,0
DA:58,0
DA:59,0
DA:60,0
DA:61,0
DA:63,0
DA:64,0
DA:65,0
DA:66,0
DA:70,0
DA:74,0
DA:75,0
DA:76,0
DA:81,0
DA:82,0
DA:83,0
DA:85,0
DA:87,0
DA:89,0
DA:91,0
DA:93,0
DA:95,0
DA:97,0
DA:99,0
DA:102,0
DA:116,0
DA:117,0
DA:122,0
DA:123,0
DA:124,0
DA:127,0
DA:128,0
DA:129,0
DA:130,0
DA:133,0
DA:134,0
DA:135,0
DA:138,0
DA:139,0
DA:141,0
DA:142,0
DA:143,0
DA:145,0
DA:146,0
DA:147,0
DA:150,0
DA:151,0
DA:152,0
DA:155,0
DA:158,0
DA:160,0
DA:164,0
DA:165,0
DA:166,0
DA:167,0
DA:168,0
DA:171,0
DA:172,0
DA:173,0
DA:175,0
DA:176,0
DA:177,0
DA:180,0
DA:181,0
DA:182,0
DA:185,0
DA:188,0
DA:190,0
DA:194,0
DA:195,0
DA:198,0
DA:199,0
DA:206,0
DA:216,0
DA:217,0
DA:220,0
DA:240,0
DA:256,0
DA:265,0
DA:266,0
DA:301,0
DA:303,0
DA:339,0
DA:347,0
DA:353,0
DA:377,0
DA:383,0
DA:384,0
DA:386,0
DA:395,0
DA:409,0
DA:421,0
DA:431,0
DA:438,0
DA:458,0
DA:466,0
DA:467,0
DA:479,0
LF:129
LH:0
BRDA:40,0,0,0
BRDA:44,1,0,0
BRDA:44,1,1,0
BRDA:44,2,0,0
BRDA:44,2,1,0
BRDA:48,3,0,0
BRDA:48,3,1,0
BRDA:60,4,0,0
BRDA:60,4,1,0
BRDA:83,5,0,0
BRDA:83,5,1,0
BRDA:87,6,0,0
BRDA:87,6,1,0
BRDA:87,6,2,0
BRDA:87,6,3,0
BRDA:87,6,4,0
BRDA:87,6,5,0
BRDA:87,6,6,0
BRDA:87,6,7,0
BRDA:97,7,0,0
BRDA:97,7,1,0
BRDA:103,8,0,0
BRDA:103,8,1,0
BRDA:103,8,2,0
BRDA:103,8,3,0
BRDA:103,8,4,0
BRDA:103,8,5,0
BRDA:103,8,6,0
BRDA:139,9,0,0
BRDA:139,9,1,0
BRDA:145,10,0,0
BRDA:145,10,1,0
BRDA:155,11,0,0
BRDA:155,11,1,0
BRDA:158,12,0,0
BRDA:158,12,1,0
BRDA:165,13,0,0
BRDA:165,13,1,0
BRDA:166,14,0,0
BRDA:166,14,1,0
BRDA:175,15,0,0
BRDA:175,15,1,0
BRDA:185,16,0,0
BRDA:185,16,1,0
BRDA:188,17,0,0
BRDA:188,17,1,0
BRDA:198,18,0,0
BRDA:198,18,1,0
BRDA:216,19,0,0
BRDA:216,19,1,0
BRDA:222,20,0,0
BRDA:222,20,1,0
BRDA:229,21,0,0
BRDA:229,21,1,0
BRDA:254,22,0,0
BRDA:254,22,1,0
BRDA:293,23,0,0
BRDA:293,23,1,0
BRDA:319,24,0,0
BRDA:319,24,1,0
BRDA:321,25,0,0
BRDA:321,25,1,0
BRDA:344,26,0,0
BRDA:344,26,1,0
BRDA:370,27,0,0
BRDA:370,27,1,0
BRDA:388,28,0,0
BRDA:388,28,1,0
BRDA:446,29,0,0
BRDA:446,29,1,0
BRDA:449,30,0,0
BRDA:449,30,1,0
BRDA:462,31,0,0
BRDA:462,31,1,0
BRDA:506,32,0,0
BRDA:506,32,1,0
BRDA:509,33,0,0
BRDA:509,33,1,0
BRDA:510,34,0,0
BRDA:510,34,1,0
BRDA:511,35,0,0
BRDA:511,35,1,0
BRDA:530,36,0,0
BRDA:530,36,1,0
BRDA:534,37,0,0
BRDA:534,37,1,0
BRDA:540,38,0,0
BRDA:540,38,1,0
BRDA:550,39,0,0
BRDA:550,39,1,0
BRDA:552,40,0,0
BRDA:552,40,1,0
BRDA:555,41,0,0
BRDA:555,41,1,0
BRDA:576,42,0,0
BRDA:576,42,1,0
BRDA:582,43,0,0
BRDA:582,43,1,0
BRF:98
BRH:0
end_of_record
TN:
SF:src/pages/Login.jsx
FN:8,Login
FN:21,(anonymous_1)
FNF:2
FNH:2
FNDA:36,Login
FNDA:7,(anonymous_1)
DA:9,36
DA:10,36
DA:16,36
DA:21,36
DA:22,7
DA:23,7
DA:24,5
DA:25,4
DA:26,4
DA:27,4
DA:28,4
DA:29,2
DA:31,2
DA:34,1
DA:37,1
DA:41,36
LF:16
LH:16
BRDA:24,0,0,4
BRDA:24,0,1,1
BRDA:28,1,0,2
BRDA:28,1,1,2
BRDA:28,2,0,4
BRDA:28,2,1,3
BRDA:34,3,0,1
BRDA:34,3,1,0
BRDA:57,4,0,1
BRDA:57,4,1,35
BRDA:60,5,0,36
BRDA:60,5,1,1
BRDA:68,6,0,1
BRDA:68,6,1,35
BRDA:71,7,0,36
BRDA:71,7,1,1
BRDA:80,8,0,9
BRDA:80,8,1,27
BRF:18
BRH:17
end_of_record
TN:
SF:src/pages/MySubmissions.jsx
FN:13,MySubmissions
FN:26,(anonymous_1)
FN:43,(anonymous_2)
FN:49,(anonymous_3)
FN:50,(anonymous_4)
FN:51,(anonymous_5)
FN:52,(anonymous_6)
FN:60,(anonymous_7)
FN:70,(anonymous_8)
FN:109,(anonymous_9)
FN:114,(anonymous_10)
FN:128,(anonymous_11)
FN:133,(anonymous_12)
FN:137,(anonymous_13)
FN:138,(anonymous_14)
FN:159,(anonymous_15)
FN:164,(anonymous_16)
FN:184,(anonymous_17)
FN:200,(anonymous_18)
FN:211,(anonymous_19)
FN:247,(anonymous_20)
FN:259,(anonymous_21)
FN:287,(anonymous_22)
FN:294,(anonymous_23)
FN:316,(anonymous_24)
FN:316,(anonymous_25)
FN:322,(anonymous_26)
FN:337,(anonymous_27)
FN:347,(anonymous_28)
FN:347,(anonymous_29)
FN:361,(anonymous_30)
FNF:31
FNH:0
FNDA:0,MySubmissions
FNDA:0,(anonymous_1)
FNDA:0,(anonymous_2)
FNDA:0,(anonymous_3)
FNDA:0,(anonymous_4)
FNDA:0,(anonymous_5)
FNDA:0,(anonymous_6)
FNDA:0,(anonymous_7)
FNDA:0,(anonymous_8)
FNDA:0,(anonymous_9)
FNDA:0,(anonymous_10)
FNDA:0,(anonymous_11)
FNDA:0,(anonymous_12)
FNDA:0,(anonymous_13)
FNDA:0,(anonymous_14)
FNDA:0,(anonymous_15)
FNDA:0,(anonymous_16)
FNDA:0,(anonymous_17)
FNDA:0,(anonymous_18)
FNDA:0,(anonymous_19)
FNDA:0,(anonymous_20)
FNDA:0,(anonymous_21)
FNDA:0,(anonymous_22)
FNDA:0,(anonymous_23)
FNDA:0,(anonymous_24)
FNDA:0,(anonymous_25)
FNDA:0,(anonymous_26)
FNDA:0,(anonymous_27)
FNDA:0,(anonymous_28)
FNDA:0,(anonymous_29)
FNDA:0,(anonymous_30)
DA:14,0
DA:15,0
DA:16,0
DA:17,0
DA:18,0
DA:19,0
DA:20,0
DA:21,0
DA:22,0
DA:23,0
DA:24,0
DA:26,0
DA:27,0
DA:28,0
DA:29,0
DA:30,0
DA:31,0
DA:33,0
DA:34,0
DA:36,0
DA:38,0
DA:43,0
DA:44,0
DA:45,0
DA:46,0
DA:47,0
DA:49,0
DA:50,0
DA:51,0
DA:52,0
DA:56,0
DA:60,0
DA:61,0
DA:62,0
DA:63,0
DA:67,0
DA:70,0
DA:71,0
DA:73,0
DA:75,0
DA:77,0
DA:79,0
DA:81,0
DA:83,0
DA:85,0
DA:87,0
DA:90,0
DA:103,0
DA:104,0
DA:109,0
DA:110,0
DA:111,0
DA:114,0
DA:116,0
DA:125,0
DA:128,0
DA:129,0
DA:133,0
DA:134,0
DA:137,0
DA:138,0
DA:139,0
DA:142,0
DA:143,0
DA:150,0
DA:160,0
DA:161,0
DA:164,0
DA:184,0
DA:201,0
DA:202,0
DA:212,0
DA:213,0
DA:248,0
DA:260,0
DA:261,0
DA:287,0
DA:294,0
DA:316,0
DA:325,0
DA:326,0
DA:327,0
DA:328,0
DA:329,0
DA:330,0
DA:332,0
DA:334,0
DA:337,0
DA:347,0
DA:361,0
LF:90
LH:0
BRDA:26,0,0,0
BRDA:30,1,0,0
BRDA:30,1,1,0
BRDA:30,2,0,0
BRDA:30,2,1,0
BRDA:34,3,0,0
BRDA:34,3,1,0
BRDA:46,4,0,0
BRDA:46,4,1,0
BRDA:71,5,0,0
BRDA:71,5,1,0
BRDA:75,6,0,0
BRDA:75,6,1,0
BRDA:75,6,2,0
BRDA:75,6,3,0
BRDA:75,6,4,0
BRDA:75,6,5,0
BRDA:75,6,6,0
BRDA:75,6,7,0
BRDA:85,7,0,0
BRDA:85,7,1,0
BRDA:91,8,0,0
BRDA:91,8,1,0
BRDA:91,8,2,0
BRDA:91,8,3,0
BRDA:91,8,4,0
BRDA:91,8,5,0
BRDA:91,8,6,0
BRDA:117,9,0,0
BRDA:117,9,1,0
BRDA:118,10,0,0
BRDA:118,10,1,0
BRDA:139,11,0,0
BRDA:139,11,1,0
BRDA:139,12,0,0
BRDA:139,12,1,0
BRDA:142,13,0,0
BRDA:142,13,1,0
BRDA:160,14,0,0
BRDA:160,14,1,0
BRDA:166,15,0,0
BRDA:166,15,1,0
BRDA:173,16,0,0
BRDA:173,16,1,0
BRDA:198,17,0,0
BRDA:198,17,1,0
BRDA:240,18,0,0
BRDA:240,18,1,0
BRDA:243,19,0,0
BRDA:243,19,1,0
BRDA:255,20,0,0
BRDA:255,20,1,0
BRDA:257,21,0,0
BRDA:257,21,1,0
BRDA:292,22,0,0
BRDA:292,22,1,0
BRDA:292,22,2,0
BRDA:309,23,0,0
BRDA:309,23,1,0
BRDA:325,24,0,0
BRDA:325,24,1,0
BRDA:327,25,0,0
BRDA:327,25,1,0
BRDA:329,26,0,0
BRDA:329,26,1,0
BRDA:339,27,0,0
BRDA:339,27,1,0
BRDA:365,28,0,0
BRDA:365,28,1,0
BRDA:386,29,0,0
BRDA:386,29,1,0
BRDA:389,30,0,0
BRDA:389,30,1,0
BRDA:390,31,0,0
BRDA:390,31,1,0
BRDA:391,32,0,0
BRDA:391,32,1,0
BRDA:410,33,0,0
BRDA:410,33,1,0
BRDA:414,34,0,0
BRDA:414,34,1,0
BRDA:420,35,0,0
BRDA:420,35,1,0
BRDA:430,36,0,0
BRDA:430,36,1,0
BRDA:432,37,0,0
BRDA:432,37,1,0
BRDA:435,38,0,0
BRDA:435,38,1,0
BRDA:456,39,0,0
BRDA:456,39,1,0
BRDA:462,40,0,0
BRDA:462,40,1,0
BRF:93
BRH:0
end_of_record
TN:
SF:src/pages/NotAuthorized.jsx
FN:3,NotAuthorized
FN:22,(anonymous_1)
FN:29,(anonymous_2)
FNF:3
FNH:3
FNDA:6,NotAuthorized
FNDA:1,(anonymous_1)
FNDA:1,(anonymous_2)
DA:4,6
DA:6,6
DA:22,1
DA:29,1
LF:4
LH:4
BRF:0
BRH:0
end_of_record
TN:
SF:src/pages/SubmitRequest.jsx
FN:11,SubmitRequest
FN:47,(anonymous_1)
FN:96,(anonymous_2)
FN:99,(anonymous_3)
FN:109,(anonymous_4)
FN:119,(anonymous_5)
FN:136,(anonymous_6)
FN:143,(anonymous_7)
FN:147,(anonymous_8)
FN:154,(anonymous_9)
FN:168,(anonymous_10)
FN:175,(anonymous_11)
FN:179,(anonymous_12)
FN:185,(anonymous_13)
FN:206,(anonymous_14)
FN:217,(anonymous_15)
FN:225,(anonymous_16)
FN:264,(anonymous_17)
FN:284,(anonymous_18)
FN:313,(anonymous_19)
FN:363,(anonymous_20)
FN:385,(anonymous_21)
FN:416,(anonymous_22)
FN:442,(anonymous_23)
FN:458,(anonymous_24)
FN:481,(anonymous_25)
FN:534,(anonymous_26)
FN:586,(anonymous_27)
FNF:28
FNH:0
FNDA:0,SubmitRequest
FNDA:0,(anonymous_1)
FNDA:0,(anonymous_2)
FNDA:0,(anonymous_3)
FNDA:0,(anonymous_4)
FNDA:0,(anonymous_5)
FNDA:0,(anonymous_6)
FNDA:0,(anonymous_7)
FNDA:0,(anonymous_8)
FNDA:0,(anonymous_9)
FNDA:0,(anonymous_10)
FNDA:0,(anonymous_11)
FNDA:0,(anonymous_12)
FNDA:0,(anonymous_13)
FNDA:0,(anonymous_14)
FNDA:0,(anonymous_15)
FNDA:0,(anonymous_16)
FNDA:0,(anonymous_17)
FNDA:0,(anonymous_18)
FNDA:0,(anonymous_19)
FNDA:0,(anonymous_20)
FNDA:0,(anonymous_21)
FNDA:0,(anonymous_22)
FNDA:0,(anonymous_23)
FNDA:0,(anonymous_24)
FNDA:0,(anonymous_25)
FNDA:0,(anonymous_26)
FNDA:0,(anonymous_27)
DA:12,0
DA:13,0
DA:14,0
DA:15,0
DA:16,0
DA:17,0
DA:18,0
DA:27,0
DA:41,0
DA:42,0
DA:43,0
DA:44,0
DA:47,0
DA:48,0
DA:49,0
DA:50,0
DA:51,0
DA:54,0
DA:55,0
DA:59,0
DA:60,0
DA:61,0
DA:62,0
DA:63,0
DA:64,0
DA:66,0
DA:67,0
DA:68,0
DA:69,0
DA:72,0
DA:73,0
DA:76,0
DA:77,0
DA:79,0
DA:80,0
DA:84,0
DA:86,0
DA:88,0
DA:89,0
DA:96,0
DA:97,0
DA:98,0
DA:99,0
DA:100,0
DA:101,0
DA:102,0
DA:109,0
DA:110,0
DA:111,0
DA:112,0
DA:113,0
DA:119,0
DA:120,0
DA:121,0
DA:122,0
DA:123,0
DA:127,0
DA:129,0
DA:130,0
DA:131,0
DA:132,0
DA:133,0
DA:135,0
DA:137,0
DA:138,0
DA:140,0
DA:144,0
DA:145,0
DA:148,0
DA:154,0
DA:155,0
DA:156,0
DA:157,0
DA:161,0
DA:163,0
DA:164,0
DA:165,0
DA:167,0
DA:169,0
DA:170,0
DA:172,0
DA:176,0
DA:177,0
DA:180,0
DA:185,0
DA:186,0
DA:187,0
DA:188,0
DA:189,0
DA:190,0
DA:191,0
DA:193,0
DA:194,0
DA:195,0
DA:196,0
DA:198,0
DA:199,0
DA:200,0
DA:201,0
DA:205,0
DA:206,0
DA:207,0
DA:208,0
DA:209,0
DA:210,0
DA:211,0
DA:212,0
DA:215,0
DA:217,0
DA:218,0
DA:219,0
DA:221,0
DA:225,0
DA:226,0
DA:227,0
DA:228,0
DA:229,0
DA:230,0
DA:231,0
DA:233,0
DA:234,0
DA:236,0
DA:237,0
DA:238,0
DA:242,0
DA:243,0
DA:244,0
DA:247,0
DA:251,0
DA:259,0
DA:261,0
DA:263,0
DA:264,0
DA:265,0
DA:267,0
DA:269,0
DA:272,0
DA:273,0
DA:274,0
DA:275,0
DA:277,0
DA:280,0
DA:284,0
DA:285,0
DA:313,0
DA:314,0
DA:340,0
DA:364,0
DA:386,0
DA:417,0
DA:443,0
DA:459,0
DA:481,0
DA:535,0
DA:536,0
DA:537,0
DA:538,0
DA:539,0
DA:540,0
DA:541,0
DA:542,0
DA:587,0
DA:588,0
LF:163
LH:0
BRDA:49,0,0,0
BRDA:49,0,1,0
BRDA:54,1,0,0
BRDA:54,1,1,0
BRDA:59,2,0,0
BRDA:59,2,1,0
BRDA:62,3,0,0
BRDA:62,3,1,0
BRDA:72,4,0,0
BRDA:72,4,1,0
BRDA:73,5,0,0
BRDA:73,5,1,0
BRDA:76,6,0,0
BRDA:76,6,1,0
BRDA:79,7,0,0
BRDA:79,7,1,0
BRDA:98,8,0,0
BRDA:98,8,1,0
BRDA:98,9,0,0
BRDA:98,9,1,0
BRDA:100,10,0,0
BRDA:100,10,1,0
BRDA:111,11,0,0
BRDA:111,11,1,0
BRDA:111,12,0,0
BRDA:111,12,1,0
BRDA:111,12,2,0
BRDA:120,13,0,0
BRDA:120,13,1,0
BRDA:127,14,0,0
BRDA:127,14,1,0
BRDA:137,15,0,0
BRDA:137,15,1,0
BRDA:138,16,0,0
BRDA:138,16,1,0
BRDA:140,17,0,0
BRDA:140,17,1,0
BRDA:144,18,0,0
BRDA:144,18,1,0
BRDA:155,19,0,0
BRDA:155,19,1,0
BRDA:161,20,0,0
BRDA:161,20,1,0
BRDA:169,21,0,0
BRDA:169,21,1,0
BRDA:170,22,0,0
BRDA:170,22,1,0
BRDA:172,23,0,0
BRDA:172,23,1,0
BRDA:176,24,0,0
BRDA:176,24,1,0
BRDA:187,25,0,0
BRDA:187,25,1,0
BRDA:188,26,0,0
BRDA:188,26,1,0
BRDA:193,27,0,0
BRDA:193,27,1,0
BRDA:198,28,0,0
BRDA:198,28,1,0
BRDA:208,29,0,0
BRDA:208,29,1,0
BRDA:208,30,0,0
BRDA:208,30,1,0
BRDA:233,31,0,0
BRDA:233,31,1,0
BRDA:236,32,0,0
BRDA:236,32,1,0
BRDA:242,33,0,0
BRDA:242,33,1,0
BRDA:261,34,0,0
BRDA:261,34,1,0
BRDA:263,35,0,0
BRDA:263,35,1,0
BRDA:263,36,0,0
BRDA:263,36,1,0
BRDA:267,37,0,0
BRDA:267,37,1,0
BRDA:272,38,0,0
BRDA:272,38,1,0
BRDA:277,39,0,0
BRDA:277,39,1,0
BRDA:280,40,0,0
BRDA:280,40,1,0
BRDA:359,41,0,0
BRDA:359,41,1,0
BRDA:367,42,0,0
BRDA:367,42,1,0
BRDA:379,43,0,0
BRDA:379,43,1,0
BRDA:381,44,0,0
BRDA:381,44,1,0
BRDA:389,45,0,0
BRDA:389,45,1,0
BRDA:395,46,0,0
BRDA:395,46,1,0
BRDA:410,47,0,0
BRDA:410,47,1,0
BRDA:412,48,0,0
BRDA:412,48,1,0
BRDA:420,49,0,0
BRDA:420,49,1,0
BRDA:426,50,0,0
BRDA:426,50,1,0
BRDA:438,51,0,0
BRDA:438,51,1,0
BRDA:446,52,0,0
BRDA:446,52,1,0
BRDA:473,53,0,0
BRDA:473,53,1,0
BRDA:479,54,0,0
BRDA:479,54,1,0
BRDA:480,55,0,0
BRDA:480,55,1,0
BRDA:482,56,0,0
BRDA:482,56,1,0
BRDA:483,57,0,0
BRDA:483,57,1,0
BRDA:488,58,0,0
BRDA:488,58,1,0
BRDA:495,59,0,0
BRDA:495,59,1,0
BRDA:520,60,0,0
BRDA:520,60,1,0
BRDA:528,61,0,0
BRDA:528,61,1,0
BRDA:574,62,0,0
BRDA:574,62,1,0
BRDA:577,63,0,0
BRDA:577,63,1,0
BRDA:599,64,0,0
BRDA:599,64,1,0
BRDA:613,65,0,0
BRDA:613,65,1,0
BRDA:649,66,0,0
BRDA:649,66,1,0
BRDA:650,67,0,0
BRDA:650,67,1,0
BRDA:652,68,0,0
BRDA:652,68,1,0
BRF:139
BRH:0
end_of_record
TN:
SF:src/routes/AppRoutes.jsx
FN:11,RoleProtectedRoute
FN:22,DefaultRedirect
FN:32,AppRoutes
FNF:3
FNH:0
FNDA:0,RoleProtectedRoute
FNDA:0,DefaultRedirect
FNDA:0,AppRoutes
DA:12,0
DA:13,0
DA:15,0
DA:16,0
DA:19,0
DA:23,0
DA:24,0
DA:26,0
DA:27,0
DA:29,0
DA:33,0
LF:11
LH:0
BRDA:15,0,0,0
BRDA:15,0,1,0
BRDA:26,1,0,0
BRDA:26,1,1,0
BRDA:26,2,0,0
BRDA:26,2,1,0
BRF:6
BRH:0
end_of_record
TN:
SF:src/utils/api.js
FN:4,(anonymous_0)
FN:7,apiRequest
FN:37,(anonymous_2)
FN:54,(anonymous_3)
FN:62,(anonymous_4)
FN:63,(anonymous_5)
FN:64,(anonymous_6)
FN:69,(anonymous_7)
FN:73,(anonymous_8)
FN:93,(anonymous_9)
FN:98,(anonymous_10)
FN:118,(anonymous_11)
FNF:12
FNH:12
FNDA:24,(anonymous_0)
FNDA:24,apiRequest
FNDA:2,(anonymous_2)
FNDA:1,(anonymous_3)
FNDA:1,(anonymous_4)
FNDA:1,(anonymous_5)
FNDA:1,(anonymous_6)
FNDA:1,(anonymous_7)
FNDA:4,(anonymous_8)
FNDA:1,(anonymous_9)
FNDA:1,(anonymous_10)
FNDA:2,(anonymous_11)
DA:1,1
DA:4,24
DA:8,24
DA:10,24
DA:19,24
DA:20,24
DA:21,22
DA:23,22
DA:24,1
DA:25,1
DA:26,1
DA:27,1
DA:30,21
DA:31,1
DA:34,20
DA:36,4
DA:37,2
DA:38,1
DA:40,3
DA:43,16
DA:45,8
DA:46,1
DA:48,7
DA:53,1
DA:54,1
DA:61,1
DA:62,1
DA:63,1
DA:64,1
DA:68,1
DA:69,1
DA:74,4
DA:77,4
DA:78,1
DA:80,4
DA:81,0
DA:83,4
DA:84,1
DA:86,4
DA:87,1
DA:90,4
DA:91,4
DA:93,1
DA:97,1
DA:99,1
DA:102,1
DA:103,0
DA:105,1
DA:106,0
DA:108,1
DA:109,0
DA:111,1
DA:112,0
DA:115,1
DA:116,1
DA:118,2
LF:56
LH:51
BRDA:7,0,0,19
BRDA:13,1,0,24
BRDA:13,1,1,3
BRDA:23,2,0,1
BRDA:23,2,1,21
BRDA:23,3,0,22
BRDA:23,3,1,2
BRDA:23,3,2,2
BRDA:30,4,0,1
BRDA:30,4,1,20
BRDA:34,5,0,4
BRDA:34,5,1,16
BRDA:36,6,0,1
BRDA:36,6,1,3
BRDA:36,7,0,4
BRDA:36,7,1,1
BRDA:40,8,0,3
BRDA:40,8,1,1
BRDA:45,9,0,1
BRDA:45,9,1,7
BRDA:45,10,0,8
BRDA:45,10,1,1
BRDA:73,11,0,1
BRDA:77,12,0,1
BRDA:77,12,1,3
BRDA:77,13,0,4
BRDA:77,13,1,2
BRDA:80,14,0,0
BRDA:80,14,1,4
BRDA:83,15,0,1
BRDA:83,15,1,3
BRDA:83,16,0,4
BRDA:83,16,1,1
BRDA:86,17,0,1
BRDA:86,17,1,3
BRDA:86,18,0,4
BRDA:86,18,1,1
BRDA:91,19,0,2
BRDA:91,19,1,2
BRDA:98,20,0,1
BRDA:102,21,0,0
BRDA:102,21,1,1
BRDA:102,22,0,1
BRDA:102,22,1,0
BRDA:105,23,0,0
BRDA:105,23,1,1
BRDA:108,24,0,0
BRDA:108,24,1,1
BRDA:108,25,0,1
BRDA:108,25,1,0
BRDA:111,26,0,0
BRDA:111,26,1,1
BRDA:111,27,0,1
BRDA:111,27,1,0
BRDA:116,28,0,0
BRDA:116,28,1,1
BRDA:118,29,0,1
BRF:57
BRH:48
end_of_record
TN:
SF:src/utils/constants.js
FNF:0
FNH:0
DA:1,3
DA:7,3
DA:10,3
DA:17,3
DA:27,3
DA:34,3
DA:37,3
LF:7
LH:7
BRF:0
BRH:0
end_of_record
TN:
SF:src/utils/riskAssessment.js
FN:8,(anonymous_0)
FN:55,(anonymous_1)
FN:65,(anonymous_2)
FN:144,(anonymous_3)
FNF:4
FNH:4
FNDA:43,(anonymous_0)
FNDA:349,(anonymous_1)
FNDA:287,(anonymous_2)
FNDA:7,(anonymous_3)
DA:8,1
DA:9,43
DA:10,43
DA:11,43
DA:14,43
DA:25,43
DA:34,43
DA:35,12
DA:41,12
DA:43,12
DA:51,12
DA:55,43
DA:57,349
DA:58,349
DA:59,20
DA:60,20
DA:65,43
DA:67,287
DA:68,287
DA:69,21
DA:70,21
DA:75,43
DA:81,15
DA:82,15
DA:83,2
DA:84,2
DA:89,15
DA:90,15
DA:91,15
DA:92,1
DA:93,1
DA:99,43
DA:100,13
DA:101,13
DA:102,13
DA:103,13
DA:104,13
DA:105,30
DA:106,7
DA:107,7
DA:108,7
DA:109,7
DA:110,7
DA:111,23
DA:112,16
DA:113,16
DA:114,16
DA:115,16
DA:116,16
DA:118,7
DA:119,7
DA:120,7
DA:121,7
DA:122,7
DA:126,43
DA:127,7
DA:130,43
DA:144,1
DA:145,7
DA:151,7
LF:60
LH:60
BRDA:9,0,0,43
BRDA:9,0,1,17
BRDA:9,0,2,2
BRDA:34,1,0,12
BRDA:34,1,1,31
BRDA:58,2,0,20
BRDA:58,2,1,329
BRDA:68,3,0,21
BRDA:68,3,1,266
BRDA:75,4,0,15
BRDA:75,4,1,28
BRDA:82,5,0,2
BRDA:82,5,1,13
BRDA:90,6,0,15
BRDA:90,6,1,12
BRDA:91,7,0,1
BRDA:91,7,1,14
BRDA:99,8,0,13
BRDA:99,8,1,30
BRDA:105,9,0,7
BRDA:105,9,1,23
BRDA:111,10,0,16
BRDA:111,10,1,7
BRDA:126,11,0,7
BRDA:126,11,1,36
BRDA:151,12,0,7
BRDA:151,12,1,3
BRF:27
BRH:27
end_of_record
TN:
SF:src/utils/validation.js
FN:19,(anonymous_0)
FNF:1
FNH:1
FNDA:9,(anonymous_0)
DA:4,2
DA:10,2
DA:20,9
DA:21,7
DA:24,2
DA:31,2
LF:6
LH:6
BRDA:20,0,0,7
BRDA:20,0,1,2
BRDA:21,1,0,7
BRDA:21,1,1,6
BRF:4
BRH:4
end_of_record
